[  7%] Built target controller_lib
[ 17%] Built target controller_codegenTest
[ 23%] Built target gtest
[ 33%] Built target PropulsionFunctions
[ 38%] Built target controller_test
[ 43%] Built target gmock
[ 48%] Built target gtest_main
[ 51%] [32mBuilding CXX object CMakeFiles/thrust_control.dir/src/thrust_control_supervisor.cpp.o[0m
[ 56%] Built target gmock_main
[ 69%] Built target propulsion_test
[ 71%] [32mBuilding CXX object CMakeFiles/test_thrust_control_supervisor.dir/src/thrust_control_supervisor.cpp.o[0m
[ 74%] [32mBuilding CXX object CMakeFiles/test_thrust_control_node.dir/src/thrust_control_supervisor.cpp.o[0m
[01m[K/home/zenyn/Thrust-Control/src/thrust_control_supervisor.cpp:[m[K In member function â€˜[01m[Kvoid thrust_control::ThrustControlSupervisor::[01;32m[Kexecute_pwm[m[K(std::array<int, 8>)[m[Kâ€™:
[01m[K/home/zenyn/Thrust-Control/src/thrust_control_supervisor.cpp:86:62:[m[K [01;31m[Kerror: [m[Kunused parameter â€˜[01m[Kpwm[m[Kâ€™ [[01;31m[K]8;;https://gcc.gnu.org/onlinedocs/gcc/Warning-Options.html#index-Wunused-parameter-Werror=unused-parameter]8;;[m[K]
   86 | void ThrustControlSupervisor::execute_pwm([01;31m[Kstd::array<int, 8> pwm[m[K)
      |                                           [01;31m[K~~~~~~~~~~~~~~~~~~~^~~[m[K
[01m[K/home/zenyn/Thrust-Control/src/thrust_control_supervisor.cpp:[m[K In member function â€˜[01m[Kvoid thrust_control::ThrustControlSupervisor::[01;32m[Kexecute_pwm[m[K(std::array<int, 8>)[m[Kâ€™:
[01m[K/home/zenyn/Thrust-Control/src/thrust_control_supervisor.cpp:86:62:[m[K [01;31m[Kerror: [m[Kunused parameter â€˜[01m[Kpwm[m[Kâ€™ [[01;31m[K]8;;https://gcc.gnu.org/onlinedocs/gcc/Warning-Options.html#index-Wunused-parameter-Werror=unused-parameter]8;;[m[K]
   86 | void ThrustControlSupervisor::execute_pwm([01;31m[Kstd::array<int, 8> pwm[m[K)
      |                                           [01;31m[K~~~~~~~~~~~~~~~~~~~^~~[m[K
cc1plus: all warnings being treated as errors
gmake[2]: *** [CMakeFiles/thrust_control.dir/build.make:104: CMakeFiles/thrust_control.dir/src/thrust_control_supervisor.cpp.o] Error 1
gmake[1]: *** [CMakeFiles/Makefile2:266: CMakeFiles/thrust_control.dir/all] Error 2
gmake[1]: *** Waiting for unfinished jobs....
cc1plus: all warnings being treated as errors
gmake[2]: *** [CMakeFiles/test_thrust_control_supervisor.dir/build.make:104: CMakeFiles/test_thrust_control_supervisor.dir/src/thrust_control_supervisor.cpp.o] Error 1
gmake[1]: *** [CMakeFiles/Makefile2:324: CMakeFiles/test_thrust_control_supervisor.dir/all] Error 2
[01m[K/home/zenyn/Thrust-Control/src/thrust_control_supervisor.cpp:[m[K In member function â€˜[01m[Kvoid thrust_control::ThrustControlSupervisor::[01;32m[Kexecute_pwm[m[K(std::array<int, 8>)[m[Kâ€™:
[01m[K/home/zenyn/Thrust-Control/src/thrust_control_supervisor.cpp:86:62:[m[K [01;31m[Kerror: [m[Kunused parameter â€˜[01m[Kpwm[m[Kâ€™ [[01;31m[K]8;;https://gcc.gnu.org/onlinedocs/gcc/Warning-Options.html#index-Wunused-parameter-Werror=unused-parameter]8;;[m[K]
   86 | void ThrustControlSupervisor::execute_pwm([01;31m[Kstd::array<int, 8> pwm[m[K)
      |                                           [01;31m[K~~~~~~~~~~~~~~~~~~~^~~[m[K
cc1plus: all warnings being treated as errors
gmake[2]: *** [CMakeFiles/test_thrust_control_node.dir/build.make:104: CMakeFiles/test_thrust_control_node.dir/src/thrust_control_supervisor.cpp.o] Error 1
gmake[1]: *** [CMakeFiles/Makefile2:295: CMakeFiles/test_thrust_control_node.dir/all] Error 2
gmake: *** [Makefile:146: all] Error 2
