[0.008s] Invoking command in '/home/zenyn/Thrust-Control/build/thrust_control': CMAKE_PREFIX_PATH=${CMAKE_PREFIX_PATH}:/opt/ros/jazzy /usr/bin/cmake --build /home/zenyn/Thrust-Control/build/thrust_control -- -j12 -l12
[0.067s] [  7%] Built target controller_lib
[0.070s] [ 17%] Built target controller_codegenTest
[0.072s] [ 23%] Built target gtest
[0.074s] [ 33%] Built target PropulsionFunctions
[0.097s] [ 38%] Built target controller_test
[0.100s] [ 43%] Built target gmock
[0.102s] [ 48%] Built target gtest_main
[0.121s] [ 51%] [32mBuilding CXX object CMakeFiles/thrust_control.dir/src/thrust_control_supervisor.cpp.o[0m
[0.126s] [ 56%] Built target gmock_main
[0.128s] [ 69%] Built target propulsion_test
[0.131s] [ 71%] [32mBuilding CXX object CMakeFiles/test_thrust_control_supervisor.dir/src/thrust_control_supervisor.cpp.o[0m
[0.146s] [ 74%] [32mBuilding CXX object CMakeFiles/test_thrust_control_node.dir/src/thrust_control_supervisor.cpp.o[0m
[1.634s] [01m[K/home/zenyn/Thrust-Control/src/thrust_control_supervisor.cpp:[m[K In member function â€˜[01m[Kvoid thrust_control::ThrustControlSupervisor::[01;32m[Kexecute_pwm[m[K(std::array<int, 8>)[m[Kâ€™:
[1.634s] [01m[K/home/zenyn/Thrust-Control/src/thrust_control_supervisor.cpp:86:62:[m[K [01;31m[Kerror: [m[Kunused parameter â€˜[01m[Kpwm[m[Kâ€™ [[01;31m[K]8;;https://gcc.gnu.org/onlinedocs/gcc/Warning-Options.html#index-Wunused-parameter-Werror=unused-parameter]8;;[m[K]
[1.634s]    86 | void ThrustControlSupervisor::execute_pwm([01;31m[Kstd::array<int, 8> pwm[m[K)
[1.635s]       |                                           [01;31m[K~~~~~~~~~~~~~~~~~~~^~~[m[K
[1.668s] [01m[K/home/zenyn/Thrust-Control/src/thrust_control_supervisor.cpp:[m[K In member function â€˜[01m[Kvoid thrust_control::ThrustControlSupervisor::[01;32m[Kexecute_pwm[m[K(std::array<int, 8>)[m[Kâ€™:
[1.668s] [01m[K/home/zenyn/Thrust-Control/src/thrust_control_supervisor.cpp:86:62:[m[K [01;31m[Kerror: [m[Kunused parameter â€˜[01m[Kpwm[m[Kâ€™ [[01;31m[K]8;;https://gcc.gnu.org/onlinedocs/gcc/Warning-Options.html#index-Wunused-parameter-Werror=unused-parameter]8;;[m[K]
[1.668s]    86 | void ThrustControlSupervisor::execute_pwm([01;31m[Kstd::array<int, 8> pwm[m[K)
[1.668s]       |                                           [01;31m[K~~~~~~~~~~~~~~~~~~~^~~[m[K
[2.080s] cc1plus: all warnings being treated as errors
[2.098s] gmake[2]: *** [CMakeFiles/thrust_control.dir/build.make:104: CMakeFiles/thrust_control.dir/src/thrust_control_supervisor.cpp.o] Error 1
[2.099s] gmake[1]: *** [CMakeFiles/Makefile2:266: CMakeFiles/thrust_control.dir/all] Error 2
[2.099s] gmake[1]: *** Waiting for unfinished jobs....
[2.120s] cc1plus: all warnings being treated as errors
[2.138s] gmake[2]: *** [CMakeFiles/test_thrust_control_supervisor.dir/build.make:104: CMakeFiles/test_thrust_control_supervisor.dir/src/thrust_control_supervisor.cpp.o] Error 1
[2.139s] gmake[1]: *** [CMakeFiles/Makefile2:324: CMakeFiles/test_thrust_control_supervisor.dir/all] Error 2
[2.590s] [01m[K/home/zenyn/Thrust-Control/src/thrust_control_supervisor.cpp:[m[K In member function â€˜[01m[Kvoid thrust_control::ThrustControlSupervisor::[01;32m[Kexecute_pwm[m[K(std::array<int, 8>)[m[Kâ€™:
[2.590s] [01m[K/home/zenyn/Thrust-Control/src/thrust_control_supervisor.cpp:86:62:[m[K [01;31m[Kerror: [m[Kunused parameter â€˜[01m[Kpwm[m[Kâ€™ [[01;31m[K]8;;https://gcc.gnu.org/onlinedocs/gcc/Warning-Options.html#index-Wunused-parameter-Werror=unused-parameter]8;;[m[K]
[2.590s]    86 | void ThrustControlSupervisor::execute_pwm([01;31m[Kstd::array<int, 8> pwm[m[K)
[2.590s]       |                                           [01;31m[K~~~~~~~~~~~~~~~~~~~^~~[m[K
[3.011s] cc1plus: all warnings being treated as errors
[3.032s] gmake[2]: *** [CMakeFiles/test_thrust_control_node.dir/build.make:104: CMakeFiles/test_thrust_control_node.dir/src/thrust_control_supervisor.cpp.o] Error 1
[3.032s] gmake[1]: *** [CMakeFiles/Makefile2:295: CMakeFiles/test_thrust_control_node.dir/all] Error 2
[3.032s] gmake: *** [Makefile:146: all] Error 2
[3.034s] Invoked command in '/home/zenyn/Thrust-Control/build/thrust_control' returned '2': CMAKE_PREFIX_PATH=${CMAKE_PREFIX_PATH}:/opt/ros/jazzy /usr/bin/cmake --build /home/zenyn/Thrust-Control/build/thrust_control -- -j12 -l12
