[ 33%] [32mBuilding CXX object CMakeFiles/thrust_control.dir/thrust_control_supervisor.cpp.o[0m
[01m[K/home/zenyn/Thrust-Control/thrust_control_supervisor.cpp:[m[K In member function â€˜[01m[Kvoid thrust_control::ThrustControlSupervisor::[01;32m[Kstep[m[K(std::string, std::array<int, 8>, float, std::array<float, 6>, std::array<float, 6>)[m[Kâ€™:
[01m[K/home/zenyn/Thrust-Control/thrust_control_supervisor.cpp:25:35:[m[K [01;31m[Kerror: [m[Kcannot convert â€˜[01m[Kstd::array<int, 8>[m[Kâ€™ to â€˜[01m[Kstd::vector<int>[m[Kâ€™
   25 |         this->process_pwm_command([01;31m[Kmanual_pwm_[m[K);
      |                                   [01;31m[K^~~~~~~~~~~[m[K
      |                                   [01;31m[K|[m[K
      |                                   [01;31m[Kstd::array<int, 8>[m[K
In file included from [01m[K/home/zenyn/Thrust-Control/thrust_control_supervisor.cpp:1[m[K:
[01m[K/home/zenyn/Thrust-Control/thrust_control_supervisor.hpp:30:45:[m[K [01;36m[Knote: [m[K  initializing argument 1 of â€˜[01m[Kvoid thrust_control::ThrustControlSupervisor::[01;32m[Kprocess_pwm_command[m[K(std::vector<int>)[m[Kâ€™
   30 |   void process_pwm_command([01;36m[Kstd::vector<int> pwm_array[m[K);
      |                            [01;36m[K~~~~~~~~~~~~~~~~~^~~~~~~~~[m[K
[01m[K/home/zenyn/Thrust-Control/thrust_control_supervisor.cpp:[m[K At global scope:
[01m[K/home/zenyn/Thrust-Control/thrust_control_supervisor.cpp:29:6:[m[K [01;31m[Kerror: [m[Kvariable or field â€˜[01m[Kprocess_pwm_command[m[Kâ€™ declared void
   29 | void [01;31m[KThrustControlSupervisor[m[K::process_pwm_command(pwm)
      |      [01;31m[K^~~~~~~~~~~~~~~~~~~~~~~[m[K
[01m[K/home/zenyn/Thrust-Control/thrust_control_supervisor.cpp:29:51:[m[K [01;31m[Kerror: [m[Kâ€˜[01m[Kpwm[m[Kâ€™ was not declared in this scope
   29 | void ThrustControlSupervisor::process_pwm_command([01;31m[Kpwm[m[K)
      |                                                   [01;31m[K^~~[m[K
gmake[2]: *** [CMakeFiles/thrust_control.dir/build.make:90: CMakeFiles/thrust_control.dir/thrust_control_supervisor.cpp.o] Error 1
gmake[1]: *** [CMakeFiles/Makefile2:137: CMakeFiles/thrust_control.dir/all] Error 2
gmake: *** [Makefile:146: all] Error 2
