[0.008s] Invoking command in '/home/zenyn/Thrust-Control/build/thrust_control': CMAKE_PREFIX_PATH=${CMAKE_PREFIX_PATH}:/opt/ros/jazzy /usr/bin/cmake --build /home/zenyn/Thrust-Control/build/thrust_control -- -j12 -l12
[0.072s] [ 33%] [32mBuilding CXX object CMakeFiles/thrust_control.dir/thrust_control_supervisor.cpp.o[0m
[1.658s] [01m[K/home/zenyn/Thrust-Control/thrust_control_supervisor.cpp:[m[K In member function â€˜[01m[Kvoid thrust_control::ThrustControlSupervisor::[01;32m[Kstep[m[K(std::string, std::array<int, 8>, float, std::array<float, 6>, std::array<float, 6>)[m[Kâ€™:
[1.658s] [01m[K/home/zenyn/Thrust-Control/thrust_control_supervisor.cpp:25:35:[m[K [01;31m[Kerror: [m[Kcannot convert â€˜[01m[Kstd::array<int, 8>[m[Kâ€™ to â€˜[01m[Kstd::vector<int>[m[Kâ€™
[1.659s]    25 |         this->process_pwm_command([01;31m[Kmanual_pwm_[m[K);
[1.659s]       |                                   [01;31m[K^~~~~~~~~~~[m[K
[1.659s]       |                                   [01;31m[K|[m[K
[1.659s]       |                                   [01;31m[Kstd::array<int, 8>[m[K
[1.659s] In file included from [01m[K/home/zenyn/Thrust-Control/thrust_control_supervisor.cpp:1[m[K:
[1.659s] [01m[K/home/zenyn/Thrust-Control/thrust_control_supervisor.hpp:30:45:[m[K [01;36m[Knote: [m[K  initializing argument 1 of â€˜[01m[Kvoid thrust_control::ThrustControlSupervisor::[01;32m[Kprocess_pwm_command[m[K(std::vector<int>)[m[Kâ€™
[1.659s]    30 |   void process_pwm_command([01;36m[Kstd::vector<int> pwm_array[m[K);
[1.659s]       |                            [01;36m[K~~~~~~~~~~~~~~~~~^~~~~~~~~[m[K
[1.659s] [01m[K/home/zenyn/Thrust-Control/thrust_control_supervisor.cpp:[m[K At global scope:
[1.659s] [01m[K/home/zenyn/Thrust-Control/thrust_control_supervisor.cpp:29:6:[m[K [01;31m[Kerror: [m[Kvariable or field â€˜[01m[Kprocess_pwm_command[m[Kâ€™ declared void
[1.660s]    29 | void [01;31m[KThrustControlSupervisor[m[K::process_pwm_command(pwm)
[1.660s]       |      [01;31m[K^~~~~~~~~~~~~~~~~~~~~~~[m[K
[1.661s] [01m[K/home/zenyn/Thrust-Control/thrust_control_supervisor.cpp:29:51:[m[K [01;31m[Kerror: [m[Kâ€˜[01m[Kpwm[m[Kâ€™ was not declared in this scope
[1.661s]    29 | void ThrustControlSupervisor::process_pwm_command([01;31m[Kpwm[m[K)
[1.662s]       |                                                   [01;31m[K^~~[m[K
[2.122s] gmake[2]: *** [CMakeFiles/thrust_control.dir/build.make:90: CMakeFiles/thrust_control.dir/thrust_control_supervisor.cpp.o] Error 1
[2.122s] gmake[1]: *** [CMakeFiles/Makefile2:137: CMakeFiles/thrust_control.dir/all] Error 2
[2.122s] gmake: *** [Makefile:146: all] Error 2
[2.125s] Invoked command in '/home/zenyn/Thrust-Control/build/thrust_control' returned '2': CMAKE_PREFIX_PATH=${CMAKE_PREFIX_PATH}:/opt/ros/jazzy /usr/bin/cmake --build /home/zenyn/Thrust-Control/build/thrust_control -- -j12 -l12
