[0.000000] (-) TimerEvent: {}
[0.000642] (thrust_control) JobQueued: {'identifier': 'thrust_control', 'dependencies': OrderedDict()}
[0.000736] (thrust_control) JobStarted: {'identifier': 'thrust_control'}
[0.005796] (thrust_control) JobProgress: {'identifier': 'thrust_control', 'progress': 'cmake'}
[0.006498] (thrust_control) JobProgress: {'identifier': 'thrust_control', 'progress': 'build'}
[0.006687] (thrust_control) Command: {'cmd': ['/usr/bin/cmake', '--build', '/home/zenyn/Thrust-Control/build/thrust_control', '--', '-j12', '-l12'], 'cwd': '/home/zenyn/Thrust-Control/build/thrust_control', 'env': OrderedDict({'LESSOPEN': '| /usr/bin/lesspipe %s', 'LANGUAGE': 'en_US', 'USER': 'zenyn', 'XDG_SEAT': 'seat0', 'XDG_SESSION_TYPE': 'x11', 'SHLVL': '2', 'LD_LIBRARY_PATH': '/opt/ros/jazzy/opt/rviz_ogre_vendor/lib:/opt/ros/jazzy/lib/x86_64-linux-gnu:/opt/ros/jazzy/opt/gz_math_vendor/lib:/opt/ros/jazzy/opt/gz_utils_vendor/lib:/opt/ros/jazzy/opt/gz_cmake_vendor/lib:/opt/ros/jazzy/lib', 'HOME': '/home/zenyn', 'OLDPWD': '/home/zenyn/Thrust-Control/src', 'DESKTOP_SESSION': 'cinnamon', 'ROS_PYTHON_VERSION': '3', 'GTK_MODULES': 'gail:atk-bridge', 'XDG_SEAT_PATH': '/org/freedesktop/DisplayManager/Seat0', 'DBUS_SESSION_BUS_ADDRESS': 'unix:path=/run/user/1000/bus', 'COLORTERM': 'truecolor', 'GNOME_KEYRING_CONTROL': '/run/user/1000/keyring', 'ROS_DISTRO': 'jazzy', 'LOGNAME': 'zenyn', 'DESKTOP_AUTOSTART_ID': '10548af1e022aa691a174745163180485900000023430038', '_': '/usr/bin/colcon', 'ROS_VERSION': '2', 'XDG_SESSION_CLASS': 'user', 'TERM': 'xterm-256color', 'XDG_SESSION_ID': 'c2', 'GNOME_DESKTOP_SESSION_ID': 'this-is-deprecated', 'PATH': '/opt/ros/jazzy/bin:/home/zenyn/.local/bin:/home/zenyn/.local/bin:/home/zenyn/.local/bin:/home/zenyn/bin:/usr/local/sbin:/usr/local/bin:/usr/sbin:/usr/bin:/sbin:/bin:/usr/games:/usr/local/games:/snap/bin', 'SESSION_MANAGER': 'local/Zenyn-Linux:@/tmp/.ICE-unix/2343,unix/Zenyn-Linux:/tmp/.ICE-unix/2343', 'GDM_LANG': 'en_US', 'GTK3_MODULES': 'xapp-gtk3-module', 'XDG_SESSION_PATH': '/org/freedesktop/DisplayManager/Session0', 'GNOME_TERMINAL_SCREEN': '/org/gnome/Terminal/screen/e5d02491_c38d_435c_a58c_541bc3dfd0f9', 'XDG_RUNTIME_DIR': '/run/user/1000', 'DISPLAY': ':0', 'LANG': 'en_US.UTF-8', 'XDG_CURRENT_DESKTOP': 'X-Cinnamon', 'XDG_SESSION_DESKTOP': 'cinnamon', 'XAUTHORITY': '/home/zenyn/.Xauthority', 'LS_COLORS': 'rs=0:di=01;34:ln=01;36:mh=00:pi=40;33:so=01;35:do=01;35:bd=40;33;01:cd=40;33;01:or=40;31;01:mi=00:su=37;41:sg=30;43:ca=00:tw=30;42:ow=34;42:st=37;44:ex=01;32:*.tar=01;31:*.tgz=01;31:*.arc=01;31:*.arj=01;31:*.taz=01;31:*.lha=01;31:*.lz4=01;31:*.lzh=01;31:*.lzma=01;31:*.tlz=01;31:*.txz=01;31:*.tzo=01;31:*.t7z=01;31:*.zip=01;31:*.z=01;31:*.dz=01;31:*.gz=01;31:*.lrz=01;31:*.lz=01;31:*.lzo=01;31:*.xz=01;31:*.zst=01;31:*.tzst=01;31:*.bz2=01;31:*.bz=01;31:*.tbz=01;31:*.tbz2=01;31:*.tz=01;31:*.deb=01;31:*.rpm=01;31:*.jar=01;31:*.war=01;31:*.ear=01;31:*.sar=01;31:*.rar=01;31:*.alz=01;31:*.ace=01;31:*.zoo=01;31:*.cpio=01;31:*.7z=01;31:*.rz=01;31:*.cab=01;31:*.wim=01;31:*.swm=01;31:*.dwm=01;31:*.esd=01;31:*.avif=01;35:*.jpg=01;35:*.jpeg=01;35:*.mjpg=01;35:*.mjpeg=01;35:*.gif=01;35:*.bmp=01;35:*.pbm=01;35:*.pgm=01;35:*.ppm=01;35:*.tga=01;35:*.xbm=01;35:*.xpm=01;35:*.tif=01;35:*.tiff=01;35:*.png=01;35:*.svg=01;35:*.svgz=01;35:*.mng=01;35:*.pcx=01;35:*.mov=01;35:*.mpg=01;35:*.mpeg=01;35:*.m2v=01;35:*.mkv=01;35:*.webm=01;35:*.webp=01;35:*.ogm=01;35:*.mp4=01;35:*.m4v=01;35:*.mp4v=01;35:*.vob=01;35:*.qt=01;35:*.nuv=01;35:*.wmv=01;35:*.asf=01;35:*.rm=01;35:*.rmvb=01;35:*.flc=01;35:*.avi=01;35:*.fli=01;35:*.flv=01;35:*.gl=01;35:*.dl=01;35:*.xcf=01;35:*.xwd=01;35:*.yuv=01;35:*.cgm=01;35:*.emf=01;35:*.ogv=01;35:*.ogx=01;35:*.aac=00;36:*.au=00;36:*.flac=00;36:*.m4a=00;36:*.mid=00;36:*.midi=00;36:*.mka=00;36:*.mp3=00;36:*.mpc=00;36:*.ogg=00;36:*.ra=00;36:*.wav=00;36:*.oga=00;36:*.opus=00;36:*.spx=00;36:*.xspf=00;36:*~=00;90:*#=00;90:*.bak=00;90:*.crdownload=00;90:*.dpkg-dist=00;90:*.dpkg-new=00;90:*.dpkg-old=00;90:*.dpkg-tmp=00;90:*.old=00;90:*.orig=00;90:*.part=00;90:*.rej=00;90:*.rpmnew=00;90:*.rpmorig=00;90:*.rpmsave=00;90:*.swp=00;90:*.tmp=00;90:*.ucf-dist=00;90:*.ucf-new=00;90:*.ucf-old=00;90:', 'GNOME_TERMINAL_SERVICE': ':1.71', 'SSH_AUTH_SOCK': '/run/user/1000/keyring/ssh', 'XDG_GREETER_DATA_DIR': '/var/lib/lightdm-data/zenyn', 'AMENT_PREFIX_PATH': '/opt/ros/jazzy', 'SHELL': '/bin/bash', 'QT_ACCESSIBILITY': '1', 'GDMSESSION': 'cinnamon', 'LESSCLOSE': '/usr/bin/lesspipe %s %s', 'GPG_AGENT_INFO': '/run/user/1000/gnupg/S.gpg-agent:0:1', 'ROS_AUTOMATIC_DISCOVERY_RANGE': 'SUBNET', 'XDG_VTNR': '7', 'PWD': '/home/zenyn/Thrust-Control/build/thrust_control', 'LC_ALL': 'en_US.UTF-8', 'XDG_CONFIG_DIRS': '/etc/xdg/xdg-cinnamon:/etc/xdg', 'XDG_DATA_DIRS': '/usr/share/cinnamon:/usr/share/gnome:/usr/local/share:/usr/share:/var/lib/snapd/desktop', 'PYTHONPATH': '/opt/ros/jazzy/lib/python3.12/site-packages', 'COLCON': '1', 'VTE_VERSION': '7600', 'CMAKE_PREFIX_PATH': '/opt/ros/jazzy/opt/gz_math_vendor:/opt/ros/jazzy/opt/gz_utils_vendor:/opt/ros/jazzy/opt/gz_cmake_vendor:/opt/ros/jazzy'}), 'shell': False}
[0.065012] (thrust_control) StdoutLine: {'line': b'[  7%] Built target controller_lib\n'}
[0.068536] (thrust_control) StdoutLine: {'line': b'[ 12%] Built target gtest\n'}
[0.068987] (thrust_control) StdoutLine: {'line': b'[ 20%] Built target controller_test_lib\n'}
[0.069665] (thrust_control) StdoutLine: {'line': b'[ 30%] Built target PropulsionFunctions\n'}
[0.089234] (thrust_control) StdoutLine: {'line': b'[ 35%] Built target gtest_main\n'}
[0.096306] (thrust_control) StdoutLine: {'line': b'[ 40%] Built target controller_test\n'}
[0.099019] (thrust_control) StdoutLine: {'line': b'[ 45%] Built target gmock\n'}
[0.099765] (-) TimerEvent: {}
[0.105282] (thrust_control) StdoutLine: {'line': b'[ 47%] \x1b[32m\x1b[1mLinking CXX executable thrust_control\x1b[0m\n'}
[0.123040] (thrust_control) StdoutLine: {'line': b'[ 60%] Built target propulsion_test\n'}
[0.129421] (thrust_control) StdoutLine: {'line': b'[ 65%] Built target gmock_main\n'}
[0.137137] (thrust_control) StdoutLine: {'line': b'[ 67%] \x1b[32mBuilding CXX object CMakeFiles/test_thrust_control_supervisor.dir/src/command_queue.cpp.o\x1b[0m\n'}
[0.149636] (thrust_control) StdoutLine: {'line': b'[ 70%] \x1b[32mBuilding CXX object CMakeFiles/test_thrust_control_node.dir/src/command_queue.cpp.o\x1b[0m\n'}
[0.199875] (-) TimerEvent: {}
[0.300234] (-) TimerEvent: {}
[0.400556] (-) TimerEvent: {}
[0.419220] (thrust_control) StdoutLine: {'line': b'[ 72%] \x1b[32m\x1b[1mLinking CXX executable test_thrust_control_supervisor\x1b[0m\n'}
[0.424856] (thrust_control) StdoutLine: {'line': b'[ 75%] \x1b[32m\x1b[1mLinking CXX executable test_thrust_control_node\x1b[0m\n'}
[0.449465] (thrust_control) StderrLine: {'line': b"/usr/bin/ld: CMakeFiles/thrust_control.dir/src/thrust_control_supervisor.cpp.o: in function `thrust_control::ThrustControlSupervisor::ThrustControlSupervisor(rclcpp::Logger, std::unique_ptr<Command_Interpreter_RPi5, std::default_delete<Command_Interpreter_RPi5> >)':\n"}
[0.449863] (thrust_control) StderrLine: {'line': b"thrust_control_supervisor.cpp:(.text+0x81): undefined reference to `thrust_control::CommandQueue::CommandQueue()'\n"}
[0.450027] (thrust_control) StderrLine: {'line': b"/usr/bin/ld: CMakeFiles/thrust_control.dir/src/thrust_control_supervisor.cpp.o: in function `thrust_control::ThrustControlSupervisor::update_pwm_queue(std::unique_ptr<thrust_control::SupervisorCommand, std::default_delete<thrust_control::SupervisorCommand> >)':\n"}
[0.450151] (thrust_control) StderrLine: {'line': b"thrust_control_supervisor.cpp:(.text+0x1bc): undefined reference to `thrust_control::CommandQueue::CommandQueue()'\n"}
[0.450267] (thrust_control) StderrLine: {'line': b"/usr/bin/ld: thrust_control_supervisor.cpp:(.text+0x22e): undefined reference to `thrust_control::CommandQueue::push_command(std::unique_ptr<thrust_control::SupervisorCommand, std::default_delete<thrust_control::SupervisorCommand> >)'\n"}
[0.450406] (thrust_control) StderrLine: {'line': b"/usr/bin/ld: CMakeFiles/thrust_control.dir/src/thrust_control_supervisor.cpp.o: in function `thrust_control::ThrustControlSupervisor::feed_forward_pwm()':\n"}
[0.450561] (thrust_control) StderrLine: {'line': b"thrust_control_supervisor.cpp:(.text+0x5c1): undefined reference to `thrust_control::CommandQueue::get_command_from_queue(std::unique_ptr<thrust_control::SupervisorCommand, std::default_delete<thrust_control::SupervisorCommand> >)'\n"}
[0.472123] (thrust_control) StderrLine: {'line': b'collect2: error: ld returned 1 exit status\n'}
[0.474150] (thrust_control) StderrLine: {'line': b'gmake[2]: *** [CMakeFiles/thrust_control.dir/build.make:205: thrust_control] Error 1\n'}
[0.474448] (thrust_control) StderrLine: {'line': b'gmake[1]: *** [CMakeFiles/Makefile2:267: CMakeFiles/thrust_control.dir/all] Error 2\n'}
[0.474567] (thrust_control) StderrLine: {'line': b'gmake[1]: *** Waiting for unfinished jobs....\n'}
[0.500709] (-) TimerEvent: {}
[0.568458] (thrust_control) StderrLine: {'line': b"/usr/bin/ld: CMakeFiles/test_thrust_control_supervisor.dir/src/thrust_control_supervisor.cpp.o: in function `thrust_control::ThrustControlSupervisor::feed_forward_pwm()':\n"}
[0.568746] (thrust_control) StderrLine: {'line': b"thrust_control_supervisor.cpp:(.text+0x5c1): undefined reference to `thrust_control::CommandQueue::get_command_from_queue(std::unique_ptr<thrust_control::SupervisorCommand, std::default_delete<thrust_control::SupervisorCommand> >)'\n"}
[0.568988] (thrust_control) StderrLine: {'line': b"/usr/bin/ld: CMakeFiles/test_thrust_control_supervisor.dir/src/command_queue.cpp.o: in function `std::__detail::_MakeUniq<thrust_control::Timed_Command>::__single_object std::make_unique<thrust_control::Timed_Command, pwm_array const&, std::chrono::duration<long, std::ratio<1l, 1000l> >&, bool&>(pwm_array const&, std::chrono::duration<long, std::ratio<1l, 1000l> >&, bool&)':\n"}
[0.569167] (thrust_control) StderrLine: {'line': b"command_queue.cpp:(.text._ZSt11make_uniqueIN14thrust_control13Timed_CommandEJRK9pwm_arrayRNSt6chrono8durationIlSt5ratioILl1ELl1000EEEERbEENSt8__detail9_MakeUniqIT_E15__single_objectEDpOT0_[_ZSt11make_uniqueIN14thrust_control13Timed_CommandEJRK9pwm_arrayRNSt6chrono8durationIlSt5ratioILl1ELl1000EEEERbEENSt8__detail9_MakeUniqIT_E15__single_objectEDpOT0_]+0x73): undefined reference to `thrust_control::Timed_Command::Timed_Command(pwm_array const&, std::chrono::duration<long, std::ratio<1l, 1000l> >, bool)'\n"}
[0.569321] (thrust_control) StderrLine: {'line': b"/usr/bin/ld: CMakeFiles/test_thrust_control_supervisor.dir/src/command_queue.cpp.o: in function `std::__detail::_MakeUniq<thrust_control::Untimed_Command>::__single_object std::make_unique<thrust_control::Untimed_Command, pwm_array const&, bool&>(pwm_array const&, bool&)':\n"}
[0.569472] (thrust_control) StderrLine: {'line': b"command_queue.cpp:(.text._ZSt11make_uniqueIN14thrust_control15Untimed_CommandEJRK9pwm_arrayRbEENSt8__detail9_MakeUniqIT_E15__single_objectEDpOT0_[_ZSt11make_uniqueIN14thrust_control15Untimed_CommandEJRK9pwm_arrayRbEENSt8__detail9_MakeUniqIT_E15__single_objectEDpOT0_]+0x57): undefined reference to `thrust_control::Untimed_Command::Untimed_Command(pwm_array const&, bool)'\n"}
[0.585712] (thrust_control) StderrLine: {'line': b'collect2: error: ld returned 1 exit status\n'}
[0.587893] (thrust_control) StderrLine: {'line': b'gmake[2]: *** [CMakeFiles/test_thrust_control_supervisor.dir/build.make:224: test_thrust_control_supervisor] Error 1\n'}
[0.588159] (thrust_control) StderrLine: {'line': b'gmake[1]: *** [CMakeFiles/Makefile2:325: CMakeFiles/test_thrust_control_supervisor.dir/all] Error 2\n'}
[0.600847] (-) TimerEvent: {}
[0.679547] (thrust_control) StderrLine: {'line': b"/usr/bin/ld: CMakeFiles/test_thrust_control_node.dir/src/thrust_control_supervisor.cpp.o: in function `thrust_control::ThrustControlSupervisor::feed_forward_pwm()':\n"}
[0.679809] (thrust_control) StderrLine: {'line': b"thrust_control_supervisor.cpp:(.text+0x5c1): undefined reference to `thrust_control::CommandQueue::get_command_from_queue(std::unique_ptr<thrust_control::SupervisorCommand, std::default_delete<thrust_control::SupervisorCommand> >)'\n"}
[0.688747] (thrust_control) StderrLine: {'line': b"/usr/bin/ld: CMakeFiles/test_thrust_control_node.dir/src/command_queue.cpp.o: in function `std::__detail::_MakeUniq<thrust_control::Timed_Command>::__single_object std::make_unique<thrust_control::Timed_Command, pwm_array const&, std::chrono::duration<long, std::ratio<1l, 1000l> >&, bool&>(pwm_array const&, std::chrono::duration<long, std::ratio<1l, 1000l> >&, bool&)':\n"}
[0.688998] (thrust_control) StderrLine: {'line': b"command_queue.cpp:(.text._ZSt11make_uniqueIN14thrust_control13Timed_CommandEJRK9pwm_arrayRNSt6chrono8durationIlSt5ratioILl1ELl1000EEEERbEENSt8__detail9_MakeUniqIT_E15__single_objectEDpOT0_[_ZSt11make_uniqueIN14thrust_control13Timed_CommandEJRK9pwm_arrayRNSt6chrono8durationIlSt5ratioILl1ELl1000EEEERbEENSt8__detail9_MakeUniqIT_E15__single_objectEDpOT0_]+0x73): undefined reference to `thrust_control::Timed_Command::Timed_Command(pwm_array const&, std::chrono::duration<long, std::ratio<1l, 1000l> >, bool)'\n"}
[0.689108] (thrust_control) StderrLine: {'line': b"/usr/bin/ld: CMakeFiles/test_thrust_control_node.dir/src/command_queue.cpp.o: in function `std::__detail::_MakeUniq<thrust_control::Untimed_Command>::__single_object std::make_unique<thrust_control::Untimed_Command, pwm_array const&, bool&>(pwm_array const&, bool&)':\n"}
[0.689209] (thrust_control) StderrLine: {'line': b"command_queue.cpp:(.text._ZSt11make_uniqueIN14thrust_control15Untimed_CommandEJRK9pwm_arrayRbEENSt8__detail9_MakeUniqIT_E15__single_objectEDpOT0_[_ZSt11make_uniqueIN14thrust_control15Untimed_CommandEJRK9pwm_arrayRbEENSt8__detail9_MakeUniqIT_E15__single_objectEDpOT0_]+0x57): undefined reference to `thrust_control::Untimed_Command::Untimed_Command(pwm_array const&, bool)'\n"}
[0.700998] (-) TimerEvent: {}
[0.719562] (thrust_control) StderrLine: {'line': b'collect2: error: ld returned 1 exit status\n'}
[0.721411] (thrust_control) StderrLine: {'line': b'gmake[2]: *** [CMakeFiles/test_thrust_control_node.dir/build.make:240: test_thrust_control_node] Error 1\n'}
[0.721700] (thrust_control) StderrLine: {'line': b'gmake[1]: *** [CMakeFiles/Makefile2:296: CMakeFiles/test_thrust_control_node.dir/all] Error 2\n'}
[0.721860] (thrust_control) StderrLine: {'line': b'gmake: *** [Makefile:146: all] Error 2\n'}
[0.724305] (thrust_control) CommandEnded: {'returncode': 2}
[0.731207] (thrust_control) JobEnded: {'identifier': 'thrust_control', 'rc': 2}
[0.741921] (-) EventReactorShutdown: {}
