[0.010s] Invoking command in '/home/zenyn/Thrust-Control/build/thrust_control': CMAKE_PREFIX_PATH=${CMAKE_PREFIX_PATH}:/opt/ros/jazzy /usr/bin/cmake --build /home/zenyn/Thrust-Control/build/thrust_control -- -j12 -l12
[0.078s] [ 66%] [32mBuilding CXX object CMakeFiles/thrust_control.dir/thrust_control_supervisor.cpp.o[0m
[0.078s] [ 66%] [32mBuilding CXX object CMakeFiles/thrust_control.dir/thrust_control_node.cpp.o[0m
[1.707s] [01m[K/home/zenyn/Thrust-Control/thrust_control_supervisor.cpp:[m[K In member function â€˜[01m[Kvoid thrust_control::ThrustControlSupervisor::[01;32m[Kstep[m[K(std::string, std::array<int, 8>, float, std::array<float, 6>, std::array<float, 6>)[m[Kâ€™:
[1.707s] [01m[K/home/zenyn/Thrust-Control/thrust_control_supervisor.cpp:19:14:[m[K [01;31m[Kerror: [m[Krequest for member â€˜[01m[Kcontrol_mode[m[Kâ€™ in â€˜[01m[K(thrust_control::ThrustControlSupervisor*)this[m[Kâ€™, which is of pointer type â€˜[01m[Kthrust_control::ThrustControlSupervisor*[m[Kâ€™ (maybe you meant to use â€˜[01m[K->[m[Kâ€™ ?)
[1.707s]    19 |         this.[01;31m[Kcontrol_mode[m[K = control_mode;
[1.707s]       |              [01;31m[K^~~~~~~~~~~~[m[K
[1.707s] [01m[K/home/zenyn/Thrust-Control/thrust_control_supervisor.cpp:20:14:[m[K [01;31m[Kerror: [m[Krequest for member â€˜[01m[Kmanual_pwm[m[Kâ€™ in â€˜[01m[K(thrust_control::ThrustControlSupervisor*)this[m[Kâ€™, which is of pointer type â€˜[01m[Kthrust_control::ThrustControlSupervisor*[m[Kâ€™ (maybe you meant to use â€˜[01m[K->[m[Kâ€™ ?)
[1.707s]    20 |         this.[01;31m[Kmanual_pwm[m[K = pwm;
[1.707s]       |              [01;31m[K^~~~~~~~~~[m[K
[1.707s] [01m[K/home/zenyn/Thrust-Control/thrust_control_supervisor.cpp:21:14:[m[K [01;31m[Kerror: [m[Krequest for member â€˜[01m[Kduration[m[Kâ€™ in â€˜[01m[K(thrust_control::ThrustControlSupervisor*)this[m[Kâ€™, which is of pointer type â€˜[01m[Kthrust_control::ThrustControlSupervisor*[m[Kâ€™ (maybe you meant to use â€˜[01m[K->[m[Kâ€™ ?)
[1.708s]    21 |         this.[01;31m[Kduration[m[K = duration;
[1.708s]       |              [01;31m[K^~~~~~~~[m[K
[1.708s] [01m[K/home/zenyn/Thrust-Control/thrust_control_supervisor.cpp:22:14:[m[K [01;31m[Kerror: [m[Krequest for member â€˜[01m[Kposition[m[Kâ€™ in â€˜[01m[K(thrust_control::ThrustControlSupervisor*)this[m[Kâ€™, which is of pointer type â€˜[01m[Kthrust_control::ThrustControlSupervisor*[m[Kâ€™ (maybe you meant to use â€˜[01m[K->[m[Kâ€™ ?)
[1.708s]    22 |         this.[01;31m[Kposition[m[K = position;
[1.708s]       |              [01;31m[K^~~~~~~~[m[K
[1.708s] [01m[K/home/zenyn/Thrust-Control/thrust_control_supervisor.cpp:23:14:[m[K [01;31m[Kerror: [m[Krequest for member â€˜[01m[Kwaypoint[m[Kâ€™ in â€˜[01m[K(thrust_control::ThrustControlSupervisor*)this[m[Kâ€™, which is of pointer type â€˜[01m[Kthrust_control::ThrustControlSupervisor*[m[Kâ€™ (maybe you meant to use â€˜[01m[K->[m[Kâ€™ ?)
[1.708s]    23 |         this.[01;31m[Kwaypoint[m[K = waypoint;
[1.708s]       |              [01;31m[K^~~~~~~~[m[K
[1.708s] [01m[K/home/zenyn/Thrust-Control/thrust_control_supervisor.cpp:25:14:[m[K [01;31m[Kerror: [m[Krequest for member â€˜[01m[Kprocess_pwm_command[m[Kâ€™ in â€˜[01m[K(thrust_control::ThrustControlSupervisor*)this[m[Kâ€™, which is of pointer type â€˜[01m[Kthrust_control::ThrustControlSupervisor*[m[Kâ€™ (maybe you meant to use â€˜[01m[K->[m[Kâ€™ ?)
[1.708s]    25 |         this.[01;31m[Kprocess_pwm_command[m[K(manual_pwm_);
[1.709s]       |              [01;31m[K^~~~~~~~~~~~~~~~~~~[m[K
[1.713s] [01m[K/home/zenyn/Thrust-Control/thrust_control_supervisor.cpp:25:34:[m[K [01;31m[Kerror: [m[Kâ€˜[01m[Kmanual_pwm_[m[Kâ€™ was not declared in this scope; did you mean â€˜[01m[Kset_manual_pwm[m[Kâ€™?
[1.713s]    25 |         this.process_pwm_command([01;31m[Kmanual_pwm_[m[K);
[1.713s]       |                                  [01;31m[K^~~~~~~~~~~[m[K
[1.713s]       |                                  [32m[Kset_manual_pwm[m[K
[1.713s] [01m[K/home/zenyn/Thrust-Control/thrust_control_supervisor.cpp:[m[K At global scope:
[1.714s] [01m[K/home/zenyn/Thrust-Control/thrust_control_supervisor.cpp:29:6:[m[K [01;31m[Kerror: [m[Kvariable or field â€˜[01m[Kprocess_pwm_command[m[Kâ€™ declared void
[1.714s]    29 | void [01;31m[KThrustControlSupervisor[m[K::process_pwm_command(pwm)
[1.714s]       |      [01;31m[K^~~~~~~~~~~~~~~~~~~~~~~[m[K
[1.716s] [01m[K/home/zenyn/Thrust-Control/thrust_control_supervisor.cpp:29:51:[m[K [01;31m[Kerror: [m[Kâ€˜[01m[Kpwm[m[Kâ€™ was not declared in this scope
[1.716s]    29 | void ThrustControlSupervisor::process_pwm_command([01;31m[Kpwm[m[K)
[1.716s]       |                                                   [01;31m[K^~~[m[K
[2.167s] gmake[2]: *** [CMakeFiles/thrust_control.dir/build.make:90: CMakeFiles/thrust_control.dir/thrust_control_supervisor.cpp.o] Error 1
[2.167s] gmake[2]: *** Waiting for unfinished jobs....
[5.569s] gmake[1]: *** [CMakeFiles/Makefile2:137: CMakeFiles/thrust_control.dir/all] Error 2
[5.570s] gmake: *** [Makefile:146: all] Error 2
[5.573s] Invoked command in '/home/zenyn/Thrust-Control/build/thrust_control' returned '2': CMAKE_PREFIX_PATH=${CMAKE_PREFIX_PATH}:/opt/ros/jazzy /usr/bin/cmake --build /home/zenyn/Thrust-Control/build/thrust_control -- -j12 -l12
