[0.007s] Invoking command in '/home/zenyn/Thrust-Control/build/thrust_control': CMAKE_PREFIX_PATH=${CMAKE_PREFIX_PATH}:/opt/ros/jazzy /usr/bin/cmake --build /home/zenyn/Thrust-Control/build/thrust_control -- -j12 -l12
[0.071s] [  5%] Built target gtest
[0.072s] [ 12%] Built target controller_lib
[0.073s] [ 23%] Built target controller_codegenTest
[0.073s] [ 25%] [32mBuilding CXX object include/Command_Interpreter/CMakeFiles/PropulsionFunctions.dir/src/Command_Interpreter.cpp.o[0m
[0.094s] [ 30%] Built target gmock
[0.097s] [ 35%] Built target gtest_main
[0.097s] [ 41%] Built target controller_test
[0.122s] [ 46%] Built target gmock_main
[0.125s] [ 51%] [32mBuilding CXX object include/Command_Interpreter/CMakeFiles/propulsion_test.dir/src/Command_Interpreter.cpp.o[0m
[0.125s] [ 51%] [32mBuilding CXX object include/Command_Interpreter/CMakeFiles/propulsion_test.dir/testing/Command_Interpreter_Testing.cpp.o[0m
[0.503s] [ 53%] [32m[1mLinking CXX static library libPropulsionFunctions.a[0m
[0.548s] [ 58%] Built target PropulsionFunctions
[0.590s] [ 64%] [32mBuilding CXX object CMakeFiles/test_thrust_control_node.dir/tests/test_thrust_control_node.cpp.o[0m
[0.590s] [ 66%] [32mBuilding CXX object CMakeFiles/test_thrust_control_node.dir/src/thrust_control_supervisor.cpp.o[0m
[0.590s] [ 64%] [32mBuilding CXX object CMakeFiles/test_thrust_control_supervisor.dir/src/command_interpreter_pointer.cpp.o[0m
[0.590s] [ 69%] [32mBuilding CXX object CMakeFiles/thrust_control.dir/src/main.cpp.o[0m
[0.591s] [ 71%] [32mBuilding CXX object CMakeFiles/test_thrust_control_supervisor.dir/tests/test_thrust_control_supervisor.cpp.o[0m
[0.592s] [ 74%] [32mBuilding CXX object CMakeFiles/thrust_control.dir/src/thrust_control_node.cpp.o[0m
[0.592s] [ 76%] [32mBuilding CXX object CMakeFiles/test_thrust_control_supervisor.dir/src/thrust_control_supervisor.cpp.o[0m
[0.594s] [ 79%] [32mBuilding CXX object CMakeFiles/thrust_control.dir/src/thrust_control_supervisor.cpp.o[0m
[0.594s] [ 82%] [32mBuilding CXX object CMakeFiles/test_thrust_control_node.dir/src/command_interpreter_pointer.cpp.o[0m
[0.599s] [ 84%] [32mBuilding CXX object CMakeFiles/test_thrust_control_node.dir/src/thrust_control_node.cpp.o[0m
[1.620s] [ 87%] [32m[1mLinking CXX executable propulsion_test[0m
[1.830s] [ 92%] Built target propulsion_test
[2.520s] [01m[K/home/zenyn/Thrust-Control/src/thrust_control_supervisor.cpp:[m[K In member function â€˜[01m[Kvoid thrust_control::ThrustControlSupervisor::[01;32m[Kfeed_forward_pwm[m[K()[m[Kâ€™:
[2.520s] [01m[K/home/zenyn/Thrust-Control/src/thrust_control_supervisor.cpp:49:33:[m[K [01;31m[Kerror: [m[Kcannot convert â€˜[01m[Kstd::array<int, 8>[m[Kâ€™ to â€˜[01m[Kpwm_array[m[Kâ€™
[2.520s]    49 |   _interpreter->untimed_execute([01;31m[K_manual_pwm[m[K);
[2.520s]       |                                 [01;31m[K^~~~~~~~~~~[m[K
[2.520s]       |                                 [01;31m[K|[m[K
[2.520s]       |                                 [01;31m[Kstd::array<int, 8>[m[K
[2.521s] In file included from [01m[K/home/zenyn/Thrust-Control/src/thrust_control_supervisor.hpp:9[m[K,
[2.521s]                  from [01m[K/home/zenyn/Thrust-Control/src/thrust_control_supervisor.cpp:1[m[K:
[2.521s] [01m[K/home/zenyn/Thrust-Control/src/../include/Command_Interpreter/src/Command_Interpreter.hpp:188:36:[m[K [01;36m[Knote: [m[K  initializing argument 1 of â€˜[01m[Kvoid Command_Interpreter_RPi5::[01;32m[Kuntimed_execute[m[K(pwm_array)[m[Kâ€™
[2.521s]   188 |     void untimed_execute([01;36m[Kpwm_array thrusterPwms[m[K);
[2.521s]       |                          [01;36m[K~~~~~~~~~~^~~~~~~~~~~~[m[K
[2.521s] [01m[K/home/zenyn/Thrust-Control/src/thrust_control_supervisor.cpp:[m[K In member function â€˜[01m[Kvoid thrust_control::ThrustControlSupervisor::[01;32m[Kexecute_pwm[m[K(std::array<int, 8>)[m[Kâ€™:
[2.521s] [01m[K/home/zenyn/Thrust-Control/src/thrust_control_supervisor.cpp:88:15:[m[K [01;31m[Kerror: [m[Kdeclaration of â€˜[01m[Kpwm_array pwm[m[Kâ€™ shadows a parameter
[2.521s]    88 |     pwm_array [01;31m[Kpwm[m[K;
[2.522s]       |               [01;31m[K^~~[m[K
[2.522s] [01m[K/home/zenyn/Thrust-Control/src/thrust_control_supervisor.cpp:85:62:[m[K [01;36m[Knote: [m[Kâ€˜[01m[Kstd::array<int, 8> pwm[m[Kâ€™ previously declared here
[2.522s]    85 | void ThrustControlSupervisor::execute_pwm([01;36m[Kstd::array<int, 8> pwm[m[K)
[2.522s]       |                                           [01;36m[K~~~~~~~~~~~~~~~~~~~^~~[m[K
[2.522s] [01m[K/home/zenyn/Thrust-Control/src/thrust_control_supervisor.cpp:88:15:[m[K [01;31m[Kerror: [m[Kunused variable â€˜[01m[Kpwm[m[Kâ€™ [[01;31m[K]8;;https://gcc.gnu.org/onlinedocs/gcc/Warning-Options.html#index-Wunused-variable-Werror=unused-variable]8;;[m[K]
[2.522s]    88 |     pwm_array [01;31m[Kpwm[m[K;
[2.522s]       |               [01;31m[K^~~[m[K
[2.522s] [01m[K/home/zenyn/Thrust-Control/src/thrust_control_supervisor.cpp:85:62:[m[K [01;31m[Kerror: [m[Kunused parameter â€˜[01m[Kpwm[m[Kâ€™ [[01;31m[K]8;;https://gcc.gnu.org/onlinedocs/gcc/Warning-Options.html#index-Wunused-parameter-Werror=unused-parameter]8;;[m[K]
[2.522s]    85 | void ThrustControlSupervisor::execute_pwm([01;31m[Kstd::array<int, 8> pwm[m[K)
[2.522s]       |                                           [01;31m[K~~~~~~~~~~~~~~~~~~~^~~[m[K
[3.007s] cc1plus: all warnings being treated as errors
[3.023s] gmake[2]: *** [CMakeFiles/test_thrust_control_node.dir/build.make:104: CMakeFiles/test_thrust_control_node.dir/src/thrust_control_supervisor.cpp.o] Error 1
[3.024s] gmake[2]: *** Waiting for unfinished jobs....
[4.087s] [01m[K/home/zenyn/Thrust-Control/src/thrust_control_supervisor.cpp:[m[K In member function â€˜[01m[Kvoid thrust_control::ThrustControlSupervisor::[01;32m[Kfeed_forward_pwm[m[K()[m[Kâ€™:
[4.088s] [01m[K/home/zenyn/Thrust-Control/src/thrust_control_supervisor.cpp:49:33:[m[K [01;31m[Kerror: [m[Kcannot convert â€˜[01m[Kstd::array<int, 8>[m[Kâ€™ to â€˜[01m[Kpwm_array[m[Kâ€™
[4.088s]    49 |   _interpreter->untimed_execute([01;31m[K_manual_pwm[m[K);
[4.088s]       |                                 [01;31m[K^~~~~~~~~~~[m[K
[4.088s]       |                                 [01;31m[K|[m[K
[4.088s]       |                                 [01;31m[Kstd::array<int, 8>[m[K
[4.088s] In file included from [01m[K/home/zenyn/Thrust-Control/src/thrust_control_supervisor.hpp:9[m[K,
[4.088s]                  from [01m[K/home/zenyn/Thrust-Control/src/thrust_control_supervisor.cpp:1[m[K:
[4.088s] [01m[K/home/zenyn/Thrust-Control/src/../include/Command_Interpreter/src/Command_Interpreter.hpp:188:36:[m[K [01;36m[Knote: [m[K  initializing argument 1 of â€˜[01m[Kvoid Command_Interpreter_RPi5::[01;32m[Kuntimed_execute[m[K(pwm_array)[m[Kâ€™
[4.089s]   188 |     void untimed_execute([01;36m[Kpwm_array thrusterPwms[m[K);
[4.089s]       |                          [01;36m[K~~~~~~~~~~^~~~~~~~~~~~[m[K
[4.089s] [01m[K/home/zenyn/Thrust-Control/src/thrust_control_supervisor.cpp:[m[K In member function â€˜[01m[Kvoid thrust_control::ThrustControlSupervisor::[01;32m[Kexecute_pwm[m[K(std::array<int, 8>)[m[Kâ€™:
[4.089s] [01m[K/home/zenyn/Thrust-Control/src/thrust_control_supervisor.cpp:88:15:[m[K [01;31m[Kerror: [m[Kdeclaration of â€˜[01m[Kpwm_array pwm[m[Kâ€™ shadows a parameter
[4.090s]    88 |     pwm_array [01;31m[Kpwm[m[K;
[4.090s]       |               [01;31m[K^~~[m[K
[4.090s] [01m[K/home/zenyn/Thrust-Control/src/thrust_control_supervisor.cpp:85:62:[m[K [01;36m[Knote: [m[Kâ€˜[01m[Kstd::array<int, 8> pwm[m[Kâ€™ previously declared here
[4.090s]    85 | void ThrustControlSupervisor::execute_pwm([01;36m[Kstd::array<int, 8> pwm[m[K)
[4.090s]       |                                           [01;36m[K~~~~~~~~~~~~~~~~~~~^~~[m[K
[4.090s] [01m[K/home/zenyn/Thrust-Control/src/thrust_control_supervisor.cpp:88:15:[m[K [01;31m[Kerror: [m[Kunused variable â€˜[01m[Kpwm[m[Kâ€™ [[01;31m[K]8;;https://gcc.gnu.org/onlinedocs/gcc/Warning-Options.html#index-Wunused-variable-Werror=unused-variable]8;;[m[K]
[4.090s]    88 |     pwm_array [01;31m[Kpwm[m[K;
[4.090s]       |               [01;31m[K^~~[m[K
[4.090s] [01m[K/home/zenyn/Thrust-Control/src/thrust_control_supervisor.cpp:85:62:[m[K [01;31m[Kerror: [m[Kunused parameter â€˜[01m[Kpwm[m[Kâ€™ [[01;31m[K]8;;https://gcc.gnu.org/onlinedocs/gcc/Warning-Options.html#index-Wunused-parameter-Werror=unused-parameter]8;;[m[K]
[4.091s]    85 | void ThrustControlSupervisor::execute_pwm([01;31m[Kstd::array<int, 8> pwm[m[K)
[4.091s]       |                                           [01;31m[K~~~~~~~~~~~~~~~~~~~^~~[m[K
[4.167s] [01m[K/home/zenyn/Thrust-Control/src/thrust_control_supervisor.cpp:[m[K In member function â€˜[01m[Kvoid thrust_control::ThrustControlSupervisor::[01;32m[Kfeed_forward_pwm[m[K()[m[Kâ€™:
[4.167s] [01m[K/home/zenyn/Thrust-Control/src/thrust_control_supervisor.cpp:49:33:[m[K [01;31m[Kerror: [m[Kcannot convert â€˜[01m[Kstd::array<int, 8>[m[Kâ€™ to â€˜[01m[Kpwm_array[m[Kâ€™
[4.167s]    49 |   _interpreter->untimed_execute([01;31m[K_manual_pwm[m[K);
[4.167s]       |                                 [01;31m[K^~~~~~~~~~~[m[K
[4.167s]       |                                 [01;31m[K|[m[K
[4.168s]       |                                 [01;31m[Kstd::array<int, 8>[m[K
[4.168s] In file included from [01m[K/home/zenyn/Thrust-Control/src/thrust_control_supervisor.hpp:9[m[K,
[4.168s]                  from [01m[K/home/zenyn/Thrust-Control/src/thrust_control_supervisor.cpp:1[m[K:
[4.168s] [01m[K/home/zenyn/Thrust-Control/src/../include/Command_Interpreter/src/Command_Interpreter.hpp:188:36:[m[K [01;36m[Knote: [m[K  initializing argument 1 of â€˜[01m[Kvoid Command_Interpreter_RPi5::[01;32m[Kuntimed_execute[m[K(pwm_array)[m[Kâ€™
[4.169s]   188 |     void untimed_execute([01;36m[Kpwm_array thrusterPwms[m[K);
[4.169s]       |                          [01;36m[K~~~~~~~~~~^~~~~~~~~~~~[m[K
[4.169s] [01m[K/home/zenyn/Thrust-Control/src/thrust_control_supervisor.cpp:[m[K In member function â€˜[01m[Kvoid thrust_control::ThrustControlSupervisor::[01;32m[Kexecute_pwm[m[K(std::array<int, 8>)[m[Kâ€™:
[4.169s] [01m[K/home/zenyn/Thrust-Control/src/thrust_control_supervisor.cpp:88:15:[m[K [01;31m[Kerror: [m[Kdeclaration of â€˜[01m[Kpwm_array pwm[m[Kâ€™ shadows a parameter
[4.169s]    88 |     pwm_array [01;31m[Kpwm[m[K;
[4.169s]       |               [01;31m[K^~~[m[K
[4.169s] [01m[K/home/zenyn/Thrust-Control/src/thrust_control_supervisor.cpp:85:62:[m[K [01;36m[Knote: [m[Kâ€˜[01m[Kstd::array<int, 8> pwm[m[Kâ€™ previously declared here
[4.170s]    85 | void ThrustControlSupervisor::execute_pwm([01;36m[Kstd::array<int, 8> pwm[m[K)
[4.170s]       |                                           [01;36m[K~~~~~~~~~~~~~~~~~~~^~~[m[K
[4.170s] [01m[K/home/zenyn/Thrust-Control/src/thrust_control_supervisor.cpp:88:15:[m[K [01;31m[Kerror: [m[Kunused variable â€˜[01m[Kpwm[m[Kâ€™ [[01;31m[K]8;;https://gcc.gnu.org/onlinedocs/gcc/Warning-Options.html#index-Wunused-variable-Werror=unused-variable]8;;[m[K]
[4.170s]    88 |     pwm_array [01;31m[Kpwm[m[K;
[4.170s]       |               [01;31m[K^~~[m[K
[4.170s] [01m[K/home/zenyn/Thrust-Control/src/thrust_control_supervisor.cpp:85:62:[m[K [01;31m[Kerror: [m[Kunused parameter â€˜[01m[Kpwm[m[Kâ€™ [[01;31m[K]8;;https://gcc.gnu.org/onlinedocs/gcc/Warning-Options.html#index-Wunused-parameter-Werror=unused-parameter]8;;[m[K]
[4.170s]    85 | void ThrustControlSupervisor::execute_pwm([01;31m[Kstd::array<int, 8> pwm[m[K)
[4.171s]       |                                           [01;31m[K~~~~~~~~~~~~~~~~~~~^~~[m[K
[5.041s] cc1plus: all warnings being treated as errors
[5.064s] gmake[2]: *** [CMakeFiles/thrust_control.dir/build.make:104: CMakeFiles/thrust_control.dir/src/thrust_control_supervisor.cpp.o] Error 1
[5.064s] gmake[2]: *** Waiting for unfinished jobs....
[5.164s] cc1plus: all warnings being treated as errors
[5.186s] gmake[2]: *** [CMakeFiles/test_thrust_control_supervisor.dir/build.make:104: CMakeFiles/test_thrust_control_supervisor.dir/src/thrust_control_supervisor.cpp.o] Error 1
[5.187s] gmake[1]: *** [CMakeFiles/Makefile2:324: CMakeFiles/test_thrust_control_supervisor.dir/all] Error 2
[5.187s] gmake[1]: *** Waiting for unfinished jobs....
[7.124s] gmake[1]: *** [CMakeFiles/Makefile2:266: CMakeFiles/thrust_control.dir/all] Error 2
[8.440s] gmake[1]: *** [CMakeFiles/Makefile2:295: CMakeFiles/test_thrust_control_node.dir/all] Error 2
[8.440s] gmake: *** [Makefile:146: all] Error 2
[8.444s] Invoked command in '/home/zenyn/Thrust-Control/build/thrust_control' returned '2': CMAKE_PREFIX_PATH=${CMAKE_PREFIX_PATH}:/opt/ros/jazzy /usr/bin/cmake --build /home/zenyn/Thrust-Control/build/thrust_control -- -j12 -l12
