[0.008s] Invoking command in '/home/zenyn/Thrust-Control/build/thrust_control': CMAKE_PREFIX_PATH=${CMAKE_PREFIX_PATH}:/opt/ros/jazzy /usr/bin/cmake /home/zenyn/Thrust-Control -DBUILD_TESTING=ON -DCMAKE_INSTALL_PREFIX=/home/zenyn/Thrust-Control/install/thrust_control
[0.127s] -- Project setup complete
[0.127s] -- Run 'make' to build the project
[0.128s] -- Run 'ctest' to execute the tests
[0.128s] -- Found ament_cmake: 2.5.3 (/opt/ros/jazzy/share/ament_cmake/cmake)
[0.333s] -- Found rclcpp: 28.1.8 (/opt/ros/jazzy/share/rclcpp/cmake)
[0.352s] -- Found rosidl_generator_c: 4.6.5 (/opt/ros/jazzy/share/rosidl_generator_c/cmake)
[0.359s] -- Found rosidl_generator_cpp: 4.6.5 (/opt/ros/jazzy/share/rosidl_generator_cpp/cmake)
[0.366s] -- Using all available rosidl_typesupport_c: rosidl_typesupport_fastrtps_c;rosidl_typesupport_introspection_c
[0.375s] -- Using all available rosidl_typesupport_cpp: rosidl_typesupport_fastrtps_cpp;rosidl_typesupport_introspection_cpp
[0.423s] -- Found rmw_implementation_cmake: 7.3.2 (/opt/ros/jazzy/share/rmw_implementation_cmake/cmake)
[0.424s] -- Found rmw_fastrtps_cpp: 8.4.2 (/opt/ros/jazzy/share/rmw_fastrtps_cpp/cmake)
[0.482s] -- Using RMW implementation 'rmw_fastrtps_cpp' as default
[0.529s] -- Found std_msgs: 5.3.6 (/opt/ros/jazzy/share/std_msgs/cmake)
[0.539s] -- Found ament_lint_auto: 0.17.2 (/opt/ros/jazzy/share/ament_lint_auto/cmake)
[0.625s] -- Added test 'copyright' to check source files copyright and LICENSE
[0.682s] -- Added test 'cppcheck' to perform static code analysis on C / C++ code
[0.682s] -- Configured cppcheck include dirs: /home/zenyn/Thrust-Control/src
[0.682s] -- Configured cppcheck exclude dirs and/or files: 
[0.738s] -- Added test 'cpplint' to check C / C++ code against the Google style
[0.738s] -- Configured cpplint exclude dirs and/or files: 
[0.746s] -- Added test 'flake8' to check Python code syntax and style conventions
[0.746s] -- Configured 'flake8' exclude dirs and/or files: 
[0.760s] -- Added test 'lint_cmake' to check CMake code style
[0.768s] -- Added test 'pep257' to check Python code against some of the docstring style conventions in PEP 257
[0.825s] -- Added test 'uncrustify' to check C / C++ code style
[0.826s] -- Configured uncrustify additional arguments: 
[0.833s] -- Added test 'xmllint' to check XML markup files
[0.834s] -- Configuring done (0.8s)
[0.856s] -- Generating done (0.0s)
[0.862s] -- Build files have been written to: /home/zenyn/Thrust-Control/build/thrust_control
[0.869s] Invoked command in '/home/zenyn/Thrust-Control/build/thrust_control' returned '0': CMAKE_PREFIX_PATH=${CMAKE_PREFIX_PATH}:/opt/ros/jazzy /usr/bin/cmake /home/zenyn/Thrust-Control -DBUILD_TESTING=ON -DCMAKE_INSTALL_PREFIX=/home/zenyn/Thrust-Control/install/thrust_control
[0.870s] Invoking command in '/home/zenyn/Thrust-Control/build/thrust_control': CMAKE_PREFIX_PATH=${CMAKE_PREFIX_PATH}:/opt/ros/jazzy /usr/bin/cmake --build /home/zenyn/Thrust-Control/build/thrust_control -- -j12 -l12
[0.928s] [  2%] [32mBuilding CXX object include/exported-PID-control/test/CMakeFiles/controller_lib.dir/__/src/controller_codegenTest_data.cpp.o[0m
[0.930s] [  5%] [32mBuilding CXX object include/exported-PID-control/test/CMakeFiles/controller_lib.dir/__/src/controller_codegenTest.cpp.o[0m
[0.933s] [  7%] [32mBuilding CXX object include/exported-PID-control/src/CMakeFiles/controller_codegenTest.dir/controller_codegenTest.cpp.o[0m
[0.939s] [ 10%] [32mBuilding CXX object include/Command_Interpreter/CMakeFiles/PropulsionFunctions.dir/src/Serial.cpp.o[0m
[0.940s] [ 20%] [32mBuilding CXX object include/exported-PID-control/src/CMakeFiles/controller_codegenTest.dir/controller_codegenTest_data.cpp.o[0m
[0.940s] [ 20%] [32mBuilding CXX object _deps/googletest-build/googletest/CMakeFiles/gtest.dir/src/gtest-all.cc.o[0m
[0.940s] [ 20%] [32mBuilding CXX object include/Command_Interpreter/CMakeFiles/PropulsionFunctions.dir/src/Command_Interpreter.cpp.o[0m
[0.940s] [ 23%] [32mBuilding CXX object include/exported-PID-control/src/CMakeFiles/controller_codegenTest.dir/ert_main.cpp.o[0m
[0.940s] [ 23%] [32mBuilding CXX object include/Command_Interpreter/CMakeFiles/PropulsionFunctions.dir/src/Wiring.cpp.o[0m
[1.025s] [ 25%] [32m[1mLinking CXX static library libcontroller_lib.a[0m
[1.067s] [ 25%] Built target controller_lib
[1.071s] [ 28%] [32m[1mLinking CXX executable ../../../controller_codegenTest[0m
[1.156s] [36m### Created executable: /home/zenyn/Thrust-Control/build/thrust_control/controller_codegenTest[0m
[1.169s] [ 28%] Built target controller_codegenTest
[1.596s] [ 30%] [32m[1mLinking CXX static library libPropulsionFunctions.a[0m
[1.639s] [ 30%] Built target PropulsionFunctions
[1.664s] [ 38%] [32mBuilding CXX object CMakeFiles/thrust_control.dir/src/thrust_control_node.cpp.o[0m
[1.664s] [ 38%] [32mBuilding CXX object CMakeFiles/thrust_control.dir/src/thrust_control_supervisor.cpp.o[0m
[1.664s] [ 38%] [32mBuilding CXX object CMakeFiles/thrust_control.dir/src/main.cpp.o[0m
[1.805s] In file included from [01m[K/home/zenyn/Thrust-Control/src/thrust_control_node.hpp:13[m[K,
[1.805s]                  from [01m[K/home/zenyn/Thrust-Control/src/thrust_control_node.cpp:1[m[K:
[1.805s] [01m[K/home/zenyn/Thrust-Control/src/thrust_control_supervisor.hpp:9:10:[m[K [01;31m[Kfatal error: [m[KCommand_Interpreter/src/Command_Interpreter.hpp: No such file or directory
[1.805s]     9 | #include [01;31m[K"Command_Interpreter/src/Command_Interpreter.hpp"[m[K
[1.805s]       |          [01;31m[K^~~~~~~~~~~~~~~~~~~~~~~~~~~~~~~~~~~~~~~~~~~~~~~~~[m[K
[1.805s] compilation terminated.
[1.809s] gmake[2]: *** [CMakeFiles/thrust_control.dir/build.make:90: CMakeFiles/thrust_control.dir/src/thrust_control_node.cpp.o] Error 1
[1.809s] gmake[2]: *** Waiting for unfinished jobs....
[1.880s] In file included from [01m[K/home/zenyn/Thrust-Control/src/thrust_control_node.hpp:13[m[K,
[1.880s]                  from [01m[K/home/zenyn/Thrust-Control/src/main.cpp:1[m[K:
[1.880s] [01m[K/home/zenyn/Thrust-Control/src/thrust_control_supervisor.hpp:9:10:[m[K [01;31m[Kfatal error: [m[KCommand_Interpreter/src/Command_Interpreter.hpp: No such file or directory
[1.880s]     9 | #include [01;31m[K"Command_Interpreter/src/Command_Interpreter.hpp"[m[K
[1.880s]       |          [01;31m[K^~~~~~~~~~~~~~~~~~~~~~~~~~~~~~~~~~~~~~~~~~~~~~~~~[m[K
[1.880s] compilation terminated.
[1.882s] gmake[2]: *** [CMakeFiles/thrust_control.dir/build.make:76: CMakeFiles/thrust_control.dir/src/main.cpp.o] Error 1
[1.908s] In file included from [01m[K/home/zenyn/Thrust-Control/src/thrust_control_supervisor.cpp:1[m[K:
[1.908s] [01m[K/home/zenyn/Thrust-Control/src/thrust_control_supervisor.hpp:9:10:[m[K [01;31m[Kfatal error: [m[KCommand_Interpreter/src/Command_Interpreter.hpp: No such file or directory
[1.908s]     9 | #include [01;31m[K"Command_Interpreter/src/Command_Interpreter.hpp"[m[K
[1.908s]       |          [01;31m[K^~~~~~~~~~~~~~~~~~~~~~~~~~~~~~~~~~~~~~~~~~~~~~~~~[m[K
[1.908s] compilation terminated.
[1.911s] gmake[2]: *** [CMakeFiles/thrust_control.dir/build.make:104: CMakeFiles/thrust_control.dir/src/thrust_control_supervisor.cpp.o] Error 1
[1.911s] gmake[1]: *** [CMakeFiles/Makefile2:266: CMakeFiles/thrust_control.dir/all] Error 2
[1.911s] gmake[1]: *** Waiting for unfinished jobs....
[3.509s] [ 41%] [32m[1mLinking CXX static library ../../../lib/libgtest.a[0m
[3.578s] [ 41%] Built target gtest
[3.579s] gmake: *** [Makefile:146: all] Error 2
[3.582s] Invoked command in '/home/zenyn/Thrust-Control/build/thrust_control' returned '2': CMAKE_PREFIX_PATH=${CMAKE_PREFIX_PATH}:/opt/ros/jazzy /usr/bin/cmake --build /home/zenyn/Thrust-Control/build/thrust_control -- -j12 -l12
