-- Project setup complete
-- Run 'make' to build the project
-- Run 'ctest' to execute the tests
-- Found ament_cmake: 2.5.3 (/opt/ros/jazzy/share/ament_cmake/cmake)
-- Found rclcpp: 28.1.8 (/opt/ros/jazzy/share/rclcpp/cmake)
-- Found rosidl_generator_c: 4.6.5 (/opt/ros/jazzy/share/rosidl_generator_c/cmake)
-- Found rosidl_generator_cpp: 4.6.5 (/opt/ros/jazzy/share/rosidl_generator_cpp/cmake)
-- Using all available rosidl_typesupport_c: rosidl_typesupport_fastrtps_c;rosidl_typesupport_introspection_c
-- Using all available rosidl_typesupport_cpp: rosidl_typesupport_fastrtps_cpp;rosidl_typesupport_introspection_cpp
-- Found rmw_implementation_cmake: 7.3.2 (/opt/ros/jazzy/share/rmw_implementation_cmake/cmake)
-- Found rmw_fastrtps_cpp: 8.4.2 (/opt/ros/jazzy/share/rmw_fastrtps_cpp/cmake)
-- Using RMW implementation 'rmw_fastrtps_cpp' as default
-- Found std_msgs: 5.3.6 (/opt/ros/jazzy/share/std_msgs/cmake)
-- Found ament_lint_auto: 0.17.2 (/opt/ros/jazzy/share/ament_lint_auto/cmake)
-- Added test 'copyright' to check source files copyright and LICENSE
-- Added test 'cppcheck' to perform static code analysis on C / C++ code
-- Configured cppcheck include dirs: /home/zenyn/Thrust-Control/src;/home/zenyn/Thrust-Control/include;/home/zenyn/Thrust-Control/include/Command_Interpreter;/home/zenyn/Thrust-Control/include/exported-PID-control;/home/zenyn/Thrust-Control/include/exported-PID-control/src
-- Configured cppcheck exclude dirs and/or files: 
-- Added test 'cpplint' to check C / C++ code against the Google style
-- Configured cpplint exclude dirs and/or files: 
-- Added test 'flake8' to check Python code syntax and style conventions
-- Configured 'flake8' exclude dirs and/or files: 
-- Added test 'lint_cmake' to check CMake code style
-- Added test 'pep257' to check Python code against some of the docstring style conventions in PEP 257
-- Added test 'uncrustify' to check C / C++ code style
-- Configured uncrustify additional arguments: 
-- Added test 'xmllint' to check XML markup files
-- Configuring done (1.0s)
-- Generating done (0.0s)
-- Build files have been written to: /home/zenyn/Thrust-Control/build/thrust_control
[  6%] Built target controller_lib
[ 11%] Built target gtest
[ 20%] Built target PropulsionFunctions
[ 27%] Built target controller_test_lib
[ 37%] Built target gtest_main
[ 37%] Built target controller_test
[ 41%] Built target gmock
[ 46%] Built target gmock_main
[ 48%] [32mBuilding CXX object CMakeFiles/thrust_control.dir/src/command_queue.cpp.o[0m
[ 51%] [32mBuilding CXX object CMakeFiles/thrust_control.dir/src/supervisor_command.cpp.o[0m
[ 62%] Built target propulsion_test
[ 65%] [32mBuilding CXX object CMakeFiles/test_thrust_control_node.dir/src/supervisor_command.cpp.o[0m
[ 67%] [32mBuilding CXX object CMakeFiles/test_thrust_control_supervisor.dir/src/supervisor_command.cpp.o[0m
[ 69%] [32m[1mLinking CXX executable test_thrust_control_supervisor[0m
[ 72%] [32m[1mLinking CXX executable test_thrust_control_node[0m
[ 81%] Built target test_thrust_control_supervisor
[ 83%] [32m[1mLinking CXX executable thrust_control[0m
/usr/bin/ld: CMakeFiles/test_thrust_control_node.dir/tests/test_thrust_control_node.cpp.o: in function `void std::_Construct<thrust_control::ThrustControlNode, std::unique_ptr<Command_Interpreter_RPi5, std::default_delete<Command_Interpreter_RPi5> > >(thrust_control::ThrustControlNode*, std::unique_ptr<Command_Interpreter_RPi5, std::default_delete<Command_Interpreter_RPi5> >&&)':
test_thrust_control_node.cpp:(.text._ZSt10_ConstructIN14thrust_control17ThrustControlNodeEJSt10unique_ptrI24Command_Interpreter_RPi5St14default_deleteIS3_EEEEvPT_DpOT0_[_ZSt10_ConstructIN14thrust_control17ThrustControlNodeEJSt10unique_ptrI24Command_Interpreter_RPi5St14default_deleteIS3_EEEEvPT_DpOT0_]+0x6d): undefined reference to `thrust_control::ThrustControlNode::ThrustControlNode(std::unique_ptr<Command_Interpreter_RPi5, std::default_delete<Command_Interpreter_RPi5> >)'
collect2: error: ld returned 1 exit status
gmake[2]: *** [CMakeFiles/test_thrust_control_node.dir/build.make:240: test_thrust_control_node] Error 1
gmake[1]: *** [CMakeFiles/Makefile2:296: CMakeFiles/test_thrust_control_node.dir/all] Error 2
gmake[1]: *** Waiting for unfinished jobs....
[ 90%] Built target thrust_control
gmake: *** [Makefile:146: all] Error 2
