[0.013s] Invoking command in '/home/zenyn/Thrust-Control/build/thrust_control': CMAKE_PREFIX_PATH=${CMAKE_PREFIX_PATH}:/opt/ros/jazzy /usr/bin/cmake --build /home/zenyn/Thrust-Control/build/thrust_control -- -j12 -l12
[0.166s] -- Project setup complete
[0.166s] -- Run 'make' to build the project
[0.166s] -- Run 'ctest' to execute the tests
[0.166s] -- Found ament_cmake: 2.5.3 (/opt/ros/jazzy/share/ament_cmake/cmake)
[0.387s] -- Found rclcpp: 28.1.8 (/opt/ros/jazzy/share/rclcpp/cmake)
[0.408s] -- Found rosidl_generator_c: 4.6.5 (/opt/ros/jazzy/share/rosidl_generator_c/cmake)
[0.414s] -- Found rosidl_generator_cpp: 4.6.5 (/opt/ros/jazzy/share/rosidl_generator_cpp/cmake)
[0.423s] -- Using all available rosidl_typesupport_c: rosidl_typesupport_fastrtps_c;rosidl_typesupport_introspection_c
[0.433s] -- Using all available rosidl_typesupport_cpp: rosidl_typesupport_fastrtps_cpp;rosidl_typesupport_introspection_cpp
[0.480s] -- Found rmw_implementation_cmake: 7.3.2 (/opt/ros/jazzy/share/rmw_implementation_cmake/cmake)
[0.481s] -- Found rmw_fastrtps_cpp: 8.4.2 (/opt/ros/jazzy/share/rmw_fastrtps_cpp/cmake)
[0.580s] -- Using RMW implementation 'rmw_fastrtps_cpp' as default
[0.634s] -- Found std_msgs: 5.3.6 (/opt/ros/jazzy/share/std_msgs/cmake)
[0.645s] -- Found ament_lint_auto: 0.17.2 (/opt/ros/jazzy/share/ament_lint_auto/cmake)
[0.751s] -- Added test 'copyright' to check source files copyright and LICENSE
[0.835s] -- Added test 'cppcheck' to perform static code analysis on C / C++ code
[0.835s] -- Configured cppcheck include dirs: /home/zenyn/Thrust-Control/src;/home/zenyn/Thrust-Control/include;/home/zenyn/Thrust-Control/include/Command_Interpreter;/home/zenyn/Thrust-Control/include/exported-PID-control;/home/zenyn/Thrust-Control/include/exported-PID-control/src
[0.836s] -- Configured cppcheck exclude dirs and/or files: 
[0.917s] -- Added test 'cpplint' to check C / C++ code against the Google style
[0.917s] -- Configured cpplint exclude dirs and/or files: 
[0.928s] -- Added test 'flake8' to check Python code syntax and style conventions
[0.928s] -- Configured 'flake8' exclude dirs and/or files: 
[0.948s] -- Added test 'lint_cmake' to check CMake code style
[0.959s] -- Added test 'pep257' to check Python code against some of the docstring style conventions in PEP 257
[1.045s] -- Added test 'uncrustify' to check C / C++ code style
[1.046s] -- Configured uncrustify additional arguments: 
[1.057s] -- Added test 'xmllint' to check XML markup files
[1.059s] -- Configuring done (1.0s)
[1.093s] -- Generating done (0.0s)
[1.100s] -- Build files have been written to: /home/zenyn/Thrust-Control/build/thrust_control
[1.149s] [  6%] Built target controller_lib
[1.150s] [ 11%] Built target gtest
[1.151s] [ 20%] Built target PropulsionFunctions
[1.156s] [ 27%] Built target controller_test_lib
[1.178s] [ 37%] Built target gtest_main
[1.178s] [ 37%] Built target controller_test
[1.186s] [ 41%] Built target gmock
[1.212s] [ 46%] Built target gmock_main
[1.213s] [ 48%] [32mBuilding CXX object CMakeFiles/thrust_control.dir/src/command_queue.cpp.o[0m
[1.220s] [ 51%] [32mBuilding CXX object CMakeFiles/thrust_control.dir/src/supervisor_command.cpp.o[0m
[1.223s] [ 62%] Built target propulsion_test
[1.223s] [ 65%] [32mBuilding CXX object CMakeFiles/test_thrust_control_node.dir/src/supervisor_command.cpp.o[0m
[1.233s] [ 67%] [32mBuilding CXX object CMakeFiles/test_thrust_control_supervisor.dir/src/supervisor_command.cpp.o[0m
[1.465s] [ 69%] [32m[1mLinking CXX executable test_thrust_control_supervisor[0m
[1.534s] [ 72%] [32m[1mLinking CXX executable test_thrust_control_node[0m
[1.653s] [ 81%] Built target test_thrust_control_supervisor
[1.724s] [ 83%] [32m[1mLinking CXX executable thrust_control[0m
[1.734s] /usr/bin/ld: CMakeFiles/test_thrust_control_node.dir/tests/test_thrust_control_node.cpp.o: in function `void std::_Construct<thrust_control::ThrustControlNode, std::unique_ptr<Command_Interpreter_RPi5, std::default_delete<Command_Interpreter_RPi5> > >(thrust_control::ThrustControlNode*, std::unique_ptr<Command_Interpreter_RPi5, std::default_delete<Command_Interpreter_RPi5> >&&)':
[1.735s] test_thrust_control_node.cpp:(.text._ZSt10_ConstructIN14thrust_control17ThrustControlNodeEJSt10unique_ptrI24Command_Interpreter_RPi5St14default_deleteIS3_EEEEvPT_DpOT0_[_ZSt10_ConstructIN14thrust_control17ThrustControlNodeEJSt10unique_ptrI24Command_Interpreter_RPi5St14default_deleteIS3_EEEEvPT_DpOT0_]+0x6d): undefined reference to `thrust_control::ThrustControlNode::ThrustControlNode(std::unique_ptr<Command_Interpreter_RPi5, std::default_delete<Command_Interpreter_RPi5> >)'
[1.768s] collect2: error: ld returned 1 exit status
[1.770s] gmake[2]: *** [CMakeFiles/test_thrust_control_node.dir/build.make:240: test_thrust_control_node] Error 1
[1.770s] gmake[1]: *** [CMakeFiles/Makefile2:296: CMakeFiles/test_thrust_control_node.dir/all] Error 2
[1.770s] gmake[1]: *** Waiting for unfinished jobs....
[2.006s] [ 90%] Built target thrust_control
[2.008s] gmake: *** [Makefile:146: all] Error 2
[2.012s] Invoked command in '/home/zenyn/Thrust-Control/build/thrust_control' returned '2': CMAKE_PREFIX_PATH=${CMAKE_PREFIX_PATH}:/opt/ros/jazzy /usr/bin/cmake --build /home/zenyn/Thrust-Control/build/thrust_control -- -j12 -l12
