[0.006s] Invoking command in '/home/zenyn/Thrust-Control/build/thrust_control': CMAKE_PREFIX_PATH=${CMAKE_PREFIX_PATH}:/opt/ros/jazzy /usr/bin/cmake --build /home/zenyn/Thrust-Control/build/thrust_control -- -j12 -l12
[0.071s] [ 20%] Built target controller_codegenTest
[0.071s] [ 20%] Built target PropulsionFunctions
[0.073s] [ 25%] Built target gtest
[0.073s] [ 33%] Built target controller_lib
[0.097s] [ 38%] Built target gmock
[0.098s] [ 43%] Built target gtest_main
[0.098s] [ 48%] Built target controller_test
[0.123s] [ 51%] [32mBuilding CXX object CMakeFiles/thrust_control.dir/src/thrust_control_supervisor.cpp.o[0m
[0.125s] [ 56%] Built target gmock_main
[0.128s] [ 58%] [32mBuilding CXX object CMakeFiles/test_thrust_control_supervisor.dir/tests/test_thrust_control_supervisor.cpp.o[0m
[0.135s] [ 61%] [32mBuilding CXX object CMakeFiles/test_thrust_control_supervisor.dir/src/thrust_control_supervisor.cpp.o[0m
[0.139s] [ 74%] Built target propulsion_test
[0.143s] [ 76%] [32mBuilding CXX object CMakeFiles/test_thrust_control_node.dir/tests/test_thrust_control_node.cpp.o[0m
[0.148s] [ 79%] [32mBuilding CXX object CMakeFiles/test_thrust_control_node.dir/src/thrust_control_supervisor.cpp.o[0m
[0.303s] [01m[K/home/zenyn/Thrust-Control/tests/test_thrust_control_node.cpp:7:10:[m[K [01;31m[Kfatal error: [m[K../include/Command_Interpreter/src/Command_Interpreter.h: No such file or directory
[0.303s]     7 | #include [01;31m[K"../include/Command_Interpreter/src/Command_Interpreter.h"[m[K
[0.303s]       |          [01;31m[K^~~~~~~~~~~~~~~~~~~~~~~~~~~~~~~~~~~~~~~~~~~~~~~~~~~~~~~~~~[m[K
[0.303s] compilation terminated.
[0.308s] gmake[2]: *** [CMakeFiles/test_thrust_control_node.dir/build.make:76: CMakeFiles/test_thrust_control_node.dir/tests/test_thrust_control_node.cpp.o] Error 1
[0.308s] gmake[2]: *** Waiting for unfinished jobs....
[0.443s] [01m[K/home/zenyn/Thrust-Control/tests/test_thrust_control_supervisor.cpp:5:10:[m[K [01;31m[Kfatal error: [m[K../include/Command_Interpreter/src/Command_Interpreter.h: No such file or directory
[0.443s]     5 | #include [01;31m[K"../include/Command_Interpreter/src/Command_Interpreter.h"[m[K
[0.443s]       |          [01;31m[K^~~~~~~~~~~~~~~~~~~~~~~~~~~~~~~~~~~~~~~~~~~~~~~~~~~~~~~~~~[m[K
[0.443s] compilation terminated.
[0.447s] gmake[2]: *** [CMakeFiles/test_thrust_control_supervisor.dir/build.make:76: CMakeFiles/test_thrust_control_supervisor.dir/tests/test_thrust_control_supervisor.cpp.o] Error 1
[0.447s] gmake[2]: *** Waiting for unfinished jobs....
[1.655s] [01m[K/home/zenyn/Thrust-Control/src/thrust_control_supervisor.cpp:[m[K In member function â€˜[01m[Kvoid thrust_control::ThrustControlSupervisor::[01;32m[Kfeed_forward_pwm[m[K()[m[Kâ€™:
[1.655s] [01m[K/home/zenyn/Thrust-Control/src/thrust_control_supervisor.cpp:49:33:[m[K [01;31m[Kerror: [m[Kcannot convert â€˜[01m[Kstd::array<int, 8>[m[Kâ€™ to â€˜[01m[Kpwm_array[m[Kâ€™
[1.656s]    49 |   _interpreter->untimed_execute([01;31m[K_manual_pwm[m[K);
[1.656s]       |                                 [01;31m[K^~~~~~~~~~~[m[K
[1.656s]       |                                 [01;31m[K|[m[K
[1.656s]       |                                 [01;31m[Kstd::array<int, 8>[m[K
[1.656s] In file included from [01m[K/home/zenyn/Thrust-Control/src/thrust_control_supervisor.hpp:9[m[K,
[1.656s]                  from [01m[K/home/zenyn/Thrust-Control/src/thrust_control_supervisor.cpp:1[m[K:
[1.656s] [01m[K/home/zenyn/Thrust-Control/src/../include/Command_Interpreter/src/Command_Interpreter.hpp:188:36:[m[K [01;36m[Knote: [m[K  initializing argument 1 of â€˜[01m[Kvoid Command_Interpreter_RPi5::[01;32m[Kuntimed_execute[m[K(pwm_array)[m[Kâ€™
[1.656s]   188 |     void untimed_execute([01;36m[Kpwm_array thrusterPwms[m[K);
[1.656s]       |                          [01;36m[K~~~~~~~~~~^~~~~~~~~~~~[m[K
[1.657s] [01m[K/home/zenyn/Thrust-Control/src/thrust_control_supervisor.cpp:[m[K In member function â€˜[01m[Kvoid thrust_control::ThrustControlSupervisor::[01;32m[Kexecute_pwm[m[K(std::array<int, 8>)[m[Kâ€™:
[1.657s] [01m[K/home/zenyn/Thrust-Control/src/thrust_control_supervisor.cpp:87:35:[m[K [01;31m[Kerror: [m[Kcannot convert â€˜[01m[Kstd::array<int, 8>[m[Kâ€™ to â€˜[01m[Kpwm_array[m[Kâ€™
[1.657s]    87 |     _interpreter->untimed_execute([01;31m[Kpwm[m[K);
[1.657s]       |                                   [01;31m[K^~~[m[K
[1.657s]       |                                   [01;31m[K|[m[K
[1.657s]       |                                   [01;31m[Kstd::array<int, 8>[m[K
[1.657s] [01m[K/home/zenyn/Thrust-Control/src/../include/Command_Interpreter/src/Command_Interpreter.hpp:188:36:[m[K [01;36m[Knote: [m[K  initializing argument 1 of â€˜[01m[Kvoid Command_Interpreter_RPi5::[01;32m[Kuntimed_execute[m[K(pwm_array)[m[Kâ€™
[1.657s]   188 |     void untimed_execute([01;36m[Kpwm_array thrusterPwms[m[K);
[1.658s]       |                          [01;36m[K~~~~~~~~~~^~~~~~~~~~~~[m[K
[1.761s] [01m[K/home/zenyn/Thrust-Control/src/thrust_control_supervisor.cpp:[m[K In member function â€˜[01m[Kvoid thrust_control::ThrustControlSupervisor::[01;32m[Kfeed_forward_pwm[m[K()[m[Kâ€™:
[1.761s] [01m[K/home/zenyn/Thrust-Control/src/thrust_control_supervisor.cpp:49:33:[m[K [01;31m[Kerror: [m[Kcannot convert â€˜[01m[Kstd::array<int, 8>[m[Kâ€™ to â€˜[01m[Kpwm_array[m[Kâ€™
[1.762s]    49 |   _interpreter->untimed_execute([01;31m[K_manual_pwm[m[K);
[1.762s]       |                                 [01;31m[K^~~~~~~~~~~[m[K
[1.762s]       |                                 [01;31m[K|[m[K
[1.762s]       |                                 [01;31m[Kstd::array<int, 8>[m[K
[1.762s] In file included from [01m[K/home/zenyn/Thrust-Control/src/thrust_control_supervisor.hpp:9[m[K,
[1.762s]                  from [01m[K/home/zenyn/Thrust-Control/src/thrust_control_supervisor.cpp:1[m[K:
[1.762s] [01m[K/home/zenyn/Thrust-Control/src/../include/Command_Interpreter/src/Command_Interpreter.hpp:188:36:[m[K [01;36m[Knote: [m[K  initializing argument 1 of â€˜[01m[Kvoid Command_Interpreter_RPi5::[01;32m[Kuntimed_execute[m[K(pwm_array)[m[Kâ€™
[1.763s]   188 |     void untimed_execute([01;36m[Kpwm_array thrusterPwms[m[K);
[1.763s]       |                          [01;36m[K~~~~~~~~~~^~~~~~~~~~~~[m[K
[1.763s] [01m[K/home/zenyn/Thrust-Control/src/thrust_control_supervisor.cpp:[m[K In member function â€˜[01m[Kvoid thrust_control::ThrustControlSupervisor::[01;32m[Kexecute_pwm[m[K(std::array<int, 8>)[m[Kâ€™:
[1.763s] [01m[K/home/zenyn/Thrust-Control/src/thrust_control_supervisor.cpp:87:35:[m[K [01;31m[Kerror: [m[Kcannot convert â€˜[01m[Kstd::array<int, 8>[m[Kâ€™ to â€˜[01m[Kpwm_array[m[Kâ€™
[1.763s]    87 |     _interpreter->untimed_execute([01;31m[Kpwm[m[K);
[1.763s]       |                                   [01;31m[K^~~[m[K
[1.763s]       |                                   [01;31m[K|[m[K
[1.763s]       |                                   [01;31m[Kstd::array<int, 8>[m[K
[1.763s] [01m[K/home/zenyn/Thrust-Control/src/../include/Command_Interpreter/src/Command_Interpreter.hpp:188:36:[m[K [01;36m[Knote: [m[K  initializing argument 1 of â€˜[01m[Kvoid Command_Interpreter_RPi5::[01;32m[Kuntimed_execute[m[K(pwm_array)[m[Kâ€™
[1.763s]   188 |     void untimed_execute([01;36m[Kpwm_array thrusterPwms[m[K);
[1.764s]       |                          [01;36m[K~~~~~~~~~~^~~~~~~~~~~~[m[K
[2.098s] gmake[2]: *** [CMakeFiles/thrust_control.dir/build.make:104: CMakeFiles/thrust_control.dir/src/thrust_control_supervisor.cpp.o] Error 1
[2.099s] gmake[1]: *** [CMakeFiles/Makefile2:266: CMakeFiles/thrust_control.dir/all] Error 2
[2.099s] gmake[1]: *** Waiting for unfinished jobs....
[2.202s] gmake[2]: *** [CMakeFiles/test_thrust_control_node.dir/build.make:104: CMakeFiles/test_thrust_control_node.dir/src/thrust_control_supervisor.cpp.o] Error 1
[2.203s] gmake[1]: *** [CMakeFiles/Makefile2:295: CMakeFiles/test_thrust_control_node.dir/all] Error 2
[2.593s] [01m[K/home/zenyn/Thrust-Control/src/thrust_control_supervisor.cpp:[m[K In member function â€˜[01m[Kvoid thrust_control::ThrustControlSupervisor::[01;32m[Kfeed_forward_pwm[m[K()[m[Kâ€™:
[2.593s] [01m[K/home/zenyn/Thrust-Control/src/thrust_control_supervisor.cpp:49:33:[m[K [01;31m[Kerror: [m[Kcannot convert â€˜[01m[Kstd::array<int, 8>[m[Kâ€™ to â€˜[01m[Kpwm_array[m[Kâ€™
[2.593s]    49 |   _interpreter->untimed_execute([01;31m[K_manual_pwm[m[K);
[2.593s]       |                                 [01;31m[K^~~~~~~~~~~[m[K
[2.593s]       |                                 [01;31m[K|[m[K
[2.594s]       |                                 [01;31m[Kstd::array<int, 8>[m[K
[2.594s] In file included from [01m[K/home/zenyn/Thrust-Control/src/thrust_control_supervisor.hpp:9[m[K,
[2.594s]                  from [01m[K/home/zenyn/Thrust-Control/src/thrust_control_supervisor.cpp:1[m[K:
[2.594s] [01m[K/home/zenyn/Thrust-Control/src/../include/Command_Interpreter/src/Command_Interpreter.hpp:188:36:[m[K [01;36m[Knote: [m[K  initializing argument 1 of â€˜[01m[Kvoid Command_Interpreter_RPi5::[01;32m[Kuntimed_execute[m[K(pwm_array)[m[Kâ€™
[2.594s]   188 |     void untimed_execute([01;36m[Kpwm_array thrusterPwms[m[K);
[2.594s]       |                          [01;36m[K~~~~~~~~~~^~~~~~~~~~~~[m[K
[2.594s] [01m[K/home/zenyn/Thrust-Control/src/thrust_control_supervisor.cpp:[m[K In member function â€˜[01m[Kvoid thrust_control::ThrustControlSupervisor::[01;32m[Kexecute_pwm[m[K(std::array<int, 8>)[m[Kâ€™:
[2.594s] [01m[K/home/zenyn/Thrust-Control/src/thrust_control_supervisor.cpp:87:35:[m[K [01;31m[Kerror: [m[Kcannot convert â€˜[01m[Kstd::array<int, 8>[m[Kâ€™ to â€˜[01m[Kpwm_array[m[Kâ€™
[2.594s]    87 |     _interpreter->untimed_execute([01;31m[Kpwm[m[K);
[2.594s]       |                                   [01;31m[K^~~[m[K
[2.594s]       |                                   [01;31m[K|[m[K
[2.594s]       |                                   [01;31m[Kstd::array<int, 8>[m[K
[2.594s] [01m[K/home/zenyn/Thrust-Control/src/../include/Command_Interpreter/src/Command_Interpreter.hpp:188:36:[m[K [01;36m[Knote: [m[K  initializing argument 1 of â€˜[01m[Kvoid Command_Interpreter_RPi5::[01;32m[Kuntimed_execute[m[K(pwm_array)[m[Kâ€™
[2.594s]   188 |     void untimed_execute([01;36m[Kpwm_array thrusterPwms[m[K);
[2.594s]       |                          [01;36m[K~~~~~~~~~~^~~~~~~~~~~~[m[K
[3.010s] gmake[2]: *** [CMakeFiles/test_thrust_control_supervisor.dir/build.make:104: CMakeFiles/test_thrust_control_supervisor.dir/src/thrust_control_supervisor.cpp.o] Error 1
[3.010s] gmake[1]: *** [CMakeFiles/Makefile2:324: CMakeFiles/test_thrust_control_supervisor.dir/all] Error 2
[3.010s] gmake: *** [Makefile:146: all] Error 2
[3.013s] Invoked command in '/home/zenyn/Thrust-Control/build/thrust_control' returned '2': CMAKE_PREFIX_PATH=${CMAKE_PREFIX_PATH}:/opt/ros/jazzy /usr/bin/cmake --build /home/zenyn/Thrust-Control/build/thrust_control -- -j12 -l12
