In file included from [01m[K/usr/include/c++/13/memory:78[m[K,
                 from [01m[K/home/zenyn/Thrust-Control/src/supervisor_command.hpp:7[m[K,
                 from [01m[K/home/zenyn/Thrust-Control/src/command_queue.hpp:3[m[K,
                 from [01m[K/home/zenyn/Thrust-Control/src/command_queue.cpp:1[m[K:
/usr/include/c++/13/bits/unique_ptr.h: In instantiation of â€˜[01m[Kstd::__detail::__unique_ptr_t<_Tp> std::[01;32m[Kmake_unique[m[K(_Args&& ...) [35m[K[with _Tp = thrust_control::SupervisorCommand; _Args = {pwm_array, bool}; __detail::__unique_ptr_t<_Tp> = __detail::__unique_ptr_t<thrust_control::SupervisorCommand>][m[K[m[Kâ€™:
[01m[K/home/zenyn/Thrust-Control/src/command_queue.cpp:33:17:[m[K   required from here
[01m[K/usr/include/c++/13/bits/unique_ptr.h:1070:30:[m[K [01;31m[Kerror: [m[Kinvalid new-expression of abstract class type â€˜[01m[Kthrust_control::SupervisorCommand[m[Kâ€™
 1070 |     { return unique_ptr<_Tp>([01;31m[Knew _Tp(std::forward<_Args>(__args)...)[m[K); }
      |                              [01;31m[K^~~~~~~~~~~~~~~~~~~~~~~~~~~~~~~~~~~~~~~[m[K
[01m[K/home/zenyn/Thrust-Control/src/supervisor_command.hpp:14:7:[m[K [01;36m[Knote: [m[K  because the following virtual functions are pure within â€˜[01m[Kthrust_control::SupervisorCommand[m[Kâ€™:
   14 | class [01;36m[KSupervisorCommand[m[K {
      |       [01;36m[K^~~~~~~~~~~~~~~~~[m[K
[01m[K/home/zenyn/Thrust-Control/src/supervisor_command.hpp:19:18:[m[K [01;36m[Knote: [m[K    â€˜[01m[Kvirtual void thrust_control::SupervisorCommand::[01;32m[Kstart[m[K()[m[Kâ€™
   19 |     virtual void [01;36m[Kstart[m[K() = 0;
      |                  [01;36m[K^~~~~[m[K
[01m[K/home/zenyn/Thrust-Control/src/supervisor_command.hpp:20:18:[m[K [01;36m[Knote: [m[K    â€˜[01m[Kvirtual bool thrust_control::SupervisorCommand::[01;32m[KisFinished[m[K()[m[Kâ€™
   20 |     virtual bool [01;36m[KisFinished[m[K() = 0;
      |                  [01;36m[K^~~~~~~~~~[m[K
[01m[K/home/zenyn/Thrust-Control/src/supervisor_command.hpp:23:23:[m[K [01;36m[Knote: [m[K    â€˜[01m[Kvirtual pwm_array thrust_control::SupervisorCommand::[01;32m[KonExpirePwm[m[K()[m[Kâ€™
   23 |     virtual pwm_array [01;36m[KonExpirePwm[m[K() = 0;
      |                       [01;36m[K^~~~~~~~~~~[m[K
gmake[2]: *** [CMakeFiles/test_thrust_control_supervisor.dir/build.make:118: CMakeFiles/test_thrust_control_supervisor.dir/src/command_queue.cpp.o] Error 1
gmake[2]: *** Waiting for unfinished jobs....
In file included from [01m[K/usr/include/c++/13/memory:78[m[K,
                 from [01m[K/home/zenyn/Thrust-Control/src/supervisor_command.hpp:7[m[K,
                 from [01m[K/home/zenyn/Thrust-Control/src/command_queue.hpp:3[m[K,
                 from [01m[K/home/zenyn/Thrust-Control/src/command_queue.cpp:1[m[K:
/usr/include/c++/13/bits/unique_ptr.h: In instantiation of â€˜[01m[Kstd::__detail::__unique_ptr_t<_Tp> std::[01;32m[Kmake_unique[m[K(_Args&& ...) [35m[K[with _Tp = thrust_control::SupervisorCommand; _Args = {pwm_array, bool}; __detail::__unique_ptr_t<_Tp> = __detail::__unique_ptr_t<thrust_control::SupervisorCommand>][m[K[m[Kâ€™:
[01m[K/home/zenyn/Thrust-Control/src/command_queue.cpp:33:17:[m[K   required from here
[01m[K/usr/include/c++/13/bits/unique_ptr.h:1070:30:[m[K [01;31m[Kerror: [m[Kinvalid new-expression of abstract class type â€˜[01m[Kthrust_control::SupervisorCommand[m[Kâ€™
 1070 |     { return unique_ptr<_Tp>([01;31m[Knew _Tp(std::forward<_Args>(__args)...)[m[K); }
      |                              [01;31m[K^~~~~~~~~~~~~~~~~~~~~~~~~~~~~~~~~~~~~~~[m[K
[01m[K/home/zenyn/Thrust-Control/src/supervisor_command.hpp:14:7:[m[K [01;36m[Knote: [m[K  because the following virtual functions are pure within â€˜[01m[Kthrust_control::SupervisorCommand[m[Kâ€™:
   14 | class [01;36m[KSupervisorCommand[m[K {
      |       [01;36m[K^~~~~~~~~~~~~~~~~[m[K
[01m[K/home/zenyn/Thrust-Control/src/supervisor_command.hpp:19:18:[m[K [01;36m[Knote: [m[K    â€˜[01m[Kvirtual void thrust_control::SupervisorCommand::[01;32m[Kstart[m[K()[m[Kâ€™
   19 |     virtual void [01;36m[Kstart[m[K() = 0;
      |                  [01;36m[K^~~~~[m[K
[01m[K/home/zenyn/Thrust-Control/src/supervisor_command.hpp:20:18:[m[K [01;36m[Knote: [m[K    â€˜[01m[Kvirtual bool thrust_control::SupervisorCommand::[01;32m[KisFinished[m[K()[m[Kâ€™
   20 |     virtual bool [01;36m[KisFinished[m[K() = 0;
      |                  [01;36m[K^~~~~~~~~~[m[K
[01m[K/home/zenyn/Thrust-Control/src/supervisor_command.hpp:23:23:[m[K [01;36m[Knote: [m[K    â€˜[01m[Kvirtual pwm_array thrust_control::SupervisorCommand::[01;32m[KonExpirePwm[m[K()[m[Kâ€™
   23 |     virtual pwm_array [01;36m[KonExpirePwm[m[K() = 0;
      |                       [01;36m[K^~~~~~~~~~~[m[K
gmake[2]: *** [CMakeFiles/test_thrust_control_node.dir/build.make:132: CMakeFiles/test_thrust_control_node.dir/src/command_queue.cpp.o] Error 1
gmake[2]: *** Waiting for unfinished jobs....
gmake[1]: *** [CMakeFiles/Makefile2:325: CMakeFiles/test_thrust_control_supervisor.dir/all] Error 2
gmake[1]: *** Waiting for unfinished jobs....
/usr/bin/ld: CMakeFiles/thrust_control.dir/src/thrust_control_supervisor.cpp.o: in function `thrust_control::ThrustControlSupervisor::ThrustControlSupervisor(rclcpp::Logger, std::unique_ptr<Command_Interpreter_RPi5, std::default_delete<Command_Interpreter_RPi5> >)':
thrust_control_supervisor.cpp:(.text+0x81): undefined reference to `thrust_control::CommandQueue::CommandQueue()'
/usr/bin/ld: CMakeFiles/thrust_control.dir/src/thrust_control_supervisor.cpp.o: in function `thrust_control::ThrustControlSupervisor::update_pwm_queue(std::unique_ptr<thrust_control::SupervisorCommand, std::default_delete<thrust_control::SupervisorCommand> >)':
thrust_control_supervisor.cpp:(.text+0x1bc): undefined reference to `thrust_control::CommandQueue::CommandQueue()'
/usr/bin/ld: thrust_control_supervisor.cpp:(.text+0x22e): undefined reference to `thrust_control::CommandQueue::push_command(std::unique_ptr<thrust_control::SupervisorCommand, std::default_delete<thrust_control::SupervisorCommand> >)'
/usr/bin/ld: CMakeFiles/thrust_control.dir/src/thrust_control_supervisor.cpp.o: in function `thrust_control::ThrustControlSupervisor::feed_forward_pwm()':
thrust_control_supervisor.cpp:(.text+0x5c1): undefined reference to `thrust_control::CommandQueue::get_command_from_queue(std::unique_ptr<thrust_control::SupervisorCommand, std::default_delete<thrust_control::SupervisorCommand> >)'
collect2: error: ld returned 1 exit status
gmake[2]: *** [CMakeFiles/thrust_control.dir/build.make:205: thrust_control] Error 1
gmake[1]: *** [CMakeFiles/Makefile2:267: CMakeFiles/thrust_control.dir/all] Error 2
gmake[1]: *** [CMakeFiles/Makefile2:296: CMakeFiles/test_thrust_control_node.dir/all] Error 2
gmake: *** [Makefile:146: all] Error 2
