-- The C compiler identification is GNU 13.3.0
-- The CXX compiler identification is GNU 13.3.0
-- Detecting C compiler ABI info
-- Detecting C compiler ABI info - done
-- Check for working C compiler: /usr/bin/cc - skipped
-- Detecting C compile features
-- Detecting C compile features - done
-- Detecting CXX compiler ABI info
-- Detecting CXX compiler ABI info - done
-- Check for working CXX compiler: /usr/bin/c++ - skipped
-- Detecting CXX compile features
-- Detecting CXX compile features - done
-- Performing Test CMAKE_HAVE_LIBC_PTHREAD
-- Performing Test CMAKE_HAVE_LIBC_PTHREAD - Success
-- Found Threads: TRUE  
-- Found GTest: /usr/lib/x86_64-linux-gnu/cmake/GTest/GTestConfig.cmake (found version "1.14.0")  
-- Project setup complete
-- Run 'make' to build the project
-- Run 'ctest' to execute the tests
-- Found ament_cmake: 2.5.3 (/opt/ros/jazzy/share/ament_cmake/cmake)
-- Found Python3: /usr/bin/python3 (found version "3.12.3") found components: Interpreter 
-- Found rclcpp: 28.1.8 (/opt/ros/jazzy/share/rclcpp/cmake)
-- Found rosidl_generator_c: 4.6.5 (/opt/ros/jazzy/share/rosidl_generator_c/cmake)
-- Found rosidl_generator_cpp: 4.6.5 (/opt/ros/jazzy/share/rosidl_generator_cpp/cmake)
-- Using all available rosidl_typesupport_c: rosidl_typesupport_fastrtps_c;rosidl_typesupport_introspection_c
-- Using all available rosidl_typesupport_cpp: rosidl_typesupport_fastrtps_cpp;rosidl_typesupport_introspection_cpp
-- Found rmw_implementation_cmake: 7.3.2 (/opt/ros/jazzy/share/rmw_implementation_cmake/cmake)
-- Found rmw_fastrtps_cpp: 8.4.2 (/opt/ros/jazzy/share/rmw_fastrtps_cpp/cmake)
-- Found OpenSSL: /usr/lib/x86_64-linux-gnu/libcrypto.so (found version "3.0.13")  
-- Found FastRTPS: /opt/ros/jazzy/include (Required is at least version "2.13") 
-- Using RMW implementation 'rmw_fastrtps_cpp' as default
-- Found std_msgs: 5.3.6 (/opt/ros/jazzy/share/std_msgs/cmake)
-- Found ament_lint_auto: 0.17.2 (/opt/ros/jazzy/share/ament_lint_auto/cmake)
-- Added test 'copyright' to check source files copyright and LICENSE
-- Added test 'cppcheck' to perform static code analysis on C / C++ code
-- Configured cppcheck include dirs: /home/zenyn/Thrust-Control/src;/home/zenyn/Thrust-Control/include;/home/zenyn/Thrust-Control/include/Command_Interpreter;/home/zenyn/Thrust-Control/include/exported-PID-control;/home/zenyn/Thrust-Control/include/exported-PID-control/src
-- Configured cppcheck exclude dirs and/or files: 
-- Added test 'cpplint' to check C / C++ code against the Google style
-- Configured cpplint exclude dirs and/or files: 
-- Added test 'flake8' to check Python code syntax and style conventions
-- Configured 'flake8' exclude dirs and/or files: 
-- Added test 'lint_cmake' to check CMake code style
-- Added test 'pep257' to check Python code against some of the docstring style conventions in PEP 257
-- Added test 'uncrustify' to check C / C++ code style
-- Configured uncrustify additional arguments: 
-- Added test 'xmllint' to check XML markup files
-- Configuring done (2.8s)
-- Generating done (0.0s)
-- Build files have been written to: /home/zenyn/Thrust-Control/build/thrust_control
[  2%] [32mBuilding CXX object include/exported-PID-control/test/CMakeFiles/controller_test_lib.dir/__/src/controller_codegenTest.cpp.o[0m
[ 10%] [32mBuilding CXX object include/Command_Interpreter/CMakeFiles/PropulsionFunctions.dir/src/Command_Interpreter.cpp.o[0m
[ 10%] [32mBuilding CXX object include/Command_Interpreter/CMakeFiles/PropulsionFunctions.dir/src/Serial.cpp.o[0m
[ 10%] [32mBuilding CXX object include/exported-PID-control/src/CMakeFiles/controller_lib.dir/controller_codegenTest_data.cpp.o[0m
[ 12%] [32mBuilding CXX object include/Command_Interpreter/CMakeFiles/PropulsionFunctions.dir/src/Wiring.cpp.o[0m
[ 15%] [32mBuilding CXX object _deps/googletest-build/googletest/CMakeFiles/gtest.dir/src/gtest-all.cc.o[0m
[ 17%] [32mBuilding CXX object include/exported-PID-control/src/CMakeFiles/controller_lib.dir/controller_codegenTest.cpp.o[0m
[ 20%] [32mBuilding CXX object include/exported-PID-control/test/CMakeFiles/controller_test_lib.dir/__/src/controller_codegenTest_data.cpp.o[0m
[ 22%] [32m[1mLinking CXX static library libcontroller_test_lib.a[0m
[ 25%] [32m[1mLinking CXX shared library ../../../controller_lib.so[0m
[ 25%] Built target controller_test_lib
[36m### Created library: /home/zenyn/Thrust-Control/build/thrust_control/controller_lib.so[0m
[ 25%] Built target controller_lib
[ 27%] [32m[1mLinking CXX static library libPropulsionFunctions.a[0m
[ 27%] Built target PropulsionFunctions
[ 30%] [32mBuilding CXX object CMakeFiles/thrust_control.dir/src/main.cpp.o[0m
[ 35%] [32mBuilding CXX object CMakeFiles/thrust_control.dir/src/thrust_control_supervisor.cpp.o[0m
[ 35%] [32mBuilding CXX object CMakeFiles/thrust_control.dir/src/thrust_control_node.cpp.o[0m
[ 37%] [32m[1mLinking CXX static library ../../../lib/libgtest.a[0m
[ 37%] Built target gtest
[ 40%] [32mBuilding CXX object include/exported-PID-control/test/CMakeFiles/controller_test.dir/controller_test.cpp.o[0m
[ 42%] [32mBuilding CXX object _deps/googletest-build/googletest/CMakeFiles/gtest_main.dir/src/gtest_main.cc.o[0m
[ 45%] [32mBuilding CXX object _deps/googletest-build/googlemock/CMakeFiles/gmock.dir/src/gmock-all.cc.o[0m
[ 47%] [32m[1mLinking CXX executable controller_test[0m
[ 50%] [32m[1mLinking CXX static library ../../../lib/libgtest_main.a[0m
[ 50%] Built target gtest_main
[ 52%] [32mBuilding CXX object CMakeFiles/test_thrust_control_node.dir/tests/test_thrust_control_node.cpp.o[0m
[ 55%] [32mBuilding CXX object CMakeFiles/test_thrust_control_node.dir/src/thrust_control_supervisor.cpp.o[0m
[ 60%] [32mBuilding CXX object CMakeFiles/test_thrust_control_supervisor.dir/src/thrust_control_supervisor.cpp.o[0m
[ 60%] [32mBuilding CXX object CMakeFiles/test_thrust_control_supervisor.dir/src/command_queue.cpp.o[0m
[ 62%] [32mBuilding CXX object CMakeFiles/test_thrust_control_node.dir/src/command_interpreter_pointer.cpp.o[0m
[ 65%] [32mBuilding CXX object CMakeFiles/test_thrust_control_supervisor.dir/src/command_interpreter_pointer.cpp.o[0m
[ 67%] [32mBuilding CXX object CMakeFiles/test_thrust_control_supervisor.dir/tests/test_thrust_control_supervisor.cpp.o[0m
[ 70%] [32mBuilding CXX object include/Command_Interpreter/CMakeFiles/propulsion_test.dir/src/Command_Interpreter.cpp.o[0m
[ 72%] [32mBuilding CXX object include/Command_Interpreter/CMakeFiles/propulsion_test.dir/testing/Command_Interpreter_Testing.cpp.o[0m
[ 72%] Built target controller_test
[ 75%] [32mBuilding CXX object include/Command_Interpreter/CMakeFiles/propulsion_test.dir/src/Wiring.cpp.o[0m
In file included from [01m[K/usr/include/c++/13/memory:78[m[K,
                 from [01m[K/home/zenyn/Thrust-Control/src/supervisor_command.hpp:7[m[K,
                 from [01m[K/home/zenyn/Thrust-Control/src/command_queue.hpp:3[m[K,
                 from [01m[K/home/zenyn/Thrust-Control/src/command_queue.cpp:1[m[K:
/usr/include/c++/13/bits/unique_ptr.h: In instantiation of â€˜[01m[Kstd::__detail::__unique_ptr_t<_Tp> std::[01;32m[Kmake_unique[m[K(_Args&& ...) [35m[K[with _Tp = thrust_control::SupervisorCommand; _Args = {pwm_array, bool}; __detail::__unique_ptr_t<_Tp> = __detail::__unique_ptr_t<thrust_control::SupervisorCommand>][m[K[m[Kâ€™:
[01m[K/home/zenyn/Thrust-Control/src/command_queue.cpp:33:17:[m[K   required from here
[01m[K/usr/include/c++/13/bits/unique_ptr.h:1070:30:[m[K [01;31m[Kerror: [m[Kinvalid new-expression of abstract class type â€˜[01m[Kthrust_control::SupervisorCommand[m[Kâ€™
 1070 |     { return unique_ptr<_Tp>([01;31m[Knew _Tp(std::forward<_Args>(__args)...)[m[K); }
      |                              [01;31m[K^~~~~~~~~~~~~~~~~~~~~~~~~~~~~~~~~~~~~~~[m[K
[01m[K/home/zenyn/Thrust-Control/src/supervisor_command.hpp:14:7:[m[K [01;36m[Knote: [m[K  because the following virtual functions are pure within â€˜[01m[Kthrust_control::SupervisorCommand[m[Kâ€™:
   14 | class [01;36m[KSupervisorCommand[m[K {
      |       [01;36m[K^~~~~~~~~~~~~~~~~[m[K
[01m[K/home/zenyn/Thrust-Control/src/supervisor_command.hpp:19:18:[m[K [01;36m[Knote: [m[K    â€˜[01m[Kvirtual void thrust_control::SupervisorCommand::[01;32m[Kstart[m[K()[m[Kâ€™
   19 |     virtual void [01;36m[Kstart[m[K() = 0;
      |                  [01;36m[K^~~~~[m[K
[01m[K/home/zenyn/Thrust-Control/src/supervisor_command.hpp:20:18:[m[K [01;36m[Knote: [m[K    â€˜[01m[Kvirtual bool thrust_control::SupervisorCommand::[01;32m[KisFinished[m[K()[m[Kâ€™
   20 |     virtual bool [01;36m[KisFinished[m[K() = 0;
      |                  [01;36m[K^~~~~~~~~~[m[K
[01m[K/home/zenyn/Thrust-Control/src/supervisor_command.hpp:23:23:[m[K [01;36m[Knote: [m[K    â€˜[01m[Kvirtual pwm_array thrust_control::SupervisorCommand::[01;32m[KonExpirePwm[m[K()[m[Kâ€™
   23 |     virtual pwm_array [01;36m[KonExpirePwm[m[K() = 0;
      |                       [01;36m[K^~~~~~~~~~~[m[K
gmake[2]: *** [CMakeFiles/test_thrust_control_supervisor.dir/build.make:118: CMakeFiles/test_thrust_control_supervisor.dir/src/command_queue.cpp.o] Error 1
gmake[2]: *** Waiting for unfinished jobs....
[ 77%] [32mBuilding CXX object CMakeFiles/test_thrust_control_node.dir/src/thrust_control_node.cpp.o[0m
[ 80%] [32mBuilding CXX object include/Command_Interpreter/CMakeFiles/propulsion_test.dir/src/Serial.cpp.o[0m
[ 82%] [32mBuilding CXX object CMakeFiles/test_thrust_control_node.dir/src/command_queue.cpp.o[0m
In file included from [01m[K/usr/include/c++/13/memory:78[m[K,
                 from [01m[K/home/zenyn/Thrust-Control/src/supervisor_command.hpp:7[m[K,
                 from [01m[K/home/zenyn/Thrust-Control/src/command_queue.hpp:3[m[K,
                 from [01m[K/home/zenyn/Thrust-Control/src/command_queue.cpp:1[m[K:
/usr/include/c++/13/bits/unique_ptr.h: In instantiation of â€˜[01m[Kstd::__detail::__unique_ptr_t<_Tp> std::[01;32m[Kmake_unique[m[K(_Args&& ...) [35m[K[with _Tp = thrust_control::SupervisorCommand; _Args = {pwm_array, bool}; __detail::__unique_ptr_t<_Tp> = __detail::__unique_ptr_t<thrust_control::SupervisorCommand>][m[K[m[Kâ€™:
[01m[K/home/zenyn/Thrust-Control/src/command_queue.cpp:33:17:[m[K   required from here
[01m[K/usr/include/c++/13/bits/unique_ptr.h:1070:30:[m[K [01;31m[Kerror: [m[Kinvalid new-expression of abstract class type â€˜[01m[Kthrust_control::SupervisorCommand[m[Kâ€™
 1070 |     { return unique_ptr<_Tp>([01;31m[Knew _Tp(std::forward<_Args>(__args)...)[m[K); }
      |                              [01;31m[K^~~~~~~~~~~~~~~~~~~~~~~~~~~~~~~~~~~~~~~[m[K
[01m[K/home/zenyn/Thrust-Control/src/supervisor_command.hpp:14:7:[m[K [01;36m[Knote: [m[K  because the following virtual functions are pure within â€˜[01m[Kthrust_control::SupervisorCommand[m[Kâ€™:
   14 | class [01;36m[KSupervisorCommand[m[K {
      |       [01;36m[K^~~~~~~~~~~~~~~~~[m[K
[01m[K/home/zenyn/Thrust-Control/src/supervisor_command.hpp:19:18:[m[K [01;36m[Knote: [m[K    â€˜[01m[Kvirtual void thrust_control::SupervisorCommand::[01;32m[Kstart[m[K()[m[Kâ€™
   19 |     virtual void [01;36m[Kstart[m[K() = 0;
      |                  [01;36m[K^~~~~[m[K
[01m[K/home/zenyn/Thrust-Control/src/supervisor_command.hpp:20:18:[m[K [01;36m[Knote: [m[K    â€˜[01m[Kvirtual bool thrust_control::SupervisorCommand::[01;32m[KisFinished[m[K()[m[Kâ€™
   20 |     virtual bool [01;36m[KisFinished[m[K() = 0;
      |                  [01;36m[K^~~~~~~~~~[m[K
[01m[K/home/zenyn/Thrust-Control/src/supervisor_command.hpp:23:23:[m[K [01;36m[Knote: [m[K    â€˜[01m[Kvirtual pwm_array thrust_control::SupervisorCommand::[01;32m[KonExpirePwm[m[K()[m[Kâ€™
   23 |     virtual pwm_array [01;36m[KonExpirePwm[m[K() = 0;
      |                       [01;36m[K^~~~~~~~~~~[m[K
gmake[2]: *** [CMakeFiles/test_thrust_control_node.dir/build.make:132: CMakeFiles/test_thrust_control_node.dir/src/command_queue.cpp.o] Error 1
gmake[2]: *** Waiting for unfinished jobs....
[ 85%] [32m[1mLinking CXX executable propulsion_test[0m
[ 85%] Built target propulsion_test
[ 87%] [32m[1mLinking CXX static library ../../../lib/libgmock.a[0m
[ 87%] Built target gmock
[ 90%] [32mBuilding CXX object _deps/googletest-build/googlemock/CMakeFiles/gmock_main.dir/src/gmock_main.cc.o[0m
[ 92%] [32m[1mLinking CXX static library ../../../lib/libgmock_main.a[0m
[ 92%] Built target gmock_main
gmake[1]: *** [CMakeFiles/Makefile2:325: CMakeFiles/test_thrust_control_supervisor.dir/all] Error 2
gmake[1]: *** Waiting for unfinished jobs....
[ 95%] [32m[1mLinking CXX executable thrust_control[0m
/usr/bin/ld: CMakeFiles/thrust_control.dir/src/thrust_control_supervisor.cpp.o: in function `thrust_control::ThrustControlSupervisor::ThrustControlSupervisor(rclcpp::Logger, std::unique_ptr<Command_Interpreter_RPi5, std::default_delete<Command_Interpreter_RPi5> >)':
thrust_control_supervisor.cpp:(.text+0x81): undefined reference to `thrust_control::CommandQueue::CommandQueue()'
/usr/bin/ld: CMakeFiles/thrust_control.dir/src/thrust_control_supervisor.cpp.o: in function `thrust_control::ThrustControlSupervisor::update_pwm_queue(std::unique_ptr<thrust_control::SupervisorCommand, std::default_delete<thrust_control::SupervisorCommand> >)':
thrust_control_supervisor.cpp:(.text+0x1bc): undefined reference to `thrust_control::CommandQueue::CommandQueue()'
/usr/bin/ld: thrust_control_supervisor.cpp:(.text+0x22e): undefined reference to `thrust_control::CommandQueue::push_command(std::unique_ptr<thrust_control::SupervisorCommand, std::default_delete<thrust_control::SupervisorCommand> >)'
/usr/bin/ld: CMakeFiles/thrust_control.dir/src/thrust_control_supervisor.cpp.o: in function `thrust_control::ThrustControlSupervisor::feed_forward_pwm()':
thrust_control_supervisor.cpp:(.text+0x5c1): undefined reference to `thrust_control::CommandQueue::get_command_from_queue(std::unique_ptr<thrust_control::SupervisorCommand, std::default_delete<thrust_control::SupervisorCommand> >)'
collect2: error: ld returned 1 exit status
gmake[2]: *** [CMakeFiles/thrust_control.dir/build.make:205: thrust_control] Error 1
gmake[1]: *** [CMakeFiles/Makefile2:267: CMakeFiles/thrust_control.dir/all] Error 2
gmake[1]: *** [CMakeFiles/Makefile2:296: CMakeFiles/test_thrust_control_node.dir/all] Error 2
gmake: *** [Makefile:146: all] Error 2
