[0.007s] Invoking command in '/home/zenyn/Thrust-Control/build/thrust_control': CMAKE_PREFIX_PATH=${CMAKE_PREFIX_PATH}:/opt/ros/jazzy /usr/bin/cmake /home/zenyn/Thrust-Control -DBUILD_TESTING=ON -DCMAKE_INSTALL_PREFIX=/home/zenyn/Thrust-Control/install/thrust_control
[0.071s] -- The C compiler identification is GNU 13.3.0
[0.143s] -- The CXX compiler identification is GNU 13.3.0
[0.165s] -- Detecting C compiler ABI info
[0.323s] -- Detecting C compiler ABI info - done
[0.335s] -- Check for working C compiler: /usr/bin/cc - skipped
[0.335s] -- Detecting C compile features
[0.335s] -- Detecting C compile features - done
[0.345s] -- Detecting CXX compiler ABI info
[0.466s] -- Detecting CXX compiler ABI info - done
[0.474s] -- Check for working CXX compiler: /usr/bin/c++ - skipped
[0.475s] -- Detecting CXX compile features
[0.475s] -- Detecting CXX compile features - done
[1.791s] -- Performing Test CMAKE_HAVE_LIBC_PTHREAD
[1.917s] -- Performing Test CMAKE_HAVE_LIBC_PTHREAD - Success
[1.919s] -- Found Threads: TRUE  
[1.943s] -- Found GTest: /usr/lib/x86_64-linux-gnu/cmake/GTest/GTestConfig.cmake (found version "1.14.0")  
[1.943s] -- Project setup complete
[1.943s] -- Run 'make' to build the project
[1.943s] -- Run 'ctest' to execute the tests
[1.945s] -- Found ament_cmake: 2.5.3 (/opt/ros/jazzy/share/ament_cmake/cmake)
[2.092s] -- Found Python3: /usr/bin/python3 (found version "3.12.3") found components: Interpreter 
[2.169s] -- Found rclcpp: 28.1.8 (/opt/ros/jazzy/share/rclcpp/cmake)
[2.194s] -- Found rosidl_generator_c: 4.6.5 (/opt/ros/jazzy/share/rosidl_generator_c/cmake)
[2.203s] -- Found rosidl_generator_cpp: 4.6.5 (/opt/ros/jazzy/share/rosidl_generator_cpp/cmake)
[2.213s] -- Using all available rosidl_typesupport_c: rosidl_typesupport_fastrtps_c;rosidl_typesupport_introspection_c
[2.225s] -- Using all available rosidl_typesupport_cpp: rosidl_typesupport_fastrtps_cpp;rosidl_typesupport_introspection_cpp
[2.280s] -- Found rmw_implementation_cmake: 7.3.2 (/opt/ros/jazzy/share/rmw_implementation_cmake/cmake)
[2.281s] -- Found rmw_fastrtps_cpp: 8.4.2 (/opt/ros/jazzy/share/rmw_fastrtps_cpp/cmake)
[2.387s] -- Found OpenSSL: /usr/lib/x86_64-linux-gnu/libcrypto.so (found version "3.0.13")  
[2.419s] -- Found FastRTPS: /opt/ros/jazzy/include (Required is at least version "2.13") 
[2.441s] -- Using RMW implementation 'rmw_fastrtps_cpp' as default
[2.499s] -- Found std_msgs: 5.3.6 (/opt/ros/jazzy/share/std_msgs/cmake)
[2.511s] -- Found ament_lint_auto: 0.17.2 (/opt/ros/jazzy/share/ament_lint_auto/cmake)
[2.611s] -- Added test 'copyright' to check source files copyright and LICENSE
[2.680s] -- Added test 'cppcheck' to perform static code analysis on C / C++ code
[2.680s] -- Configured cppcheck include dirs: /home/zenyn/Thrust-Control/src;/home/zenyn/Thrust-Control/include;/home/zenyn/Thrust-Control/include/Command_Interpreter;/home/zenyn/Thrust-Control/include/exported-PID-control;/home/zenyn/Thrust-Control/include/exported-PID-control/src
[2.680s] -- Configured cppcheck exclude dirs and/or files: 
[2.749s] -- Added test 'cpplint' to check C / C++ code against the Google style
[2.749s] -- Configured cpplint exclude dirs and/or files: 
[2.758s] -- Added test 'flake8' to check Python code syntax and style conventions
[2.758s] -- Configured 'flake8' exclude dirs and/or files: 
[2.775s] -- Added test 'lint_cmake' to check CMake code style
[2.784s] -- Added test 'pep257' to check Python code against some of the docstring style conventions in PEP 257
[2.853s] -- Added test 'uncrustify' to check C / C++ code style
[2.853s] -- Configured uncrustify additional arguments: 
[2.862s] -- Added test 'xmllint' to check XML markup files
[2.864s] -- Configuring done (2.8s)
[2.887s] -- Generating done (0.0s)
[2.894s] -- Build files have been written to: /home/zenyn/Thrust-Control/build/thrust_control
[2.904s] Invoked command in '/home/zenyn/Thrust-Control/build/thrust_control' returned '0': CMAKE_PREFIX_PATH=${CMAKE_PREFIX_PATH}:/opt/ros/jazzy /usr/bin/cmake /home/zenyn/Thrust-Control -DBUILD_TESTING=ON -DCMAKE_INSTALL_PREFIX=/home/zenyn/Thrust-Control/install/thrust_control
[2.906s] Invoking command in '/home/zenyn/Thrust-Control/build/thrust_control': CMAKE_PREFIX_PATH=${CMAKE_PREFIX_PATH}:/opt/ros/jazzy /usr/bin/cmake --build /home/zenyn/Thrust-Control/build/thrust_control -- -j12 -l12
[2.990s] [  2%] [32mBuilding CXX object include/exported-PID-control/test/CMakeFiles/controller_test_lib.dir/__/src/controller_codegenTest.cpp.o[0m
[2.991s] [ 10%] [32mBuilding CXX object include/Command_Interpreter/CMakeFiles/PropulsionFunctions.dir/src/Command_Interpreter.cpp.o[0m
[2.992s] [ 10%] [32mBuilding CXX object include/Command_Interpreter/CMakeFiles/PropulsionFunctions.dir/src/Serial.cpp.o[0m
[2.993s] [ 10%] [32mBuilding CXX object include/exported-PID-control/src/CMakeFiles/controller_lib.dir/controller_codegenTest_data.cpp.o[0m
[2.993s] [ 12%] [32mBuilding CXX object include/Command_Interpreter/CMakeFiles/PropulsionFunctions.dir/src/Wiring.cpp.o[0m
[2.994s] [ 15%] [32mBuilding CXX object _deps/googletest-build/googletest/CMakeFiles/gtest.dir/src/gtest-all.cc.o[0m
[2.996s] [ 17%] [32mBuilding CXX object include/exported-PID-control/src/CMakeFiles/controller_lib.dir/controller_codegenTest.cpp.o[0m
[2.999s] [ 20%] [32mBuilding CXX object include/exported-PID-control/test/CMakeFiles/controller_test_lib.dir/__/src/controller_codegenTest_data.cpp.o[0m
[3.146s] [ 22%] [32m[1mLinking CXX static library libcontroller_test_lib.a[0m
[3.150s] [ 25%] [32m[1mLinking CXX shared library ../../../controller_lib.so[0m
[3.181s] [ 25%] Built target controller_test_lib
[3.209s] [36m### Created library: /home/zenyn/Thrust-Control/build/thrust_control/controller_lib.so[0m
[3.218s] [ 25%] Built target controller_lib
[3.606s] [ 27%] [32m[1mLinking CXX static library libPropulsionFunctions.a[0m
[3.650s] [ 27%] Built target PropulsionFunctions
[3.670s] [ 30%] [32mBuilding CXX object CMakeFiles/thrust_control.dir/src/main.cpp.o[0m
[3.672s] [ 35%] [32mBuilding CXX object CMakeFiles/thrust_control.dir/src/thrust_control_supervisor.cpp.o[0m
[3.672s] [ 35%] [32mBuilding CXX object CMakeFiles/thrust_control.dir/src/thrust_control_node.cpp.o[0m
[6.948s] [ 37%] [32m[1mLinking CXX static library ../../../lib/libgtest.a[0m
[7.019s] [ 37%] Built target gtest
[7.037s] [ 40%] [32mBuilding CXX object include/exported-PID-control/test/CMakeFiles/controller_test.dir/controller_test.cpp.o[0m
[7.040s] [ 42%] [32mBuilding CXX object _deps/googletest-build/googletest/CMakeFiles/gtest_main.dir/src/gtest_main.cc.o[0m
[7.047s] [ 45%] [32mBuilding CXX object _deps/googletest-build/googlemock/CMakeFiles/gmock.dir/src/gmock-all.cc.o[0m
[7.673s] [ 47%] [32m[1mLinking CXX executable controller_test[0m
[7.698s] [ 50%] [32m[1mLinking CXX static library ../../../lib/libgtest_main.a[0m
[7.744s] [ 50%] Built target gtest_main
[7.769s] [ 52%] [32mBuilding CXX object CMakeFiles/test_thrust_control_node.dir/tests/test_thrust_control_node.cpp.o[0m
[7.770s] [ 55%] [32mBuilding CXX object CMakeFiles/test_thrust_control_node.dir/src/thrust_control_supervisor.cpp.o[0m
[7.772s] [ 60%] [32mBuilding CXX object CMakeFiles/test_thrust_control_supervisor.dir/src/thrust_control_supervisor.cpp.o[0m
[7.772s] [ 60%] [32mBuilding CXX object CMakeFiles/test_thrust_control_supervisor.dir/src/command_queue.cpp.o[0m
[7.772s] [ 62%] [32mBuilding CXX object CMakeFiles/test_thrust_control_node.dir/src/command_interpreter_pointer.cpp.o[0m
[7.774s] [ 65%] [32mBuilding CXX object CMakeFiles/test_thrust_control_supervisor.dir/src/command_interpreter_pointer.cpp.o[0m
[7.774s] [ 67%] [32mBuilding CXX object CMakeFiles/test_thrust_control_supervisor.dir/tests/test_thrust_control_supervisor.cpp.o[0m
[7.776s] [ 70%] [32mBuilding CXX object include/Command_Interpreter/CMakeFiles/propulsion_test.dir/src/Command_Interpreter.cpp.o[0m
[7.776s] [ 72%] [32mBuilding CXX object include/Command_Interpreter/CMakeFiles/propulsion_test.dir/testing/Command_Interpreter_Testing.cpp.o[0m
[7.826s] [ 72%] Built target controller_test
[7.836s] [ 75%] [32mBuilding CXX object include/Command_Interpreter/CMakeFiles/propulsion_test.dir/src/Wiring.cpp.o[0m
[8.177s] In file included from [01m[K/usr/include/c++/13/memory:78[m[K,
[8.177s]                  from [01m[K/home/zenyn/Thrust-Control/src/supervisor_command.hpp:7[m[K,
[8.177s]                  from [01m[K/home/zenyn/Thrust-Control/src/command_queue.hpp:3[m[K,
[8.177s]                  from [01m[K/home/zenyn/Thrust-Control/src/command_queue.cpp:1[m[K:
[8.177s] /usr/include/c++/13/bits/unique_ptr.h: In instantiation of â€˜[01m[Kstd::__detail::__unique_ptr_t<_Tp> std::[01;32m[Kmake_unique[m[K(_Args&& ...) [35m[K[with _Tp = thrust_control::SupervisorCommand; _Args = {pwm_array, bool}; __detail::__unique_ptr_t<_Tp> = __detail::__unique_ptr_t<thrust_control::SupervisorCommand>][m[K[m[Kâ€™:
[8.177s] [01m[K/home/zenyn/Thrust-Control/src/command_queue.cpp:33:17:[m[K   required from here
[8.177s] [01m[K/usr/include/c++/13/bits/unique_ptr.h:1070:30:[m[K [01;31m[Kerror: [m[Kinvalid new-expression of abstract class type â€˜[01m[Kthrust_control::SupervisorCommand[m[Kâ€™
[8.177s]  1070 |     { return unique_ptr<_Tp>([01;31m[Knew _Tp(std::forward<_Args>(__args)...)[m[K); }
[8.180s]       |                              [01;31m[K^~~~~~~~~~~~~~~~~~~~~~~~~~~~~~~~~~~~~~~[m[K
[8.181s] [01m[K/home/zenyn/Thrust-Control/src/supervisor_command.hpp:14:7:[m[K [01;36m[Knote: [m[K  because the following virtual functions are pure within â€˜[01m[Kthrust_control::SupervisorCommand[m[Kâ€™:
[8.181s]    14 | class [01;36m[KSupervisorCommand[m[K {
[8.181s]       |       [01;36m[K^~~~~~~~~~~~~~~~~[m[K
[8.181s] [01m[K/home/zenyn/Thrust-Control/src/supervisor_command.hpp:19:18:[m[K [01;36m[Knote: [m[K    â€˜[01m[Kvirtual void thrust_control::SupervisorCommand::[01;32m[Kstart[m[K()[m[Kâ€™
[8.181s]    19 |     virtual void [01;36m[Kstart[m[K() = 0;
[8.181s]       |                  [01;36m[K^~~~~[m[K
[8.181s] [01m[K/home/zenyn/Thrust-Control/src/supervisor_command.hpp:20:18:[m[K [01;36m[Knote: [m[K    â€˜[01m[Kvirtual bool thrust_control::SupervisorCommand::[01;32m[KisFinished[m[K()[m[Kâ€™
[8.181s]    20 |     virtual bool [01;36m[KisFinished[m[K() = 0;
[8.181s]       |                  [01;36m[K^~~~~~~~~~[m[K
[8.181s] [01m[K/home/zenyn/Thrust-Control/src/supervisor_command.hpp:23:23:[m[K [01;36m[Knote: [m[K    â€˜[01m[Kvirtual pwm_array thrust_control::SupervisorCommand::[01;32m[KonExpirePwm[m[K()[m[Kâ€™
[8.181s]    23 |     virtual pwm_array [01;36m[KonExpirePwm[m[K() = 0;
[8.181s]       |                       [01;36m[K^~~~~~~~~~~[m[K
[8.219s] gmake[2]: *** [CMakeFiles/test_thrust_control_supervisor.dir/build.make:118: CMakeFiles/test_thrust_control_supervisor.dir/src/command_queue.cpp.o] Error 1
[8.219s] gmake[2]: *** Waiting for unfinished jobs....
[8.234s] [ 77%] [32mBuilding CXX object CMakeFiles/test_thrust_control_node.dir/src/thrust_control_node.cpp.o[0m
[8.528s] [ 80%] [32mBuilding CXX object include/Command_Interpreter/CMakeFiles/propulsion_test.dir/src/Serial.cpp.o[0m
[8.640s] [ 82%] [32mBuilding CXX object CMakeFiles/test_thrust_control_node.dir/src/command_queue.cpp.o[0m
[9.028s] In file included from [01m[K/usr/include/c++/13/memory:78[m[K,
[9.028s]                  from [01m[K/home/zenyn/Thrust-Control/src/supervisor_command.hpp:7[m[K,
[9.028s]                  from [01m[K/home/zenyn/Thrust-Control/src/command_queue.hpp:3[m[K,
[9.029s]                  from [01m[K/home/zenyn/Thrust-Control/src/command_queue.cpp:1[m[K:
[9.029s] /usr/include/c++/13/bits/unique_ptr.h: In instantiation of â€˜[01m[Kstd::__detail::__unique_ptr_t<_Tp> std::[01;32m[Kmake_unique[m[K(_Args&& ...) [35m[K[with _Tp = thrust_control::SupervisorCommand; _Args = {pwm_array, bool}; __detail::__unique_ptr_t<_Tp> = __detail::__unique_ptr_t<thrust_control::SupervisorCommand>][m[K[m[Kâ€™:
[9.029s] [01m[K/home/zenyn/Thrust-Control/src/command_queue.cpp:33:17:[m[K   required from here
[9.029s] [01m[K/usr/include/c++/13/bits/unique_ptr.h:1070:30:[m[K [01;31m[Kerror: [m[Kinvalid new-expression of abstract class type â€˜[01m[Kthrust_control::SupervisorCommand[m[Kâ€™
[9.029s]  1070 |     { return unique_ptr<_Tp>([01;31m[Knew _Tp(std::forward<_Args>(__args)...)[m[K); }
[9.029s]       |                              [01;31m[K^~~~~~~~~~~~~~~~~~~~~~~~~~~~~~~~~~~~~~~[m[K
[9.029s] [01m[K/home/zenyn/Thrust-Control/src/supervisor_command.hpp:14:7:[m[K [01;36m[Knote: [m[K  because the following virtual functions are pure within â€˜[01m[Kthrust_control::SupervisorCommand[m[Kâ€™:
[9.029s]    14 | class [01;36m[KSupervisorCommand[m[K {
[9.029s]       |       [01;36m[K^~~~~~~~~~~~~~~~~[m[K
[9.030s] [01m[K/home/zenyn/Thrust-Control/src/supervisor_command.hpp:19:18:[m[K [01;36m[Knote: [m[K    â€˜[01m[Kvirtual void thrust_control::SupervisorCommand::[01;32m[Kstart[m[K()[m[Kâ€™
[9.030s]    19 |     virtual void [01;36m[Kstart[m[K() = 0;
[9.030s]       |                  [01;36m[K^~~~~[m[K
[9.030s] [01m[K/home/zenyn/Thrust-Control/src/supervisor_command.hpp:20:18:[m[K [01;36m[Knote: [m[K    â€˜[01m[Kvirtual bool thrust_control::SupervisorCommand::[01;32m[KisFinished[m[K()[m[Kâ€™
[9.030s]    20 |     virtual bool [01;36m[KisFinished[m[K() = 0;
[9.030s]       |                  [01;36m[K^~~~~~~~~~[m[K
[9.030s] [01m[K/home/zenyn/Thrust-Control/src/supervisor_command.hpp:23:23:[m[K [01;36m[Knote: [m[K    â€˜[01m[Kvirtual pwm_array thrust_control::SupervisorCommand::[01;32m[KonExpirePwm[m[K()[m[Kâ€™
[9.030s]    23 |     virtual pwm_array [01;36m[KonExpirePwm[m[K() = 0;
[9.031s]       |                       [01;36m[K^~~~~~~~~~~[m[K
[9.077s] gmake[2]: *** [CMakeFiles/test_thrust_control_node.dir/build.make:132: CMakeFiles/test_thrust_control_node.dir/src/command_queue.cpp.o] Error 1
[9.077s] gmake[2]: *** Waiting for unfinished jobs....
[9.113s] [ 85%] [32m[1mLinking CXX executable propulsion_test[0m
[9.336s] [ 85%] Built target propulsion_test
[9.512s] [ 87%] [32m[1mLinking CXX static library ../../../lib/libgmock.a[0m
[9.571s] [ 87%] Built target gmock
[9.601s] [ 90%] [32mBuilding CXX object _deps/googletest-build/googlemock/CMakeFiles/gmock_main.dir/src/gmock_main.cc.o[0m
[11.006s] [ 92%] [32m[1mLinking CXX static library ../../../lib/libgmock_main.a[0m
[11.054s] [ 92%] Built target gmock_main
[12.534s] gmake[1]: *** [CMakeFiles/Makefile2:325: CMakeFiles/test_thrust_control_supervisor.dir/all] Error 2
[12.534s] gmake[1]: *** Waiting for unfinished jobs....
[12.783s] [ 95%] [32m[1mLinking CXX executable thrust_control[0m
[12.994s] /usr/bin/ld: CMakeFiles/thrust_control.dir/src/thrust_control_supervisor.cpp.o: in function `thrust_control::ThrustControlSupervisor::ThrustControlSupervisor(rclcpp::Logger, std::unique_ptr<Command_Interpreter_RPi5, std::default_delete<Command_Interpreter_RPi5> >)':
[12.994s] thrust_control_supervisor.cpp:(.text+0x81): undefined reference to `thrust_control::CommandQueue::CommandQueue()'
[12.994s] /usr/bin/ld: CMakeFiles/thrust_control.dir/src/thrust_control_supervisor.cpp.o: in function `thrust_control::ThrustControlSupervisor::update_pwm_queue(std::unique_ptr<thrust_control::SupervisorCommand, std::default_delete<thrust_control::SupervisorCommand> >)':
[12.994s] thrust_control_supervisor.cpp:(.text+0x1bc): undefined reference to `thrust_control::CommandQueue::CommandQueue()'
[12.994s] /usr/bin/ld: thrust_control_supervisor.cpp:(.text+0x22e): undefined reference to `thrust_control::CommandQueue::push_command(std::unique_ptr<thrust_control::SupervisorCommand, std::default_delete<thrust_control::SupervisorCommand> >)'
[12.994s] /usr/bin/ld: CMakeFiles/thrust_control.dir/src/thrust_control_supervisor.cpp.o: in function `thrust_control::ThrustControlSupervisor::feed_forward_pwm()':
[12.994s] thrust_control_supervisor.cpp:(.text+0x5c1): undefined reference to `thrust_control::CommandQueue::get_command_from_queue(std::unique_ptr<thrust_control::SupervisorCommand, std::default_delete<thrust_control::SupervisorCommand> >)'
[13.015s] collect2: error: ld returned 1 exit status
[13.017s] gmake[2]: *** [CMakeFiles/thrust_control.dir/build.make:205: thrust_control] Error 1
[13.017s] gmake[1]: *** [CMakeFiles/Makefile2:267: CMakeFiles/thrust_control.dir/all] Error 2
[14.821s] gmake[1]: *** [CMakeFiles/Makefile2:296: CMakeFiles/test_thrust_control_node.dir/all] Error 2
[14.821s] gmake: *** [Makefile:146: all] Error 2
[14.824s] Invoked command in '/home/zenyn/Thrust-Control/build/thrust_control' returned '2': CMAKE_PREFIX_PATH=${CMAKE_PREFIX_PATH}:/opt/ros/jazzy /usr/bin/cmake --build /home/zenyn/Thrust-Control/build/thrust_control -- -j12 -l12
