[0.008s] Invoking command in '/home/zenyn/Thrust-Control/build/thrust_control': CMAKE_PREFIX_PATH=${CMAKE_PREFIX_PATH}:/opt/ros/jazzy /usr/bin/cmake /home/zenyn/Thrust-Control -DCMAKE_INSTALL_PREFIX=/home/zenyn/Thrust-Control/install/thrust_control
[0.072s] -- The C compiler identification is GNU 13.3.0
[0.128s] -- The CXX compiler identification is GNU 13.3.0
[0.146s] -- Detecting C compiler ABI info
[0.275s] -- Detecting C compiler ABI info - done
[0.293s] -- Check for working C compiler: /usr/bin/cc - skipped
[0.293s] -- Detecting C compile features
[0.294s] -- Detecting C compile features - done
[0.304s] -- Detecting CXX compiler ABI info
[0.403s] -- Detecting CXX compiler ABI info - done
[0.410s] -- Check for working CXX compiler: /usr/bin/c++ - skipped
[0.411s] -- Detecting CXX compile features
[0.411s] -- Detecting CXX compile features - done
[0.412s] -- Found ament_cmake: 2.5.3 (/opt/ros/jazzy/share/ament_cmake/cmake)
[0.544s] -- Found Python3: /usr/bin/python3 (found version "3.12.3") found components: Interpreter 
[0.619s] -- Found rclcpp: 28.1.8 (/opt/ros/jazzy/share/rclcpp/cmake)
[0.650s] -- Found rosidl_generator_c: 4.6.5 (/opt/ros/jazzy/share/rosidl_generator_c/cmake)
[0.658s] -- Found rosidl_generator_cpp: 4.6.5 (/opt/ros/jazzy/share/rosidl_generator_cpp/cmake)
[0.668s] -- Using all available rosidl_typesupport_c: rosidl_typesupport_fastrtps_c;rosidl_typesupport_introspection_c
[0.680s] -- Using all available rosidl_typesupport_cpp: rosidl_typesupport_fastrtps_cpp;rosidl_typesupport_introspection_cpp
[0.733s] -- Found rmw_implementation_cmake: 7.3.2 (/opt/ros/jazzy/share/rmw_implementation_cmake/cmake)
[0.734s] -- Found rmw_fastrtps_cpp: 8.4.2 (/opt/ros/jazzy/share/rmw_fastrtps_cpp/cmake)
[0.824s] -- Found OpenSSL: /usr/lib/x86_64-linux-gnu/libcrypto.so (found version "3.0.13")  
[0.854s] -- Found FastRTPS: /opt/ros/jazzy/include (Required is at least version "2.13") 
[0.880s] -- Using RMW implementation 'rmw_fastrtps_cpp' as default
[0.937s] -- Found std_msgs: 5.3.6 (/opt/ros/jazzy/share/std_msgs/cmake)
[0.949s] -- Found ament_lint_auto: 0.17.2 (/opt/ros/jazzy/share/ament_lint_auto/cmake)
[1.039s] -- Added test 'copyright' to check source files copyright and LICENSE
[1.061s] -- Added test 'cppcheck' to perform static code analysis on C / C++ code
[1.061s] -- Configured cppcheck include dirs: 
[1.061s] -- Configured cppcheck exclude dirs and/or files: 
[1.080s] -- Added test 'cpplint' to check C / C++ code against the Google style
[1.080s] -- Configured cpplint exclude dirs and/or files: 
[1.088s] -- Added test 'lint_cmake' to check CMake code style
[1.109s] -- Added test 'uncrustify' to check C / C++ code style
[1.110s] -- Configured uncrustify additional arguments: 
[1.113s] -- Added test 'xmllint' to check XML markup files
[1.114s] -- Configuring done (1.1s)
[1.121s] -- Generating done (0.0s)
[1.123s] -- Build files have been written to: /home/zenyn/Thrust-Control/build/thrust_control
[1.130s] Invoked command in '/home/zenyn/Thrust-Control/build/thrust_control' returned '0': CMAKE_PREFIX_PATH=${CMAKE_PREFIX_PATH}:/opt/ros/jazzy /usr/bin/cmake /home/zenyn/Thrust-Control -DCMAKE_INSTALL_PREFIX=/home/zenyn/Thrust-Control/install/thrust_control
[1.132s] Invoking command in '/home/zenyn/Thrust-Control/build/thrust_control': CMAKE_PREFIX_PATH=${CMAKE_PREFIX_PATH}:/opt/ros/jazzy /usr/bin/cmake --build /home/zenyn/Thrust-Control/build/thrust_control -- -j12 -l12
[1.196s] [ 16%] [32mBuilding CXX object CMakeFiles/thrust_control.dir/Wiring.cpp.o[0m
[1.197s] [ 33%] [32mBuilding CXX object CMakeFiles/thrust_control.dir/thrust_control_supervisor.cpp.o[0m
[1.198s] [ 50%] [32mBuilding CXX object CMakeFiles/thrust_control.dir/main.cpp.o[0m
[1.198s] [ 66%] [32mBuilding CXX object CMakeFiles/thrust_control.dir/thrust_control_node.cpp.o[0m
[1.199s] [ 83%] [32mBuilding CXX object CMakeFiles/thrust_control.dir/Command_Interpreter.cpp.o[0m
[1.299s] [01m[K/home/zenyn/Thrust-Control/Wiring.cpp:30:10:[m[K [01;31m[Kfatal error: [m[KwiringSerial.h: No such file or directory
[1.300s]    30 | #include [01;31m[K<wiringSerial.h>[m[K
[1.300s]       |          [01;31m[K^~~~~~~~~~~~~~~~[m[K
[1.300s] compilation terminated.
[1.303s] gmake[2]: *** [CMakeFiles/thrust_control.dir/build.make:132: CMakeFiles/thrust_control.dir/Wiring.cpp.o] Error 1
[1.304s] gmake[2]: *** Waiting for unfinished jobs....
[2.898s] [01m[K/home/zenyn/Thrust-Control/thrust_control_supervisor.cpp:[m[K In member function â€˜[01m[Kvoid thrust_control::ThrustControlSupervisor::[01;32m[Kfeed_forward_pwm[m[K(std::array<int, 8>)[m[Kâ€™:
[2.899s] [01m[K/home/zenyn/Thrust-Control/thrust_control_supervisor.cpp:38:67:[m[K [01;35m[Kwarning: [m[Kunused parameter â€˜[01m[Kpwm[m[Kâ€™ [[01;35m[K]8;;https://gcc.gnu.org/onlinedocs/gcc/Warning-Options.html#index-Wunused-parameter-Wunused-parameter]8;;[m[K]
[2.899s]    38 | void ThrustControlSupervisor::feed_forward_pwm([01;35m[Kstd::array<int, 8> pwm[m[K)
[2.899s]       |                                                [01;35m[K~~~~~~~~~~~~~~~~~~~^~~[m[K
[2.899s] [01m[K/home/zenyn/Thrust-Control/thrust_control_supervisor.cpp:[m[K In member function â€˜[01m[Kvoid thrust_control::ThrustControlSupervisor::[01;32m[Kpid_pwm[m[K(std::array<int, 8>)[m[Kâ€™:
[2.899s] [01m[K/home/zenyn/Thrust-Control/thrust_control_supervisor.cpp:43:58:[m[K [01;35m[Kwarning: [m[Kunused parameter â€˜[01m[Kpwm[m[Kâ€™ [[01;35m[K]8;;https://gcc.gnu.org/onlinedocs/gcc/Warning-Options.html#index-Wunused-parameter-Wunused-parameter]8;;[m[K]
[2.899s]    43 | void ThrustControlSupervisor::pid_pwm([01;35m[Kstd::array<int, 8> pwm[m[K)
[2.899s]       |                                       [01;35m[K~~~~~~~~~~~~~~~~~~~^~~[m[K
[3.664s] [01m[K/home/zenyn/Thrust-Control/main.cpp:[m[K In function â€˜[01m[Kstd::unique_ptr<Command_Interpreter_RPi5>[01;32m[K makeCommandInterpreterPtr[m[K(std::ostream&, std::ostream&, std::ostream&)[m[Kâ€™:
[3.664s] [01m[K/home/zenyn/Thrust-Control/main.cpp:5:23:[m[K [01;35m[Kwarning: [m[Kunused parameter â€˜[01m[Koutput[m[Kâ€™ [[01;35m[K]8;;https://gcc.gnu.org/onlinedocs/gcc/Warning-Options.html#index-Wunused-parameter-Wunused-parameter]8;;[m[K]
[3.664s]     5 |         [01;35m[Kstd::ostream& output[m[K,
[3.665s]       |         [01;35m[K~~~~~~~~~~~~~~^~~~~~[m[K
[3.665s] [01m[K/home/zenyn/Thrust-Control/main.cpp:6:23:[m[K [01;35m[Kwarning: [m[Kunused parameter â€˜[01m[Kerror[m[Kâ€™ [[01;35m[K]8;;https://gcc.gnu.org/onlinedocs/gcc/Warning-Options.html#index-Wunused-parameter-Wunused-parameter]8;;[m[K]
[3.665s]     6 |         [01;35m[Kstd::ostream& error[m[K,
[3.665s]       |         [01;35m[K~~~~~~~~~~~~~~^~~~~[m[K
[3.665s] [01m[K/home/zenyn/Thrust-Control/main.cpp:7:23:[m[K [01;35m[Kwarning: [m[Kunused parameter â€˜[01m[KlogFile[m[Kâ€™ [[01;35m[K]8;;https://gcc.gnu.org/onlinedocs/gcc/Warning-Options.html#index-Wunused-parameter-Wunused-parameter]8;;[m[K]
[3.665s]     7 |         [01;35m[Kstd::ostream& logFile[m[K)
[3.665s]       |         [01;35m[K~~~~~~~~~~~~~~^~~~~~~[m[K
[6.574s] gmake[1]: *** [CMakeFiles/Makefile2:137: CMakeFiles/thrust_control.dir/all] Error 2
[6.575s] gmake: *** [Makefile:146: all] Error 2
[6.577s] Invoked command in '/home/zenyn/Thrust-Control/build/thrust_control' returned '2': CMAKE_PREFIX_PATH=${CMAKE_PREFIX_PATH}:/opt/ros/jazzy /usr/bin/cmake --build /home/zenyn/Thrust-Control/build/thrust_control -- -j12 -l12
