[0.000000] (-) TimerEvent: {}
[0.000513] (thrust_control) JobQueued: {'identifier': 'thrust_control', 'dependencies': OrderedDict()}
[0.000570] (thrust_control) JobStarted: {'identifier': 'thrust_control'}
[0.005646] (thrust_control) JobProgress: {'identifier': 'thrust_control', 'progress': 'cmake'}
[0.006615] (thrust_control) JobProgress: {'identifier': 'thrust_control', 'progress': 'build'}
[0.006660] (thrust_control) Command: {'cmd': ['/usr/bin/cmake', '--build', '/home/zenyn/Thrust-Control/build/thrust_control', '--', '-j12', '-l12'], 'cwd': '/home/zenyn/Thrust-Control/build/thrust_control', 'env': OrderedDict({'LESSOPEN': '| /usr/bin/lesspipe %s', 'LANGUAGE': 'en_US', 'USER': 'zenyn', 'XDG_SEAT': 'seat0', 'XDG_SESSION_TYPE': 'x11', 'SHLVL': '2', 'LD_LIBRARY_PATH': '/opt/ros/jazzy/opt/rviz_ogre_vendor/lib:/opt/ros/jazzy/lib/x86_64-linux-gnu:/opt/ros/jazzy/opt/gz_math_vendor/lib:/opt/ros/jazzy/opt/gz_utils_vendor/lib:/opt/ros/jazzy/opt/gz_cmake_vendor/lib:/opt/ros/jazzy/lib', 'HOME': '/home/zenyn', 'OLDPWD': '/home/zenyn/Thrust-Control/include/exported-PID-control/test', 'DESKTOP_SESSION': 'cinnamon', 'ROS_PYTHON_VERSION': '3', 'GTK_MODULES': 'gail:atk-bridge', 'XDG_SEAT_PATH': '/org/freedesktop/DisplayManager/Seat0', 'DBUS_SESSION_BUS_ADDRESS': 'unix:path=/run/user/1000/bus', 'COLORTERM': 'truecolor', 'GNOME_KEYRING_CONTROL': '/run/user/1000/keyring', 'ROS_DISTRO': 'jazzy', 'LOGNAME': 'zenyn', 'DESKTOP_AUTOSTART_ID': '10548af1e022aa691a174745163180485900000023430038', '_': '/usr/bin/colcon', 'ROS_VERSION': '2', 'XDG_SESSION_CLASS': 'user', 'TERM': 'xterm-256color', 'XDG_SESSION_ID': 'c2', 'GNOME_DESKTOP_SESSION_ID': 'this-is-deprecated', 'PATH': '/opt/ros/jazzy/bin:/home/zenyn/.local/bin:/home/zenyn/.local/bin:/home/zenyn/.local/bin:/home/zenyn/bin:/usr/local/sbin:/usr/local/bin:/usr/sbin:/usr/bin:/sbin:/bin:/usr/games:/usr/local/games:/snap/bin', 'SESSION_MANAGER': 'local/Zenyn-Linux:@/tmp/.ICE-unix/2343,unix/Zenyn-Linux:/tmp/.ICE-unix/2343', 'GDM_LANG': 'en_US', 'GTK3_MODULES': 'xapp-gtk3-module', 'XDG_SESSION_PATH': '/org/freedesktop/DisplayManager/Session0', 'GNOME_TERMINAL_SCREEN': '/org/gnome/Terminal/screen/e5d02491_c38d_435c_a58c_541bc3dfd0f9', 'XDG_RUNTIME_DIR': '/run/user/1000', 'DISPLAY': ':0', 'LANG': 'en_US.UTF-8', 'XDG_CURRENT_DESKTOP': 'X-Cinnamon', 'XDG_SESSION_DESKTOP': 'cinnamon', 'XAUTHORITY': '/home/zenyn/.Xauthority', 'LS_COLORS': 'rs=0:di=01;34:ln=01;36:mh=00:pi=40;33:so=01;35:do=01;35:bd=40;33;01:cd=40;33;01:or=40;31;01:mi=00:su=37;41:sg=30;43:ca=00:tw=30;42:ow=34;42:st=37;44:ex=01;32:*.tar=01;31:*.tgz=01;31:*.arc=01;31:*.arj=01;31:*.taz=01;31:*.lha=01;31:*.lz4=01;31:*.lzh=01;31:*.lzma=01;31:*.tlz=01;31:*.txz=01;31:*.tzo=01;31:*.t7z=01;31:*.zip=01;31:*.z=01;31:*.dz=01;31:*.gz=01;31:*.lrz=01;31:*.lz=01;31:*.lzo=01;31:*.xz=01;31:*.zst=01;31:*.tzst=01;31:*.bz2=01;31:*.bz=01;31:*.tbz=01;31:*.tbz2=01;31:*.tz=01;31:*.deb=01;31:*.rpm=01;31:*.jar=01;31:*.war=01;31:*.ear=01;31:*.sar=01;31:*.rar=01;31:*.alz=01;31:*.ace=01;31:*.zoo=01;31:*.cpio=01;31:*.7z=01;31:*.rz=01;31:*.cab=01;31:*.wim=01;31:*.swm=01;31:*.dwm=01;31:*.esd=01;31:*.avif=01;35:*.jpg=01;35:*.jpeg=01;35:*.mjpg=01;35:*.mjpeg=01;35:*.gif=01;35:*.bmp=01;35:*.pbm=01;35:*.pgm=01;35:*.ppm=01;35:*.tga=01;35:*.xbm=01;35:*.xpm=01;35:*.tif=01;35:*.tiff=01;35:*.png=01;35:*.svg=01;35:*.svgz=01;35:*.mng=01;35:*.pcx=01;35:*.mov=01;35:*.mpg=01;35:*.mpeg=01;35:*.m2v=01;35:*.mkv=01;35:*.webm=01;35:*.webp=01;35:*.ogm=01;35:*.mp4=01;35:*.m4v=01;35:*.mp4v=01;35:*.vob=01;35:*.qt=01;35:*.nuv=01;35:*.wmv=01;35:*.asf=01;35:*.rm=01;35:*.rmvb=01;35:*.flc=01;35:*.avi=01;35:*.fli=01;35:*.flv=01;35:*.gl=01;35:*.dl=01;35:*.xcf=01;35:*.xwd=01;35:*.yuv=01;35:*.cgm=01;35:*.emf=01;35:*.ogv=01;35:*.ogx=01;35:*.aac=00;36:*.au=00;36:*.flac=00;36:*.m4a=00;36:*.mid=00;36:*.midi=00;36:*.mka=00;36:*.mp3=00;36:*.mpc=00;36:*.ogg=00;36:*.ra=00;36:*.wav=00;36:*.oga=00;36:*.opus=00;36:*.spx=00;36:*.xspf=00;36:*~=00;90:*#=00;90:*.bak=00;90:*.crdownload=00;90:*.dpkg-dist=00;90:*.dpkg-new=00;90:*.dpkg-old=00;90:*.dpkg-tmp=00;90:*.old=00;90:*.orig=00;90:*.part=00;90:*.rej=00;90:*.rpmnew=00;90:*.rpmorig=00;90:*.rpmsave=00;90:*.swp=00;90:*.tmp=00;90:*.ucf-dist=00;90:*.ucf-new=00;90:*.ucf-old=00;90:', 'GNOME_TERMINAL_SERVICE': ':1.71', 'SSH_AUTH_SOCK': '/run/user/1000/keyring/ssh', 'XDG_GREETER_DATA_DIR': '/var/lib/lightdm-data/zenyn', 'AMENT_PREFIX_PATH': '/opt/ros/jazzy', 'SHELL': '/bin/bash', 'QT_ACCESSIBILITY': '1', 'GDMSESSION': 'cinnamon', 'LESSCLOSE': '/usr/bin/lesspipe %s %s', 'GPG_AGENT_INFO': '/run/user/1000/gnupg/S.gpg-agent:0:1', 'ROS_AUTOMATIC_DISCOVERY_RANGE': 'SUBNET', 'XDG_VTNR': '7', 'PWD': '/home/zenyn/Thrust-Control/build/thrust_control', 'LC_ALL': 'en_US.UTF-8', 'XDG_CONFIG_DIRS': '/etc/xdg/xdg-cinnamon:/etc/xdg', 'XDG_DATA_DIRS': '/usr/share/cinnamon:/usr/share/gnome:/usr/local/share:/usr/share:/var/lib/snapd/desktop', 'PYTHONPATH': '/opt/ros/jazzy/lib/python3.12/site-packages', 'COLCON': '1', 'VTE_VERSION': '7600', 'CMAKE_PREFIX_PATH': '/opt/ros/jazzy/opt/gz_math_vendor:/opt/ros/jazzy/opt/gz_utils_vendor:/opt/ros/jazzy/opt/gz_cmake_vendor:/opt/ros/jazzy'}), 'shell': False}
[0.076399] (thrust_control) StdoutLine: {'line': b'[ 33%] Built target controller_lib\n'}
[0.076669] (thrust_control) StdoutLine: {'line': b'[ 33%] Built target controller_codegenTest\n'}
[0.076793] (thrust_control) StdoutLine: {'line': b'[ 33%] Built target gtest\n'}
[0.076906] (thrust_control) StdoutLine: {'line': b'[ 33%] Built target PropulsionFunctions\n'}
[0.099775] (-) TimerEvent: {}
[0.101062] (thrust_control) StdoutLine: {'line': b'[ 38%] Built target gtest_main\n'}
[0.102871] (thrust_control) StdoutLine: {'line': b'[ 43%] Built target controller_test\n'}
[0.104043] (thrust_control) StdoutLine: {'line': b'[ 48%] Built target gmock\n'}
[0.118864] (thrust_control) StdoutLine: {'line': b'[ 51%] \x1b[32mBuilding CXX object CMakeFiles/thrust_control.dir/src/main.cpp.o\x1b[0m\n'}
[0.123432] (thrust_control) StdoutLine: {'line': b'[ 53%] \x1b[32mBuilding CXX object CMakeFiles/thrust_control.dir/src/thrust_control_node.cpp.o\x1b[0m\n'}
[0.125024] (thrust_control) StdoutLine: {'line': b'[ 56%] \x1b[32mBuilding CXX object CMakeFiles/thrust_control.dir/src/thrust_control_supervisor.cpp.o\x1b[0m\n'}
[0.140666] (thrust_control) StdoutLine: {'line': b'[ 58%] \x1b[32mBuilding CXX object CMakeFiles/test_thrust_control_node.dir/tests/test_thrust_control_node.cpp.o\x1b[0m\n'}
[0.145706] (thrust_control) StdoutLine: {'line': b'[ 61%] \x1b[32mBuilding CXX object CMakeFiles/test_thrust_control_node.dir/src/thrust_control_supervisor.cpp.o\x1b[0m\n'}
[0.146320] (thrust_control) StdoutLine: {'line': b'[ 64%] \x1b[32mBuilding CXX object CMakeFiles/test_thrust_control_node.dir/src/thrust_control_node.cpp.o\x1b[0m\n'}
[0.146831] (thrust_control) StdoutLine: {'line': b'[ 76%] Built target propulsion_test\n'}
[0.148758] (thrust_control) StdoutLine: {'line': b'[ 79%] \x1b[32mBuilding CXX object CMakeFiles/test_thrust_control_supervisor.dir/tests/test_thrust_control_supervisor.cpp.o\x1b[0m\n'}
[0.149403] (thrust_control) StdoutLine: {'line': b'[ 82%] \x1b[32mBuilding CXX object CMakeFiles/test_thrust_control_supervisor.dir/src/thrust_control_supervisor.cpp.o\x1b[0m\n'}
[0.149718] (thrust_control) StdoutLine: {'line': b'[ 87%] Built target gmock_main\n'}
[0.199927] (-) TimerEvent: {}
[0.300285] (-) TimerEvent: {}
[0.400622] (-) TimerEvent: {}
[0.463604] (thrust_control) StderrLine: {'line': b'\x1b[01m\x1b[K/home/zenyn/Thrust-Control/tests/test_thrust_control_node.cpp:7:10:\x1b[m\x1b[K \x1b[01;31m\x1b[Kfatal error: \x1b[m\x1b[K../include/Command-Interpreter/lib/Command_Interpreter.h: No such file or directory\n'}
[0.463877] (thrust_control) StderrLine: {'line': b'    7 | #include \x1b[01;31m\x1b[K"../include/Command-Interpreter/lib/Command_Interpreter.h"\x1b[m\x1b[K\n'}
[0.464000] (thrust_control) StderrLine: {'line': b'      |          \x1b[01;31m\x1b[K^~~~~~~~~~~~~~~~~~~~~~~~~~~~~~~~~~~~~~~~~~~~~~~~~~~~~~~~~~\x1b[m\x1b[K\n'}
[0.464109] (thrust_control) StderrLine: {'line': b'compilation terminated.\n'}
[0.469029] (thrust_control) StderrLine: {'line': b'\x1b[01m\x1b[K/home/zenyn/Thrust-Control/tests/test_thrust_control_supervisor.cpp:5:10:\x1b[m\x1b[K \x1b[01;31m\x1b[Kfatal error: \x1b[m\x1b[K../include/Command-Interpreter/lib/Command_Interpreter.h: No such file or directory\n'}
[0.469308] (thrust_control) StderrLine: {'line': b'    5 | #include \x1b[01;31m\x1b[K"../include/Command-Interpreter/lib/Command_Interpreter.h"\x1b[m\x1b[K\n'}
[0.469444] (thrust_control) StderrLine: {'line': b'      |          \x1b[01;31m\x1b[K^~~~~~~~~~~~~~~~~~~~~~~~~~~~~~~~~~~~~~~~~~~~~~~~~~~~~~~~~~\x1b[m\x1b[K\n'}
[0.469560] (thrust_control) StderrLine: {'line': b'compilation terminated.\n'}
[0.469764] (thrust_control) StderrLine: {'line': b'gmake[2]: *** [CMakeFiles/test_thrust_control_node.dir/build.make:76: CMakeFiles/test_thrust_control_node.dir/tests/test_thrust_control_node.cpp.o] Error 1\n'}
[0.469926] (thrust_control) StderrLine: {'line': b'gmake[2]: *** Waiting for unfinished jobs....\n'}
[0.472885] (thrust_control) StderrLine: {'line': b'gmake[2]: *** [CMakeFiles/test_thrust_control_supervisor.dir/build.make:76: CMakeFiles/test_thrust_control_supervisor.dir/tests/test_thrust_control_supervisor.cpp.o] Error 1\n'}
[0.473119] (thrust_control) StderrLine: {'line': b'gmake[2]: *** Waiting for unfinished jobs....\n'}
[0.500782] (-) TimerEvent: {}
[0.601131] (-) TimerEvent: {}
[0.701475] (-) TimerEvent: {}
[0.801820] (-) TimerEvent: {}
[0.902158] (-) TimerEvent: {}
[1.002475] (-) TimerEvent: {}
[1.102814] (-) TimerEvent: {}
[1.203159] (-) TimerEvent: {}
[1.303471] (-) TimerEvent: {}
[1.403778] (-) TimerEvent: {}
[1.504119] (-) TimerEvent: {}
[1.604476] (-) TimerEvent: {}
[1.704775] (-) TimerEvent: {}
[1.805110] (-) TimerEvent: {}
[1.808845] (thrust_control) StderrLine: {'line': b'\x1b[01m\x1b[K/home/zenyn/Thrust-Control/src/thrust_control_supervisor.cpp:\x1b[m\x1b[K In member function \xe2\x80\x98\x1b[01m\x1b[Kvoid thrust_control::ThrustControlSupervisor::\x1b[01;32m\x1b[Kfeed_forward_pwm\x1b[m\x1b[K()\x1b[m\x1b[K\xe2\x80\x99:\n'}
[1.809094] (thrust_control) StderrLine: {'line': b'\x1b[01m\x1b[K/home/zenyn/Thrust-Control/src/thrust_control_supervisor.cpp:49:33:\x1b[m\x1b[K \x1b[01;31m\x1b[Kerror: \x1b[m\x1b[Kcannot convert \xe2\x80\x98\x1b[01m\x1b[Kstd::array<int, 8>\x1b[m\x1b[K\xe2\x80\x99 to \xe2\x80\x98\x1b[01m\x1b[Kpwm_array\x1b[m\x1b[K\xe2\x80\x99\n'}
[1.809237] (thrust_control) StderrLine: {'line': b'   49 |   _interpreter->untimed_execute(\x1b[01;31m\x1b[K_manual_pwm\x1b[m\x1b[K);\n'}
[1.809385] (thrust_control) StderrLine: {'line': b'      |                                 \x1b[01;31m\x1b[K^~~~~~~~~~~\x1b[m\x1b[K\n'}
[1.809508] (thrust_control) StderrLine: {'line': b'      |                                 \x1b[01;31m\x1b[K|\x1b[m\x1b[K\n'}
[1.809635] (thrust_control) StderrLine: {'line': b'      |                                 \x1b[01;31m\x1b[Kstd::array<int, 8>\x1b[m\x1b[K\n'}
[1.809755] (thrust_control) StderrLine: {'line': b'In file included from \x1b[01m\x1b[K/home/zenyn/Thrust-Control/src/thrust_control_supervisor.hpp:9\x1b[m\x1b[K,\n'}
[1.809876] (thrust_control) StderrLine: {'line': b'                 from \x1b[01m\x1b[K/home/zenyn/Thrust-Control/src/thrust_control_supervisor.cpp:1\x1b[m\x1b[K:\n'}
[1.809991] (thrust_control) StderrLine: {'line': b'\x1b[01m\x1b[K/home/zenyn/Thrust-Control/src/../include/Command_Interpreter/src/Command_Interpreter.hpp:188:36:\x1b[m\x1b[K \x1b[01;36m\x1b[Knote: \x1b[m\x1b[K  initializing argument 1 of \xe2\x80\x98\x1b[01m\x1b[Kvoid Command_Interpreter_RPi5::\x1b[01;32m\x1b[Kuntimed_execute\x1b[m\x1b[K(pwm_array)\x1b[m\x1b[K\xe2\x80\x99\n'}
[1.810109] (thrust_control) StderrLine: {'line': b'  188 |     void untimed_execute(\x1b[01;36m\x1b[Kpwm_array thrusterPwms\x1b[m\x1b[K);\n'}
[1.810381] (thrust_control) StderrLine: {'line': b'      |                          \x1b[01;36m\x1b[K~~~~~~~~~~^~~~~~~~~~~~\x1b[m\x1b[K\n'}
[1.810564] (thrust_control) StderrLine: {'line': b'\x1b[01m\x1b[K/home/zenyn/Thrust-Control/src/thrust_control_supervisor.cpp:\x1b[m\x1b[K In member function \xe2\x80\x98\x1b[01m\x1b[Kvoid thrust_control::ThrustControlSupervisor::\x1b[01;32m\x1b[Kexecute_pwm\x1b[m\x1b[K(std::array<int, 8>)\x1b[m\x1b[K\xe2\x80\x99:\n'}
[1.810701] (thrust_control) StderrLine: {'line': b'\x1b[01m\x1b[K/home/zenyn/Thrust-Control/src/thrust_control_supervisor.cpp:87:35:\x1b[m\x1b[K \x1b[01;31m\x1b[Kerror: \x1b[m\x1b[Kcannot convert \xe2\x80\x98\x1b[01m\x1b[Kstd::array<int, 8>\x1b[m\x1b[K\xe2\x80\x99 to \xe2\x80\x98\x1b[01m\x1b[Kpwm_array\x1b[m\x1b[K\xe2\x80\x99\n'}
[1.810813] (thrust_control) StderrLine: {'line': b'   87 |     _interpreter->untimed_execute(\x1b[01;31m\x1b[Kpwm\x1b[m\x1b[K);\n'}
[1.810934] (thrust_control) StderrLine: {'line': b'      |                                   \x1b[01;31m\x1b[K^~~\x1b[m\x1b[K\n'}
[1.811075] (thrust_control) StderrLine: {'line': b'      |                                   \x1b[01;31m\x1b[K|\x1b[m\x1b[K\n'}
[1.811186] (thrust_control) StderrLine: {'line': b'      |                                   \x1b[01;31m\x1b[Kstd::array<int, 8>\x1b[m\x1b[K\n'}
[1.811306] (thrust_control) StderrLine: {'line': b'\x1b[01m\x1b[K/home/zenyn/Thrust-Control/src/../include/Command_Interpreter/src/Command_Interpreter.hpp:188:36:\x1b[m\x1b[K \x1b[01;36m\x1b[Knote: \x1b[m\x1b[K  initializing argument 1 of \xe2\x80\x98\x1b[01m\x1b[Kvoid Command_Interpreter_RPi5::\x1b[01;32m\x1b[Kuntimed_execute\x1b[m\x1b[K(pwm_array)\x1b[m\x1b[K\xe2\x80\x99\n'}
[1.811430] (thrust_control) StderrLine: {'line': b'  188 |     void untimed_execute(\x1b[01;36m\x1b[Kpwm_array thrusterPwms\x1b[m\x1b[K);\n'}
[1.811538] (thrust_control) StderrLine: {'line': b'      |                          \x1b[01;36m\x1b[K~~~~~~~~~~^~~~~~~~~~~~\x1b[m\x1b[K\n'}
[1.905271] (-) TimerEvent: {}
[2.005573] (-) TimerEvent: {}
[2.105911] (-) TimerEvent: {}
[2.206265] (-) TimerEvent: {}
[2.284230] (thrust_control) StderrLine: {'line': b'gmake[2]: *** [CMakeFiles/thrust_control.dir/build.make:104: CMakeFiles/thrust_control.dir/src/thrust_control_supervisor.cpp.o] Error 1\n'}
[2.284484] (thrust_control) StderrLine: {'line': b'gmake[2]: *** Waiting for unfinished jobs....\n'}
[2.306408] (-) TimerEvent: {}
[2.406749] (-) TimerEvent: {}
[2.480699] (thrust_control) StderrLine: {'line': b'\x1b[01m\x1b[K/home/zenyn/Thrust-Control/src/thrust_control_supervisor.cpp:\x1b[m\x1b[K In member function \xe2\x80\x98\x1b[01m\x1b[Kvoid thrust_control::ThrustControlSupervisor::\x1b[01;32m\x1b[Kfeed_forward_pwm\x1b[m\x1b[K()\x1b[m\x1b[K\xe2\x80\x99:\n'}
[2.480929] (thrust_control) StderrLine: {'line': b'\x1b[01m\x1b[K/home/zenyn/Thrust-Control/src/thrust_control_supervisor.cpp:49:33:\x1b[m\x1b[K \x1b[01;31m\x1b[Kerror: \x1b[m\x1b[Kcannot convert \xe2\x80\x98\x1b[01m\x1b[Kstd::array<int, 8>\x1b[m\x1b[K\xe2\x80\x99 to \xe2\x80\x98\x1b[01m\x1b[Kpwm_array\x1b[m\x1b[K\xe2\x80\x99\n'}
[2.481063] (thrust_control) StderrLine: {'line': b'   49 |   _interpreter->untimed_execute(\x1b[01;31m\x1b[K_manual_pwm\x1b[m\x1b[K);\n'}
[2.481166] (thrust_control) StderrLine: {'line': b'      |                                 \x1b[01;31m\x1b[K^~~~~~~~~~~\x1b[m\x1b[K\n'}
[2.481279] (thrust_control) StderrLine: {'line': b'      |                                 \x1b[01;31m\x1b[K|\x1b[m\x1b[K\n'}
[2.481391] (thrust_control) StderrLine: {'line': b'      |                                 \x1b[01;31m\x1b[Kstd::array<int, 8>\x1b[m\x1b[K\n'}
[2.481491] (thrust_control) StderrLine: {'line': b'In file included from \x1b[01m\x1b[K/home/zenyn/Thrust-Control/src/thrust_control_supervisor.hpp:9\x1b[m\x1b[K,\n'}
[2.481599] (thrust_control) StderrLine: {'line': b'                 from \x1b[01m\x1b[K/home/zenyn/Thrust-Control/src/thrust_control_supervisor.cpp:1\x1b[m\x1b[K:\n'}
[2.481703] (thrust_control) StderrLine: {'line': b'\x1b[01m\x1b[K/home/zenyn/Thrust-Control/src/../include/Command_Interpreter/src/Command_Interpreter.hpp:188:36:\x1b[m\x1b[K \x1b[01;36m\x1b[Knote: \x1b[m\x1b[K  initializing argument 1 of \xe2\x80\x98\x1b[01m\x1b[Kvoid Command_Interpreter_RPi5::\x1b[01;32m\x1b[Kuntimed_execute\x1b[m\x1b[K(pwm_array)\x1b[m\x1b[K\xe2\x80\x99\n'}
[2.481813] (thrust_control) StderrLine: {'line': b'  188 |     void untimed_execute(\x1b[01;36m\x1b[Kpwm_array thrusterPwms\x1b[m\x1b[K);\n'}
[2.481919] (thrust_control) StderrLine: {'line': b'      |                          \x1b[01;36m\x1b[K~~~~~~~~~~^~~~~~~~~~~~\x1b[m\x1b[K\n'}
[2.482177] (thrust_control) StderrLine: {'line': b'\x1b[01m\x1b[K/home/zenyn/Thrust-Control/src/thrust_control_supervisor.cpp:\x1b[m\x1b[K In member function \xe2\x80\x98\x1b[01m\x1b[Kvoid thrust_control::ThrustControlSupervisor::\x1b[01;32m\x1b[Kexecute_pwm\x1b[m\x1b[K(std::array<int, 8>)\x1b[m\x1b[K\xe2\x80\x99:\n'}
[2.482305] (thrust_control) StderrLine: {'line': b'\x1b[01m\x1b[K/home/zenyn/Thrust-Control/src/thrust_control_supervisor.cpp:87:35:\x1b[m\x1b[K \x1b[01;31m\x1b[Kerror: \x1b[m\x1b[Kcannot convert \xe2\x80\x98\x1b[01m\x1b[Kstd::array<int, 8>\x1b[m\x1b[K\xe2\x80\x99 to \xe2\x80\x98\x1b[01m\x1b[Kpwm_array\x1b[m\x1b[K\xe2\x80\x99\n'}
[2.482418] (thrust_control) StderrLine: {'line': b'   87 |     _interpreter->untimed_execute(\x1b[01;31m\x1b[Kpwm\x1b[m\x1b[K);\n'}
[2.482517] (thrust_control) StderrLine: {'line': b'      |                                   \x1b[01;31m\x1b[K^~~\x1b[m\x1b[K\n'}
[2.482615] (thrust_control) StderrLine: {'line': b'      |                                   \x1b[01;31m\x1b[K|\x1b[m\x1b[K\n'}
[2.482710] (thrust_control) StderrLine: {'line': b'      |                                   \x1b[01;31m\x1b[Kstd::array<int, 8>\x1b[m\x1b[K\n'}
[2.482807] (thrust_control) StderrLine: {'line': b'\x1b[01m\x1b[K/home/zenyn/Thrust-Control/src/../include/Command_Interpreter/src/Command_Interpreter.hpp:188:36:\x1b[m\x1b[K \x1b[01;36m\x1b[Knote: \x1b[m\x1b[K  initializing argument 1 of \xe2\x80\x98\x1b[01m\x1b[Kvoid Command_Interpreter_RPi5::\x1b[01;32m\x1b[Kuntimed_execute\x1b[m\x1b[K(pwm_array)\x1b[m\x1b[K\xe2\x80\x99\n'}
[2.482908] (thrust_control) StderrLine: {'line': b'  188 |     void untimed_execute(\x1b[01;36m\x1b[Kpwm_array thrusterPwms\x1b[m\x1b[K);\n'}
[2.483006] (thrust_control) StderrLine: {'line': b'      |                          \x1b[01;36m\x1b[K~~~~~~~~~~^~~~~~~~~~~~\x1b[m\x1b[K\n'}
[2.506906] (-) TimerEvent: {}
[2.607248] (-) TimerEvent: {}
[2.707598] (-) TimerEvent: {}
[2.807943] (-) TimerEvent: {}
[2.908313] (-) TimerEvent: {}
[2.966342] (thrust_control) StderrLine: {'line': b'gmake[2]: *** [CMakeFiles/test_thrust_control_supervisor.dir/build.make:104: CMakeFiles/test_thrust_control_supervisor.dir/src/thrust_control_supervisor.cpp.o] Error 1\n'}
[2.966744] (thrust_control) StderrLine: {'line': b'gmake[1]: *** [CMakeFiles/Makefile2:324: CMakeFiles/test_thrust_control_supervisor.dir/all] Error 2\n'}
[2.966903] (thrust_control) StderrLine: {'line': b'gmake[1]: *** Waiting for unfinished jobs....\n'}
[3.008459] (-) TimerEvent: {}
[3.108761] (-) TimerEvent: {}
[3.209104] (-) TimerEvent: {}
[3.309386] (-) TimerEvent: {}
[3.345898] (thrust_control) StderrLine: {'line': b'\x1b[01m\x1b[K/home/zenyn/Thrust-Control/src/thrust_control_supervisor.cpp:\x1b[m\x1b[K In member function \xe2\x80\x98\x1b[01m\x1b[Kvoid thrust_control::ThrustControlSupervisor::\x1b[01;32m\x1b[Kfeed_forward_pwm\x1b[m\x1b[K()\x1b[m\x1b[K\xe2\x80\x99:\n'}
[3.346133] (thrust_control) StderrLine: {'line': b'\x1b[01m\x1b[K/home/zenyn/Thrust-Control/src/thrust_control_supervisor.cpp:49:33:\x1b[m\x1b[K \x1b[01;31m\x1b[Kerror: \x1b[m\x1b[Kcannot convert \xe2\x80\x98\x1b[01m\x1b[Kstd::array<int, 8>\x1b[m\x1b[K\xe2\x80\x99 to \xe2\x80\x98\x1b[01m\x1b[Kpwm_array\x1b[m\x1b[K\xe2\x80\x99\n'}
[3.346244] (thrust_control) StderrLine: {'line': b'   49 |   _interpreter->untimed_execute(\x1b[01;31m\x1b[K_manual_pwm\x1b[m\x1b[K);\n'}
[3.346367] (thrust_control) StderrLine: {'line': b'      |                                 \x1b[01;31m\x1b[K^~~~~~~~~~~\x1b[m\x1b[K\n'}
[3.346468] (thrust_control) StderrLine: {'line': b'      |                                 \x1b[01;31m\x1b[K|\x1b[m\x1b[K\n'}
[3.346565] (thrust_control) StderrLine: {'line': b'      |                                 \x1b[01;31m\x1b[Kstd::array<int, 8>\x1b[m\x1b[K\n'}
[3.346678] (thrust_control) StderrLine: {'line': b'In file included from \x1b[01m\x1b[K/home/zenyn/Thrust-Control/src/thrust_control_supervisor.hpp:9\x1b[m\x1b[K,\n'}
[3.346775] (thrust_control) StderrLine: {'line': b'                 from \x1b[01m\x1b[K/home/zenyn/Thrust-Control/src/thrust_control_supervisor.cpp:1\x1b[m\x1b[K:\n'}
[3.346878] (thrust_control) StderrLine: {'line': b'\x1b[01m\x1b[K/home/zenyn/Thrust-Control/src/../include/Command_Interpreter/src/Command_Interpreter.hpp:188:36:\x1b[m\x1b[K \x1b[01;36m\x1b[Knote: \x1b[m\x1b[K  initializing argument 1 of \xe2\x80\x98\x1b[01m\x1b[Kvoid Command_Interpreter_RPi5::\x1b[01;32m\x1b[Kuntimed_execute\x1b[m\x1b[K(pwm_array)\x1b[m\x1b[K\xe2\x80\x99\n'}
[3.346977] (thrust_control) StderrLine: {'line': b'  188 |     void untimed_execute(\x1b[01;36m\x1b[Kpwm_array thrusterPwms\x1b[m\x1b[K);\n'}
[3.347070] (thrust_control) StderrLine: {'line': b'      |                          \x1b[01;36m\x1b[K~~~~~~~~~~^~~~~~~~~~~~\x1b[m\x1b[K\n'}
[3.347617] (thrust_control) StderrLine: {'line': b'\x1b[01m\x1b[K/home/zenyn/Thrust-Control/src/thrust_control_supervisor.cpp:\x1b[m\x1b[K In member function \xe2\x80\x98\x1b[01m\x1b[Kvoid thrust_control::ThrustControlSupervisor::\x1b[01;32m\x1b[Kexecute_pwm\x1b[m\x1b[K(std::array<int, 8>)\x1b[m\x1b[K\xe2\x80\x99:\n'}
[3.347786] (thrust_control) StderrLine: {'line': b'\x1b[01m\x1b[K/home/zenyn/Thrust-Control/src/thrust_control_supervisor.cpp:87:35:\x1b[m\x1b[K \x1b[01;31m\x1b[Kerror: \x1b[m\x1b[Kcannot convert \xe2\x80\x98\x1b[01m\x1b[Kstd::array<int, 8>\x1b[m\x1b[K\xe2\x80\x99 to \xe2\x80\x98\x1b[01m\x1b[Kpwm_array\x1b[m\x1b[K\xe2\x80\x99\n'}
[3.347894] (thrust_control) StderrLine: {'line': b'   87 |     _interpreter->untimed_execute(\x1b[01;31m\x1b[Kpwm\x1b[m\x1b[K);\n'}
[3.347994] (thrust_control) StderrLine: {'line': b'      |                                   \x1b[01;31m\x1b[K^~~\x1b[m\x1b[K\n'}
[3.348102] (thrust_control) StderrLine: {'line': b'      |                                   \x1b[01;31m\x1b[K|\x1b[m\x1b[K\n'}
[3.348197] (thrust_control) StderrLine: {'line': b'      |                                   \x1b[01;31m\x1b[Kstd::array<int, 8>\x1b[m\x1b[K\n'}
[3.348303] (thrust_control) StderrLine: {'line': b'\x1b[01m\x1b[K/home/zenyn/Thrust-Control/src/../include/Command_Interpreter/src/Command_Interpreter.hpp:188:36:\x1b[m\x1b[K \x1b[01;36m\x1b[Knote: \x1b[m\x1b[K  initializing argument 1 of \xe2\x80\x98\x1b[01m\x1b[Kvoid Command_Interpreter_RPi5::\x1b[01;32m\x1b[Kuntimed_execute\x1b[m\x1b[K(pwm_array)\x1b[m\x1b[K\xe2\x80\x99\n'}
[3.348405] (thrust_control) StderrLine: {'line': b'  188 |     void untimed_execute(\x1b[01;36m\x1b[Kpwm_array thrusterPwms\x1b[m\x1b[K);\n'}
[3.348499] (thrust_control) StderrLine: {'line': b'      |                          \x1b[01;36m\x1b[K~~~~~~~~~~^~~~~~~~~~~~\x1b[m\x1b[K\n'}
[3.409531] (-) TimerEvent: {}
[3.509852] (-) TimerEvent: {}
[3.610177] (-) TimerEvent: {}
[3.710477] (-) TimerEvent: {}
[3.810763] (-) TimerEvent: {}
[3.911091] (-) TimerEvent: {}
[4.011357] (-) TimerEvent: {}
[4.111639] (-) TimerEvent: {}
[4.211977] (-) TimerEvent: {}
[4.226634] (thrust_control) StderrLine: {'line': b'gmake[2]: *** [CMakeFiles/test_thrust_control_node.dir/build.make:104: CMakeFiles/test_thrust_control_node.dir/src/thrust_control_supervisor.cpp.o] Error 1\n'}
[4.312207] (-) TimerEvent: {}
[4.412642] (-) TimerEvent: {}
[4.512983] (-) TimerEvent: {}
[4.613407] (-) TimerEvent: {}
[4.713734] (-) TimerEvent: {}
[4.814147] (-) TimerEvent: {}
[4.914446] (-) TimerEvent: {}
[5.014763] (-) TimerEvent: {}
[5.115033] (-) TimerEvent: {}
[5.215297] (-) TimerEvent: {}
[5.315540] (-) TimerEvent: {}
[5.415827] (-) TimerEvent: {}
[5.516151] (-) TimerEvent: {}
[5.616428] (-) TimerEvent: {}
[5.716689] (-) TimerEvent: {}
[5.816954] (-) TimerEvent: {}
[5.917249] (-) TimerEvent: {}
[6.017508] (-) TimerEvent: {}
[6.117773] (-) TimerEvent: {}
[6.218071] (-) TimerEvent: {}
[6.318310] (-) TimerEvent: {}
[6.418693] (-) TimerEvent: {}
[6.519110] (-) TimerEvent: {}
[6.619524] (-) TimerEvent: {}
[6.683815] (thrust_control) StderrLine: {'line': b'gmake[1]: *** [CMakeFiles/Makefile2:266: CMakeFiles/thrust_control.dir/all] Error 2\n'}
[6.719620] (-) TimerEvent: {}
[6.820016] (-) TimerEvent: {}
[6.920429] (-) TimerEvent: {}
[6.996009] (thrust_control) StderrLine: {'line': b'gmake[1]: *** [CMakeFiles/Makefile2:295: CMakeFiles/test_thrust_control_node.dir/all] Error 2\n'}
[6.996400] (thrust_control) StderrLine: {'line': b'gmake: *** [Makefile:146: all] Error 2\n'}
[6.998070] (thrust_control) CommandEnded: {'returncode': 2}
[7.003405] (thrust_control) JobEnded: {'identifier': 'thrust_control', 'rc': 2}
[7.013924] (-) EventReactorShutdown: {}
