[ 33%] [32mBuilding CXX object CMakeFiles/thrust_control.dir/thrust_control_node.cpp.o[0m
[01m[K/home/zenyn/Thrust-Control/thrust_control_node.cpp:[m[K In constructor â€˜[01m[Kthrust_control::ThrustControlNode::[01;32m[KThrustControlNode[m[K()[m[Kâ€™:
[01m[K/home/zenyn/Thrust-Control/thrust_control_node.cpp:7:29:[m[K [01;31m[Kerror: [m[Kno matching function for call to â€˜[01m[Kthrust_control::ThrustControlSupervisor::ThrustControlSupervisor()[m[Kâ€™
    7 | : Node("thrust_control_node"[01;31m[K)[m[K
      |                             [01;31m[K^[m[K
In file included from [01m[K/home/zenyn/Thrust-Control/thrust_control_node.hpp:9[m[K,
                 from [01m[K/home/zenyn/Thrust-Control/thrust_control_node.cpp:1[m[K:
[01m[K/home/zenyn/Thrust-Control/thrust_control_supervisor.hpp:17:12:[m[K [01;36m[Knote: [m[Kcandidate: â€˜[01m[Kthrust_control::ThrustControlSupervisor::[01;32m[KThrustControlSupervisor[m[K(rclcpp::Logger)[m[Kâ€™
   17 |   explicit [01;36m[KThrustControlSupervisor[m[K(rclcpp::Logger logger);
      |            [01;36m[K^~~~~~~~~~~~~~~~~~~~~~~[m[K
[01m[K/home/zenyn/Thrust-Control/thrust_control_supervisor.hpp:17:12:[m[K [01;36m[Knote: [m[K  candidate expects 1 argument, 0 provided
[01m[K/home/zenyn/Thrust-Control/thrust_control_supervisor.hpp:13:7:[m[K [01;36m[Knote: [m[Kcandidate: â€˜[01m[Kthrust_control::ThrustControlSupervisor::[01;32m[KThrustControlSupervisor[m[K(const thrust_control::ThrustControlSupervisor&)[m[Kâ€™
   13 | class [01;36m[KThrustControlSupervisor[m[K
      |       [01;36m[K^~~~~~~~~~~~~~~~~~~~~~~[m[K
[01m[K/home/zenyn/Thrust-Control/thrust_control_supervisor.hpp:13:7:[m[K [01;36m[Knote: [m[K  candidate expects 1 argument, 0 provided
[01m[K/home/zenyn/Thrust-Control/thrust_control_supervisor.hpp:13:7:[m[K [01;36m[Knote: [m[Kcandidate: â€˜[01m[Kthrust_control::ThrustControlSupervisor::[01;32m[KThrustControlSupervisor[m[K(thrust_control::ThrustControlSupervisor&&)[m[Kâ€™
[01m[K/home/zenyn/Thrust-Control/thrust_control_supervisor.hpp:13:7:[m[K [01;36m[Knote: [m[K  candidate expects 1 argument, 0 provided
gmake[2]: *** [CMakeFiles/thrust_control.dir/build.make:76: CMakeFiles/thrust_control.dir/thrust_control_node.cpp.o] Error 1
gmake[1]: *** [CMakeFiles/Makefile2:137: CMakeFiles/thrust_control.dir/all] Error 2
gmake: *** [Makefile:146: all] Error 2
