-- Project setup complete
-- Run 'make' to build the project
-- Run 'ctest' to execute the tests
-- Found ament_cmake: 2.5.3 (/opt/ros/jazzy/share/ament_cmake/cmake)
-- Found rclcpp: 28.1.8 (/opt/ros/jazzy/share/rclcpp/cmake)
-- Found rosidl_generator_c: 4.6.5 (/opt/ros/jazzy/share/rosidl_generator_c/cmake)
-- Found rosidl_generator_cpp: 4.6.5 (/opt/ros/jazzy/share/rosidl_generator_cpp/cmake)
-- Using all available rosidl_typesupport_c: rosidl_typesupport_fastrtps_c;rosidl_typesupport_introspection_c
-- Using all available rosidl_typesupport_cpp: rosidl_typesupport_fastrtps_cpp;rosidl_typesupport_introspection_cpp
-- Found rmw_implementation_cmake: 7.3.2 (/opt/ros/jazzy/share/rmw_implementation_cmake/cmake)
-- Found rmw_fastrtps_cpp: 8.4.2 (/opt/ros/jazzy/share/rmw_fastrtps_cpp/cmake)
-- Using RMW implementation 'rmw_fastrtps_cpp' as default
-- Found std_msgs: 5.3.6 (/opt/ros/jazzy/share/std_msgs/cmake)
-- Found ament_lint_auto: 0.17.2 (/opt/ros/jazzy/share/ament_lint_auto/cmake)
-- Added test 'copyright' to check source files copyright and LICENSE
-- Added test 'cppcheck' to perform static code analysis on C / C++ code
-- Configured cppcheck include dirs: /home/zenyn/Thrust-Control/src;/home/zenyn/Thrust-Control/Command-Interpreter/lib
-- Configured cppcheck exclude dirs and/or files: 
-- Added test 'cpplint' to check C / C++ code against the Google style
-- Configured cpplint exclude dirs and/or files: 
-- Added test 'flake8' to check Python code syntax and style conventions
-- Configured 'flake8' exclude dirs and/or files: 
-- Added test 'lint_cmake' to check CMake code style
-- Added test 'pep257' to check Python code against some of the docstring style conventions in PEP 257
-- Added test 'uncrustify' to check C / C++ code style
-- Configured uncrustify additional arguments: 
-- Added test 'xmllint' to check XML markup files
-- Configuring done (0.9s)
-- Generating done (0.0s)
-- Build files have been written to: /home/zenyn/Thrust-Control/build/thrust_control
[ 10%] Built target PropulsionFunctions
[ 15%] Built target gtest
[ 25%] Built target controller_codegenTest
[ 33%] Built target controller_lib
[ 35%] [32mBuilding CXX object CMakeFiles/thrust_control.dir/src/main.cpp.o[0m
[ 38%] [32mBuilding CXX object CMakeFiles/thrust_control.dir/src/thrust_control_supervisor.cpp.o[0m
[ 41%] [32mBuilding CXX object CMakeFiles/thrust_control.dir/src/thrust_control_node.cpp.o[0m
[ 43%] [32mBuilding CXX object _deps/googletest-build/googletest/CMakeFiles/gtest_main.dir/src/gtest_main.cc.o[0m
[ 46%] [32mBuilding CXX object _deps/googletest-build/googlemock/CMakeFiles/gmock.dir/src/gmock-all.cc.o[0m
[ 48%] [32mBuilding CXX object include/exported-PID-control/test/CMakeFiles/controller_test.dir/controller_test.cpp.o[0m
In file included from [01m[K/home/zenyn/Thrust-Control/src/thrust_control_node.hpp:13[m[K,
                 from [01m[K/home/zenyn/Thrust-Control/src/thrust_control_node.cpp:1[m[K:
[01m[K/home/zenyn/Thrust-Control/src/thrust_control_supervisor.hpp:9:10:[m[K [01;31m[Kfatal error: [m[K../Command-Interpreter/lib/Command_Interpreter.h: No such file or directory
    9 | #include [01;31m[K"../Command-Interpreter/lib/Command_Interpreter.h"[m[K
      |          [01;31m[K^~~~~~~~~~~~~~~~~~~~~~~~~~~~~~~~~~~~~~~~~~~~~~~~~~[m[K
compilation terminated.
gmake[2]: *** [CMakeFiles/thrust_control.dir/build.make:90: CMakeFiles/thrust_control.dir/src/thrust_control_node.cpp.o] Error 1
gmake[2]: *** Waiting for unfinished jobs....
In file included from [01m[K/home/zenyn/Thrust-Control/src/thrust_control_node.hpp:13[m[K,
                 from [01m[K/home/zenyn/Thrust-Control/src/main.cpp:1[m[K:
[01m[K/home/zenyn/Thrust-Control/src/thrust_control_supervisor.hpp:9:10:[m[K [01;31m[Kfatal error: [m[K../Command-Interpreter/lib/Command_Interpreter.h: No such file or directory
    9 | #include [01;31m[K"../Command-Interpreter/lib/Command_Interpreter.h"[m[K
      |          [01;31m[K^~~~~~~~~~~~~~~~~~~~~~~~~~~~~~~~~~~~~~~~~~~~~~~~~~[m[K
compilation terminated.
In file included from [01m[K/home/zenyn/Thrust-Control/src/thrust_control_supervisor.cpp:1[m[K:
[01m[K/home/zenyn/Thrust-Control/src/thrust_control_supervisor.hpp:9:10:[m[K [01;31m[Kfatal error: [m[K../Command-Interpreter/lib/Command_Interpreter.h: No such file or directory
    9 | #include [01;31m[K"../Command-Interpreter/lib/Command_Interpreter.h"[m[K
      |          [01;31m[K^~~~~~~~~~~~~~~~~~~~~~~~~~~~~~~~~~~~~~~~~~~~~~~~~~[m[K
compilation terminated.
gmake[2]: *** [CMakeFiles/thrust_control.dir/build.make:76: CMakeFiles/thrust_control.dir/src/main.cpp.o] Error 1
gmake[2]: *** [CMakeFiles/thrust_control.dir/build.make:104: CMakeFiles/thrust_control.dir/src/thrust_control_supervisor.cpp.o] Error 1
gmake[1]: *** [CMakeFiles/Makefile2:266: CMakeFiles/thrust_control.dir/all] Error 2
gmake[1]: *** Waiting for unfinished jobs....
[ 51%] [32m[1mLinking CXX executable controller_test[0m
[ 53%] [32m[1mLinking CXX static library ../../../lib/libgtest_main.a[0m
[ 53%] Built target gtest_main
[ 53%] Built target controller_test
[ 56%] [32m[1mLinking CXX static library ../../../lib/libgmock.a[0m
[ 56%] Built target gmock
gmake: *** [Makefile:146: all] Error 2
