[0.009s] Invoking command in '/home/zenyn/Thrust-Control/build/thrust_control': CMAKE_PREFIX_PATH=${CMAKE_PREFIX_PATH}:/opt/ros/jazzy /usr/bin/cmake --build /home/zenyn/Thrust-Control/build/thrust_control -- -j12 -l12
[0.183s] -- Project setup complete
[0.184s] -- Run 'make' to build the project
[0.184s] -- Run 'ctest' to execute the tests
[0.184s] -- Found ament_cmake: 2.5.3 (/opt/ros/jazzy/share/ament_cmake/cmake)
[0.387s] -- Found rclcpp: 28.1.8 (/opt/ros/jazzy/share/rclcpp/cmake)
[0.406s] -- Found rosidl_generator_c: 4.6.5 (/opt/ros/jazzy/share/rosidl_generator_c/cmake)
[0.413s] -- Found rosidl_generator_cpp: 4.6.5 (/opt/ros/jazzy/share/rosidl_generator_cpp/cmake)
[0.421s] -- Using all available rosidl_typesupport_c: rosidl_typesupport_fastrtps_c;rosidl_typesupport_introspection_c
[0.431s] -- Using all available rosidl_typesupport_cpp: rosidl_typesupport_fastrtps_cpp;rosidl_typesupport_introspection_cpp
[0.476s] -- Found rmw_implementation_cmake: 7.3.2 (/opt/ros/jazzy/share/rmw_implementation_cmake/cmake)
[0.476s] -- Found rmw_fastrtps_cpp: 8.4.2 (/opt/ros/jazzy/share/rmw_fastrtps_cpp/cmake)
[0.545s] -- Using RMW implementation 'rmw_fastrtps_cpp' as default
[0.591s] -- Found std_msgs: 5.3.6 (/opt/ros/jazzy/share/std_msgs/cmake)
[0.601s] -- Found ament_lint_auto: 0.17.2 (/opt/ros/jazzy/share/ament_lint_auto/cmake)
[0.690s] -- Added test 'copyright' to check source files copyright and LICENSE
[0.757s] -- Added test 'cppcheck' to perform static code analysis on C / C++ code
[0.757s] -- Configured cppcheck include dirs: /home/zenyn/Thrust-Control/src;/home/zenyn/Thrust-Control/Command-Interpreter/lib
[0.757s] -- Configured cppcheck exclude dirs and/or files: 
[0.819s] -- Added test 'cpplint' to check C / C++ code against the Google style
[0.820s] -- Configured cpplint exclude dirs and/or files: 
[0.829s] -- Added test 'flake8' to check Python code syntax and style conventions
[0.829s] -- Configured 'flake8' exclude dirs and/or files: 
[0.846s] -- Added test 'lint_cmake' to check CMake code style
[0.855s] -- Added test 'pep257' to check Python code against some of the docstring style conventions in PEP 257
[0.918s] -- Added test 'uncrustify' to check C / C++ code style
[0.918s] -- Configured uncrustify additional arguments: 
[0.927s] -- Added test 'xmllint' to check XML markup files
[0.928s] -- Configuring done (0.9s)
[0.951s] -- Generating done (0.0s)
[0.958s] -- Build files have been written to: /home/zenyn/Thrust-Control/build/thrust_control
[1.008s] [ 10%] Built target PropulsionFunctions
[1.016s] [ 15%] Built target gtest
[1.017s] [ 25%] Built target controller_codegenTest
[1.017s] [ 33%] Built target controller_lib
[1.059s] [ 35%] [32mBuilding CXX object CMakeFiles/thrust_control.dir/src/main.cpp.o[0m
[1.063s] [ 38%] [32mBuilding CXX object CMakeFiles/thrust_control.dir/src/thrust_control_supervisor.cpp.o[0m
[1.064s] [ 41%] [32mBuilding CXX object CMakeFiles/thrust_control.dir/src/thrust_control_node.cpp.o[0m
[1.067s] [ 43%] [32mBuilding CXX object _deps/googletest-build/googletest/CMakeFiles/gtest_main.dir/src/gtest_main.cc.o[0m
[1.068s] [ 46%] [32mBuilding CXX object _deps/googletest-build/googlemock/CMakeFiles/gmock.dir/src/gmock-all.cc.o[0m
[1.069s] [ 48%] [32mBuilding CXX object include/exported-PID-control/test/CMakeFiles/controller_test.dir/controller_test.cpp.o[0m
[1.353s] In file included from [01m[K/home/zenyn/Thrust-Control/src/thrust_control_node.hpp:13[m[K,
[1.353s]                  from [01m[K/home/zenyn/Thrust-Control/src/thrust_control_node.cpp:1[m[K:
[1.353s] [01m[K/home/zenyn/Thrust-Control/src/thrust_control_supervisor.hpp:9:10:[m[K [01;31m[Kfatal error: [m[K../Command-Interpreter/lib/Command_Interpreter.h: No such file or directory
[1.353s]     9 | #include [01;31m[K"../Command-Interpreter/lib/Command_Interpreter.h"[m[K
[1.353s]       |          [01;31m[K^~~~~~~~~~~~~~~~~~~~~~~~~~~~~~~~~~~~~~~~~~~~~~~~~~[m[K
[1.353s] compilation terminated.
[1.359s] gmake[2]: *** [CMakeFiles/thrust_control.dir/build.make:90: CMakeFiles/thrust_control.dir/src/thrust_control_node.cpp.o] Error 1
[1.359s] gmake[2]: *** Waiting for unfinished jobs....
[1.379s] In file included from [01m[K/home/zenyn/Thrust-Control/src/thrust_control_node.hpp:13[m[K,
[1.379s]                  from [01m[K/home/zenyn/Thrust-Control/src/main.cpp:1[m[K:
[1.379s] [01m[K/home/zenyn/Thrust-Control/src/thrust_control_supervisor.hpp:9:10:[m[K [01;31m[Kfatal error: [m[K../Command-Interpreter/lib/Command_Interpreter.h: No such file or directory
[1.380s]     9 | #include [01;31m[K"../Command-Interpreter/lib/Command_Interpreter.h"[m[K
[1.380s]       |          [01;31m[K^~~~~~~~~~~~~~~~~~~~~~~~~~~~~~~~~~~~~~~~~~~~~~~~~~[m[K
[1.380s] compilation terminated.
[1.380s] In file included from [01m[K/home/zenyn/Thrust-Control/src/thrust_control_supervisor.cpp:1[m[K:
[1.380s] [01m[K/home/zenyn/Thrust-Control/src/thrust_control_supervisor.hpp:9:10:[m[K [01;31m[Kfatal error: [m[K../Command-Interpreter/lib/Command_Interpreter.h: No such file or directory
[1.380s]     9 | #include [01;31m[K"../Command-Interpreter/lib/Command_Interpreter.h"[m[K
[1.380s]       |          [01;31m[K^~~~~~~~~~~~~~~~~~~~~~~~~~~~~~~~~~~~~~~~~~~~~~~~~~[m[K
[1.380s] compilation terminated.
[1.382s] gmake[2]: *** [CMakeFiles/thrust_control.dir/build.make:76: CMakeFiles/thrust_control.dir/src/main.cpp.o] Error 1
[1.382s] gmake[2]: *** [CMakeFiles/thrust_control.dir/build.make:104: CMakeFiles/thrust_control.dir/src/thrust_control_supervisor.cpp.o] Error 1
[1.382s] gmake[1]: *** [CMakeFiles/Makefile2:266: CMakeFiles/thrust_control.dir/all] Error 2
[1.383s] gmake[1]: *** Waiting for unfinished jobs....
[1.753s] [ 51%] [32m[1mLinking CXX executable controller_test[0m
[1.802s] [ 53%] [32m[1mLinking CXX static library ../../../lib/libgtest_main.a[0m
[1.858s] [ 53%] Built target gtest_main
[1.872s] [ 53%] Built target controller_test
[2.385s] [ 56%] [32m[1mLinking CXX static library ../../../lib/libgmock.a[0m
[2.457s] [ 56%] Built target gmock
[2.459s] gmake: *** [Makefile:146: all] Error 2
[2.462s] Invoked command in '/home/zenyn/Thrust-Control/build/thrust_control' returned '2': CMAKE_PREFIX_PATH=${CMAKE_PREFIX_PATH}:/opt/ros/jazzy /usr/bin/cmake --build /home/zenyn/Thrust-Control/build/thrust_control -- -j12 -l12
