In file included from [01m[K/home/zenyn/Thrust-Control/Command-Interpreter/lib/Command_Interpreter.cpp:7[m[K:
[01m[K/home/zenyn/Thrust-Control/Command-Interpreter/lib/Command_Interpreter.h:[m[K In constructor â€˜[01m[KCommand_Interpreter_RPi5::[01;32m[KCommand_Interpreter_RPi5[m[K(std::vector<PwmPin*>, std::vector<DigitalPin*>, const WiringControl&, std::ostream&, std::ostream&, std::ostream&)[m[Kâ€™:
[01m[K/home/zenyn/Thrust-Control/Command-Interpreter/lib/Command_Interpreter.h:168:19:[m[K [01;31m[Kerror: [m[Kâ€˜[01m[KCommand_Interpreter_RPi5::errorLog[m[Kâ€™ will be initialized after [[01;31m[K]8;;https://gcc.gnu.org/onlinedocs/gcc/Warning-Options.html#index-Wreorder-Werror=reorder]8;;[m[K]
  168 |     std::ostream &[01;31m[KerrorLog[m[K;
      |                   [01;31m[K^~~~~~~~[m[K
[01m[K/home/zenyn/Thrust-Control/Command-Interpreter/lib/Command_Interpreter.h:167:19:[m[K [01;31m[Kerror: [m[K  â€˜[01m[Kstd::ostream& Command_Interpreter_RPi5::outLog[m[Kâ€™ [[01;31m[K]8;;https://gcc.gnu.org/onlinedocs/gcc/Warning-Options.html#index-Wreorder-Werror=reorder]8;;[m[K]
  167 |     std::ostream &[01;31m[KoutLog[m[K;
      |                   [01;31m[K^~~~~~[m[K
[01m[K/home/zenyn/Thrust-Control/Command-Interpreter/lib/Command_Interpreter.cpp:125:1:[m[K [01;31m[Kerror: [m[K  when initialized here [[01;31m[K]8;;https://gcc.gnu.org/onlinedocs/gcc/Warning-Options.html#index-Wreorder-Werror=reorder]8;;[m[K]
  125 | [01;31m[KCommand_Interpreter_RPi5[m[K::Command_Interpreter_RPi5(std::vector<PwmPin *> thrusterPins,
      | [01;31m[K^~~~~~~~~~~~~~~~~~~~~~~~[m[K
[01m[K/home/zenyn/Thrust-Control/Command-Interpreter/lib/Command_Interpreter.h:167:19:[m[K [01;31m[Kerror: [m[Kâ€˜[01m[KCommand_Interpreter_RPi5::outLog[m[Kâ€™ will be initialized after [[01;31m[K]8;;https://gcc.gnu.org/onlinedocs/gcc/Warning-Options.html#index-Wreorder-Werror=reorder]8;;[m[K]
  167 |     std::ostream &[01;31m[KoutLog[m[K;
      |                   [01;31m[K^~~~~~[m[K
[01m[K/home/zenyn/Thrust-Control/Command-Interpreter/lib/Command_Interpreter.h:166:19:[m[K [01;31m[Kerror: [m[K  â€˜[01m[Kstd::ostream& Command_Interpreter_RPi5::output[m[Kâ€™ [[01;31m[K]8;;https://gcc.gnu.org/onlinedocs/gcc/Warning-Options.html#index-Wreorder-Werror=reorder]8;;[m[K]
  166 |     std::ostream &[01;31m[Koutput[m[K;
      |                   [01;31m[K^~~~~~[m[K
[01m[K/home/zenyn/Thrust-Control/Command-Interpreter/lib/Command_Interpreter.cpp:125:1:[m[K [01;31m[Kerror: [m[K  when initialized here [[01;31m[K]8;;https://gcc.gnu.org/onlinedocs/gcc/Warning-Options.html#index-Wreorder-Werror=reorder]8;;[m[K]
  125 | [01;31m[KCommand_Interpreter_RPi5[m[K::Command_Interpreter_RPi5(std::vector<PwmPin *> thrusterPins,
      | [01;31m[K^~~~~~~~~~~~~~~~~~~~~~~~[m[K
[01m[K/home/zenyn/Thrust-Control/Command-Interpreter/lib/Wiring.cpp:[m[K In member function â€˜[01m[Kvoid WiringControl::[01;32m[KsetPinType[m[K(int, PinType)[m[Kâ€™:
[01m[K/home/zenyn/Thrust-Control/Command-Interpreter/lib/Wiring.cpp:70:61:[m[K [01;31m[Kerror: [m[Kmissing initializer for member â€˜[01m[KPwmPinStatus::dutyCycle[m[Kâ€™ [[01;31m[K]8;;https://gcc.gnu.org/onlinedocs/gcc/Warning-Options.html#index-Wmissing-field-initializers-Werror=missing-field-initializers]8;;[m[K]
   70 |             pwmPinStatuses[pinNumber] = PwmPinStatus{1500, 0[01;31m[K}[m[K;
      |                                                             [01;31m[K^[m[K
[01m[K/home/zenyn/Thrust-Control/Command-Interpreter/lib/Wiring.cpp:77:61:[m[K [01;31m[Kerror: [m[Kmissing initializer for member â€˜[01m[KPwmPinStatus::dutyCycle[m[Kâ€™ [[01;31m[K]8;;https://gcc.gnu.org/onlinedocs/gcc/Warning-Options.html#index-Wmissing-field-initializers-Werror=missing-field-initializers]8;;[m[K]
   77 |             pwmPinStatuses[pinNumber] = PwmPinStatus{1500, 0[01;31m[K}[m[K;
      |                                                             [01;31m[K^[m[K
cc1plus: all warnings being treated as errors
gmake[2]: *** [Command-Interpreter/CMakeFiles/PropulsionFunctions.dir/build.make:76: Command-Interpreter/CMakeFiles/PropulsionFunctions.dir/lib/Command_Interpreter.cpp.o] Error 1
gmake[2]: *** Waiting for unfinished jobs....
cc1plus: all warnings being treated as errors
gmake[2]: *** [Command-Interpreter/CMakeFiles/PropulsionFunctions.dir/build.make:90: Command-Interpreter/CMakeFiles/PropulsionFunctions.dir/lib/Wiring.cpp.o] Error 1
gmake[1]: *** [CMakeFiles/Makefile2:262: Command-Interpreter/CMakeFiles/PropulsionFunctions.dir/all] Error 2
gmake[1]: *** Waiting for unfinished jobs....
gmake: *** [Makefile:146: all] Error 2
