[0.007s] Invoking command in '/home/zenyn/Thrust-Control/build/thrust_control': CMAKE_PREFIX_PATH=${CMAKE_PREFIX_PATH}:/opt/ros/jazzy /usr/bin/cmake /home/zenyn/Thrust-Control -DCMAKE_INSTALL_PREFIX=/home/zenyn/Thrust-Control/install/thrust_control
[0.060s] -- The C compiler identification is GNU 13.3.0
[0.106s] -- The CXX compiler identification is GNU 13.3.0
[0.127s] -- Detecting C compiler ABI info
[0.244s] -- Detecting C compiler ABI info - done
[0.254s] -- Check for working C compiler: /usr/bin/cc - skipped
[0.254s] -- Detecting C compile features
[0.254s] -- Detecting C compile features - done
[0.264s] -- Detecting CXX compiler ABI info
[0.382s] -- Detecting CXX compiler ABI info - done
[0.395s] -- Check for working CXX compiler: /usr/bin/c++ - skipped
[0.395s] -- Detecting CXX compile features
[0.395s] -- Detecting CXX compile features - done
[0.397s] -- Found ament_cmake: 2.5.3 (/opt/ros/jazzy/share/ament_cmake/cmake)
[0.537s] -- Found Python3: /usr/bin/python3 (found version "3.12.3") found components: Interpreter 
[0.619s] -- Found rclcpp: 28.1.8 (/opt/ros/jazzy/share/rclcpp/cmake)
[0.652s] -- Found rosidl_generator_c: 4.6.5 (/opt/ros/jazzy/share/rosidl_generator_c/cmake)
[0.660s] -- Found rosidl_generator_cpp: 4.6.5 (/opt/ros/jazzy/share/rosidl_generator_cpp/cmake)
[0.670s] -- Using all available rosidl_typesupport_c: rosidl_typesupport_fastrtps_c;rosidl_typesupport_introspection_c
[0.681s] -- Using all available rosidl_typesupport_cpp: rosidl_typesupport_fastrtps_cpp;rosidl_typesupport_introspection_cpp
[0.733s] -- Found rmw_implementation_cmake: 7.3.2 (/opt/ros/jazzy/share/rmw_implementation_cmake/cmake)
[0.735s] -- Found rmw_fastrtps_cpp: 8.4.2 (/opt/ros/jazzy/share/rmw_fastrtps_cpp/cmake)
[0.818s] -- Found OpenSSL: /usr/lib/x86_64-linux-gnu/libcrypto.so (found version "3.0.13")  
[0.849s] -- Found FastRTPS: /opt/ros/jazzy/include (Required is at least version "2.13") 
[0.871s] -- Using RMW implementation 'rmw_fastrtps_cpp' as default
[0.922s] -- Found std_msgs: 5.3.6 (/opt/ros/jazzy/share/std_msgs/cmake)
[2.936s] -- Performing Test CMAKE_HAVE_LIBC_PTHREAD
[3.047s] -- Performing Test CMAKE_HAVE_LIBC_PTHREAD - Success
[3.048s] -- Found Threads: TRUE  
[3.059s] -- Found ament_lint_auto: 0.17.2 (/opt/ros/jazzy/share/ament_lint_auto/cmake)
[3.149s] -- Added test 'copyright' to check source files copyright and LICENSE
[3.191s] -- Added test 'cppcheck' to perform static code analysis on C / C++ code
[3.191s] -- Configured cppcheck include dirs: 
[3.191s] -- Configured cppcheck exclude dirs and/or files: 
[3.233s] -- Added test 'cpplint' to check C / C++ code against the Google style
[3.233s] -- Configured cpplint exclude dirs and/or files: 
[3.239s] -- Added test 'flake8' to check Python code syntax and style conventions
[3.239s] -- Configured 'flake8' exclude dirs and/or files: 
[3.249s] -- Added test 'lint_cmake' to check CMake code style
[3.255s] -- Added test 'pep257' to check Python code against some of the docstring style conventions in PEP 257
[3.296s] -- Added test 'uncrustify' to check C / C++ code style
[3.296s] -- Configured uncrustify additional arguments: 
[3.301s] -- Added test 'xmllint' to check XML markup files
[3.303s] -- Configuring done (3.3s)
[3.316s] -- Generating done (0.0s)
[3.320s] -- Build files have been written to: /home/zenyn/Thrust-Control/build/thrust_control
[3.329s] Invoked command in '/home/zenyn/Thrust-Control/build/thrust_control' returned '0': CMAKE_PREFIX_PATH=${CMAKE_PREFIX_PATH}:/opt/ros/jazzy /usr/bin/cmake /home/zenyn/Thrust-Control -DCMAKE_INSTALL_PREFIX=/home/zenyn/Thrust-Control/install/thrust_control
[3.330s] Invoking command in '/home/zenyn/Thrust-Control/build/thrust_control': CMAKE_PREFIX_PATH=${CMAKE_PREFIX_PATH}:/opt/ros/jazzy /usr/bin/cmake --build /home/zenyn/Thrust-Control/build/thrust_control -- -j12 -l12
[3.385s] [  4%] [32mBuilding CXX object Command-Interpreter/CMakeFiles/PropulsionFunctions.dir/lib/Command_Interpreter.cpp.o[0m
[3.385s] [  9%] [32mBuilding CXX object Command-Interpreter/CMakeFiles/PropulsionFunctions.dir/lib/Serial.cpp.o[0m
[3.388s] [ 18%] [32mBuilding CXX object Command-Interpreter/CMakeFiles/PropulsionFunctions.dir/lib/Wiring.cpp.o[0m
[3.388s] [ 18%] [32mBuilding CXX object _deps/googletest-build/googletest/CMakeFiles/gtest.dir/src/gtest-all.cc.o[0m
[3.594s] In file included from [01m[K/home/zenyn/Thrust-Control/Command-Interpreter/lib/Command_Interpreter.cpp:7[m[K:
[3.594s] [01m[K/home/zenyn/Thrust-Control/Command-Interpreter/lib/Command_Interpreter.h:[m[K In constructor â€˜[01m[KCommand_Interpreter_RPi5::[01;32m[KCommand_Interpreter_RPi5[m[K(std::vector<PwmPin*>, std::vector<DigitalPin*>, const WiringControl&, std::ostream&, std::ostream&, std::ostream&)[m[Kâ€™:
[3.594s] [01m[K/home/zenyn/Thrust-Control/Command-Interpreter/lib/Command_Interpreter.h:168:19:[m[K [01;31m[Kerror: [m[Kâ€˜[01m[KCommand_Interpreter_RPi5::errorLog[m[Kâ€™ will be initialized after [[01;31m[K]8;;https://gcc.gnu.org/onlinedocs/gcc/Warning-Options.html#index-Wreorder-Werror=reorder]8;;[m[K]
[3.595s]   168 |     std::ostream &[01;31m[KerrorLog[m[K;
[3.595s]       |                   [01;31m[K^~~~~~~~[m[K
[3.595s] [01m[K/home/zenyn/Thrust-Control/Command-Interpreter/lib/Command_Interpreter.h:167:19:[m[K [01;31m[Kerror: [m[K  â€˜[01m[Kstd::ostream& Command_Interpreter_RPi5::outLog[m[Kâ€™ [[01;31m[K]8;;https://gcc.gnu.org/onlinedocs/gcc/Warning-Options.html#index-Wreorder-Werror=reorder]8;;[m[K]
[3.595s]   167 |     std::ostream &[01;31m[KoutLog[m[K;
[3.595s]       |                   [01;31m[K^~~~~~[m[K
[3.595s] [01m[K/home/zenyn/Thrust-Control/Command-Interpreter/lib/Command_Interpreter.cpp:125:1:[m[K [01;31m[Kerror: [m[K  when initialized here [[01;31m[K]8;;https://gcc.gnu.org/onlinedocs/gcc/Warning-Options.html#index-Wreorder-Werror=reorder]8;;[m[K]
[3.595s]   125 | [01;31m[KCommand_Interpreter_RPi5[m[K::Command_Interpreter_RPi5(std::vector<PwmPin *> thrusterPins,
[3.595s]       | [01;31m[K^~~~~~~~~~~~~~~~~~~~~~~~[m[K
[3.595s] [01m[K/home/zenyn/Thrust-Control/Command-Interpreter/lib/Command_Interpreter.h:167:19:[m[K [01;31m[Kerror: [m[Kâ€˜[01m[KCommand_Interpreter_RPi5::outLog[m[Kâ€™ will be initialized after [[01;31m[K]8;;https://gcc.gnu.org/onlinedocs/gcc/Warning-Options.html#index-Wreorder-Werror=reorder]8;;[m[K]
[3.595s]   167 |     std::ostream &[01;31m[KoutLog[m[K;
[3.595s]       |                   [01;31m[K^~~~~~[m[K
[3.596s] [01m[K/home/zenyn/Thrust-Control/Command-Interpreter/lib/Command_Interpreter.h:166:19:[m[K [01;31m[Kerror: [m[K  â€˜[01m[Kstd::ostream& Command_Interpreter_RPi5::output[m[Kâ€™ [[01;31m[K]8;;https://gcc.gnu.org/onlinedocs/gcc/Warning-Options.html#index-Wreorder-Werror=reorder]8;;[m[K]
[3.596s]   166 |     std::ostream &[01;31m[Koutput[m[K;
[3.596s]       |                   [01;31m[K^~~~~~[m[K
[3.596s] [01m[K/home/zenyn/Thrust-Control/Command-Interpreter/lib/Command_Interpreter.cpp:125:1:[m[K [01;31m[Kerror: [m[K  when initialized here [[01;31m[K]8;;https://gcc.gnu.org/onlinedocs/gcc/Warning-Options.html#index-Wreorder-Werror=reorder]8;;[m[K]
[3.596s]   125 | [01;31m[KCommand_Interpreter_RPi5[m[K::Command_Interpreter_RPi5(std::vector<PwmPin *> thrusterPins,
[3.596s]       | [01;31m[K^~~~~~~~~~~~~~~~~~~~~~~~[m[K
[3.740s] [01m[K/home/zenyn/Thrust-Control/Command-Interpreter/lib/Wiring.cpp:[m[K In member function â€˜[01m[Kvoid WiringControl::[01;32m[KsetPinType[m[K(int, PinType)[m[Kâ€™:
[3.740s] [01m[K/home/zenyn/Thrust-Control/Command-Interpreter/lib/Wiring.cpp:70:61:[m[K [01;31m[Kerror: [m[Kmissing initializer for member â€˜[01m[KPwmPinStatus::dutyCycle[m[Kâ€™ [[01;31m[K]8;;https://gcc.gnu.org/onlinedocs/gcc/Warning-Options.html#index-Wmissing-field-initializers-Werror=missing-field-initializers]8;;[m[K]
[3.740s]    70 |             pwmPinStatuses[pinNumber] = PwmPinStatus{1500, 0[01;31m[K}[m[K;
[3.740s]       |                                                             [01;31m[K^[m[K
[3.741s] [01m[K/home/zenyn/Thrust-Control/Command-Interpreter/lib/Wiring.cpp:77:61:[m[K [01;31m[Kerror: [m[Kmissing initializer for member â€˜[01m[KPwmPinStatus::dutyCycle[m[Kâ€™ [[01;31m[K]8;;https://gcc.gnu.org/onlinedocs/gcc/Warning-Options.html#index-Wmissing-field-initializers-Werror=missing-field-initializers]8;;[m[K]
[3.741s]    77 |             pwmPinStatuses[pinNumber] = PwmPinStatus{1500, 0[01;31m[K}[m[K;
[3.741s]       |                                                             [01;31m[K^[m[K
[3.786s] cc1plus: all warnings being treated as errors
[3.791s] gmake[2]: *** [Command-Interpreter/CMakeFiles/PropulsionFunctions.dir/build.make:76: Command-Interpreter/CMakeFiles/PropulsionFunctions.dir/lib/Command_Interpreter.cpp.o] Error 1
[3.791s] gmake[2]: *** Waiting for unfinished jobs....
[3.905s] cc1plus: all warnings being treated as errors
[3.909s] gmake[2]: *** [Command-Interpreter/CMakeFiles/PropulsionFunctions.dir/build.make:90: Command-Interpreter/CMakeFiles/PropulsionFunctions.dir/lib/Wiring.cpp.o] Error 1
[3.909s] gmake[1]: *** [CMakeFiles/Makefile2:262: Command-Interpreter/CMakeFiles/PropulsionFunctions.dir/all] Error 2
[3.909s] gmake[1]: *** Waiting for unfinished jobs....
[5.878s] [ 22%] [32m[1mLinking CXX static library ../../../lib/libgtest.a[0m
[5.953s] [ 22%] Built target gtest
[5.954s] gmake: *** [Makefile:146: all] Error 2
[5.958s] Invoked command in '/home/zenyn/Thrust-Control/build/thrust_control' returned '2': CMAKE_PREFIX_PATH=${CMAKE_PREFIX_PATH}:/opt/ros/jazzy /usr/bin/cmake --build /home/zenyn/Thrust-Control/build/thrust_control -- -j12 -l12
