[0.009s] Invoking command in '/home/zenyn/Thrust-Control/build/thrust_control': CMAKE_PREFIX_PATH=${CMAKE_PREFIX_PATH}:/opt/ros/jazzy /usr/bin/cmake --build /home/zenyn/Thrust-Control/build/thrust_control -- -j12 -l12
[0.098s] [ 33%] [32mBuilding CXX object CMakeFiles/thrust_control.dir/thrust_control_supervisor.cpp.o[0m
[2.126s] [ 66%] [32m[1mLinking CXX executable thrust_control[0m
[2.318s] /usr/bin/ld: CMakeFiles/thrust_control.dir/thrust_control_supervisor.cpp.o: in function `thrust_control::ThrustControlSupervisor::process_pwm_command(std::array<int, 8ul>)':
[2.318s] thrust_control_supervisor.cpp:(.text+0x16a): undefined reference to `thrust_control::ThrustControlSupervisor::feed_forward_pwm(std::array<int, 8ul>)'
[2.318s] /usr/bin/ld: thrust_control_supervisor.cpp:(.text+0x1ba): undefined reference to `thrust_control::ThrustControlSupervisor::pid_pwm(std::array<int, 8ul>)'
[2.335s] collect2: error: ld returned 1 exit status
[2.337s] gmake[2]: *** [CMakeFiles/thrust_control.dir/build.make:187: thrust_control] Error 1
[2.337s] gmake[1]: *** [CMakeFiles/Makefile2:137: CMakeFiles/thrust_control.dir/all] Error 2
[2.337s] gmake: *** [Makefile:146: all] Error 2
[2.340s] Invoked command in '/home/zenyn/Thrust-Control/build/thrust_control' returned '2': CMAKE_PREFIX_PATH=${CMAKE_PREFIX_PATH}:/opt/ros/jazzy /usr/bin/cmake --build /home/zenyn/Thrust-Control/build/thrust_control -- -j12 -l12
