[  7%] Built target controller_test_lib
[ 15%] Built target controller_lib
[ 25%] Built target PropulsionFunctions
[ 30%] Built target gtest
[ 35%] Built target gtest_main
[ 40%] Built target controller_test
[ 45%] [32mBuilding CXX object CMakeFiles/thrust_control.dir/src/main.cpp.o[0m
[ 47%] Built target gmock
[ 50%] [32mBuilding CXX object CMakeFiles/thrust_control.dir/src/thrust_control_supervisor.cpp.o[0m
[ 52%] [32mBuilding CXX object CMakeFiles/thrust_control.dir/src/thrust_control_node.cpp.o[0m
[ 65%] Built target propulsion_test
[ 70%] Built target gmock_main
[ 72%] [32mBuilding CXX object CMakeFiles/test_thrust_control_supervisor.dir/src/thrust_control_supervisor.cpp.o[0m
[ 77%] [32mBuilding CXX object CMakeFiles/test_thrust_control_supervisor.dir/tests/test_thrust_control_supervisor.cpp.o[0m
[ 77%] [32mBuilding CXX object CMakeFiles/test_thrust_control_node.dir/src/thrust_control_supervisor.cpp.o[0m
[ 82%] [32mBuilding CXX object CMakeFiles/test_thrust_control_node.dir/src/command_queue.cpp.o[0m
[ 82%] [32mBuilding CXX object CMakeFiles/test_thrust_control_node.dir/src/thrust_control_node.cpp.o[0m
[ 85%] [32mBuilding CXX object CMakeFiles/test_thrust_control_supervisor.dir/src/command_queue.cpp.o[0m
[ 87%] [32mBuilding CXX object CMakeFiles/test_thrust_control_node.dir/tests/test_thrust_control_node.cpp.o[0m
In file included from [01m[K/usr/include/c++/13/memory:78[m[K,
                 from [01m[K/home/zenyn/Thrust-Control/src/supervisor_command.hpp:7[m[K,
                 from [01m[K/home/zenyn/Thrust-Control/src/command_queue.hpp:3[m[K,
                 from [01m[K/home/zenyn/Thrust-Control/src/command_queue.cpp:1[m[K:
/usr/include/c++/13/bits/unique_ptr.h: In instantiation of â€˜[01m[Kstd::__detail::__unique_ptr_t<_Tp> std::[01;32m[Kmake_unique[m[K(_Args&& ...) [35m[K[with _Tp = thrust_control::Timed_Command; _Args = {pwm_array, bool}; __detail::__unique_ptr_t<_Tp> = __detail::__unique_ptr_t<thrust_control::Timed_Command>][m[K[m[Kâ€™:
[01m[K/home/zenyn/Thrust-Control/src/command_queue.cpp:33:17:[m[K   required from here
[01m[K/usr/include/c++/13/bits/unique_ptr.h:1070:30:[m[K [01;31m[Kerror: [m[Kno matching function for call to â€˜[01m[Kthrust_control::Timed_Command::Timed_Command(pwm_array, bool)[m[Kâ€™
 1070 |     { return unique_ptr<_Tp>([01;31m[Knew _Tp(std::forward<_Args>(__args)...)[m[K); }
      |                              [01;31m[K^~~~~~~~~~~~~~~~~~~~~~~~~~~~~~~~~~~~~~~[m[K
[01m[K/home/zenyn/Thrust-Control/src/supervisor_command.hpp:44:4:[m[K [01;36m[Knote: [m[Kcandidate: â€˜[01m[Kthrust_control::Timed_Command::[01;32m[KTimed_Command[m[K(const pwm_array&, std::chrono::milliseconds, bool)[m[Kâ€™
   44 |    [01;36m[KTimed_Command[m[K(const pwm_array& pwm,
      |    [01;36m[K^~~~~~~~~~~~~[m[K
[01m[K/home/zenyn/Thrust-Control/src/supervisor_command.hpp:45:44:[m[K [01;36m[Knote: [m[K  no known conversion for argument 2 from â€˜[01m[Kbool[m[Kâ€™ to â€˜[01m[Kstd::chrono::milliseconds[m[Kâ€™ {aka â€˜[01m[Kstd::chrono::duration<long int, std::ratio<1, 1000> >[m[Kâ€™}
   45 |                  [01;36m[Kstd::chrono::milliseconds duration[m[K,
      |                  [01;36m[K~~~~~~~~~~~~~~~~~~~~~~~~~~^~~~~~~~[m[K
[01m[K/home/zenyn/Thrust-Control/src/supervisor_command.hpp:42:7:[m[K [01;36m[Knote: [m[Kcandidate: â€˜[01m[Kconstexpr thrust_control::Timed_Command::[01;32m[KTimed_Command[m[K(const thrust_control::Timed_Command&)[m[Kâ€™
   42 | class [01;36m[KTimed_Command[m[K : public SupervisorCommand {
      |       [01;36m[K^~~~~~~~~~~~~[m[K
[01m[K/home/zenyn/Thrust-Control/src/supervisor_command.hpp:42:7:[m[K [01;36m[Knote: [m[K  candidate expects 1 argument, 2 provided
[01m[K/home/zenyn/Thrust-Control/src/supervisor_command.hpp:42:7:[m[K [01;36m[Knote: [m[Kcandidate: â€˜[01m[Kconstexpr thrust_control::Timed_Command::[01;32m[KTimed_Command[m[K(thrust_control::Timed_Command&&)[m[Kâ€™
[01m[K/home/zenyn/Thrust-Control/src/supervisor_command.hpp:42:7:[m[K [01;36m[Knote: [m[K  candidate expects 1 argument, 2 provided
In file included from [01m[K/usr/include/c++/13/memory:78[m[K,
                 from [01m[K/home/zenyn/Thrust-Control/src/supervisor_command.hpp:7[m[K,
                 from [01m[K/home/zenyn/Thrust-Control/src/command_queue.hpp:3[m[K,
                 from [01m[K/home/zenyn/Thrust-Control/src/command_queue.cpp:1[m[K:
/usr/include/c++/13/bits/unique_ptr.h: In instantiation of â€˜[01m[Kstd::__detail::__unique_ptr_t<_Tp> std::[01;32m[Kmake_unique[m[K(_Args&& ...) [35m[K[with _Tp = thrust_control::Timed_Command; _Args = {pwm_array, bool}; __detail::__unique_ptr_t<_Tp> = __detail::__unique_ptr_t<thrust_control::Timed_Command>][m[K[m[Kâ€™:
[01m[K/home/zenyn/Thrust-Control/src/command_queue.cpp:33:17:[m[K   required from here
[01m[K/usr/include/c++/13/bits/unique_ptr.h:1070:30:[m[K [01;31m[Kerror: [m[Kno matching function for call to â€˜[01m[Kthrust_control::Timed_Command::Timed_Command(pwm_array, bool)[m[Kâ€™
 1070 |     { return unique_ptr<_Tp>([01;31m[Knew _Tp(std::forward<_Args>(__args)...)[m[K); }
      |                              [01;31m[K^~~~~~~~~~~~~~~~~~~~~~~~~~~~~~~~~~~~~~~[m[K
[01m[K/home/zenyn/Thrust-Control/src/supervisor_command.hpp:44:4:[m[K [01;36m[Knote: [m[Kcandidate: â€˜[01m[Kthrust_control::Timed_Command::[01;32m[KTimed_Command[m[K(const pwm_array&, std::chrono::milliseconds, bool)[m[Kâ€™
   44 |    [01;36m[KTimed_Command[m[K(const pwm_array& pwm,
      |    [01;36m[K^~~~~~~~~~~~~[m[K
[01m[K/home/zenyn/Thrust-Control/src/supervisor_command.hpp:45:44:[m[K [01;36m[Knote: [m[K  no known conversion for argument 2 from â€˜[01m[Kbool[m[Kâ€™ to â€˜[01m[Kstd::chrono::milliseconds[m[Kâ€™ {aka â€˜[01m[Kstd::chrono::duration<long int, std::ratio<1, 1000> >[m[Kâ€™}
   45 |                  [01;36m[Kstd::chrono::milliseconds duration[m[K,
      |                  [01;36m[K~~~~~~~~~~~~~~~~~~~~~~~~~~^~~~~~~~[m[K
[01m[K/home/zenyn/Thrust-Control/src/supervisor_command.hpp:42:7:[m[K [01;36m[Knote: [m[Kcandidate: â€˜[01m[Kconstexpr thrust_control::Timed_Command::[01;32m[KTimed_Command[m[K(const thrust_control::Timed_Command&)[m[Kâ€™
   42 | class [01;36m[KTimed_Command[m[K : public SupervisorCommand {
      |       [01;36m[K^~~~~~~~~~~~~[m[K
[01m[K/home/zenyn/Thrust-Control/src/supervisor_command.hpp:42:7:[m[K [01;36m[Knote: [m[K  candidate expects 1 argument, 2 provided
[01m[K/home/zenyn/Thrust-Control/src/supervisor_command.hpp:42:7:[m[K [01;36m[Knote: [m[Kcandidate: â€˜[01m[Kconstexpr thrust_control::Timed_Command::[01;32m[KTimed_Command[m[K(thrust_control::Timed_Command&&)[m[Kâ€™
[01m[K/home/zenyn/Thrust-Control/src/supervisor_command.hpp:42:7:[m[K [01;36m[Knote: [m[K  candidate expects 1 argument, 2 provided
gmake[2]: *** [CMakeFiles/test_thrust_control_node.dir/build.make:132: CMakeFiles/test_thrust_control_node.dir/src/command_queue.cpp.o] Error 1
gmake[2]: *** Waiting for unfinished jobs....
gmake[2]: *** [CMakeFiles/test_thrust_control_supervisor.dir/build.make:118: CMakeFiles/test_thrust_control_supervisor.dir/src/command_queue.cpp.o] Error 1
gmake[2]: *** Waiting for unfinished jobs....
gmake[1]: *** [CMakeFiles/Makefile2:325: CMakeFiles/test_thrust_control_supervisor.dir/all] Error 2
gmake[1]: *** Waiting for unfinished jobs....
gmake[1]: *** [CMakeFiles/Makefile2:296: CMakeFiles/test_thrust_control_node.dir/all] Error 2
[ 90%] [32m[1mLinking CXX executable thrust_control[0m
/usr/bin/ld: CMakeFiles/thrust_control.dir/src/thrust_control_supervisor.cpp.o: in function `thrust_control::ThrustControlSupervisor::ThrustControlSupervisor(rclcpp::Logger, std::unique_ptr<Command_Interpreter_RPi5, std::default_delete<Command_Interpreter_RPi5> >)':
thrust_control_supervisor.cpp:(.text+0x81): undefined reference to `thrust_control::CommandQueue::CommandQueue()'
/usr/bin/ld: CMakeFiles/thrust_control.dir/src/thrust_control_supervisor.cpp.o: in function `thrust_control::ThrustControlSupervisor::update_pwm_queue(std::unique_ptr<thrust_control::SupervisorCommand, std::default_delete<thrust_control::SupervisorCommand> >)':
thrust_control_supervisor.cpp:(.text+0x1bc): undefined reference to `thrust_control::CommandQueue::CommandQueue()'
/usr/bin/ld: thrust_control_supervisor.cpp:(.text+0x22e): undefined reference to `thrust_control::CommandQueue::push_command(std::unique_ptr<thrust_control::SupervisorCommand, std::default_delete<thrust_control::SupervisorCommand> >)'
/usr/bin/ld: CMakeFiles/thrust_control.dir/src/thrust_control_supervisor.cpp.o: in function `thrust_control::ThrustControlSupervisor::feed_forward_pwm()':
thrust_control_supervisor.cpp:(.text+0x5c1): undefined reference to `thrust_control::CommandQueue::get_command_from_queue(std::unique_ptr<thrust_control::SupervisorCommand, std::default_delete<thrust_control::SupervisorCommand> >)'
collect2: error: ld returned 1 exit status
gmake[2]: *** [CMakeFiles/thrust_control.dir/build.make:205: thrust_control] Error 1
gmake[1]: *** [CMakeFiles/Makefile2:267: CMakeFiles/thrust_control.dir/all] Error 2
gmake: *** [Makefile:146: all] Error 2
