[  5%] Built target gtest
[ 12%] Built target controller_lib
[ 25%] Built target PropulsionFunctions
[ 33%] Built target controller_codegenTest
[ 38%] Built target gtest_main
[ 43%] Built target gmock
[ 48%] [32mBuilding CXX object CMakeFiles/thrust_control.dir/src/thrust_control_supervisor.cpp.o[0m
[ 48%] [32mBuilding CXX object CMakeFiles/thrust_control.dir/src/thrust_control_node.cpp.o[0m
[ 51%] [32mBuilding CXX object CMakeFiles/thrust_control.dir/src/main.cpp.o[0m
[ 56%] Built target controller_test
[ 58%] [32mBuilding CXX object CMakeFiles/test_thrust_control_node.dir/src/command_interpreter_pointer.cpp.o[0m
[ 61%] [32mBuilding CXX object CMakeFiles/test_thrust_control_node.dir/src/thrust_control_supervisor.cpp.o[0m
[ 64%] [32mBuilding CXX object CMakeFiles/test_thrust_control_node.dir/tests/test_thrust_control_node.cpp.o[0m
[ 66%] [32mBuilding CXX object CMakeFiles/test_thrust_control_node.dir/src/thrust_control_node.cpp.o[0m
[ 69%] [32mBuilding CXX object include/Command_Interpreter/CMakeFiles/propulsion_test.dir/src/Command_Interpreter.cpp.o[0m
[ 71%] [32mBuilding CXX object include/Command_Interpreter/CMakeFiles/propulsion_test.dir/testing/Command_Interpreter_Testing.cpp.o[0m
[ 74%] [32mBuilding CXX object CMakeFiles/test_thrust_control_supervisor.dir/tests/test_thrust_control_supervisor.cpp.o[0m
[ 76%] [32mBuilding CXX object _deps/googletest-build/googlemock/CMakeFiles/gmock_main.dir/src/gmock_main.cc.o[0m
[ 79%] [32mBuilding CXX object include/Command_Interpreter/CMakeFiles/propulsion_test.dir/src/Wiring.cpp.o[0m
In file included from [01m[K/home/zenyn/Thrust-Control/src/command_interpreter_pointer.cpp:2[m[K:
[01m[K/home/zenyn/Thrust-Control/src/command_interpreter_pointer.hpp:4:10:[m[K [01;31m[Kfatal error: [m[KCommand_Interpreter/src/Command_Interpreter.hpp: No such file or directory
    4 | #include [01;31m[K"Command_Interpreter/src/Command_Interpreter.hpp"[m[K
      |          [01;31m[K^~~~~~~~~~~~~~~~~~~~~~~~~~~~~~~~~~~~~~~~~~~~~~~~~[m[K
compilation terminated.
gmake[2]: *** [CMakeFiles/test_thrust_control_node.dir/build.make:90: CMakeFiles/test_thrust_control_node.dir/src/command_interpreter_pointer.cpp.o] Error 1
gmake[2]: *** Waiting for unfinished jobs....
[ 82%] [32mBuilding CXX object CMakeFiles/test_thrust_control_supervisor.dir/src/command_interpreter_pointer.cpp.o[0m
In file included from [01m[K/home/zenyn/Thrust-Control/src/thrust_control_supervisor.cpp:1[m[K:
[01m[K/home/zenyn/Thrust-Control/src/thrust_control_supervisor.hpp:9:10:[m[K [01;31m[Kfatal error: [m[KCommand_Interpreter/lib/Command_Interpreter.h: No such file or directory
    9 | #include [01;31m[K"Command_Interpreter/lib/Command_Interpreter.h"[m[K
      |          [01;31m[K^~~~~~~~~~~~~~~~~~~~~~~~~~~~~~~~~~~~~~~~~~~~~~~[m[K
compilation terminated.
gmake[2]: *** [CMakeFiles/test_thrust_control_node.dir/build.make:104: CMakeFiles/test_thrust_control_node.dir/src/thrust_control_supervisor.cpp.o] Error 1
[ 84%] [32mBuilding CXX object include/Command_Interpreter/CMakeFiles/propulsion_test.dir/src/Serial.cpp.o[0m
In file included from [01m[K/home/zenyn/Thrust-Control/src/command_interpreter_pointer.cpp:2[m[K:
[01m[K/home/zenyn/Thrust-Control/src/command_interpreter_pointer.hpp:4:10:[m[K [01;31m[Kfatal error: [m[KCommand_Interpreter/src/Command_Interpreter.hpp: No such file or directory
    4 | #include [01;31m[K"Command_Interpreter/src/Command_Interpreter.hpp"[m[K
      |          [01;31m[K^~~~~~~~~~~~~~~~~~~~~~~~~~~~~~~~~~~~~~~~~~~~~~~~~[m[K
compilation terminated.
gmake[2]: *** [CMakeFiles/test_thrust_control_supervisor.dir/build.make:90: CMakeFiles/test_thrust_control_supervisor.dir/src/command_interpreter_pointer.cpp.o] Error 1
gmake[2]: *** Waiting for unfinished jobs....
In file included from [01m[K/home/zenyn/Thrust-Control/src/thrust_control_supervisor.cpp:1[m[K:
[01m[K/home/zenyn/Thrust-Control/src/thrust_control_supervisor.hpp:9:10:[m[K [01;31m[Kfatal error: [m[KCommand_Interpreter/lib/Command_Interpreter.h: No such file or directory
    9 | #include [01;31m[K"Command_Interpreter/lib/Command_Interpreter.h"[m[K
      |          [01;31m[K^~~~~~~~~~~~~~~~~~~~~~~~~~~~~~~~~~~~~~~~~~~~~~~[m[K
compilation terminated.
gmake[2]: *** [CMakeFiles/thrust_control.dir/build.make:104: CMakeFiles/thrust_control.dir/src/thrust_control_supervisor.cpp.o] Error 1
gmake[2]: *** Waiting for unfinished jobs....
In file included from [01m[K/home/zenyn/Thrust-Control/src/thrust_control_node.hpp:13[m[K,
                 from [01m[K/home/zenyn/Thrust-Control/src/main.cpp:1[m[K:
[01m[K/home/zenyn/Thrust-Control/src/thrust_control_supervisor.hpp:9:10:[m[K [01;31m[Kfatal error: [m[KCommand_Interpreter/lib/Command_Interpreter.h: No such file or directory
    9 | #include [01;31m[K"Command_Interpreter/lib/Command_Interpreter.h"[m[K
      |          [01;31m[K^~~~~~~~~~~~~~~~~~~~~~~~~~~~~~~~~~~~~~~~~~~~~~~[m[K
compilation terminated.
gmake[2]: *** [CMakeFiles/thrust_control.dir/build.make:76: CMakeFiles/thrust_control.dir/src/main.cpp.o] Error 1
In file included from [01m[K/home/zenyn/Thrust-Control/src/thrust_control_node.hpp:13[m[K,
                 from [01m[K/home/zenyn/Thrust-Control/src/thrust_control_node.cpp:1[m[K:
[01m[K/home/zenyn/Thrust-Control/src/thrust_control_supervisor.hpp:9:10:[m[K [01;31m[Kfatal error: [m[KCommand_Interpreter/lib/Command_Interpreter.h: No such file or directory
    9 | #include [01;31m[K"Command_Interpreter/lib/Command_Interpreter.h"[m[K
      |          [01;31m[K^~~~~~~~~~~~~~~~~~~~~~~~~~~~~~~~~~~~~~~~~~~~~~~[m[K
compilation terminated.
gmake[2]: *** [CMakeFiles/thrust_control.dir/build.make:90: CMakeFiles/thrust_control.dir/src/thrust_control_node.cpp.o] Error 1
gmake[1]: *** [CMakeFiles/Makefile2:266: CMakeFiles/thrust_control.dir/all] Error 2
gmake[1]: *** Waiting for unfinished jobs....
In file included from [01m[K/home/zenyn/Thrust-Control/tests/test_thrust_control_supervisor.cpp:4[m[K:
[01m[K/home/zenyn/Thrust-Control/tests/../src/thrust_control_supervisor.hpp:9:10:[m[K [01;31m[Kfatal error: [m[KCommand_Interpreter/lib/Command_Interpreter.h: No such file or directory
    9 | #include [01;31m[K"Command_Interpreter/lib/Command_Interpreter.h"[m[K
      |          [01;31m[K^~~~~~~~~~~~~~~~~~~~~~~~~~~~~~~~~~~~~~~~~~~~~~~[m[K
compilation terminated.
gmake[2]: *** [CMakeFiles/test_thrust_control_supervisor.dir/build.make:76: CMakeFiles/test_thrust_control_supervisor.dir/tests/test_thrust_control_supervisor.cpp.o] Error 1
gmake[1]: *** [CMakeFiles/Makefile2:324: CMakeFiles/test_thrust_control_supervisor.dir/all] Error 2
In file included from [01m[K/home/zenyn/Thrust-Control/tests/test_thrust_control_node.cpp:6[m[K:
[01m[K/home/zenyn/Thrust-Control/tests/../src/thrust_control_supervisor.hpp:9:10:[m[K [01;31m[Kfatal error: [m[KCommand_Interpreter/lib/Command_Interpreter.h: No such file or directory
    9 | #include [01;31m[K"Command_Interpreter/lib/Command_Interpreter.h"[m[K
      |          [01;31m[K^~~~~~~~~~~~~~~~~~~~~~~~~~~~~~~~~~~~~~~~~~~~~~~[m[K
compilation terminated.
gmake[2]: *** [CMakeFiles/test_thrust_control_node.dir/build.make:76: CMakeFiles/test_thrust_control_node.dir/tests/test_thrust_control_node.cpp.o] Error 1
In file included from [01m[K/home/zenyn/Thrust-Control/src/thrust_control_node.hpp:13[m[K,
                 from [01m[K/home/zenyn/Thrust-Control/src/thrust_control_node.cpp:1[m[K:
[01m[K/home/zenyn/Thrust-Control/src/thrust_control_supervisor.hpp:9:10:[m[K [01;31m[Kfatal error: [m[KCommand_Interpreter/lib/Command_Interpreter.h: No such file or directory
    9 | #include [01;31m[K"Command_Interpreter/lib/Command_Interpreter.h"[m[K
      |          [01;31m[K^~~~~~~~~~~~~~~~~~~~~~~~~~~~~~~~~~~~~~~~~~~~~~~[m[K
compilation terminated.
gmake[2]: *** [CMakeFiles/test_thrust_control_node.dir/build.make:118: CMakeFiles/test_thrust_control_node.dir/src/thrust_control_node.cpp.o] Error 1
gmake[1]: *** [CMakeFiles/Makefile2:295: CMakeFiles/test_thrust_control_node.dir/all] Error 2
[ 87%] [32m[1mLinking CXX executable propulsion_test[0m
[ 89%] [32m[1mLinking CXX static library ../../../lib/libgmock_main.a[0m
[ 89%] Built target gmock_main
[ 89%] Built target propulsion_test
gmake: *** [Makefile:146: all] Error 2
