[0.008s] Invoking command in '/home/zenyn/Thrust-Control/build/thrust_control': CMAKE_PREFIX_PATH=${CMAKE_PREFIX_PATH}:/opt/ros/jazzy /usr/bin/cmake --build /home/zenyn/Thrust-Control/build/thrust_control -- -j12 -l12
[0.062s] [  5%] Built target gtest
[0.065s] [ 12%] Built target controller_lib
[0.065s] [ 25%] Built target PropulsionFunctions
[0.066s] [ 33%] Built target controller_codegenTest
[0.082s] [ 38%] Built target gtest_main
[0.089s] [ 43%] Built target gmock
[0.090s] [ 48%] [32mBuilding CXX object CMakeFiles/thrust_control.dir/src/thrust_control_supervisor.cpp.o[0m
[0.090s] [ 48%] [32mBuilding CXX object CMakeFiles/thrust_control.dir/src/thrust_control_node.cpp.o[0m
[0.091s] [ 51%] [32mBuilding CXX object CMakeFiles/thrust_control.dir/src/main.cpp.o[0m
[0.102s] [ 56%] Built target controller_test
[0.113s] [ 58%] [32mBuilding CXX object CMakeFiles/test_thrust_control_node.dir/src/command_interpreter_pointer.cpp.o[0m
[0.113s] [ 61%] [32mBuilding CXX object CMakeFiles/test_thrust_control_node.dir/src/thrust_control_supervisor.cpp.o[0m
[0.114s] [ 64%] [32mBuilding CXX object CMakeFiles/test_thrust_control_node.dir/tests/test_thrust_control_node.cpp.o[0m
[0.116s] [ 66%] [32mBuilding CXX object CMakeFiles/test_thrust_control_node.dir/src/thrust_control_node.cpp.o[0m
[0.117s] [ 69%] [32mBuilding CXX object include/Command_Interpreter/CMakeFiles/propulsion_test.dir/src/Command_Interpreter.cpp.o[0m
[0.118s] [ 71%] [32mBuilding CXX object include/Command_Interpreter/CMakeFiles/propulsion_test.dir/testing/Command_Interpreter_Testing.cpp.o[0m
[0.121s] [ 74%] [32mBuilding CXX object CMakeFiles/test_thrust_control_supervisor.dir/tests/test_thrust_control_supervisor.cpp.o[0m
[0.122s] [ 76%] [32mBuilding CXX object _deps/googletest-build/googlemock/CMakeFiles/gmock_main.dir/src/gmock_main.cc.o[0m
[0.125s] [ 79%] [32mBuilding CXX object include/Command_Interpreter/CMakeFiles/propulsion_test.dir/src/Wiring.cpp.o[0m
[0.247s] In file included from [01m[K/home/zenyn/Thrust-Control/src/command_interpreter_pointer.cpp:2[m[K:
[0.247s] [01m[K/home/zenyn/Thrust-Control/src/command_interpreter_pointer.hpp:4:10:[m[K [01;31m[Kfatal error: [m[KCommand_Interpreter/src/Command_Interpreter.hpp: No such file or directory
[0.247s]     4 | #include [01;31m[K"Command_Interpreter/src/Command_Interpreter.hpp"[m[K
[0.248s]       |          [01;31m[K^~~~~~~~~~~~~~~~~~~~~~~~~~~~~~~~~~~~~~~~~~~~~~~~~[m[K
[0.248s] compilation terminated.
[0.257s] gmake[2]: *** [CMakeFiles/test_thrust_control_node.dir/build.make:90: CMakeFiles/test_thrust_control_node.dir/src/command_interpreter_pointer.cpp.o] Error 1
[0.257s] gmake[2]: *** Waiting for unfinished jobs....
[0.272s] [ 82%] [32mBuilding CXX object CMakeFiles/test_thrust_control_supervisor.dir/src/command_interpreter_pointer.cpp.o[0m
[0.289s] In file included from [01m[K/home/zenyn/Thrust-Control/src/thrust_control_supervisor.cpp:1[m[K:
[0.289s] [01m[K/home/zenyn/Thrust-Control/src/thrust_control_supervisor.hpp:9:10:[m[K [01;31m[Kfatal error: [m[KCommand_Interpreter/lib/Command_Interpreter.h: No such file or directory
[0.289s]     9 | #include [01;31m[K"Command_Interpreter/lib/Command_Interpreter.h"[m[K
[0.289s]       |          [01;31m[K^~~~~~~~~~~~~~~~~~~~~~~~~~~~~~~~~~~~~~~~~~~~~~~[m[K
[0.289s] compilation terminated.
[0.291s] gmake[2]: *** [CMakeFiles/test_thrust_control_node.dir/build.make:104: CMakeFiles/test_thrust_control_node.dir/src/thrust_control_supervisor.cpp.o] Error 1
[0.305s] [ 84%] [32mBuilding CXX object include/Command_Interpreter/CMakeFiles/propulsion_test.dir/src/Serial.cpp.o[0m
[0.329s] In file included from [01m[K/home/zenyn/Thrust-Control/src/command_interpreter_pointer.cpp:2[m[K:
[0.329s] [01m[K/home/zenyn/Thrust-Control/src/command_interpreter_pointer.hpp:4:10:[m[K [01;31m[Kfatal error: [m[KCommand_Interpreter/src/Command_Interpreter.hpp: No such file or directory
[0.329s]     4 | #include [01;31m[K"Command_Interpreter/src/Command_Interpreter.hpp"[m[K
[0.329s]       |          [01;31m[K^~~~~~~~~~~~~~~~~~~~~~~~~~~~~~~~~~~~~~~~~~~~~~~~~[m[K
[0.329s] compilation terminated.
[0.331s] gmake[2]: *** [CMakeFiles/test_thrust_control_supervisor.dir/build.make:90: CMakeFiles/test_thrust_control_supervisor.dir/src/command_interpreter_pointer.cpp.o] Error 1
[0.331s] gmake[2]: *** Waiting for unfinished jobs....
[0.398s] In file included from [01m[K/home/zenyn/Thrust-Control/src/thrust_control_supervisor.cpp:1[m[K:
[0.398s] [01m[K/home/zenyn/Thrust-Control/src/thrust_control_supervisor.hpp:9:10:[m[K [01;31m[Kfatal error: [m[KCommand_Interpreter/lib/Command_Interpreter.h: No such file or directory
[0.398s]     9 | #include [01;31m[K"Command_Interpreter/lib/Command_Interpreter.h"[m[K
[0.398s]       |          [01;31m[K^~~~~~~~~~~~~~~~~~~~~~~~~~~~~~~~~~~~~~~~~~~~~~~[m[K
[0.398s] compilation terminated.
[0.403s] gmake[2]: *** [CMakeFiles/thrust_control.dir/build.make:104: CMakeFiles/thrust_control.dir/src/thrust_control_supervisor.cpp.o] Error 1
[0.403s] gmake[2]: *** Waiting for unfinished jobs....
[0.406s] In file included from [01m[K/home/zenyn/Thrust-Control/src/thrust_control_node.hpp:13[m[K,
[0.406s]                  from [01m[K/home/zenyn/Thrust-Control/src/main.cpp:1[m[K:
[0.406s] [01m[K/home/zenyn/Thrust-Control/src/thrust_control_supervisor.hpp:9:10:[m[K [01;31m[Kfatal error: [m[KCommand_Interpreter/lib/Command_Interpreter.h: No such file or directory
[0.406s]     9 | #include [01;31m[K"Command_Interpreter/lib/Command_Interpreter.h"[m[K
[0.406s]       |          [01;31m[K^~~~~~~~~~~~~~~~~~~~~~~~~~~~~~~~~~~~~~~~~~~~~~~[m[K
[0.407s] compilation terminated.
[0.409s] gmake[2]: *** [CMakeFiles/thrust_control.dir/build.make:76: CMakeFiles/thrust_control.dir/src/main.cpp.o] Error 1
[0.419s] In file included from [01m[K/home/zenyn/Thrust-Control/src/thrust_control_node.hpp:13[m[K,
[0.419s]                  from [01m[K/home/zenyn/Thrust-Control/src/thrust_control_node.cpp:1[m[K:
[0.419s] [01m[K/home/zenyn/Thrust-Control/src/thrust_control_supervisor.hpp:9:10:[m[K [01;31m[Kfatal error: [m[KCommand_Interpreter/lib/Command_Interpreter.h: No such file or directory
[0.419s]     9 | #include [01;31m[K"Command_Interpreter/lib/Command_Interpreter.h"[m[K
[0.419s]       |          [01;31m[K^~~~~~~~~~~~~~~~~~~~~~~~~~~~~~~~~~~~~~~~~~~~~~~[m[K
[0.419s] compilation terminated.
[0.422s] gmake[2]: *** [CMakeFiles/thrust_control.dir/build.make:90: CMakeFiles/thrust_control.dir/src/thrust_control_node.cpp.o] Error 1
[0.422s] gmake[1]: *** [CMakeFiles/Makefile2:266: CMakeFiles/thrust_control.dir/all] Error 2
[0.422s] gmake[1]: *** Waiting for unfinished jobs....
[0.445s] In file included from [01m[K/home/zenyn/Thrust-Control/tests/test_thrust_control_supervisor.cpp:4[m[K:
[0.446s] [01m[K/home/zenyn/Thrust-Control/tests/../src/thrust_control_supervisor.hpp:9:10:[m[K [01;31m[Kfatal error: [m[KCommand_Interpreter/lib/Command_Interpreter.h: No such file or directory
[0.446s]     9 | #include [01;31m[K"Command_Interpreter/lib/Command_Interpreter.h"[m[K
[0.446s]       |          [01;31m[K^~~~~~~~~~~~~~~~~~~~~~~~~~~~~~~~~~~~~~~~~~~~~~~[m[K
[0.446s] compilation terminated.
[0.449s] gmake[2]: *** [CMakeFiles/test_thrust_control_supervisor.dir/build.make:76: CMakeFiles/test_thrust_control_supervisor.dir/tests/test_thrust_control_supervisor.cpp.o] Error 1
[0.449s] gmake[1]: *** [CMakeFiles/Makefile2:324: CMakeFiles/test_thrust_control_supervisor.dir/all] Error 2
[0.449s] In file included from [01m[K/home/zenyn/Thrust-Control/tests/test_thrust_control_node.cpp:6[m[K:
[0.449s] [01m[K/home/zenyn/Thrust-Control/tests/../src/thrust_control_supervisor.hpp:9:10:[m[K [01;31m[Kfatal error: [m[KCommand_Interpreter/lib/Command_Interpreter.h: No such file or directory
[0.449s]     9 | #include [01;31m[K"Command_Interpreter/lib/Command_Interpreter.h"[m[K
[0.449s]       |          [01;31m[K^~~~~~~~~~~~~~~~~~~~~~~~~~~~~~~~~~~~~~~~~~~~~~~[m[K
[0.449s] compilation terminated.
[0.452s] gmake[2]: *** [CMakeFiles/test_thrust_control_node.dir/build.make:76: CMakeFiles/test_thrust_control_node.dir/tests/test_thrust_control_node.cpp.o] Error 1
[0.490s] In file included from [01m[K/home/zenyn/Thrust-Control/src/thrust_control_node.hpp:13[m[K,
[0.490s]                  from [01m[K/home/zenyn/Thrust-Control/src/thrust_control_node.cpp:1[m[K:
[0.491s] [01m[K/home/zenyn/Thrust-Control/src/thrust_control_supervisor.hpp:9:10:[m[K [01;31m[Kfatal error: [m[KCommand_Interpreter/lib/Command_Interpreter.h: No such file or directory
[0.491s]     9 | #include [01;31m[K"Command_Interpreter/lib/Command_Interpreter.h"[m[K
[0.491s]       |          [01;31m[K^~~~~~~~~~~~~~~~~~~~~~~~~~~~~~~~~~~~~~~~~~~~~~~[m[K
[0.491s] compilation terminated.
[0.493s] gmake[2]: *** [CMakeFiles/test_thrust_control_node.dir/build.make:118: CMakeFiles/test_thrust_control_node.dir/src/thrust_control_node.cpp.o] Error 1
[0.493s] gmake[1]: *** [CMakeFiles/Makefile2:295: CMakeFiles/test_thrust_control_node.dir/all] Error 2
[1.043s] [ 87%] [32m[1mLinking CXX executable propulsion_test[0m
[1.098s] [ 89%] [32m[1mLinking CXX static library ../../../lib/libgmock_main.a[0m
[1.140s] [ 89%] Built target gmock_main
[1.162s] [ 89%] Built target propulsion_test
[1.164s] gmake: *** [Makefile:146: all] Error 2
[1.166s] Invoked command in '/home/zenyn/Thrust-Control/build/thrust_control' returned '2': CMAKE_PREFIX_PATH=${CMAKE_PREFIX_PATH}:/opt/ros/jazzy /usr/bin/cmake --build /home/zenyn/Thrust-Control/build/thrust_control -- -j12 -l12
