[0.007s] Invoking command in '/home/zenyn/Thrust-Control/build/thrust_control': CMAKE_PREFIX_PATH=${CMAKE_PREFIX_PATH}:/opt/ros/jazzy /usr/bin/cmake --build /home/zenyn/Thrust-Control/build/thrust_control -- -j12 -l12
[0.065s] [  7%] Built target controller_lib
[0.067s] [ 17%] Built target gtest
[0.067s] [ 23%] Built target controller_codegenTest
[0.069s] [ 33%] Built target PropulsionFunctions
[0.089s] [ 38%] Built target gtest_main
[0.092s] [ 43%] Built target gmock
[0.094s] [ 46%] [32mBuilding CXX object CMakeFiles/thrust_control.dir/src/thrust_control_supervisor.cpp.o[0m
[0.097s] [ 51%] [32mBuilding CXX object CMakeFiles/thrust_control.dir/src/thrust_control_node.cpp.o[0m
[0.097s] [ 51%] [32mBuilding CXX object CMakeFiles/thrust_control.dir/src/main.cpp.o[0m
[0.097s] [ 56%] Built target controller_test
[0.116s] [ 69%] Built target propulsion_test
[0.120s] [ 71%] [32mBuilding CXX object CMakeFiles/test_thrust_control_node.dir/src/thrust_control_node.cpp.o[0m
[0.120s] [ 76%] [32mBuilding CXX object CMakeFiles/test_thrust_control_node.dir/tests/test_thrust_control_node.cpp.o[0m
[0.120s] [ 76%] [32mBuilding CXX object CMakeFiles/test_thrust_control_node.dir/src/thrust_control_supervisor.cpp.o[0m
[0.124s] [ 84%] [32mBuilding CXX object CMakeFiles/test_thrust_control_supervisor.dir/src/thrust_control_supervisor.cpp.o[0m
[0.124s] [ 84%] [32mBuilding CXX object CMakeFiles/test_thrust_control_supervisor.dir/tests/test_thrust_control_supervisor.cpp.o[0m
[0.124s] [ 87%] Built target gmock_main
[0.249s] In file included from [01m[K/home/zenyn/Thrust-Control/src/thrust_control_node.hpp:13[m[K,
[0.249s]                  from [01m[K/home/zenyn/Thrust-Control/src/main.cpp:1[m[K:
[0.249s] [01m[K/home/zenyn/Thrust-Control/src/thrust_control_supervisor.hpp:14:10:[m[K [01;31m[Kfatal error: [m[Kexported-PID-control/src/controller_codegenTest.h: No such file or directory
[0.249s]    14 | #include [01;31m[K"exported-PID-control/src/controller_codegenTest.h"[m[K
[0.249s]       |          [01;31m[K^~~~~~~~~~~~~~~~~~~~~~~~~~~~~~~~~~~~~~~~~~~~~~~~~~~[m[K
[0.249s] compilation terminated.
[0.253s] gmake[2]: *** [CMakeFiles/thrust_control.dir/build.make:76: CMakeFiles/thrust_control.dir/src/main.cpp.o] Error 1
[0.254s] gmake[2]: *** Waiting for unfinished jobs....
[0.282s] In file included from [01m[K/home/zenyn/Thrust-Control/tests/test_thrust_control_supervisor.cpp:4[m[K:
[0.282s] [01m[K/home/zenyn/Thrust-Control/tests/../src/thrust_control_supervisor.hpp:14:10:[m[K [01;31m[Kfatal error: [m[Kexported-PID-control/src/controller_codegenTest.h: No such file or directory
[0.282s]    14 | #include [01;31m[K"exported-PID-control/src/controller_codegenTest.h"[m[K
[0.282s]       |          [01;31m[K^~~~~~~~~~~~~~~~~~~~~~~~~~~~~~~~~~~~~~~~~~~~~~~~~~~[m[K
[0.282s] compilation terminated.
[0.283s] gmake[2]: *** [CMakeFiles/test_thrust_control_supervisor.dir/build.make:76: CMakeFiles/test_thrust_control_supervisor.dir/tests/test_thrust_control_supervisor.cpp.o] Error 1
[0.283s] gmake[2]: *** Waiting for unfinished jobs....
[0.337s] In file included from [01m[K/home/zenyn/Thrust-Control/src/thrust_control_supervisor.cpp:1[m[K:
[0.337s] [01m[K/home/zenyn/Thrust-Control/src/thrust_control_supervisor.hpp:14:10:[m[K [01;31m[Kfatal error: [m[Kexported-PID-control/src/controller_codegenTest.h: No such file or directory
[0.337s]    14 | #include [01;31m[K"exported-PID-control/src/controller_codegenTest.h"[m[K
[0.337s]       |          [01;31m[K^~~~~~~~~~~~~~~~~~~~~~~~~~~~~~~~~~~~~~~~~~~~~~~~~~~[m[K
[0.337s] compilation terminated.
[0.339s] gmake[2]: *** [CMakeFiles/test_thrust_control_node.dir/build.make:104: CMakeFiles/test_thrust_control_node.dir/src/thrust_control_supervisor.cpp.o] Error 1
[0.339s] gmake[2]: *** Waiting for unfinished jobs....
[0.348s] In file included from [01m[K/home/zenyn/Thrust-Control/src/thrust_control_node.hpp:13[m[K,
[0.348s]                  from [01m[K/home/zenyn/Thrust-Control/src/thrust_control_node.cpp:1[m[K:
[0.348s] [01m[K/home/zenyn/Thrust-Control/src/thrust_control_supervisor.hpp:14:10:[m[K [01;31m[Kfatal error: [m[Kexported-PID-control/src/controller_codegenTest.h: No such file or directory
[0.348s]    14 | #include [01;31m[K"exported-PID-control/src/controller_codegenTest.h"[m[K
[0.348s]       |          [01;31m[K^~~~~~~~~~~~~~~~~~~~~~~~~~~~~~~~~~~~~~~~~~~~~~~~~~~[m[K
[0.348s] compilation terminated.
[0.350s] gmake[2]: *** [CMakeFiles/test_thrust_control_node.dir/build.make:118: CMakeFiles/test_thrust_control_node.dir/src/thrust_control_node.cpp.o] Error 1
[0.377s] In file included from [01m[K/home/zenyn/Thrust-Control/src/thrust_control_node.hpp:13[m[K,
[0.377s]                  from [01m[K/home/zenyn/Thrust-Control/src/thrust_control_node.cpp:1[m[K:
[0.377s] [01m[K/home/zenyn/Thrust-Control/src/thrust_control_supervisor.hpp:14:10:[m[K [01;31m[Kfatal error: [m[Kexported-PID-control/src/controller_codegenTest.h: No such file or directory
[0.377s]    14 | #include [01;31m[K"exported-PID-control/src/controller_codegenTest.h"[m[K
[0.377s]       |          [01;31m[K^~~~~~~~~~~~~~~~~~~~~~~~~~~~~~~~~~~~~~~~~~~~~~~~~~~[m[K
[0.377s] compilation terminated.
[0.377s] In file included from [01m[K/home/zenyn/Thrust-Control/src/thrust_control_supervisor.cpp:1[m[K:
[0.378s] [01m[K/home/zenyn/Thrust-Control/src/thrust_control_supervisor.hpp:14:10:[m[K [01;31m[Kfatal error: [m[Kexported-PID-control/src/controller_codegenTest.h: No such file or directory
[0.378s]    14 | #include [01;31m[K"exported-PID-control/src/controller_codegenTest.h"[m[K
[0.378s]       |          [01;31m[K^~~~~~~~~~~~~~~~~~~~~~~~~~~~~~~~~~~~~~~~~~~~~~~~~~~[m[K
[0.378s] compilation terminated.
[0.378s] gmake[2]: *** [CMakeFiles/thrust_control.dir/build.make:90: CMakeFiles/thrust_control.dir/src/thrust_control_node.cpp.o] Error 1
[0.379s] In file included from [01m[K/home/zenyn/Thrust-Control/src/thrust_control_supervisor.cpp:1[m[K:
[0.379s] [01m[K/home/zenyn/Thrust-Control/src/thrust_control_supervisor.hpp:14:10:[m[K [01;31m[Kfatal error: [m[Kexported-PID-control/src/controller_codegenTest.h: No such file or directory
[0.379s]    14 | #include [01;31m[K"exported-PID-control/src/controller_codegenTest.h"[m[K
[0.379s]       |          [01;31m[K^~~~~~~~~~~~~~~~~~~~~~~~~~~~~~~~~~~~~~~~~~~~~~~~~~~[m[K
[0.379s] compilation terminated.
[0.379s] gmake[2]: *** [CMakeFiles/test_thrust_control_supervisor.dir/build.make:104: CMakeFiles/test_thrust_control_supervisor.dir/src/thrust_control_supervisor.cpp.o] Error 1
[0.380s] gmake[1]: *** [CMakeFiles/Makefile2:324: CMakeFiles/test_thrust_control_supervisor.dir/all] Error 2
[0.380s] gmake[1]: *** Waiting for unfinished jobs....
[0.381s] gmake[2]: *** [CMakeFiles/thrust_control.dir/build.make:104: CMakeFiles/thrust_control.dir/src/thrust_control_supervisor.cpp.o] Error 1
[0.382s] gmake[1]: *** [CMakeFiles/Makefile2:266: CMakeFiles/thrust_control.dir/all] Error 2
[0.412s] In file included from [01m[K/home/zenyn/Thrust-Control/tests/test_thrust_control_node.cpp:6[m[K:
[0.412s] [01m[K/home/zenyn/Thrust-Control/tests/../src/thrust_control_supervisor.hpp:14:10:[m[K [01;31m[Kfatal error: [m[Kexported-PID-control/src/controller_codegenTest.h: No such file or directory
[0.412s]    14 | #include [01;31m[K"exported-PID-control/src/controller_codegenTest.h"[m[K
[0.412s]       |          [01;31m[K^~~~~~~~~~~~~~~~~~~~~~~~~~~~~~~~~~~~~~~~~~~~~~~~~~~[m[K
[0.412s] compilation terminated.
[0.414s] gmake[2]: *** [CMakeFiles/test_thrust_control_node.dir/build.make:76: CMakeFiles/test_thrust_control_node.dir/tests/test_thrust_control_node.cpp.o] Error 1
[0.414s] gmake[1]: *** [CMakeFiles/Makefile2:295: CMakeFiles/test_thrust_control_node.dir/all] Error 2
[0.415s] gmake: *** [Makefile:146: all] Error 2
[0.417s] Invoked command in '/home/zenyn/Thrust-Control/build/thrust_control' returned '2': CMAKE_PREFIX_PATH=${CMAKE_PREFIX_PATH}:/opt/ros/jazzy /usr/bin/cmake --build /home/zenyn/Thrust-Control/build/thrust_control -- -j12 -l12
