[0.008s] Invoking command in '/home/zenyn/Thrust-Control/build/thrust_control': CMAKE_PREFIX_PATH=${CMAKE_PREFIX_PATH}:/opt/ros/jazzy /usr/bin/cmake /home/zenyn/Thrust-Control -DCMAKE_INSTALL_PREFIX=/home/zenyn/Thrust-Control/install/thrust_control
[0.025s] -- Found ament_cmake: 2.5.3 (/opt/ros/jazzy/share/ament_cmake/cmake)
[0.186s] -- Found Python3: /usr/bin/python3 (found version "3.12.3") found components: Interpreter 
[0.277s] -- Found rclcpp: 28.1.8 (/opt/ros/jazzy/share/rclcpp/cmake)
[0.321s] -- Found rosidl_generator_c: 4.6.5 (/opt/ros/jazzy/share/rosidl_generator_c/cmake)
[0.338s] -- Found rosidl_generator_cpp: 4.6.5 (/opt/ros/jazzy/share/rosidl_generator_cpp/cmake)
[0.352s] -- Using all available rosidl_typesupport_c: rosidl_typesupport_fastrtps_c;rosidl_typesupport_introspection_c
[0.367s] -- Using all available rosidl_typesupport_cpp: rosidl_typesupport_fastrtps_cpp;rosidl_typesupport_introspection_cpp
[0.428s] -- Found rmw_implementation_cmake: 7.3.2 (/opt/ros/jazzy/share/rmw_implementation_cmake/cmake)
[0.430s] -- Found rmw_fastrtps_cpp: 8.4.2 (/opt/ros/jazzy/share/rmw_fastrtps_cpp/cmake)
[0.542s] -- Found OpenSSL: /usr/lib/x86_64-linux-gnu/libcrypto.so (found version "3.0.13")  
[0.580s] -- Found FastRTPS: /opt/ros/jazzy/include (Required is at least version "2.13") 
[0.619s] -- Using RMW implementation 'rmw_fastrtps_cpp' as default
[0.684s] -- Found std_msgs: 5.3.6 (/opt/ros/jazzy/share/std_msgs/cmake)
[0.697s] -- Found ament_lint_auto: 0.17.2 (/opt/ros/jazzy/share/ament_lint_auto/cmake)
[0.785s] -- Added test 'copyright' to check source files copyright and LICENSE
[0.804s] -- Added test 'cppcheck' to perform static code analysis on C / C++ code
[0.804s] -- Configured cppcheck include dirs: 
[0.804s] -- Configured cppcheck exclude dirs and/or files: 
[0.818s] -- Added test 'cpplint' to check C / C++ code against the Google style
[0.818s] -- Configured cpplint exclude dirs and/or files: 
[0.820s] -- Added test 'flake8' to check Python code syntax and style conventions
[0.821s] -- Configured 'flake8' exclude dirs and/or files: 
[0.824s] -- Added test 'lint_cmake' to check CMake code style
[0.826s] -- Added test 'pep257' to check Python code against some of the docstring style conventions in PEP 257
[0.840s] -- Added test 'uncrustify' to check C / C++ code style
[0.840s] -- Configured uncrustify additional arguments: 
[0.843s] -- Added test 'xmllint' to check XML markup files
[0.845s] -- Configuring done (0.8s)
[0.852s] -- Generating done (0.0s)
[0.855s] -- Build files have been written to: /home/zenyn/Thrust-Control/build/thrust_control
[0.864s] Invoked command in '/home/zenyn/Thrust-Control/build/thrust_control' returned '0': CMAKE_PREFIX_PATH=${CMAKE_PREFIX_PATH}:/opt/ros/jazzy /usr/bin/cmake /home/zenyn/Thrust-Control -DCMAKE_INSTALL_PREFIX=/home/zenyn/Thrust-Control/install/thrust_control
[0.865s] Invoking command in '/home/zenyn/Thrust-Control/build/thrust_control': CMAKE_PREFIX_PATH=${CMAKE_PREFIX_PATH}:/opt/ros/jazzy /usr/bin/cmake --build /home/zenyn/Thrust-Control/build/thrust_control -- -j12 -l12
[0.936s] [ 33%] [32mBuilding CXX object CMakeFiles/thrust_control.dir/thrust_control_supervisor.cpp.o[0m
[0.936s] [ 66%] [32mBuilding CXX object CMakeFiles/thrust_control.dir/thrust_control_node.cpp.o[0m
[2.533s] In file included from [01m[K/home/zenyn/Thrust-Control/thrust_control_supervisor.cpp:1[m[K:
[2.533s] [01m[K/home/zenyn/Thrust-Control/thrust_control_supervisor.hpp:[m[K In constructor â€˜[01m[Kthrust_control::ThrustControlSupervisor::[01;32m[KThrustControlSupervisor[m[K(rclcpp::Logger, std::shared_ptr<Command_Interpreter_RPi5>)[m[Kâ€™:
[2.533s] [01m[K/home/zenyn/Thrust-Control/thrust_control_supervisor.hpp:51:18:[m[K [01;35m[Kwarning: [m[Kâ€˜[01m[Kthrust_control::ThrustControlSupervisor::logger_[m[Kâ€™ will be initialized after [[01;35m[K]8;;https://gcc.gnu.org/onlinedocs/gcc/Warning-Options.html#index-Wreorder-Wreorder]8;;[m[K]
[2.533s]    51 |   rclcpp::Logger [01;35m[Klogger_[m[K;
[2.533s]       |                  [01;35m[K^~~~~~~[m[K
[2.533s] [01m[K/home/zenyn/Thrust-Control/thrust_control_supervisor.hpp:47:45:[m[K [01;35m[Kwarning: [m[K  â€˜[01m[Kstd::shared_ptr<Command_Interpreter_RPi5> thrust_control::ThrustControlSupervisor::command_interpreter_[m[Kâ€™ [[01;35m[K]8;;https://gcc.gnu.org/onlinedocs/gcc/Warning-Options.html#index-Wreorder-Wreorder]8;;[m[K]
[2.533s]    47 |   std::shared_ptr<Command_Interpreter_RPi5> [01;35m[Kcommand_interpreter_[m[K;
[2.534s]       |                                             [01;35m[K^~~~~~~~~~~~~~~~~~~~[m[K
[2.534s] [01m[K/home/zenyn/Thrust-Control/thrust_control_supervisor.cpp:7:1:[m[K [01;35m[Kwarning: [m[K  when initialized here [[01;35m[K]8;;https://gcc.gnu.org/onlinedocs/gcc/Warning-Options.html#index-Wreorder-Wreorder]8;;[m[K]
[2.534s]     7 | [01;35m[KThrustControlSupervisor[m[K::ThrustControlSupervisor(
[2.534s]       | [01;35m[K^~~~~~~~~~~~~~~~~~~~~~~[m[K
[2.535s] [01m[K/home/zenyn/Thrust-Control/thrust_control_supervisor.cpp:[m[K In member function â€˜[01m[Kvoid thrust_control::ThrustControlSupervisor::[01;32m[Kpid_pwm[m[K(std::array<int, 8>)[m[Kâ€™:
[2.535s] [01m[K/home/zenyn/Thrust-Control/thrust_control_supervisor.cpp:76:58:[m[K [01;35m[Kwarning: [m[Kunused parameter â€˜[01m[Kpwm[m[Kâ€™ [[01;35m[K]8;;https://gcc.gnu.org/onlinedocs/gcc/Warning-Options.html#index-Wunused-parameter-Wunused-parameter]8;;[m[K]
[2.535s]    76 | void ThrustControlSupervisor::pid_pwm([01;35m[Kstd::array<int, 8> pwm[m[K)
[2.535s]       |                                       [01;35m[K~~~~~~~~~~~~~~~~~~~^~~[m[K
[6.429s] [100%] [32m[1mLinking CXX executable thrust_control[0m
[6.618s] /usr/bin/ld: CMakeFiles/thrust_control.dir/thrust_control_supervisor.cpp.o: in function `thrust_control::ThrustControlSupervisor::feed_forward_pwm(std::array<int, 8ul>)':
[6.618s] thrust_control_supervisor.cpp:(.text+0x687): undefined reference to `Untimed_Command::Untimed_Command(pwm_array)'
[6.618s] /usr/bin/ld: thrust_control_supervisor.cpp:(.text+0x6b5): undefined reference to `Untimed_Command::execute(Command_Interpreter_RPi5&)'
[6.618s] /usr/bin/ld: thrust_control_supervisor.cpp:(.text+0x73a): undefined reference to `Timed_Command::Timed_Command(pwm_array, std::chrono::duration<long, std::ratio<1l, 1000l> >)'
[6.618s] /usr/bin/ld: thrust_control_supervisor.cpp:(.text+0x768): undefined reference to `Timed_Command::execute(Command_Interpreter_RPi5&)'
[6.636s] collect2: error: ld returned 1 exit status
[6.637s] gmake[2]: *** [CMakeFiles/thrust_control.dir/build.make:187: thrust_control] Error 1
[6.637s] gmake[1]: *** [CMakeFiles/Makefile2:137: CMakeFiles/thrust_control.dir/all] Error 2
[6.638s] gmake: *** [Makefile:146: all] Error 2
[6.639s] Invoked command in '/home/zenyn/Thrust-Control/build/thrust_control' returned '2': CMAKE_PREFIX_PATH=${CMAKE_PREFIX_PATH}:/opt/ros/jazzy /usr/bin/cmake --build /home/zenyn/Thrust-Control/build/thrust_control -- -j12 -l12
