[0.008s] Invoking command in '/home/zenyn/Thrust-Control/build/thrust_control': CMAKE_PREFIX_PATH=${CMAKE_PREFIX_PATH}:/opt/ros/jazzy /usr/bin/cmake --build /home/zenyn/Thrust-Control/build/thrust_control -- -j12 -l12
[0.075s] [ 10%] Built target PropulsionFunctions
[0.076s] [ 25%] Built target controller_lib
[0.076s] [ 28%] Built target controller_codegenTest
[0.077s] [ 33%] Built target gtest
[0.101s] [ 38%] Built target controller_test
[0.101s] [ 43%] Built target gmock
[0.104s] [ 48%] Built target gtest_main
[0.122s] [ 51%] [32mBuilding CXX object CMakeFiles/thrust_control.dir/src/thrust_control_supervisor.cpp.o[0m
[0.141s] [ 56%] Built target gmock_main
[0.145s] [ 69%] Built target propulsion_test
[0.150s] [ 71%] [32mBuilding CXX object CMakeFiles/test_thrust_control_node.dir/src/thrust_control_supervisor.cpp.o[0m
[0.155s] [ 74%] [32mBuilding CXX object CMakeFiles/test_thrust_control_supervisor.dir/src/thrust_control_supervisor.cpp.o[0m
[1.687s] [01m[K/home/zenyn/Thrust-Control/src/thrust_control_supervisor.cpp:[m[K In member function â€˜[01m[Kvoid thrust_control::ThrustControlSupervisor::[01;32m[Kfeed_forward_pwm[m[K()[m[Kâ€™:
[1.687s] [01m[K/home/zenyn/Thrust-Control/src/thrust_control_supervisor.cpp:49:33:[m[K [01;31m[Kerror: [m[Kcannot convert â€˜[01m[Kstd::array<int, 8>[m[Kâ€™ to â€˜[01m[Kpwm_array[m[Kâ€™
[1.687s]    49 |   _interpreter->untimed_execute([01;31m[K_manual_pwm[m[K);
[1.687s]       |                                 [01;31m[K^~~~~~~~~~~[m[K
[1.687s]       |                                 [01;31m[K|[m[K
[1.687s]       |                                 [01;31m[Kstd::array<int, 8>[m[K
[1.688s] [01m[K/home/zenyn/Thrust-Control/src/thrust_control_supervisor.cpp:[m[K In member function â€˜[01m[Kvoid thrust_control::ThrustControlSupervisor::[01;32m[Kfeed_forward_pwm[m[K()[m[Kâ€™:
[1.688s] [01m[K/home/zenyn/Thrust-Control/src/thrust_control_supervisor.cpp:49:33:[m[K [01;31m[Kerror: [m[Kcannot convert â€˜[01m[Kstd::array<int, 8>[m[Kâ€™ to â€˜[01m[Kpwm_array[m[Kâ€™
[1.688s]    49 |   _interpreter->untimed_execute([01;31m[K_manual_pwm[m[K);
[1.688s]       |                                 [01;31m[K^~~~~~~~~~~[m[K
[1.688s]       |                                 [01;31m[K|[m[K
[1.688s]       |                                 [01;31m[Kstd::array<int, 8>[m[K
[1.688s] In file included from [01m[K/home/zenyn/Thrust-Control/src/thrust_control_supervisor.hpp:9[m[K,
[1.688s]                  from [01m[K/home/zenyn/Thrust-Control/src/thrust_control_supervisor.cpp:1[m[K:
[1.688s] [01m[K/home/zenyn/Thrust-Control/src/../include/Command_Interpreter/src/Command_Interpreter.hpp:188:36:[m[K [01;36m[Knote: [m[K  initializing argument 1 of â€˜[01m[Kvoid Command_Interpreter_RPi5::[01;32m[Kuntimed_execute[m[K(pwm_array)[m[Kâ€™
[1.689s]   188 |     void untimed_execute([01;36m[Kpwm_array thrusterPwms[m[K);
[1.689s]       |                          [01;36m[K~~~~~~~~~~^~~~~~~~~~~~[m[K
[1.689s] In file included from [01m[K/home/zenyn/Thrust-Control/src/thrust_control_supervisor.hpp:9[m[K,
[1.689s]                  from [01m[K/home/zenyn/Thrust-Control/src/thrust_control_supervisor.cpp:1[m[K:
[1.689s] [01m[K/home/zenyn/Thrust-Control/src/../include/Command_Interpreter/src/Command_Interpreter.hpp:188:36:[m[K [01;36m[Knote: [m[K  initializing argument 1 of â€˜[01m[Kvoid Command_Interpreter_RPi5::[01;32m[Kuntimed_execute[m[K(pwm_array)[m[Kâ€™
[1.689s]   188 |     void untimed_execute([01;36m[Kpwm_array thrusterPwms[m[K);
[1.689s]       |                          [01;36m[K~~~~~~~~~~^~~~~~~~~~~~[m[K
[1.689s] [01m[K/home/zenyn/Thrust-Control/src/thrust_control_supervisor.cpp:[m[K In member function â€˜[01m[Kvoid thrust_control::ThrustControlSupervisor::[01;32m[Kexecute_pwm[m[K(std::array<int, 8>)[m[Kâ€™:
[1.689s] [01m[K/home/zenyn/Thrust-Control/src/thrust_control_supervisor.cpp:89:15:[m[K [01;31m[Kerror: [m[Kunused variable â€˜[01m[Kp_w_m[m[Kâ€™ [[01;31m[K]8;;https://gcc.gnu.org/onlinedocs/gcc/Warning-Options.html#index-Wunused-variable-Werror=unused-variable]8;;[m[K]
[1.689s]    89 |     pwm_array [01;31m[Kp_w_m[m[K;
[1.690s]       |               [01;31m[K^~~~~[m[K
[1.690s] [01m[K/home/zenyn/Thrust-Control/src/thrust_control_supervisor.cpp:86:62:[m[K [01;31m[Kerror: [m[Kunused parameter â€˜[01m[Kpwm[m[Kâ€™ [[01;31m[K]8;;https://gcc.gnu.org/onlinedocs/gcc/Warning-Options.html#index-Wunused-parameter-Werror=unused-parameter]8;;[m[K]
[1.690s]    86 | void ThrustControlSupervisor::execute_pwm([01;31m[Kstd::array<int, 8> pwm[m[K)
[1.690s]       |                                           [01;31m[K~~~~~~~~~~~~~~~~~~~^~~[m[K
[1.690s] [01m[K/home/zenyn/Thrust-Control/src/thrust_control_supervisor.cpp:[m[K In member function â€˜[01m[Kvoid thrust_control::ThrustControlSupervisor::[01;32m[Kexecute_pwm[m[K(std::array<int, 8>)[m[Kâ€™:
[1.690s] [01m[K/home/zenyn/Thrust-Control/src/thrust_control_supervisor.cpp:89:15:[m[K [01;31m[Kerror: [m[Kunused variable â€˜[01m[Kp_w_m[m[Kâ€™ [[01;31m[K]8;;https://gcc.gnu.org/onlinedocs/gcc/Warning-Options.html#index-Wunused-variable-Werror=unused-variable]8;;[m[K]
[1.690s]    89 |     pwm_array [01;31m[Kp_w_m[m[K;
[1.690s]       |               [01;31m[K^~~~~[m[K
[1.690s] [01m[K/home/zenyn/Thrust-Control/src/thrust_control_supervisor.cpp:86:62:[m[K [01;31m[Kerror: [m[Kunused parameter â€˜[01m[Kpwm[m[Kâ€™ [[01;31m[K]8;;https://gcc.gnu.org/onlinedocs/gcc/Warning-Options.html#index-Wunused-parameter-Werror=unused-parameter]8;;[m[K]
[1.690s]    86 | void ThrustControlSupervisor::execute_pwm([01;31m[Kstd::array<int, 8> pwm[m[K)
[1.690s]       |                                           [01;31m[K~~~~~~~~~~~~~~~~~~~^~~[m[K
[2.109s] cc1plus: all warnings being treated as errors
[2.113s] cc1plus: all warnings being treated as errors
[2.132s] gmake[2]: *** [CMakeFiles/test_thrust_control_supervisor.dir/build.make:104: CMakeFiles/test_thrust_control_supervisor.dir/src/thrust_control_supervisor.cpp.o] Error 1
[2.132s] gmake[1]: *** [CMakeFiles/Makefile2:324: CMakeFiles/test_thrust_control_supervisor.dir/all] Error 2
[2.132s] gmake[1]: *** Waiting for unfinished jobs....
[2.135s] gmake[2]: *** [CMakeFiles/test_thrust_control_node.dir/build.make:104: CMakeFiles/test_thrust_control_node.dir/src/thrust_control_supervisor.cpp.o] Error 1
[2.136s] gmake[1]: *** [CMakeFiles/Makefile2:295: CMakeFiles/test_thrust_control_node.dir/all] Error 2
[2.600s] [01m[K/home/zenyn/Thrust-Control/src/thrust_control_supervisor.cpp:[m[K In member function â€˜[01m[Kvoid thrust_control::ThrustControlSupervisor::[01;32m[Kfeed_forward_pwm[m[K()[m[Kâ€™:
[2.600s] [01m[K/home/zenyn/Thrust-Control/src/thrust_control_supervisor.cpp:49:33:[m[K [01;31m[Kerror: [m[Kcannot convert â€˜[01m[Kstd::array<int, 8>[m[Kâ€™ to â€˜[01m[Kpwm_array[m[Kâ€™
[2.600s]    49 |   _interpreter->untimed_execute([01;31m[K_manual_pwm[m[K);
[2.601s]       |                                 [01;31m[K^~~~~~~~~~~[m[K
[2.601s]       |                                 [01;31m[K|[m[K
[2.601s]       |                                 [01;31m[Kstd::array<int, 8>[m[K
[2.601s] In file included from [01m[K/home/zenyn/Thrust-Control/src/thrust_control_supervisor.hpp:9[m[K,
[2.601s]                  from [01m[K/home/zenyn/Thrust-Control/src/thrust_control_supervisor.cpp:1[m[K:
[2.601s] [01m[K/home/zenyn/Thrust-Control/src/../include/Command_Interpreter/src/Command_Interpreter.hpp:188:36:[m[K [01;36m[Knote: [m[K  initializing argument 1 of â€˜[01m[Kvoid Command_Interpreter_RPi5::[01;32m[Kuntimed_execute[m[K(pwm_array)[m[Kâ€™
[2.601s]   188 |     void untimed_execute([01;36m[Kpwm_array thrusterPwms[m[K);
[2.602s]       |                          [01;36m[K~~~~~~~~~~^~~~~~~~~~~~[m[K
[2.602s] [01m[K/home/zenyn/Thrust-Control/src/thrust_control_supervisor.cpp:[m[K In member function â€˜[01m[Kvoid thrust_control::ThrustControlSupervisor::[01;32m[Kexecute_pwm[m[K(std::array<int, 8>)[m[Kâ€™:
[2.602s] [01m[K/home/zenyn/Thrust-Control/src/thrust_control_supervisor.cpp:89:15:[m[K [01;31m[Kerror: [m[Kunused variable â€˜[01m[Kp_w_m[m[Kâ€™ [[01;31m[K]8;;https://gcc.gnu.org/onlinedocs/gcc/Warning-Options.html#index-Wunused-variable-Werror=unused-variable]8;;[m[K]
[2.602s]    89 |     pwm_array [01;31m[Kp_w_m[m[K;
[2.602s]       |               [01;31m[K^~~~~[m[K
[2.602s] [01m[K/home/zenyn/Thrust-Control/src/thrust_control_supervisor.cpp:86:62:[m[K [01;31m[Kerror: [m[Kunused parameter â€˜[01m[Kpwm[m[Kâ€™ [[01;31m[K]8;;https://gcc.gnu.org/onlinedocs/gcc/Warning-Options.html#index-Wunused-parameter-Werror=unused-parameter]8;;[m[K]
[2.602s]    86 | void ThrustControlSupervisor::execute_pwm([01;31m[Kstd::array<int, 8> pwm[m[K)
[2.602s]       |                                           [01;31m[K~~~~~~~~~~~~~~~~~~~^~~[m[K
[2.999s] cc1plus: all warnings being treated as errors
[3.017s] gmake[2]: *** [CMakeFiles/thrust_control.dir/build.make:104: CMakeFiles/thrust_control.dir/src/thrust_control_supervisor.cpp.o] Error 1
[3.017s] gmake[1]: *** [CMakeFiles/Makefile2:266: CMakeFiles/thrust_control.dir/all] Error 2
[3.017s] gmake: *** [Makefile:146: all] Error 2
[3.020s] Invoked command in '/home/zenyn/Thrust-Control/build/thrust_control' returned '2': CMAKE_PREFIX_PATH=${CMAKE_PREFIX_PATH}:/opt/ros/jazzy /usr/bin/cmake --build /home/zenyn/Thrust-Control/build/thrust_control -- -j12 -l12
