-- Found ament_cmake: 2.5.3 (/opt/ros/jazzy/share/ament_cmake/cmake)
-- Found rclcpp: 28.1.8 (/opt/ros/jazzy/share/rclcpp/cmake)
-- Found rosidl_generator_c: 4.6.5 (/opt/ros/jazzy/share/rosidl_generator_c/cmake)
-- Found rosidl_generator_cpp: 4.6.5 (/opt/ros/jazzy/share/rosidl_generator_cpp/cmake)
-- Using all available rosidl_typesupport_c: rosidl_typesupport_fastrtps_c;rosidl_typesupport_introspection_c
-- Using all available rosidl_typesupport_cpp: rosidl_typesupport_fastrtps_cpp;rosidl_typesupport_introspection_cpp
-- Found rmw_implementation_cmake: 7.3.2 (/opt/ros/jazzy/share/rmw_implementation_cmake/cmake)
-- Found rmw_fastrtps_cpp: 8.4.2 (/opt/ros/jazzy/share/rmw_fastrtps_cpp/cmake)
-- Using RMW implementation 'rmw_fastrtps_cpp' as default
-- Found std_msgs: 5.3.6 (/opt/ros/jazzy/share/std_msgs/cmake)
-- Found ament_lint_auto: 0.17.2 (/opt/ros/jazzy/share/ament_lint_auto/cmake)
-- Added test 'copyright' to check source files copyright and LICENSE
-- Added test 'cppcheck' to perform static code analysis on C / C++ code
-- Configured cppcheck include dirs: 
-- Configured cppcheck exclude dirs and/or files: 
-- Added test 'cpplint' to check C / C++ code against the Google style
-- Configured cpplint exclude dirs and/or files: 
-- Added test 'flake8' to check Python code syntax and style conventions
-- Configured 'flake8' exclude dirs and/or files: 
-- Added test 'lint_cmake' to check CMake code style
-- Added test 'pep257' to check Python code against some of the docstring style conventions in PEP 257
-- Added test 'uncrustify' to check C / C++ code style
-- Configured uncrustify additional arguments: 
-- Added test 'xmllint' to check XML markup files
-- Configuring done (0.7s)
-- Generating done (0.0s)
-- Build files have been written to: /home/zenyn/Thrust-Control/build/thrust_control
[  4%] [32mBuilding CXX object Command-Interpreter/CMakeFiles/PropulsionFunctions.dir/lib/Wiring.cpp.o[0m
[  9%] [32mBuilding CXX object Command-Interpreter/CMakeFiles/PropulsionFunctions.dir/lib/Serial.cpp.o[0m
[ 13%] [32mBuilding CXX object Command-Interpreter/CMakeFiles/PropulsionFunctions.dir/lib/Command_Interpreter.cpp.o[0m
[ 18%] [32mBuilding CXX object _deps/googletest-build/googletest/CMakeFiles/gtest.dir/src/gtest-all.cc.o[0m
[01m[K/home/zenyn/Thrust-Control/Command-Interpreter/lib/Wiring.cpp:[m[K In member function â€˜[01m[Kvoid WiringControl::[01;32m[KsetPinType[m[K(int, PinType)[m[Kâ€™:
[01m[K/home/zenyn/Thrust-Control/Command-Interpreter/lib/Wiring.cpp:70:61:[m[K [01;35m[Kwarning: [m[Kmissing initializer for member â€˜[01m[KPwmPinStatus::dutyCycle[m[Kâ€™ [[01;35m[K]8;;https://gcc.gnu.org/onlinedocs/gcc/Warning-Options.html#index-Wmissing-field-initializers-Wmissing-field-initializers]8;;[m[K]
   70 |             pwmPinStatuses[pinNumber] = PwmPinStatus{1500, 0[01;35m[K}[m[K;
      |                                                             [01;35m[K^[m[K
[01m[K/home/zenyn/Thrust-Control/Command-Interpreter/lib/Wiring.cpp:77:61:[m[K [01;35m[Kwarning: [m[Kmissing initializer for member â€˜[01m[KPwmPinStatus::dutyCycle[m[Kâ€™ [[01;35m[K]8;;https://gcc.gnu.org/onlinedocs/gcc/Warning-Options.html#index-Wmissing-field-initializers-Wmissing-field-initializers]8;;[m[K]
   77 |             pwmPinStatuses[pinNumber] = PwmPinStatus{1500, 0[01;35m[K}[m[K;
      |                                                             [01;35m[K^[m[K
In file included from [01m[K/home/zenyn/Thrust-Control/Command-Interpreter/lib/Command_Interpreter.cpp:7[m[K:
[01m[K/home/zenyn/Thrust-Control/Command-Interpreter/lib/Command_Interpreter.h:[m[K In constructor â€˜[01m[KCommand_Interpreter_RPi5::[01;32m[KCommand_Interpreter_RPi5[m[K(std::vector<PwmPin*>, std::vector<DigitalPin*>, const WiringControl&, std::ostream&, std::ostream&, std::ostream&)[m[Kâ€™:
[01m[K/home/zenyn/Thrust-Control/Command-Interpreter/lib/Command_Interpreter.h:168:19:[m[K [01;35m[Kwarning: [m[Kâ€˜[01m[KCommand_Interpreter_RPi5::errorLog[m[Kâ€™ will be initialized after [[01;35m[K]8;;https://gcc.gnu.org/onlinedocs/gcc/Warning-Options.html#index-Wreorder-Wreorder]8;;[m[K]
  168 |     std::ostream &[01;35m[KerrorLog[m[K;
      |                   [01;35m[K^~~~~~~~[m[K
[01m[K/home/zenyn/Thrust-Control/Command-Interpreter/lib/Command_Interpreter.h:167:19:[m[K [01;35m[Kwarning: [m[K  â€˜[01m[Kstd::ostream& Command_Interpreter_RPi5::outLog[m[Kâ€™ [[01;35m[K]8;;https://gcc.gnu.org/onlinedocs/gcc/Warning-Options.html#index-Wreorder-Wreorder]8;;[m[K]
  167 |     std::ostream &[01;35m[KoutLog[m[K;
      |                   [01;35m[K^~~~~~[m[K
[01m[K/home/zenyn/Thrust-Control/Command-Interpreter/lib/Command_Interpreter.cpp:125:1:[m[K [01;35m[Kwarning: [m[K  when initialized here [[01;35m[K]8;;https://gcc.gnu.org/onlinedocs/gcc/Warning-Options.html#index-Wreorder-Wreorder]8;;[m[K]
  125 | [01;35m[KCommand_Interpreter_RPi5[m[K::Command_Interpreter_RPi5(std::vector<PwmPin *> thrusterPins,
      | [01;35m[K^~~~~~~~~~~~~~~~~~~~~~~~[m[K
[01m[K/home/zenyn/Thrust-Control/Command-Interpreter/lib/Command_Interpreter.h:167:19:[m[K [01;35m[Kwarning: [m[Kâ€˜[01m[KCommand_Interpreter_RPi5::outLog[m[Kâ€™ will be initialized after [[01;35m[K]8;;https://gcc.gnu.org/onlinedocs/gcc/Warning-Options.html#index-Wreorder-Wreorder]8;;[m[K]
  167 |     std::ostream &[01;35m[KoutLog[m[K;
      |                   [01;35m[K^~~~~~[m[K
[01m[K/home/zenyn/Thrust-Control/Command-Interpreter/lib/Command_Interpreter.h:166:19:[m[K [01;35m[Kwarning: [m[K  â€˜[01m[Kstd::ostream& Command_Interpreter_RPi5::output[m[Kâ€™ [[01;35m[K]8;;https://gcc.gnu.org/onlinedocs/gcc/Warning-Options.html#index-Wreorder-Wreorder]8;;[m[K]
  166 |     std::ostream &[01;35m[Koutput[m[K;
      |                   [01;35m[K^~~~~~[m[K
[01m[K/home/zenyn/Thrust-Control/Command-Interpreter/lib/Command_Interpreter.cpp:125:1:[m[K [01;35m[Kwarning: [m[K  when initialized here [[01;35m[K]8;;https://gcc.gnu.org/onlinedocs/gcc/Warning-Options.html#index-Wreorder-Wreorder]8;;[m[K]
  125 | [01;35m[KCommand_Interpreter_RPi5[m[K::Command_Interpreter_RPi5(std::vector<PwmPin *> thrusterPins,
      | [01;35m[K^~~~~~~~~~~~~~~~~~~~~~~~[m[K
[ 22%] [32m[1mLinking CXX static library libPropulsionFunctions.a[0m
[ 22%] Built target PropulsionFunctions
[ 27%] [32mBuilding CXX object CMakeFiles/thrust_control.dir/command_manager.cpp.o[0m
[ 36%] [32mBuilding CXX object CMakeFiles/thrust_control.dir/main.cpp.o[0m
[ 36%] [32mBuilding CXX object CMakeFiles/thrust_control.dir/thrust_control_node.cpp.o[0m
[ 40%] [32mBuilding CXX object CMakeFiles/thrust_control.dir/thrust_control_supervisor.cpp.o[0m
In file included from [01m[K/home/zenyn/Thrust-Control/thrust_control_supervisor.cpp:1[m[K:
[01m[K/home/zenyn/Thrust-Control/thrust_control_supervisor.hpp:[m[K In constructor â€˜[01m[Kthrust_control::ThrustControlSupervisor::[01;32m[KThrustControlSupervisor[m[K(rclcpp::Logger, std::unique_ptr<Command_Interpreter_RPi5>)[m[Kâ€™:
[01m[K/home/zenyn/Thrust-Control/thrust_control_supervisor.hpp:47:18:[m[K [01;35m[Kwarning: [m[Kâ€˜[01m[Kthrust_control::ThrustControlSupervisor::_logger[m[Kâ€™ will be initialized after [[01;35m[K]8;;https://gcc.gnu.org/onlinedocs/gcc/Warning-Options.html#index-Wreorder-Wreorder]8;;[m[K]
   47 |   rclcpp::Logger [01;35m[K_logger[m[K;
      |                  [01;35m[K^~~~~~~[m[K
[01m[K/home/zenyn/Thrust-Control/thrust_control_supervisor.hpp:46:45:[m[K [01;35m[Kwarning: [m[K  â€˜[01m[Kstd::unique_ptr<Command_Interpreter_RPi5> thrust_control::ThrustControlSupervisor::_interpreter[m[Kâ€™ [[01;35m[K]8;;https://gcc.gnu.org/onlinedocs/gcc/Warning-Options.html#index-Wreorder-Wreorder]8;;[m[K]
   46 |   std::unique_ptr<Command_Interpreter_RPi5> [01;35m[K_interpreter[m[K;
      |                                             [01;35m[K^~~~~~~~~~~~[m[K
[01m[K/home/zenyn/Thrust-Control/thrust_control_supervisor.cpp:6:1:[m[K [01;35m[Kwarning: [m[K  when initialized here [[01;35m[K]8;;https://gcc.gnu.org/onlinedocs/gcc/Warning-Options.html#index-Wreorder-Wreorder]8;;[m[K]
    6 | [01;35m[KThrustControlSupervisor[m[K::ThrustControlSupervisor(
      | [01;35m[K^~~~~~~~~~~~~~~~~~~~~~~[m[K
[01m[K/home/zenyn/Thrust-Control/thrust_control_supervisor.cpp:[m[K In member function â€˜[01m[Kvoid thrust_control::ThrustControlSupervisor::[01;32m[Kfeed_forward_pwm[m[K()[m[Kâ€™:
[01m[K/home/zenyn/Thrust-Control/thrust_control_supervisor.cpp:40:1:[m[K [01;31m[Kerror: [m[Kversion control conflict marker in file
   40 | [01;31m[K<<<<<<<[m[K HEAD
      | [01;31m[K^~~~~~~[m[K
[01m[K/home/zenyn/Thrust-Control/thrust_control_supervisor.cpp:41:3:[m[K [01;31m[Kerror: [m[Kexpected primary-expression before â€˜[01m[K<<[m[Kâ€™ token
   41 | <<[01;31m[K<<[m[K<<< HEAD
      |   [01;31m[K^~[m[K
[01m[K/home/zenyn/Thrust-Control/thrust_control_supervisor.cpp:41:5:[m[K [01;31m[Kerror: [m[Kexpected primary-expression before â€˜[01m[K<<[m[Kâ€™ token
   41 | <<<<[01;31m[K<<[m[K< HEAD
      |     [01;31m[K^~[m[K
[01m[K/home/zenyn/Thrust-Control/thrust_control_supervisor.cpp:41:7:[m[K [01;31m[Kerror: [m[Kexpected primary-expression before â€˜[01m[K<[m[Kâ€™ token
   41 | <<<<<<[01;31m[K<[m[K HEAD
      |       [01;31m[K^[m[K
[01m[K/home/zenyn/Thrust-Control/thrust_control_supervisor.cpp:41:9:[m[K [01;31m[Kerror: [m[Kâ€˜[01m[KHEAD[m[Kâ€™ was not declared in this scope
   41 | <<<<<<< [01;31m[KHEAD[m[K
      |         [01;31m[K^~~~[m[K
[01m[K/home/zenyn/Thrust-Control/thrust_control_supervisor.cpp:43:3:[m[K [01;31m[Kerror: [m[Kexpected primary-expression before â€˜[01m[K==[m[Kâ€™ token
   43 | ==[01;31m[K==[m[K===
      |   [01;31m[K^~[m[K
[01m[K/home/zenyn/Thrust-Control/thrust_control_supervisor.cpp:43:5:[m[K [01;31m[Kerror: [m[Kexpected primary-expression before â€˜[01m[K==[m[Kâ€™ token
   43 | ====[01;31m[K==[m[K=
      |     [01;31m[K^~[m[K
[01m[K/home/zenyn/Thrust-Control/thrust_control_supervisor.cpp:43:7:[m[K [01;31m[Kerror: [m[Kexpected primary-expression before â€˜[01m[K=[m[Kâ€™ token
   43 | ======[01;31m[K=[m[K
      |       [01;31m[K^[m[K
[01m[K/home/zenyn/Thrust-Control/thrust_control_supervisor.cpp:45:1:[m[K [01;31m[Kerror: [m[Kversion control conflict marker in file
   45 | [01;31m[K>>>>>>>[m[K zenyn-work-branch
      | [01;31m[K^~~~~~~[m[K
[01m[K/home/zenyn/Thrust-Control/thrust_control_supervisor.cpp:47:3:[m[K [01;31m[Kerror: [m[Kexpected primary-expression before â€˜[01m[K==[m[Kâ€™ token
   47 | ==[01;31m[K==[m[K===
      |   [01;31m[K^~[m[K
[01m[K/home/zenyn/Thrust-Control/thrust_control_supervisor.cpp:47:5:[m[K [01;31m[Kerror: [m[Kexpected primary-expression before â€˜[01m[K==[m[Kâ€™ token
   47 | ====[01;31m[K==[m[K=
      |     [01;31m[K^~[m[K
[01m[K/home/zenyn/Thrust-Control/thrust_control_supervisor.cpp:47:7:[m[K [01;31m[Kerror: [m[Kexpected primary-expression before â€˜[01m[K=[m[Kâ€™ token
   47 | ======[01;31m[K=[m[K
      |       [01;31m[K^[m[K
[01m[K/home/zenyn/Thrust-Control/thrust_control_supervisor.cpp:50:3:[m[K [01;31m[Kerror: [m[Kâ€˜[01m[Kpwm[m[Kâ€™ was not declared in this scope
   50 |   [01;31m[Kpwm[m[K[0] = 0;
      |   [01;31m[K^~~[m[K
[01m[K/home/zenyn/Thrust-Control/thrust_control_supervisor.cpp:51:1:[m[K [01;31m[Kerror: [m[Kversion control conflict marker in file
   51 | [01;31m[K>>>>>>>[m[K 82630cbe66a68703f1f05db4a38c7a708e6495d5
      | [01;31m[K^~~~~~~[m[K
[01m[K/home/zenyn/Thrust-Control/thrust_control_supervisor.cpp:[m[K In member function â€˜[01m[Kvoid thrust_control::ThrustControlSupervisor::[01;32m[Kpid_pwm[m[K()[m[Kâ€™:
[01m[K/home/zenyn/Thrust-Control/thrust_control_supervisor.cpp:56:1:[m[K [01;31m[Kerror: [m[Kversion control conflict marker in file
   56 | [01;31m[K<<<<<<<[m[K HEAD
      | [01;31m[K^~~~~~~[m[K
[01m[K/home/zenyn/Thrust-Control/thrust_control_supervisor.cpp:58:3:[m[K [01;31m[Kerror: [m[Kexpected primary-expression before â€˜[01m[K<<[m[Kâ€™ token
   58 | <<[01;31m[K<<[m[K<<< HEAD
      |   [01;31m[K^~[m[K
[01m[K/home/zenyn/Thrust-Control/thrust_control_supervisor.cpp:58:5:[m[K [01;31m[Kerror: [m[Kexpected primary-expression before â€˜[01m[K<<[m[Kâ€™ token
   58 | <<<<[01;31m[K<<[m[K< HEAD
      |     [01;31m[K^~[m[K
[01m[K/home/zenyn/Thrust-Control/thrust_control_supervisor.cpp:58:7:[m[K [01;31m[Kerror: [m[Kexpected primary-expression before â€˜[01m[K<[m[Kâ€™ token
   58 | <<<<<<[01;31m[K<[m[K HEAD
      |       [01;31m[K^[m[K
[01m[K/home/zenyn/Thrust-Control/thrust_control_supervisor.cpp:58:9:[m[K [01;31m[Kerror: [m[Kâ€˜[01m[KHEAD[m[Kâ€™ was not declared in this scope
   58 | <<<<<<< [01;31m[KHEAD[m[K
      |         [01;31m[K^~~~[m[K
[01m[K/home/zenyn/Thrust-Control/thrust_control_supervisor.cpp:60:3:[m[K [01;31m[Kerror: [m[Kexpected primary-expression before â€˜[01m[K==[m[Kâ€™ token
   60 | ==[01;31m[K==[m[K===
      |   [01;31m[K^~[m[K
[01m[K/home/zenyn/Thrust-Control/thrust_control_supervisor.cpp:60:5:[m[K [01;31m[Kerror: [m[Kexpected primary-expression before â€˜[01m[K==[m[Kâ€™ token
   60 | ====[01;31m[K==[m[K=
      |     [01;31m[K^~[m[K
[01m[K/home/zenyn/Thrust-Control/thrust_control_supervisor.cpp:60:7:[m[K [01;31m[Kerror: [m[Kexpected primary-expression before â€˜[01m[K=[m[Kâ€™ token
   60 | ======[01;31m[K=[m[K
      |       [01;31m[K^[m[K
[01m[K/home/zenyn/Thrust-Control/thrust_control_supervisor.cpp:63:3:[m[K [01;31m[Kerror: [m[Kâ€˜[01m[Kpwm[m[Kâ€™ was not declared in this scope
   63 |   [01;31m[Kpwm[m[K[0] = 0;
      |   [01;31m[K^~~[m[K
[01m[K/home/zenyn/Thrust-Control/thrust_control_supervisor.cpp:64:1:[m[K [01;31m[Kerror: [m[Kversion control conflict marker in file
   64 | [01;31m[K>>>>>>>[m[K 82630cbe66a68703f1f05db4a38c7a708e6495d5
      | [01;31m[K^~~~~~~[m[K
[01m[K/home/zenyn/Thrust-Control/thrust_control_supervisor.cpp:65:3:[m[K [01;31m[Kerror: [m[Kexpected primary-expression before â€˜[01m[K==[m[Kâ€™ token
   65 | ==[01;31m[K==[m[K===
      |   [01;31m[K^~[m[K
[01m[K/home/zenyn/Thrust-Control/thrust_control_supervisor.cpp:65:5:[m[K [01;31m[Kerror: [m[Kexpected primary-expression before â€˜[01m[K==[m[Kâ€™ token
   65 | ====[01;31m[K==[m[K=
      |     [01;31m[K^~[m[K
[01m[K/home/zenyn/Thrust-Control/thrust_control_supervisor.cpp:65:7:[m[K [01;31m[Kerror: [m[Kexpected primary-expression before â€˜[01m[K=[m[Kâ€™ token
   65 | ======[01;31m[K=[m[K
      |       [01;31m[K^[m[K
[01m[K/home/zenyn/Thrust-Control/thrust_control_supervisor.cpp:66:5:[m[K [01;31m[Kerror: [m[Kexpected primary-expression before â€˜[01m[Kif[m[Kâ€™
   66 |     [01;31m[Kif[m[K ( _auto_flag == false )
      |     [01;31m[K^~[m[K
[01m[K/home/zenyn/Thrust-Control/thrust_control_supervisor.cpp:73:1:[m[K [01;31m[Kerror: [m[Kversion control conflict marker in file
   73 | [01;31m[K>>>>>>>[m[K zenyn-work-branch
      | [01;31m[K^~~~~~~[m[K
gmake[2]: *** [CMakeFiles/thrust_control.dir/build.make:104: CMakeFiles/thrust_control.dir/thrust_control_supervisor.cpp.o] Error 1
gmake[2]: *** Waiting for unfinished jobs....
[ 45%] [32m[1mLinking CXX static library ../../../lib/libgtest.a[0m
[ 45%] Built target gtest
[ 54%] [32mBuilding CXX object _deps/googletest-build/googletest/CMakeFiles/gtest_main.dir/src/gtest_main.cc.o[0m
[ 54%] [32mBuilding CXX object _deps/googletest-build/googlemock/CMakeFiles/gmock.dir/src/gmock-all.cc.o[0m
[ 59%] [32m[1mLinking CXX static library ../../../lib/libgtest_main.a[0m
[ 59%] Built target gtest_main
[ 68%] [32mBuilding CXX object Command-Interpreter/CMakeFiles/propulsion_test.dir/lib/Command_Interpreter.cpp.o[0m
[ 68%] [32mBuilding CXX object Command-Interpreter/CMakeFiles/propulsion_test.dir/testing/Command_Interpreter_Testing.cpp.o[0m
[ 77%] [32mBuilding CXX object Command-Interpreter/CMakeFiles/propulsion_test.dir/lib/Wiring.cpp.o[0m
[ 77%] [32mBuilding CXX object Command-Interpreter/CMakeFiles/propulsion_test.dir/lib/Serial.cpp.o[0m
[01m[K/home/zenyn/Thrust-Control/Command-Interpreter/lib/Wiring.cpp:[m[K In member function â€˜[01m[Kvoid WiringControl::[01;32m[KsetPinType[m[K(int, PinType)[m[Kâ€™:
[01m[K/home/zenyn/Thrust-Control/Command-Interpreter/lib/Wiring.cpp:70:61:[m[K [01;35m[Kwarning: [m[Kmissing initializer for member â€˜[01m[KPwmPinStatus::dutyCycle[m[Kâ€™ [[01;35m[K]8;;https://gcc.gnu.org/onlinedocs/gcc/Warning-Options.html#index-Wmissing-field-initializers-Wmissing-field-initializers]8;;[m[K]
   70 |             pwmPinStatuses[pinNumber] = PwmPinStatus{1500, 0[01;35m[K}[m[K;
      |                                                             [01;35m[K^[m[K
[01m[K/home/zenyn/Thrust-Control/Command-Interpreter/lib/Wiring.cpp:77:61:[m[K [01;35m[Kwarning: [m[Kmissing initializer for member â€˜[01m[KPwmPinStatus::dutyCycle[m[Kâ€™ [[01;35m[K]8;;https://gcc.gnu.org/onlinedocs/gcc/Warning-Options.html#index-Wmissing-field-initializers-Wmissing-field-initializers]8;;[m[K]
   77 |             pwmPinStatuses[pinNumber] = PwmPinStatus{1500, 0[01;35m[K}[m[K;
      |                                                             [01;35m[K^[m[K
In file included from [01m[K/home/zenyn/Thrust-Control/Command-Interpreter/lib/Command_Interpreter.cpp:7[m[K:
[01m[K/home/zenyn/Thrust-Control/Command-Interpreter/lib/Command_Interpreter.h:[m[K In constructor â€˜[01m[KCommand_Interpreter_RPi5::[01;32m[KCommand_Interpreter_RPi5[m[K(std::vector<PwmPin*>, std::vector<DigitalPin*>, const WiringControl&, std::ostream&, std::ostream&, std::ostream&)[m[Kâ€™:
[01m[K/home/zenyn/Thrust-Control/Command-Interpreter/lib/Command_Interpreter.h:168:19:[m[K [01;35m[Kwarning: [m[Kâ€˜[01m[KCommand_Interpreter_RPi5::errorLog[m[Kâ€™ will be initialized after [[01;35m[K]8;;https://gcc.gnu.org/onlinedocs/gcc/Warning-Options.html#index-Wreorder-Wreorder]8;;[m[K]
  168 |     std::ostream &[01;35m[KerrorLog[m[K;
      |                   [01;35m[K^~~~~~~~[m[K
[01m[K/home/zenyn/Thrust-Control/Command-Interpreter/lib/Command_Interpreter.h:167:19:[m[K [01;35m[Kwarning: [m[K  â€˜[01m[Kstd::ostream& Command_Interpreter_RPi5::outLog[m[Kâ€™ [[01;35m[K]8;;https://gcc.gnu.org/onlinedocs/gcc/Warning-Options.html#index-Wreorder-Wreorder]8;;[m[K]
  167 |     std::ostream &[01;35m[KoutLog[m[K;
      |                   [01;35m[K^~~~~~[m[K
[01m[K/home/zenyn/Thrust-Control/Command-Interpreter/lib/Command_Interpreter.cpp:125:1:[m[K [01;35m[Kwarning: [m[K  when initialized here [[01;35m[K]8;;https://gcc.gnu.org/onlinedocs/gcc/Warning-Options.html#index-Wreorder-Wreorder]8;;[m[K]
  125 | [01;35m[KCommand_Interpreter_RPi5[m[K::Command_Interpreter_RPi5(std::vector<PwmPin *> thrusterPins,
      | [01;35m[K^~~~~~~~~~~~~~~~~~~~~~~~[m[K
[01m[K/home/zenyn/Thrust-Control/Command-Interpreter/lib/Command_Interpreter.h:167:19:[m[K [01;35m[Kwarning: [m[Kâ€˜[01m[KCommand_Interpreter_RPi5::outLog[m[Kâ€™ will be initialized after [[01;35m[K]8;;https://gcc.gnu.org/onlinedocs/gcc/Warning-Options.html#index-Wreorder-Wreorder]8;;[m[K]
  167 |     std::ostream &[01;35m[KoutLog[m[K;
      |                   [01;35m[K^~~~~~[m[K
[01m[K/home/zenyn/Thrust-Control/Command-Interpreter/lib/Command_Interpreter.h:166:19:[m[K [01;35m[Kwarning: [m[K  â€˜[01m[Kstd::ostream& Command_Interpreter_RPi5::output[m[Kâ€™ [[01;35m[K]8;;https://gcc.gnu.org/onlinedocs/gcc/Warning-Options.html#index-Wreorder-Wreorder]8;;[m[K]
  166 |     std::ostream &[01;35m[Koutput[m[K;
      |                   [01;35m[K^~~~~~[m[K
[01m[K/home/zenyn/Thrust-Control/Command-Interpreter/lib/Command_Interpreter.cpp:125:1:[m[K [01;35m[Kwarning: [m[K  when initialized here [[01;35m[K]8;;https://gcc.gnu.org/onlinedocs/gcc/Warning-Options.html#index-Wreorder-Wreorder]8;;[m[K]
  125 | [01;35m[KCommand_Interpreter_RPi5[m[K::Command_Interpreter_RPi5(std::vector<PwmPin *> thrusterPins,
      | [01;35m[K^~~~~~~~~~~~~~~~~~~~~~~~[m[K
[ 81%] [32m[1mLinking CXX executable propulsion_test[0m
[ 81%] Built target propulsion_test
[ 86%] [32m[1mLinking CXX static library ../../../lib/libgmock.a[0m
[ 86%] Built target gmock
[ 90%] [32mBuilding CXX object _deps/googletest-build/googlemock/CMakeFiles/gmock_main.dir/src/gmock_main.cc.o[0m
gmake[1]: *** [CMakeFiles/Makefile2:209: CMakeFiles/thrust_control.dir/all] Error 2
gmake[1]: *** Waiting for unfinished jobs....
[ 95%] [32m[1mLinking CXX static library ../../../lib/libgmock_main.a[0m
[ 95%] Built target gmock_main
gmake: *** [Makefile:146: all] Error 2
