[0.007s] Invoking command in '/home/zenyn/Thrust-Control/build/thrust_control': CMAKE_PREFIX_PATH=${CMAKE_PREFIX_PATH}:/opt/ros/jazzy /usr/bin/cmake --build /home/zenyn/Thrust-Control/build/thrust_control -- -j12 -l12
[0.032s] -- Found ament_cmake: 2.5.3 (/opt/ros/jazzy/share/ament_cmake/cmake)
[0.212s] -- Found rclcpp: 28.1.8 (/opt/ros/jazzy/share/rclcpp/cmake)
[0.231s] -- Found rosidl_generator_c: 4.6.5 (/opt/ros/jazzy/share/rosidl_generator_c/cmake)
[0.237s] -- Found rosidl_generator_cpp: 4.6.5 (/opt/ros/jazzy/share/rosidl_generator_cpp/cmake)
[0.245s] -- Using all available rosidl_typesupport_c: rosidl_typesupport_fastrtps_c;rosidl_typesupport_introspection_c
[0.254s] -- Using all available rosidl_typesupport_cpp: rosidl_typesupport_fastrtps_cpp;rosidl_typesupport_introspection_cpp
[0.297s] -- Found rmw_implementation_cmake: 7.3.2 (/opt/ros/jazzy/share/rmw_implementation_cmake/cmake)
[0.298s] -- Found rmw_fastrtps_cpp: 8.4.2 (/opt/ros/jazzy/share/rmw_fastrtps_cpp/cmake)
[0.356s] -- Using RMW implementation 'rmw_fastrtps_cpp' as default
[0.402s] -- Found std_msgs: 5.3.6 (/opt/ros/jazzy/share/std_msgs/cmake)
[0.515s] -- Found ament_lint_auto: 0.17.2 (/opt/ros/jazzy/share/ament_lint_auto/cmake)
[0.582s] -- Added test 'copyright' to check source files copyright and LICENSE
[0.630s] -- Added test 'cppcheck' to perform static code analysis on C / C++ code
[0.630s] -- Configured cppcheck include dirs: 
[0.630s] -- Configured cppcheck exclude dirs and/or files: 
[0.675s] -- Added test 'cpplint' to check C / C++ code against the Google style
[0.675s] -- Configured cpplint exclude dirs and/or files: 
[0.681s] -- Added test 'flake8' to check Python code syntax and style conventions
[0.681s] -- Configured 'flake8' exclude dirs and/or files: 
[0.692s] -- Added test 'lint_cmake' to check CMake code style
[0.698s] -- Added test 'pep257' to check Python code against some of the docstring style conventions in PEP 257
[0.745s] -- Added test 'uncrustify' to check C / C++ code style
[0.745s] -- Configured uncrustify additional arguments: 
[0.751s] -- Added test 'xmllint' to check XML markup files
[0.752s] -- Configuring done (0.7s)
[0.765s] -- Generating done (0.0s)
[0.769s] -- Build files have been written to: /home/zenyn/Thrust-Control/build/thrust_control
[0.808s] [  4%] [32mBuilding CXX object Command-Interpreter/CMakeFiles/PropulsionFunctions.dir/lib/Wiring.cpp.o[0m
[0.809s] [  9%] [32mBuilding CXX object Command-Interpreter/CMakeFiles/PropulsionFunctions.dir/lib/Serial.cpp.o[0m
[0.810s] [ 13%] [32mBuilding CXX object Command-Interpreter/CMakeFiles/PropulsionFunctions.dir/lib/Command_Interpreter.cpp.o[0m
[0.811s] [ 18%] [32mBuilding CXX object _deps/googletest-build/googletest/CMakeFiles/gtest.dir/src/gtest-all.cc.o[0m
[0.977s] [01m[K/home/zenyn/Thrust-Control/Command-Interpreter/lib/Wiring.cpp:[m[K In member function â€˜[01m[Kvoid WiringControl::[01;32m[KsetPinType[m[K(int, PinType)[m[Kâ€™:
[0.977s] [01m[K/home/zenyn/Thrust-Control/Command-Interpreter/lib/Wiring.cpp:70:61:[m[K [01;35m[Kwarning: [m[Kmissing initializer for member â€˜[01m[KPwmPinStatus::dutyCycle[m[Kâ€™ [[01;35m[K]8;;https://gcc.gnu.org/onlinedocs/gcc/Warning-Options.html#index-Wmissing-field-initializers-Wmissing-field-initializers]8;;[m[K]
[0.977s]    70 |             pwmPinStatuses[pinNumber] = PwmPinStatus{1500, 0[01;35m[K}[m[K;
[0.977s]       |                                                             [01;35m[K^[m[K
[0.977s] [01m[K/home/zenyn/Thrust-Control/Command-Interpreter/lib/Wiring.cpp:77:61:[m[K [01;35m[Kwarning: [m[Kmissing initializer for member â€˜[01m[KPwmPinStatus::dutyCycle[m[Kâ€™ [[01;35m[K]8;;https://gcc.gnu.org/onlinedocs/gcc/Warning-Options.html#index-Wmissing-field-initializers-Wmissing-field-initializers]8;;[m[K]
[0.978s]    77 |             pwmPinStatuses[pinNumber] = PwmPinStatus{1500, 0[01;35m[K}[m[K;
[0.978s]       |                                                             [01;35m[K^[m[K
[1.097s] In file included from [01m[K/home/zenyn/Thrust-Control/Command-Interpreter/lib/Command_Interpreter.cpp:7[m[K:
[1.097s] [01m[K/home/zenyn/Thrust-Control/Command-Interpreter/lib/Command_Interpreter.h:[m[K In constructor â€˜[01m[KCommand_Interpreter_RPi5::[01;32m[KCommand_Interpreter_RPi5[m[K(std::vector<PwmPin*>, std::vector<DigitalPin*>, const WiringControl&, std::ostream&, std::ostream&, std::ostream&)[m[Kâ€™:
[1.097s] [01m[K/home/zenyn/Thrust-Control/Command-Interpreter/lib/Command_Interpreter.h:168:19:[m[K [01;35m[Kwarning: [m[Kâ€˜[01m[KCommand_Interpreter_RPi5::errorLog[m[Kâ€™ will be initialized after [[01;35m[K]8;;https://gcc.gnu.org/onlinedocs/gcc/Warning-Options.html#index-Wreorder-Wreorder]8;;[m[K]
[1.097s]   168 |     std::ostream &[01;35m[KerrorLog[m[K;
[1.097s]       |                   [01;35m[K^~~~~~~~[m[K
[1.097s] [01m[K/home/zenyn/Thrust-Control/Command-Interpreter/lib/Command_Interpreter.h:167:19:[m[K [01;35m[Kwarning: [m[K  â€˜[01m[Kstd::ostream& Command_Interpreter_RPi5::outLog[m[Kâ€™ [[01;35m[K]8;;https://gcc.gnu.org/onlinedocs/gcc/Warning-Options.html#index-Wreorder-Wreorder]8;;[m[K]
[1.097s]   167 |     std::ostream &[01;35m[KoutLog[m[K;
[1.097s]       |                   [01;35m[K^~~~~~[m[K
[1.097s] [01m[K/home/zenyn/Thrust-Control/Command-Interpreter/lib/Command_Interpreter.cpp:125:1:[m[K [01;35m[Kwarning: [m[K  when initialized here [[01;35m[K]8;;https://gcc.gnu.org/onlinedocs/gcc/Warning-Options.html#index-Wreorder-Wreorder]8;;[m[K]
[1.097s]   125 | [01;35m[KCommand_Interpreter_RPi5[m[K::Command_Interpreter_RPi5(std::vector<PwmPin *> thrusterPins,
[1.098s]       | [01;35m[K^~~~~~~~~~~~~~~~~~~~~~~~[m[K
[1.098s] [01m[K/home/zenyn/Thrust-Control/Command-Interpreter/lib/Command_Interpreter.h:167:19:[m[K [01;35m[Kwarning: [m[Kâ€˜[01m[KCommand_Interpreter_RPi5::outLog[m[Kâ€™ will be initialized after [[01;35m[K]8;;https://gcc.gnu.org/onlinedocs/gcc/Warning-Options.html#index-Wreorder-Wreorder]8;;[m[K]
[1.098s]   167 |     std::ostream &[01;35m[KoutLog[m[K;
[1.098s]       |                   [01;35m[K^~~~~~[m[K
[1.098s] [01m[K/home/zenyn/Thrust-Control/Command-Interpreter/lib/Command_Interpreter.h:166:19:[m[K [01;35m[Kwarning: [m[K  â€˜[01m[Kstd::ostream& Command_Interpreter_RPi5::output[m[Kâ€™ [[01;35m[K]8;;https://gcc.gnu.org/onlinedocs/gcc/Warning-Options.html#index-Wreorder-Wreorder]8;;[m[K]
[1.098s]   166 |     std::ostream &[01;35m[Koutput[m[K;
[1.098s]       |                   [01;35m[K^~~~~~[m[K
[1.098s] [01m[K/home/zenyn/Thrust-Control/Command-Interpreter/lib/Command_Interpreter.cpp:125:1:[m[K [01;35m[Kwarning: [m[K  when initialized here [[01;35m[K]8;;https://gcc.gnu.org/onlinedocs/gcc/Warning-Options.html#index-Wreorder-Wreorder]8;;[m[K]
[1.098s]   125 | [01;35m[KCommand_Interpreter_RPi5[m[K::Command_Interpreter_RPi5(std::vector<PwmPin *> thrusterPins,
[1.098s]       | [01;35m[K^~~~~~~~~~~~~~~~~~~~~~~~[m[K
[1.321s] [ 22%] [32m[1mLinking CXX static library libPropulsionFunctions.a[0m
[1.361s] [ 22%] Built target PropulsionFunctions
[1.385s] [ 27%] [32mBuilding CXX object CMakeFiles/thrust_control.dir/command_manager.cpp.o[0m
[1.386s] [ 36%] [32mBuilding CXX object CMakeFiles/thrust_control.dir/main.cpp.o[0m
[1.386s] [ 36%] [32mBuilding CXX object CMakeFiles/thrust_control.dir/thrust_control_node.cpp.o[0m
[1.386s] [ 40%] [32mBuilding CXX object CMakeFiles/thrust_control.dir/thrust_control_supervisor.cpp.o[0m
[3.272s] In file included from [01m[K/home/zenyn/Thrust-Control/thrust_control_supervisor.cpp:1[m[K:
[3.272s] [01m[K/home/zenyn/Thrust-Control/thrust_control_supervisor.hpp:[m[K In constructor â€˜[01m[Kthrust_control::ThrustControlSupervisor::[01;32m[KThrustControlSupervisor[m[K(rclcpp::Logger, std::unique_ptr<Command_Interpreter_RPi5>)[m[Kâ€™:
[3.272s] [01m[K/home/zenyn/Thrust-Control/thrust_control_supervisor.hpp:47:18:[m[K [01;35m[Kwarning: [m[Kâ€˜[01m[Kthrust_control::ThrustControlSupervisor::_logger[m[Kâ€™ will be initialized after [[01;35m[K]8;;https://gcc.gnu.org/onlinedocs/gcc/Warning-Options.html#index-Wreorder-Wreorder]8;;[m[K]
[3.272s]    47 |   rclcpp::Logger [01;35m[K_logger[m[K;
[3.272s]       |                  [01;35m[K^~~~~~~[m[K
[3.272s] [01m[K/home/zenyn/Thrust-Control/thrust_control_supervisor.hpp:46:45:[m[K [01;35m[Kwarning: [m[K  â€˜[01m[Kstd::unique_ptr<Command_Interpreter_RPi5> thrust_control::ThrustControlSupervisor::_interpreter[m[Kâ€™ [[01;35m[K]8;;https://gcc.gnu.org/onlinedocs/gcc/Warning-Options.html#index-Wreorder-Wreorder]8;;[m[K]
[3.272s]    46 |   std::unique_ptr<Command_Interpreter_RPi5> [01;35m[K_interpreter[m[K;
[3.273s]       |                                             [01;35m[K^~~~~~~~~~~~[m[K
[3.273s] [01m[K/home/zenyn/Thrust-Control/thrust_control_supervisor.cpp:6:1:[m[K [01;35m[Kwarning: [m[K  when initialized here [[01;35m[K]8;;https://gcc.gnu.org/onlinedocs/gcc/Warning-Options.html#index-Wreorder-Wreorder]8;;[m[K]
[3.273s]     6 | [01;35m[KThrustControlSupervisor[m[K::ThrustControlSupervisor(
[3.273s]       | [01;35m[K^~~~~~~~~~~~~~~~~~~~~~~[m[K
[3.273s] [01m[K/home/zenyn/Thrust-Control/thrust_control_supervisor.cpp:[m[K In member function â€˜[01m[Kvoid thrust_control::ThrustControlSupervisor::[01;32m[Kfeed_forward_pwm[m[K()[m[Kâ€™:
[3.273s] [01m[K/home/zenyn/Thrust-Control/thrust_control_supervisor.cpp:40:1:[m[K [01;31m[Kerror: [m[Kversion control conflict marker in file
[3.273s]    40 | [01;31m[K<<<<<<<[m[K HEAD
[3.273s]       | [01;31m[K^~~~~~~[m[K
[3.273s] [01m[K/home/zenyn/Thrust-Control/thrust_control_supervisor.cpp:41:3:[m[K [01;31m[Kerror: [m[Kexpected primary-expression before â€˜[01m[K<<[m[Kâ€™ token
[3.274s]    41 | <<[01;31m[K<<[m[K<<< HEAD
[3.274s]       |   [01;31m[K^~[m[K
[3.274s] [01m[K/home/zenyn/Thrust-Control/thrust_control_supervisor.cpp:41:5:[m[K [01;31m[Kerror: [m[Kexpected primary-expression before â€˜[01m[K<<[m[Kâ€™ token
[3.274s]    41 | <<<<[01;31m[K<<[m[K< HEAD
[3.274s]       |     [01;31m[K^~[m[K
[3.274s] [01m[K/home/zenyn/Thrust-Control/thrust_control_supervisor.cpp:41:7:[m[K [01;31m[Kerror: [m[Kexpected primary-expression before â€˜[01m[K<[m[Kâ€™ token
[3.274s]    41 | <<<<<<[01;31m[K<[m[K HEAD
[3.274s]       |       [01;31m[K^[m[K
[3.277s] [01m[K/home/zenyn/Thrust-Control/thrust_control_supervisor.cpp:41:9:[m[K [01;31m[Kerror: [m[Kâ€˜[01m[KHEAD[m[Kâ€™ was not declared in this scope
[3.278s]    41 | <<<<<<< [01;31m[KHEAD[m[K
[3.278s]       |         [01;31m[K^~~~[m[K
[3.278s] [01m[K/home/zenyn/Thrust-Control/thrust_control_supervisor.cpp:43:3:[m[K [01;31m[Kerror: [m[Kexpected primary-expression before â€˜[01m[K==[m[Kâ€™ token
[3.278s]    43 | ==[01;31m[K==[m[K===
[3.278s]       |   [01;31m[K^~[m[K
[3.278s] [01m[K/home/zenyn/Thrust-Control/thrust_control_supervisor.cpp:43:5:[m[K [01;31m[Kerror: [m[Kexpected primary-expression before â€˜[01m[K==[m[Kâ€™ token
[3.278s]    43 | ====[01;31m[K==[m[K=
[3.278s]       |     [01;31m[K^~[m[K
[3.278s] [01m[K/home/zenyn/Thrust-Control/thrust_control_supervisor.cpp:43:7:[m[K [01;31m[Kerror: [m[Kexpected primary-expression before â€˜[01m[K=[m[Kâ€™ token
[3.278s]    43 | ======[01;31m[K=[m[K
[3.278s]       |       [01;31m[K^[m[K
[3.279s] [01m[K/home/zenyn/Thrust-Control/thrust_control_supervisor.cpp:45:1:[m[K [01;31m[Kerror: [m[Kversion control conflict marker in file
[3.279s]    45 | [01;31m[K>>>>>>>[m[K zenyn-work-branch
[3.279s]       | [01;31m[K^~~~~~~[m[K
[3.279s] [01m[K/home/zenyn/Thrust-Control/thrust_control_supervisor.cpp:47:3:[m[K [01;31m[Kerror: [m[Kexpected primary-expression before â€˜[01m[K==[m[Kâ€™ token
[3.279s]    47 | ==[01;31m[K==[m[K===
[3.279s]       |   [01;31m[K^~[m[K
[3.279s] [01m[K/home/zenyn/Thrust-Control/thrust_control_supervisor.cpp:47:5:[m[K [01;31m[Kerror: [m[Kexpected primary-expression before â€˜[01m[K==[m[Kâ€™ token
[3.279s]    47 | ====[01;31m[K==[m[K=
[3.279s]       |     [01;31m[K^~[m[K
[3.279s] [01m[K/home/zenyn/Thrust-Control/thrust_control_supervisor.cpp:47:7:[m[K [01;31m[Kerror: [m[Kexpected primary-expression before â€˜[01m[K=[m[Kâ€™ token
[3.280s]    47 | ======[01;31m[K=[m[K
[3.280s]       |       [01;31m[K^[m[K
[3.281s] [01m[K/home/zenyn/Thrust-Control/thrust_control_supervisor.cpp:50:3:[m[K [01;31m[Kerror: [m[Kâ€˜[01m[Kpwm[m[Kâ€™ was not declared in this scope
[3.282s]    50 |   [01;31m[Kpwm[m[K[0] = 0;
[3.282s]       |   [01;31m[K^~~[m[K
[3.282s] [01m[K/home/zenyn/Thrust-Control/thrust_control_supervisor.cpp:51:1:[m[K [01;31m[Kerror: [m[Kversion control conflict marker in file
[3.282s]    51 | [01;31m[K>>>>>>>[m[K 82630cbe66a68703f1f05db4a38c7a708e6495d5
[3.282s]       | [01;31m[K^~~~~~~[m[K
[3.282s] [01m[K/home/zenyn/Thrust-Control/thrust_control_supervisor.cpp:[m[K In member function â€˜[01m[Kvoid thrust_control::ThrustControlSupervisor::[01;32m[Kpid_pwm[m[K()[m[Kâ€™:
[3.282s] [01m[K/home/zenyn/Thrust-Control/thrust_control_supervisor.cpp:56:1:[m[K [01;31m[Kerror: [m[Kversion control conflict marker in file
[3.282s]    56 | [01;31m[K<<<<<<<[m[K HEAD
[3.282s]       | [01;31m[K^~~~~~~[m[K
[3.282s] [01m[K/home/zenyn/Thrust-Control/thrust_control_supervisor.cpp:58:3:[m[K [01;31m[Kerror: [m[Kexpected primary-expression before â€˜[01m[K<<[m[Kâ€™ token
[3.283s]    58 | <<[01;31m[K<<[m[K<<< HEAD
[3.283s]       |   [01;31m[K^~[m[K
[3.283s] [01m[K/home/zenyn/Thrust-Control/thrust_control_supervisor.cpp:58:5:[m[K [01;31m[Kerror: [m[Kexpected primary-expression before â€˜[01m[K<<[m[Kâ€™ token
[3.283s]    58 | <<<<[01;31m[K<<[m[K< HEAD
[3.283s]       |     [01;31m[K^~[m[K
[3.283s] [01m[K/home/zenyn/Thrust-Control/thrust_control_supervisor.cpp:58:7:[m[K [01;31m[Kerror: [m[Kexpected primary-expression before â€˜[01m[K<[m[Kâ€™ token
[3.283s]    58 | <<<<<<[01;31m[K<[m[K HEAD
[3.283s]       |       [01;31m[K^[m[K
[3.286s] [01m[K/home/zenyn/Thrust-Control/thrust_control_supervisor.cpp:58:9:[m[K [01;31m[Kerror: [m[Kâ€˜[01m[KHEAD[m[Kâ€™ was not declared in this scope
[3.286s]    58 | <<<<<<< [01;31m[KHEAD[m[K
[3.286s]       |         [01;31m[K^~~~[m[K
[3.286s] [01m[K/home/zenyn/Thrust-Control/thrust_control_supervisor.cpp:60:3:[m[K [01;31m[Kerror: [m[Kexpected primary-expression before â€˜[01m[K==[m[Kâ€™ token
[3.286s]    60 | ==[01;31m[K==[m[K===
[3.286s]       |   [01;31m[K^~[m[K
[3.286s] [01m[K/home/zenyn/Thrust-Control/thrust_control_supervisor.cpp:60:5:[m[K [01;31m[Kerror: [m[Kexpected primary-expression before â€˜[01m[K==[m[Kâ€™ token
[3.286s]    60 | ====[01;31m[K==[m[K=
[3.287s]       |     [01;31m[K^~[m[K
[3.287s] [01m[K/home/zenyn/Thrust-Control/thrust_control_supervisor.cpp:60:7:[m[K [01;31m[Kerror: [m[Kexpected primary-expression before â€˜[01m[K=[m[Kâ€™ token
[3.287s]    60 | ======[01;31m[K=[m[K
[3.287s]       |       [01;31m[K^[m[K
[3.290s] [01m[K/home/zenyn/Thrust-Control/thrust_control_supervisor.cpp:63:3:[m[K [01;31m[Kerror: [m[Kâ€˜[01m[Kpwm[m[Kâ€™ was not declared in this scope
[3.290s]    63 |   [01;31m[Kpwm[m[K[0] = 0;
[3.290s]       |   [01;31m[K^~~[m[K
[3.290s] [01m[K/home/zenyn/Thrust-Control/thrust_control_supervisor.cpp:64:1:[m[K [01;31m[Kerror: [m[Kversion control conflict marker in file
[3.290s]    64 | [01;31m[K>>>>>>>[m[K 82630cbe66a68703f1f05db4a38c7a708e6495d5
[3.290s]       | [01;31m[K^~~~~~~[m[K
[3.291s] [01m[K/home/zenyn/Thrust-Control/thrust_control_supervisor.cpp:65:3:[m[K [01;31m[Kerror: [m[Kexpected primary-expression before â€˜[01m[K==[m[Kâ€™ token
[3.291s]    65 | ==[01;31m[K==[m[K===
[3.291s]       |   [01;31m[K^~[m[K
[3.291s] [01m[K/home/zenyn/Thrust-Control/thrust_control_supervisor.cpp:65:5:[m[K [01;31m[Kerror: [m[Kexpected primary-expression before â€˜[01m[K==[m[Kâ€™ token
[3.291s]    65 | ====[01;31m[K==[m[K=
[3.291s]       |     [01;31m[K^~[m[K
[3.291s] [01m[K/home/zenyn/Thrust-Control/thrust_control_supervisor.cpp:65:7:[m[K [01;31m[Kerror: [m[Kexpected primary-expression before â€˜[01m[K=[m[Kâ€™ token
[3.291s]    65 | ======[01;31m[K=[m[K
[3.291s]       |       [01;31m[K^[m[K
[3.291s] [01m[K/home/zenyn/Thrust-Control/thrust_control_supervisor.cpp:66:5:[m[K [01;31m[Kerror: [m[Kexpected primary-expression before â€˜[01m[Kif[m[Kâ€™
[3.291s]    66 |     [01;31m[Kif[m[K ( _auto_flag == false )
[3.292s]       |     [01;31m[K^~[m[K
[3.292s] [01m[K/home/zenyn/Thrust-Control/thrust_control_supervisor.cpp:73:1:[m[K [01;31m[Kerror: [m[Kversion control conflict marker in file
[3.292s]    73 | [01;31m[K>>>>>>>[m[K zenyn-work-branch
[3.292s]       | [01;31m[K^~~~~~~[m[K
[3.715s] gmake[2]: *** [CMakeFiles/thrust_control.dir/build.make:104: CMakeFiles/thrust_control.dir/thrust_control_supervisor.cpp.o] Error 1
[3.715s] gmake[2]: *** Waiting for unfinished jobs....
[4.278s] [ 45%] [32m[1mLinking CXX static library ../../../lib/libgtest.a[0m
[4.353s] [ 45%] Built target gtest
[4.383s] [ 54%] [32mBuilding CXX object _deps/googletest-build/googletest/CMakeFiles/gtest_main.dir/src/gtest_main.cc.o[0m
[4.384s] [ 54%] [32mBuilding CXX object _deps/googletest-build/googlemock/CMakeFiles/gmock.dir/src/gmock-all.cc.o[0m
[5.055s] [ 59%] [32m[1mLinking CXX static library ../../../lib/libgtest_main.a[0m
[5.095s] [ 59%] Built target gtest_main
[5.121s] [ 68%] [32mBuilding CXX object Command-Interpreter/CMakeFiles/propulsion_test.dir/lib/Command_Interpreter.cpp.o[0m
[5.121s] [ 68%] [32mBuilding CXX object Command-Interpreter/CMakeFiles/propulsion_test.dir/testing/Command_Interpreter_Testing.cpp.o[0m
[5.121s] [ 77%] [32mBuilding CXX object Command-Interpreter/CMakeFiles/propulsion_test.dir/lib/Wiring.cpp.o[0m
[5.121s] [ 77%] [32mBuilding CXX object Command-Interpreter/CMakeFiles/propulsion_test.dir/lib/Serial.cpp.o[0m
[5.361s] [01m[K/home/zenyn/Thrust-Control/Command-Interpreter/lib/Wiring.cpp:[m[K In member function â€˜[01m[Kvoid WiringControl::[01;32m[KsetPinType[m[K(int, PinType)[m[Kâ€™:
[5.361s] [01m[K/home/zenyn/Thrust-Control/Command-Interpreter/lib/Wiring.cpp:70:61:[m[K [01;35m[Kwarning: [m[Kmissing initializer for member â€˜[01m[KPwmPinStatus::dutyCycle[m[Kâ€™ [[01;35m[K]8;;https://gcc.gnu.org/onlinedocs/gcc/Warning-Options.html#index-Wmissing-field-initializers-Wmissing-field-initializers]8;;[m[K]
[5.361s]    70 |             pwmPinStatuses[pinNumber] = PwmPinStatus{1500, 0[01;35m[K}[m[K;
[5.361s]       |                                                             [01;35m[K^[m[K
[5.361s] [01m[K/home/zenyn/Thrust-Control/Command-Interpreter/lib/Wiring.cpp:77:61:[m[K [01;35m[Kwarning: [m[Kmissing initializer for member â€˜[01m[KPwmPinStatus::dutyCycle[m[Kâ€™ [[01;35m[K]8;;https://gcc.gnu.org/onlinedocs/gcc/Warning-Options.html#index-Wmissing-field-initializers-Wmissing-field-initializers]8;;[m[K]
[5.361s]    77 |             pwmPinStatuses[pinNumber] = PwmPinStatus{1500, 0[01;35m[K}[m[K;
[5.361s]       |                                                             [01;35m[K^[m[K
[5.544s] In file included from [01m[K/home/zenyn/Thrust-Control/Command-Interpreter/lib/Command_Interpreter.cpp:7[m[K:
[5.544s] [01m[K/home/zenyn/Thrust-Control/Command-Interpreter/lib/Command_Interpreter.h:[m[K In constructor â€˜[01m[KCommand_Interpreter_RPi5::[01;32m[KCommand_Interpreter_RPi5[m[K(std::vector<PwmPin*>, std::vector<DigitalPin*>, const WiringControl&, std::ostream&, std::ostream&, std::ostream&)[m[Kâ€™:
[5.544s] [01m[K/home/zenyn/Thrust-Control/Command-Interpreter/lib/Command_Interpreter.h:168:19:[m[K [01;35m[Kwarning: [m[Kâ€˜[01m[KCommand_Interpreter_RPi5::errorLog[m[Kâ€™ will be initialized after [[01;35m[K]8;;https://gcc.gnu.org/onlinedocs/gcc/Warning-Options.html#index-Wreorder-Wreorder]8;;[m[K]
[5.545s]   168 |     std::ostream &[01;35m[KerrorLog[m[K;
[5.545s]       |                   [01;35m[K^~~~~~~~[m[K
[5.545s] [01m[K/home/zenyn/Thrust-Control/Command-Interpreter/lib/Command_Interpreter.h:167:19:[m[K [01;35m[Kwarning: [m[K  â€˜[01m[Kstd::ostream& Command_Interpreter_RPi5::outLog[m[Kâ€™ [[01;35m[K]8;;https://gcc.gnu.org/onlinedocs/gcc/Warning-Options.html#index-Wreorder-Wreorder]8;;[m[K]
[5.545s]   167 |     std::ostream &[01;35m[KoutLog[m[K;
[5.545s]       |                   [01;35m[K^~~~~~[m[K
[5.545s] [01m[K/home/zenyn/Thrust-Control/Command-Interpreter/lib/Command_Interpreter.cpp:125:1:[m[K [01;35m[Kwarning: [m[K  when initialized here [[01;35m[K]8;;https://gcc.gnu.org/onlinedocs/gcc/Warning-Options.html#index-Wreorder-Wreorder]8;;[m[K]
[5.545s]   125 | [01;35m[KCommand_Interpreter_RPi5[m[K::Command_Interpreter_RPi5(std::vector<PwmPin *> thrusterPins,
[5.545s]       | [01;35m[K^~~~~~~~~~~~~~~~~~~~~~~~[m[K
[5.545s] [01m[K/home/zenyn/Thrust-Control/Command-Interpreter/lib/Command_Interpreter.h:167:19:[m[K [01;35m[Kwarning: [m[Kâ€˜[01m[KCommand_Interpreter_RPi5::outLog[m[Kâ€™ will be initialized after [[01;35m[K]8;;https://gcc.gnu.org/onlinedocs/gcc/Warning-Options.html#index-Wreorder-Wreorder]8;;[m[K]
[5.545s]   167 |     std::ostream &[01;35m[KoutLog[m[K;
[5.546s]       |                   [01;35m[K^~~~~~[m[K
[5.546s] [01m[K/home/zenyn/Thrust-Control/Command-Interpreter/lib/Command_Interpreter.h:166:19:[m[K [01;35m[Kwarning: [m[K  â€˜[01m[Kstd::ostream& Command_Interpreter_RPi5::output[m[Kâ€™ [[01;35m[K]8;;https://gcc.gnu.org/onlinedocs/gcc/Warning-Options.html#index-Wreorder-Wreorder]8;;[m[K]
[5.546s]   166 |     std::ostream &[01;35m[Koutput[m[K;
[5.546s]       |                   [01;35m[K^~~~~~[m[K
[5.546s] [01m[K/home/zenyn/Thrust-Control/Command-Interpreter/lib/Command_Interpreter.cpp:125:1:[m[K [01;35m[Kwarning: [m[K  when initialized here [[01;35m[K]8;;https://gcc.gnu.org/onlinedocs/gcc/Warning-Options.html#index-Wreorder-Wreorder]8;;[m[K]
[5.546s]   125 | [01;35m[KCommand_Interpreter_RPi5[m[K::Command_Interpreter_RPi5(std::vector<PwmPin *> thrusterPins,
[5.546s]       | [01;35m[K^~~~~~~~~~~~~~~~~~~~~~~~[m[K
[6.147s] [ 81%] [32m[1mLinking CXX executable propulsion_test[0m
[6.307s] [ 81%] Built target propulsion_test
[6.351s] [ 86%] [32m[1mLinking CXX static library ../../../lib/libgmock.a[0m
[6.394s] [ 86%] Built target gmock
[6.414s] [ 90%] [32mBuilding CXX object _deps/googletest-build/googlemock/CMakeFiles/gmock_main.dir/src/gmock_main.cc.o[0m
[6.900s] gmake[1]: *** [CMakeFiles/Makefile2:209: CMakeFiles/thrust_control.dir/all] Error 2
[6.900s] gmake[1]: *** Waiting for unfinished jobs....
[6.988s] [ 95%] [32m[1mLinking CXX static library ../../../lib/libgmock_main.a[0m
[7.035s] [ 95%] Built target gmock_main
[7.036s] gmake: *** [Makefile:146: all] Error 2
[7.040s] Invoked command in '/home/zenyn/Thrust-Control/build/thrust_control' returned '2': CMAKE_PREFIX_PATH=${CMAKE_PREFIX_PATH}:/opt/ros/jazzy /usr/bin/cmake --build /home/zenyn/Thrust-Control/build/thrust_control -- -j12 -l12
