[ 10%] Built target controller_codegenTest
[ 20%] Built target PropulsionFunctions
[ 28%] Built target controller_lib
[ 33%] Built target gtest
[ 35%] [32mBuilding CXX object CMakeFiles/thrust_control.dir/src/thrust_control_node.cpp.o[0m
[ 38%] [32mBuilding CXX object CMakeFiles/thrust_control.dir/src/thrust_control_supervisor.cpp.o[0m
[ 41%] [32mBuilding CXX object CMakeFiles/thrust_control.dir/src/main.cpp.o[0m
[ 46%] Built target gtest_main
[ 56%] Built target gmock
[ 56%] Built target controller_test
[ 58%] [32mBuilding CXX object CMakeFiles/test_thrust_control_node.dir/tests/test_thrust_control_node.cpp.o[0m
[ 69%] [32mBuilding CXX object CMakeFiles/test_thrust_control_supervisor.dir/src/command_interpreter_pointer.cpp.o[0m
[ 69%] [32mBuilding CXX object CMakeFiles/test_thrust_control_node.dir/src/thrust_control_supervisor.cpp.o[0m
[ 69%] [32mBuilding CXX object CMakeFiles/test_thrust_control_node.dir/src/thrust_control_node.cpp.o[0m
[ 69%] [32mBuilding CXX object CMakeFiles/test_thrust_control_node.dir/src/command_interpreter_pointer.cpp.o[0m
[ 71%] [32mBuilding CXX object CMakeFiles/test_thrust_control_supervisor.dir/tests/test_thrust_control_supervisor.cpp.o[0m
[ 74%] [32mBuilding CXX object CMakeFiles/test_thrust_control_supervisor.dir/src/thrust_control_supervisor.cpp.o[0m
[ 87%] Built target propulsion_test
[ 92%] Built target gmock_main
In file included from [01m[K/home/zenyn/Thrust-Control/src/thrust_control_node.hpp:13[m[K,
                 from [01m[K/home/zenyn/Thrust-Control/src/main.cpp:1[m[K:
[01m[K/home/zenyn/Thrust-Control/src/thrust_control_supervisor.hpp:9:10:[m[K [01;31m[Kfatal error: [m[K../include/Command_Interpreter/src/Command_Interpreter.h: No such file or directory
    9 | #include [01;31m[K"../include/Command_Interpreter/src/Command_Interpreter.h"[m[K
      |          [01;31m[K^~~~~~~~~~~~~~~~~~~~~~~~~~~~~~~~~~~~~~~~~~~~~~~~~~~~~~~~~~[m[K
compilation terminated.
gmake[2]: *** [CMakeFiles/thrust_control.dir/build.make:76: CMakeFiles/thrust_control.dir/src/main.cpp.o] Error 1
gmake[2]: *** Waiting for unfinished jobs....
In file included from [01m[K/home/zenyn/Thrust-Control/src/thrust_control_supervisor.cpp:1[m[K:
[01m[K/home/zenyn/Thrust-Control/src/thrust_control_supervisor.hpp:9:10:[m[K [01;31m[Kfatal error: [m[K../include/Command_Interpreter/src/Command_Interpreter.h: No such file or directory
    9 | #include [01;31m[K"../include/Command_Interpreter/src/Command_Interpreter.h"[m[K
      |          [01;31m[K^~~~~~~~~~~~~~~~~~~~~~~~~~~~~~~~~~~~~~~~~~~~~~~~~~~~~~~~~~[m[K
compilation terminated.
gmake[2]: *** [CMakeFiles/test_thrust_control_node.dir/build.make:104: CMakeFiles/test_thrust_control_node.dir/src/thrust_control_supervisor.cpp.o] Error 1
gmake[2]: *** Waiting for unfinished jobs....
In file included from [01m[K/home/zenyn/Thrust-Control/src/thrust_control_supervisor.cpp:1[m[K:
[01m[K/home/zenyn/Thrust-Control/src/thrust_control_supervisor.hpp:9:10:[m[K [01;31m[Kfatal error: [m[K../include/Command_Interpreter/src/Command_Interpreter.h: No such file or directory
    9 | #include [01;31m[K"../include/Command_Interpreter/src/Command_Interpreter.h"[m[K
      |          [01;31m[K^~~~~~~~~~~~~~~~~~~~~~~~~~~~~~~~~~~~~~~~~~~~~~~~~~~~~~~~~~[m[K
compilation terminated.
gmake[2]: *** [CMakeFiles/thrust_control.dir/build.make:104: CMakeFiles/thrust_control.dir/src/thrust_control_supervisor.cpp.o] Error 1
In file included from [01m[K/home/zenyn/Thrust-Control/src/thrust_control_node.hpp:13[m[K,
                 from [01m[K/home/zenyn/Thrust-Control/src/thrust_control_node.cpp:1[m[K:
[01m[K/home/zenyn/Thrust-Control/src/thrust_control_supervisor.hpp:9:10:[m[K [01;31m[Kfatal error: [m[K../include/Command_Interpreter/src/Command_Interpreter.h: No such file or directory
    9 | #include [01;31m[K"../include/Command_Interpreter/src/Command_Interpreter.h"[m[K
      |          [01;31m[K^~~~~~~~~~~~~~~~~~~~~~~~~~~~~~~~~~~~~~~~~~~~~~~~~~~~~~~~~~[m[K
compilation terminated.
gmake[2]: *** [CMakeFiles/test_thrust_control_node.dir/build.make:118: CMakeFiles/test_thrust_control_node.dir/src/thrust_control_node.cpp.o] Error 1
In file included from [01m[K/home/zenyn/Thrust-Control/src/thrust_control_node.hpp:13[m[K,
                 from [01m[K/home/zenyn/Thrust-Control/src/thrust_control_node.cpp:1[m[K:
[01m[K/home/zenyn/Thrust-Control/src/thrust_control_supervisor.hpp:9:10:[m[K [01;31m[Kfatal error: [m[K../include/Command_Interpreter/src/Command_Interpreter.h: No such file or directory
    9 | #include [01;31m[K"../include/Command_Interpreter/src/Command_Interpreter.h"[m[K
      |          [01;31m[K^~~~~~~~~~~~~~~~~~~~~~~~~~~~~~~~~~~~~~~~~~~~~~~~~~~~~~~~~~[m[K
compilation terminated.
gmake[2]: *** [CMakeFiles/thrust_control.dir/build.make:90: CMakeFiles/thrust_control.dir/src/thrust_control_node.cpp.o] Error 1
gmake[1]: *** [CMakeFiles/Makefile2:266: CMakeFiles/thrust_control.dir/all] Error 2
gmake[1]: *** Waiting for unfinished jobs....
In file included from [01m[K/home/zenyn/Thrust-Control/tests/test_thrust_control_node.cpp:6[m[K:
[01m[K/home/zenyn/Thrust-Control/tests/../src/thrust_control_supervisor.hpp:9:10:[m[K [01;31m[Kfatal error: [m[K../include/Command_Interpreter/src/Command_Interpreter.h: No such file or directory
    9 | #include [01;31m[K"../include/Command_Interpreter/src/Command_Interpreter.h"[m[K
      |          [01;31m[K^~~~~~~~~~~~~~~~~~~~~~~~~~~~~~~~~~~~~~~~~~~~~~~~~~~~~~~~~~[m[K
compilation terminated.
gmake[2]: *** [CMakeFiles/test_thrust_control_node.dir/build.make:76: CMakeFiles/test_thrust_control_node.dir/tests/test_thrust_control_node.cpp.o] Error 1
In file included from [01m[K/home/zenyn/Thrust-Control/src/thrust_control_supervisor.cpp:1[m[K:
[01m[K/home/zenyn/Thrust-Control/src/thrust_control_supervisor.hpp:9:10:[m[K [01;31m[Kfatal error: [m[K../include/Command_Interpreter/src/Command_Interpreter.h: No such file or directory
    9 | #include [01;31m[K"../include/Command_Interpreter/src/Command_Interpreter.h"[m[K
      |          [01;31m[K^~~~~~~~~~~~~~~~~~~~~~~~~~~~~~~~~~~~~~~~~~~~~~~~~~~~~~~~~~[m[K
compilation terminated.
gmake[2]: *** [CMakeFiles/test_thrust_control_supervisor.dir/build.make:104: CMakeFiles/test_thrust_control_supervisor.dir/src/thrust_control_supervisor.cpp.o] Error 1
gmake[2]: *** Waiting for unfinished jobs....
In file included from [01m[K/home/zenyn/Thrust-Control/tests/test_thrust_control_supervisor.cpp:4[m[K:
[01m[K/home/zenyn/Thrust-Control/tests/../src/thrust_control_supervisor.hpp:9:10:[m[K [01;31m[Kfatal error: [m[K../include/Command_Interpreter/src/Command_Interpreter.h: No such file or directory
    9 | #include [01;31m[K"../include/Command_Interpreter/src/Command_Interpreter.h"[m[K
      |          [01;31m[K^~~~~~~~~~~~~~~~~~~~~~~~~~~~~~~~~~~~~~~~~~~~~~~~~~~~~~~~~~[m[K
compilation terminated.
gmake[2]: *** [CMakeFiles/test_thrust_control_supervisor.dir/build.make:76: CMakeFiles/test_thrust_control_supervisor.dir/tests/test_thrust_control_supervisor.cpp.o] Error 1
gmake[1]: *** [CMakeFiles/Makefile2:295: CMakeFiles/test_thrust_control_node.dir/all] Error 2
gmake[1]: *** [CMakeFiles/Makefile2:324: CMakeFiles/test_thrust_control_supervisor.dir/all] Error 2
gmake: *** [Makefile:146: all] Error 2
