[0.013s] Invoking command in '/home/zenyn/Thrust-Control/build/thrust_control': CMAKE_PREFIX_PATH=${CMAKE_PREFIX_PATH}:/opt/ros/jazzy /usr/bin/cmake --build /home/zenyn/Thrust-Control/build/thrust_control -- -j12 -l12
[0.082s] [ 10%] Built target controller_codegenTest
[0.084s] [ 20%] Built target PropulsionFunctions
[0.084s] [ 28%] Built target controller_lib
[0.089s] [ 33%] Built target gtest
[0.115s] [ 35%] [32mBuilding CXX object CMakeFiles/thrust_control.dir/src/thrust_control_node.cpp.o[0m
[0.115s] [ 38%] [32mBuilding CXX object CMakeFiles/thrust_control.dir/src/thrust_control_supervisor.cpp.o[0m
[0.119s] [ 41%] [32mBuilding CXX object CMakeFiles/thrust_control.dir/src/main.cpp.o[0m
[0.139s] [ 46%] Built target gtest_main
[0.146s] [ 56%] Built target gmock
[0.146s] [ 56%] Built target controller_test
[0.175s] [ 58%] [32mBuilding CXX object CMakeFiles/test_thrust_control_node.dir/tests/test_thrust_control_node.cpp.o[0m
[0.180s] [ 69%] [32mBuilding CXX object CMakeFiles/test_thrust_control_supervisor.dir/src/command_interpreter_pointer.cpp.o[0m
[0.180s] [ 69%] [32mBuilding CXX object CMakeFiles/test_thrust_control_node.dir/src/thrust_control_supervisor.cpp.o[0m
[0.180s] [ 69%] [32mBuilding CXX object CMakeFiles/test_thrust_control_node.dir/src/thrust_control_node.cpp.o[0m
[0.181s] [ 69%] [32mBuilding CXX object CMakeFiles/test_thrust_control_node.dir/src/command_interpreter_pointer.cpp.o[0m
[0.181s] [ 71%] [32mBuilding CXX object CMakeFiles/test_thrust_control_supervisor.dir/tests/test_thrust_control_supervisor.cpp.o[0m
[0.183s] [ 74%] [32mBuilding CXX object CMakeFiles/test_thrust_control_supervisor.dir/src/thrust_control_supervisor.cpp.o[0m
[0.193s] [ 87%] Built target propulsion_test
[0.194s] [ 92%] Built target gmock_main
[0.309s] In file included from [01m[K/home/zenyn/Thrust-Control/src/thrust_control_node.hpp:13[m[K,
[0.309s]                  from [01m[K/home/zenyn/Thrust-Control/src/main.cpp:1[m[K:
[0.309s] [01m[K/home/zenyn/Thrust-Control/src/thrust_control_supervisor.hpp:9:10:[m[K [01;31m[Kfatal error: [m[K../include/Command_Interpreter/src/Command_Interpreter.h: No such file or directory
[0.309s]     9 | #include [01;31m[K"../include/Command_Interpreter/src/Command_Interpreter.h"[m[K
[0.309s]       |          [01;31m[K^~~~~~~~~~~~~~~~~~~~~~~~~~~~~~~~~~~~~~~~~~~~~~~~~~~~~~~~~~[m[K
[0.309s] compilation terminated.
[0.313s] gmake[2]: *** [CMakeFiles/thrust_control.dir/build.make:76: CMakeFiles/thrust_control.dir/src/main.cpp.o] Error 1
[0.313s] gmake[2]: *** Waiting for unfinished jobs....
[0.336s] In file included from [01m[K/home/zenyn/Thrust-Control/src/thrust_control_supervisor.cpp:1[m[K:
[0.336s] [01m[K/home/zenyn/Thrust-Control/src/thrust_control_supervisor.hpp:9:10:[m[K [01;31m[Kfatal error: [m[K../include/Command_Interpreter/src/Command_Interpreter.h: No such file or directory
[0.336s]     9 | #include [01;31m[K"../include/Command_Interpreter/src/Command_Interpreter.h"[m[K
[0.336s]       |          [01;31m[K^~~~~~~~~~~~~~~~~~~~~~~~~~~~~~~~~~~~~~~~~~~~~~~~~~~~~~~~~~[m[K
[0.336s] compilation terminated.
[0.336s] gmake[2]: *** [CMakeFiles/test_thrust_control_node.dir/build.make:104: CMakeFiles/test_thrust_control_node.dir/src/thrust_control_supervisor.cpp.o] Error 1
[0.336s] gmake[2]: *** Waiting for unfinished jobs....
[0.389s] In file included from [01m[K/home/zenyn/Thrust-Control/src/thrust_control_supervisor.cpp:1[m[K:
[0.389s] [01m[K/home/zenyn/Thrust-Control/src/thrust_control_supervisor.hpp:9:10:[m[K [01;31m[Kfatal error: [m[K../include/Command_Interpreter/src/Command_Interpreter.h: No such file or directory
[0.390s]     9 | #include [01;31m[K"../include/Command_Interpreter/src/Command_Interpreter.h"[m[K
[0.390s]       |          [01;31m[K^~~~~~~~~~~~~~~~~~~~~~~~~~~~~~~~~~~~~~~~~~~~~~~~~~~~~~~~~~[m[K
[0.390s] compilation terminated.
[0.391s] gmake[2]: *** [CMakeFiles/thrust_control.dir/build.make:104: CMakeFiles/thrust_control.dir/src/thrust_control_supervisor.cpp.o] Error 1
[0.397s] In file included from [01m[K/home/zenyn/Thrust-Control/src/thrust_control_node.hpp:13[m[K,
[0.397s]                  from [01m[K/home/zenyn/Thrust-Control/src/thrust_control_node.cpp:1[m[K:
[0.397s] [01m[K/home/zenyn/Thrust-Control/src/thrust_control_supervisor.hpp:9:10:[m[K [01;31m[Kfatal error: [m[K../include/Command_Interpreter/src/Command_Interpreter.h: No such file or directory
[0.397s]     9 | #include [01;31m[K"../include/Command_Interpreter/src/Command_Interpreter.h"[m[K
[0.397s]       |          [01;31m[K^~~~~~~~~~~~~~~~~~~~~~~~~~~~~~~~~~~~~~~~~~~~~~~~~~~~~~~~~~[m[K
[0.397s] compilation terminated.
[0.399s] gmake[2]: *** [CMakeFiles/test_thrust_control_node.dir/build.make:118: CMakeFiles/test_thrust_control_node.dir/src/thrust_control_node.cpp.o] Error 1
[0.434s] In file included from [01m[K/home/zenyn/Thrust-Control/src/thrust_control_node.hpp:13[m[K,
[0.434s]                  from [01m[K/home/zenyn/Thrust-Control/src/thrust_control_node.cpp:1[m[K:
[0.434s] [01m[K/home/zenyn/Thrust-Control/src/thrust_control_supervisor.hpp:9:10:[m[K [01;31m[Kfatal error: [m[K../include/Command_Interpreter/src/Command_Interpreter.h: No such file or directory
[0.434s]     9 | #include [01;31m[K"../include/Command_Interpreter/src/Command_Interpreter.h"[m[K
[0.434s]       |          [01;31m[K^~~~~~~~~~~~~~~~~~~~~~~~~~~~~~~~~~~~~~~~~~~~~~~~~~~~~~~~~~[m[K
[0.434s] compilation terminated.
[0.437s] gmake[2]: *** [CMakeFiles/thrust_control.dir/build.make:90: CMakeFiles/thrust_control.dir/src/thrust_control_node.cpp.o] Error 1
[0.437s] gmake[1]: *** [CMakeFiles/Makefile2:266: CMakeFiles/thrust_control.dir/all] Error 2
[0.437s] gmake[1]: *** Waiting for unfinished jobs....
[0.454s] In file included from [01m[K/home/zenyn/Thrust-Control/tests/test_thrust_control_node.cpp:6[m[K:
[0.454s] [01m[K/home/zenyn/Thrust-Control/tests/../src/thrust_control_supervisor.hpp:9:10:[m[K [01;31m[Kfatal error: [m[K../include/Command_Interpreter/src/Command_Interpreter.h: No such file or directory
[0.454s]     9 | #include [01;31m[K"../include/Command_Interpreter/src/Command_Interpreter.h"[m[K
[0.454s]       |          [01;31m[K^~~~~~~~~~~~~~~~~~~~~~~~~~~~~~~~~~~~~~~~~~~~~~~~~~~~~~~~~~[m[K
[0.454s] compilation terminated.
[0.455s] gmake[2]: *** [CMakeFiles/test_thrust_control_node.dir/build.make:76: CMakeFiles/test_thrust_control_node.dir/tests/test_thrust_control_node.cpp.o] Error 1
[0.472s] In file included from [01m[K/home/zenyn/Thrust-Control/src/thrust_control_supervisor.cpp:1[m[K:
[0.472s] [01m[K/home/zenyn/Thrust-Control/src/thrust_control_supervisor.hpp:9:10:[m[K [01;31m[Kfatal error: [m[K../include/Command_Interpreter/src/Command_Interpreter.h: No such file or directory
[0.472s]     9 | #include [01;31m[K"../include/Command_Interpreter/src/Command_Interpreter.h"[m[K
[0.472s]       |          [01;31m[K^~~~~~~~~~~~~~~~~~~~~~~~~~~~~~~~~~~~~~~~~~~~~~~~~~~~~~~~~~[m[K
[0.472s] compilation terminated.
[0.474s] gmake[2]: *** [CMakeFiles/test_thrust_control_supervisor.dir/build.make:104: CMakeFiles/test_thrust_control_supervisor.dir/src/thrust_control_supervisor.cpp.o] Error 1
[0.475s] gmake[2]: *** Waiting for unfinished jobs....
[0.493s] In file included from [01m[K/home/zenyn/Thrust-Control/tests/test_thrust_control_supervisor.cpp:4[m[K:
[0.493s] [01m[K/home/zenyn/Thrust-Control/tests/../src/thrust_control_supervisor.hpp:9:10:[m[K [01;31m[Kfatal error: [m[K../include/Command_Interpreter/src/Command_Interpreter.h: No such file or directory
[0.493s]     9 | #include [01;31m[K"../include/Command_Interpreter/src/Command_Interpreter.h"[m[K
[0.493s]       |          [01;31m[K^~~~~~~~~~~~~~~~~~~~~~~~~~~~~~~~~~~~~~~~~~~~~~~~~~~~~~~~~~[m[K
[0.493s] compilation terminated.
[0.496s] gmake[2]: *** [CMakeFiles/test_thrust_control_supervisor.dir/build.make:76: CMakeFiles/test_thrust_control_supervisor.dir/tests/test_thrust_control_supervisor.cpp.o] Error 1
[0.694s] gmake[1]: *** [CMakeFiles/Makefile2:295: CMakeFiles/test_thrust_control_node.dir/all] Error 2
[0.712s] gmake[1]: *** [CMakeFiles/Makefile2:324: CMakeFiles/test_thrust_control_supervisor.dir/all] Error 2
[0.712s] gmake: *** [Makefile:146: all] Error 2
[0.715s] Invoked command in '/home/zenyn/Thrust-Control/build/thrust_control' returned '2': CMAKE_PREFIX_PATH=${CMAKE_PREFIX_PATH}:/opt/ros/jazzy /usr/bin/cmake --build /home/zenyn/Thrust-Control/build/thrust_control -- -j12 -l12
