[01m[K/home/zenyn/Thrust-Control/thrust_control_supervisor.cpp:[m[K In member function â€˜[01m[Kvoid thrust_control::ThrustControlSupervisor::[01;32m[Kstep[m[K(std::string, std::array<int, 8>, float, std::array<float, 6>, std::array<float, 6>)[m[Kâ€™:
[01m[K/home/zenyn/Thrust-Control/thrust_control_supervisor.cpp:19:15:[m[K [01;31m[Kerror: [m[Kâ€˜[01m[Kclass thrust_control::ThrustControlSupervisor[m[Kâ€™ has no member named â€˜[01m[Kcontrol_mode[m[Kâ€™; did you mean â€˜[01m[Kcontrol_mode_[m[Kâ€™?
   19 |         this->[01;31m[Kcontrol_mode[m[K = control_mode;
      |               [01;31m[K^~~~~~~~~~~~[m[K
      |               [32m[Kcontrol_mode_[m[K
[01m[K/home/zenyn/Thrust-Control/thrust_control_supervisor.cpp:20:15:[m[K [01;31m[Kerror: [m[Kâ€˜[01m[Kclass thrust_control::ThrustControlSupervisor[m[Kâ€™ has no member named â€˜[01m[Kmanual_pwm[m[Kâ€™; did you mean â€˜[01m[Kset_manual_pwm[m[Kâ€™?
   20 |         this->[01;31m[Kmanual_pwm[m[K = pwm;
      |               [01;31m[K^~~~~~~~~~[m[K
      |               [32m[Kset_manual_pwm[m[K
[01m[K/home/zenyn/Thrust-Control/thrust_control_supervisor.cpp:21:15:[m[K [01;31m[Kerror: [m[Kâ€˜[01m[Kclass thrust_control::ThrustControlSupervisor[m[Kâ€™ has no member named â€˜[01m[Kduration[m[Kâ€™
   21 |         this->[01;31m[Kduration[m[K = duration;
      |               [01;31m[K^~~~~~~~[m[K
[01m[K/home/zenyn/Thrust-Control/thrust_control_supervisor.cpp:22:15:[m[K [01;31m[Kerror: [m[Kâ€˜[01m[Kclass thrust_control::ThrustControlSupervisor[m[Kâ€™ has no member named â€˜[01m[Kposition[m[Kâ€™
   22 |         this->[01;31m[Kposition[m[K = position;
      |               [01;31m[K^~~~~~~~[m[K
[01m[K/home/zenyn/Thrust-Control/thrust_control_supervisor.cpp:23:15:[m[K [01;31m[Kerror: [m[Kâ€˜[01m[Kclass thrust_control::ThrustControlSupervisor[m[Kâ€™ has no member named â€˜[01m[Kwaypoint[m[Kâ€™; did you mean â€˜[01m[Kset_waypoint[m[Kâ€™?
   23 |         this->[01;31m[Kwaypoint[m[K = waypoint;
      |               [01;31m[K^~~~~~~~[m[K
      |               [32m[Kset_waypoint[m[K
[01m[K/home/zenyn/Thrust-Control/thrust_control_supervisor.cpp:25:35:[m[K [01;31m[Kerror: [m[Kâ€˜[01m[Kmanual_pwm_[m[Kâ€™ was not declared in this scope; did you mean â€˜[01m[Kset_manual_pwm[m[Kâ€™?
   25 |         this->process_pwm_command([01;31m[Kmanual_pwm_[m[K);
      |                                   [01;31m[K^~~~~~~~~~~[m[K
      |                                   [32m[Kset_manual_pwm[m[K
[01m[K/home/zenyn/Thrust-Control/thrust_control_supervisor.cpp:[m[K At global scope:
[01m[K/home/zenyn/Thrust-Control/thrust_control_supervisor.cpp:29:6:[m[K [01;31m[Kerror: [m[Kvariable or field â€˜[01m[Kprocess_pwm_command[m[Kâ€™ declared void
   29 | void [01;31m[KThrustControlSupervisor[m[K::process_pwm_command(pwm)
      |      [01;31m[K^~~~~~~~~~~~~~~~~~~~~~~[m[K
[01m[K/home/zenyn/Thrust-Control/thrust_control_supervisor.cpp:29:51:[m[K [01;31m[Kerror: [m[Kâ€˜[01m[Kpwm[m[Kâ€™ was not declared in this scope
   29 | void ThrustControlSupervisor::process_pwm_command([01;31m[Kpwm[m[K)
      |                                                   [01;31m[K^~~[m[K
gmake[2]: *** [CMakeFiles/thrust_control.dir/build.make:90: CMakeFiles/thrust_control.dir/thrust_control_supervisor.cpp.o] Error 1
gmake[1]: *** [CMakeFiles/Makefile2:137: CMakeFiles/thrust_control.dir/all] Error 2
gmake: *** [Makefile:146: all] Error 2
