[0.007s] Invoking command in '/home/zenyn/Thrust-Control/build/thrust_control': CMAKE_PREFIX_PATH=${CMAKE_PREFIX_PATH}:/opt/ros/jazzy /usr/bin/cmake --build /home/zenyn/Thrust-Control/build/thrust_control -- -j12 -l12
[0.099s] [ 33%] [32mBuilding CXX object CMakeFiles/thrust_control.dir/thrust_control_supervisor.cpp.o[0m
[1.659s] [01m[K/home/zenyn/Thrust-Control/thrust_control_supervisor.cpp:[m[K In member function â€˜[01m[Kvoid thrust_control::ThrustControlSupervisor::[01;32m[Kstep[m[K(std::string, std::array<int, 8>, float, std::array<float, 6>, std::array<float, 6>)[m[Kâ€™:
[1.659s] [01m[K/home/zenyn/Thrust-Control/thrust_control_supervisor.cpp:19:15:[m[K [01;31m[Kerror: [m[Kâ€˜[01m[Kclass thrust_control::ThrustControlSupervisor[m[Kâ€™ has no member named â€˜[01m[Kcontrol_mode[m[Kâ€™; did you mean â€˜[01m[Kcontrol_mode_[m[Kâ€™?
[1.659s]    19 |         this->[01;31m[Kcontrol_mode[m[K = control_mode;
[1.659s]       |               [01;31m[K^~~~~~~~~~~~[m[K
[1.659s]       |               [32m[Kcontrol_mode_[m[K
[1.660s] [01m[K/home/zenyn/Thrust-Control/thrust_control_supervisor.cpp:20:15:[m[K [01;31m[Kerror: [m[Kâ€˜[01m[Kclass thrust_control::ThrustControlSupervisor[m[Kâ€™ has no member named â€˜[01m[Kmanual_pwm[m[Kâ€™; did you mean â€˜[01m[Kset_manual_pwm[m[Kâ€™?
[1.660s]    20 |         this->[01;31m[Kmanual_pwm[m[K = pwm;
[1.660s]       |               [01;31m[K^~~~~~~~~~[m[K
[1.660s]       |               [32m[Kset_manual_pwm[m[K
[1.660s] [01m[K/home/zenyn/Thrust-Control/thrust_control_supervisor.cpp:21:15:[m[K [01;31m[Kerror: [m[Kâ€˜[01m[Kclass thrust_control::ThrustControlSupervisor[m[Kâ€™ has no member named â€˜[01m[Kduration[m[Kâ€™
[1.660s]    21 |         this->[01;31m[Kduration[m[K = duration;
[1.660s]       |               [01;31m[K^~~~~~~~[m[K
[1.660s] [01m[K/home/zenyn/Thrust-Control/thrust_control_supervisor.cpp:22:15:[m[K [01;31m[Kerror: [m[Kâ€˜[01m[Kclass thrust_control::ThrustControlSupervisor[m[Kâ€™ has no member named â€˜[01m[Kposition[m[Kâ€™
[1.660s]    22 |         this->[01;31m[Kposition[m[K = position;
[1.660s]       |               [01;31m[K^~~~~~~~[m[K
[1.661s] [01m[K/home/zenyn/Thrust-Control/thrust_control_supervisor.cpp:23:15:[m[K [01;31m[Kerror: [m[Kâ€˜[01m[Kclass thrust_control::ThrustControlSupervisor[m[Kâ€™ has no member named â€˜[01m[Kwaypoint[m[Kâ€™; did you mean â€˜[01m[Kset_waypoint[m[Kâ€™?
[1.661s]    23 |         this->[01;31m[Kwaypoint[m[K = waypoint;
[1.661s]       |               [01;31m[K^~~~~~~~[m[K
[1.661s]       |               [32m[Kset_waypoint[m[K
[1.665s] [01m[K/home/zenyn/Thrust-Control/thrust_control_supervisor.cpp:25:35:[m[K [01;31m[Kerror: [m[Kâ€˜[01m[Kmanual_pwm_[m[Kâ€™ was not declared in this scope; did you mean â€˜[01m[Kset_manual_pwm[m[Kâ€™?
[1.665s]    25 |         this->process_pwm_command([01;31m[Kmanual_pwm_[m[K);
[1.665s]       |                                   [01;31m[K^~~~~~~~~~~[m[K
[1.665s]       |                                   [32m[Kset_manual_pwm[m[K
[1.665s] [01m[K/home/zenyn/Thrust-Control/thrust_control_supervisor.cpp:[m[K At global scope:
[1.665s] [01m[K/home/zenyn/Thrust-Control/thrust_control_supervisor.cpp:29:6:[m[K [01;31m[Kerror: [m[Kvariable or field â€˜[01m[Kprocess_pwm_command[m[Kâ€™ declared void
[1.666s]    29 | void [01;31m[KThrustControlSupervisor[m[K::process_pwm_command(pwm)
[1.666s]       |      [01;31m[K^~~~~~~~~~~~~~~~~~~~~~~[m[K
[1.667s] [01m[K/home/zenyn/Thrust-Control/thrust_control_supervisor.cpp:29:51:[m[K [01;31m[Kerror: [m[Kâ€˜[01m[Kpwm[m[Kâ€™ was not declared in this scope
[1.668s]    29 | void ThrustControlSupervisor::process_pwm_command([01;31m[Kpwm[m[K)
[1.668s]       |                                                   [01;31m[K^~~[m[K
[2.121s] gmake[2]: *** [CMakeFiles/thrust_control.dir/build.make:90: CMakeFiles/thrust_control.dir/thrust_control_supervisor.cpp.o] Error 1
[2.121s] gmake[1]: *** [CMakeFiles/Makefile2:137: CMakeFiles/thrust_control.dir/all] Error 2
[2.121s] gmake: *** [Makefile:146: all] Error 2
[2.124s] Invoked command in '/home/zenyn/Thrust-Control/build/thrust_control' returned '2': CMAKE_PREFIX_PATH=${CMAKE_PREFIX_PATH}:/opt/ros/jazzy /usr/bin/cmake --build /home/zenyn/Thrust-Control/build/thrust_control -- -j12 -l12
