[0.000000] (-) TimerEvent: {}
[0.000543] (thrust_control) JobQueued: {'identifier': 'thrust_control', 'dependencies': OrderedDict()}
[0.000595] (thrust_control) JobStarted: {'identifier': 'thrust_control'}
[0.005404] (thrust_control) JobProgress: {'identifier': 'thrust_control', 'progress': 'cmake'}
[0.005808] (thrust_control) JobProgress: {'identifier': 'thrust_control', 'progress': 'build'}
[0.007198] (thrust_control) Command: {'cmd': ['/usr/bin/cmake', '--build', '/home/zenyn/Thrust-Control/build/thrust_control', '--', '-j12', '-l12'], 'cwd': '/home/zenyn/Thrust-Control/build/thrust_control', 'env': OrderedDict({'LESSOPEN': '| /usr/bin/lesspipe %s', 'LANGUAGE': 'en_US', 'USER': 'zenyn', 'XDG_SEAT': 'seat0', 'XDG_SESSION_TYPE': 'x11', 'SHLVL': '2', 'LD_LIBRARY_PATH': '/opt/ros/jazzy/opt/rviz_ogre_vendor/lib:/opt/ros/jazzy/lib/x86_64-linux-gnu:/opt/ros/jazzy/opt/gz_math_vendor/lib:/opt/ros/jazzy/opt/gz_utils_vendor/lib:/opt/ros/jazzy/opt/gz_cmake_vendor/lib:/opt/ros/jazzy/lib', 'HOME': '/home/zenyn', 'OLDPWD': '/home/zenyn/Thrust-Control/include/exported-PID-control/test', 'DESKTOP_SESSION': 'cinnamon', 'ROS_PYTHON_VERSION': '3', 'GTK_MODULES': 'gail:atk-bridge', 'XDG_SEAT_PATH': '/org/freedesktop/DisplayManager/Seat0', 'DBUS_SESSION_BUS_ADDRESS': 'unix:path=/run/user/1000/bus', 'COLORTERM': 'truecolor', 'GNOME_KEYRING_CONTROL': '/run/user/1000/keyring', 'ROS_DISTRO': 'jazzy', 'LOGNAME': 'zenyn', 'DESKTOP_AUTOSTART_ID': '10548af1e022aa691a174745163180485900000023430038', '_': '/usr/bin/colcon', 'ROS_VERSION': '2', 'XDG_SESSION_CLASS': 'user', 'TERM': 'xterm-256color', 'XDG_SESSION_ID': 'c2', 'GNOME_DESKTOP_SESSION_ID': 'this-is-deprecated', 'PATH': '/opt/ros/jazzy/bin:/home/zenyn/.local/bin:/home/zenyn/.local/bin:/home/zenyn/.local/bin:/home/zenyn/bin:/usr/local/sbin:/usr/local/bin:/usr/sbin:/usr/bin:/sbin:/bin:/usr/games:/usr/local/games:/snap/bin', 'SESSION_MANAGER': 'local/Zenyn-Linux:@/tmp/.ICE-unix/2343,unix/Zenyn-Linux:/tmp/.ICE-unix/2343', 'GDM_LANG': 'en_US', 'GTK3_MODULES': 'xapp-gtk3-module', 'XDG_SESSION_PATH': '/org/freedesktop/DisplayManager/Session0', 'GNOME_TERMINAL_SCREEN': '/org/gnome/Terminal/screen/e5d02491_c38d_435c_a58c_541bc3dfd0f9', 'XDG_RUNTIME_DIR': '/run/user/1000', 'DISPLAY': ':0', 'LANG': 'en_US.UTF-8', 'XDG_CURRENT_DESKTOP': 'X-Cinnamon', 'XDG_SESSION_DESKTOP': 'cinnamon', 'XAUTHORITY': '/home/zenyn/.Xauthority', 'LS_COLORS': 'rs=0:di=01;34:ln=01;36:mh=00:pi=40;33:so=01;35:do=01;35:bd=40;33;01:cd=40;33;01:or=40;31;01:mi=00:su=37;41:sg=30;43:ca=00:tw=30;42:ow=34;42:st=37;44:ex=01;32:*.tar=01;31:*.tgz=01;31:*.arc=01;31:*.arj=01;31:*.taz=01;31:*.lha=01;31:*.lz4=01;31:*.lzh=01;31:*.lzma=01;31:*.tlz=01;31:*.txz=01;31:*.tzo=01;31:*.t7z=01;31:*.zip=01;31:*.z=01;31:*.dz=01;31:*.gz=01;31:*.lrz=01;31:*.lz=01;31:*.lzo=01;31:*.xz=01;31:*.zst=01;31:*.tzst=01;31:*.bz2=01;31:*.bz=01;31:*.tbz=01;31:*.tbz2=01;31:*.tz=01;31:*.deb=01;31:*.rpm=01;31:*.jar=01;31:*.war=01;31:*.ear=01;31:*.sar=01;31:*.rar=01;31:*.alz=01;31:*.ace=01;31:*.zoo=01;31:*.cpio=01;31:*.7z=01;31:*.rz=01;31:*.cab=01;31:*.wim=01;31:*.swm=01;31:*.dwm=01;31:*.esd=01;31:*.avif=01;35:*.jpg=01;35:*.jpeg=01;35:*.mjpg=01;35:*.mjpeg=01;35:*.gif=01;35:*.bmp=01;35:*.pbm=01;35:*.pgm=01;35:*.ppm=01;35:*.tga=01;35:*.xbm=01;35:*.xpm=01;35:*.tif=01;35:*.tiff=01;35:*.png=01;35:*.svg=01;35:*.svgz=01;35:*.mng=01;35:*.pcx=01;35:*.mov=01;35:*.mpg=01;35:*.mpeg=01;35:*.m2v=01;35:*.mkv=01;35:*.webm=01;35:*.webp=01;35:*.ogm=01;35:*.mp4=01;35:*.m4v=01;35:*.mp4v=01;35:*.vob=01;35:*.qt=01;35:*.nuv=01;35:*.wmv=01;35:*.asf=01;35:*.rm=01;35:*.rmvb=01;35:*.flc=01;35:*.avi=01;35:*.fli=01;35:*.flv=01;35:*.gl=01;35:*.dl=01;35:*.xcf=01;35:*.xwd=01;35:*.yuv=01;35:*.cgm=01;35:*.emf=01;35:*.ogv=01;35:*.ogx=01;35:*.aac=00;36:*.au=00;36:*.flac=00;36:*.m4a=00;36:*.mid=00;36:*.midi=00;36:*.mka=00;36:*.mp3=00;36:*.mpc=00;36:*.ogg=00;36:*.ra=00;36:*.wav=00;36:*.oga=00;36:*.opus=00;36:*.spx=00;36:*.xspf=00;36:*~=00;90:*#=00;90:*.bak=00;90:*.crdownload=00;90:*.dpkg-dist=00;90:*.dpkg-new=00;90:*.dpkg-old=00;90:*.dpkg-tmp=00;90:*.old=00;90:*.orig=00;90:*.part=00;90:*.rej=00;90:*.rpmnew=00;90:*.rpmorig=00;90:*.rpmsave=00;90:*.swp=00;90:*.tmp=00;90:*.ucf-dist=00;90:*.ucf-new=00;90:*.ucf-old=00;90:', 'GNOME_TERMINAL_SERVICE': ':1.71', 'SSH_AUTH_SOCK': '/run/user/1000/keyring/ssh', 'XDG_GREETER_DATA_DIR': '/var/lib/lightdm-data/zenyn', 'AMENT_PREFIX_PATH': '/opt/ros/jazzy', 'SHELL': '/bin/bash', 'QT_ACCESSIBILITY': '1', 'GDMSESSION': 'cinnamon', 'LESSCLOSE': '/usr/bin/lesspipe %s %s', 'GPG_AGENT_INFO': '/run/user/1000/gnupg/S.gpg-agent:0:1', 'ROS_AUTOMATIC_DISCOVERY_RANGE': 'SUBNET', 'XDG_VTNR': '7', 'PWD': '/home/zenyn/Thrust-Control/build/thrust_control', 'LC_ALL': 'en_US.UTF-8', 'XDG_CONFIG_DIRS': '/etc/xdg/xdg-cinnamon:/etc/xdg', 'XDG_DATA_DIRS': '/usr/share/cinnamon:/usr/share/gnome:/usr/local/share:/usr/share:/var/lib/snapd/desktop', 'PYTHONPATH': '/opt/ros/jazzy/lib/python3.12/site-packages', 'COLCON': '1', 'VTE_VERSION': '7600', 'CMAKE_PREFIX_PATH': '/opt/ros/jazzy/opt/gz_math_vendor:/opt/ros/jazzy/opt/gz_utils_vendor:/opt/ros/jazzy/opt/gz_cmake_vendor:/opt/ros/jazzy'}), 'shell': False}
[0.099896] (-) TimerEvent: {}
[0.139561] (thrust_control) StdoutLine: {'line': b'-- Project setup complete\n'}
[0.139810] (thrust_control) StdoutLine: {'line': b"-- Run 'make' to build the project\n"}
[0.139926] (thrust_control) StdoutLine: {'line': b"-- Run 'ctest' to execute the tests\n"}
[0.140030] (thrust_control) StdoutLine: {'line': b'-- Found ament_cmake: 2.5.3 (/opt/ros/jazzy/share/ament_cmake/cmake)\n'}
[0.199991] (-) TimerEvent: {}
[0.300361] (-) TimerEvent: {}
[0.340342] (thrust_control) StdoutLine: {'line': b'-- Found rclcpp: 28.1.8 (/opt/ros/jazzy/share/rclcpp/cmake)\n'}
[0.360014] (thrust_control) StdoutLine: {'line': b'-- Found rosidl_generator_c: 4.6.5 (/opt/ros/jazzy/share/rosidl_generator_c/cmake)\n'}
[0.366030] (thrust_control) StdoutLine: {'line': b'-- Found rosidl_generator_cpp: 4.6.5 (/opt/ros/jazzy/share/rosidl_generator_cpp/cmake)\n'}
[0.373698] (thrust_control) StdoutLine: {'line': b'-- Using all available rosidl_typesupport_c: rosidl_typesupport_fastrtps_c;rosidl_typesupport_introspection_c\n'}
[0.382660] (thrust_control) StdoutLine: {'line': b'-- Using all available rosidl_typesupport_cpp: rosidl_typesupport_fastrtps_cpp;rosidl_typesupport_introspection_cpp\n'}
[0.400474] (-) TimerEvent: {}
[0.426856] (thrust_control) StdoutLine: {'line': b'-- Found rmw_implementation_cmake: 7.3.2 (/opt/ros/jazzy/share/rmw_implementation_cmake/cmake)\n'}
[0.427709] (thrust_control) StdoutLine: {'line': b'-- Found rmw_fastrtps_cpp: 8.4.2 (/opt/ros/jazzy/share/rmw_fastrtps_cpp/cmake)\n'}
[0.483327] (thrust_control) StdoutLine: {'line': b"-- Using RMW implementation 'rmw_fastrtps_cpp' as default\n"}
[0.500634] (-) TimerEvent: {}
[0.529301] (thrust_control) StdoutLine: {'line': b'-- Found std_msgs: 5.3.6 (/opt/ros/jazzy/share/std_msgs/cmake)\n'}
[0.539223] (thrust_control) StdoutLine: {'line': b'-- Found ament_lint_auto: 0.17.2 (/opt/ros/jazzy/share/ament_lint_auto/cmake)\n'}
[0.600733] (-) TimerEvent: {}
[0.622413] (thrust_control) StdoutLine: {'line': b"-- Added test 'copyright' to check source files copyright and LICENSE\n"}
[0.685636] (thrust_control) StdoutLine: {'line': b"-- Added test 'cppcheck' to perform static code analysis on C / C++ code\n"}
[0.685938] (thrust_control) StdoutLine: {'line': b'-- Configured cppcheck include dirs: /home/zenyn/Thrust-Control/src;/home/zenyn/Thrust-Control/Command-Interpreter/lib;/home/zenyn/Thrust-Control/include\n'}
[0.686036] (thrust_control) StdoutLine: {'line': b'-- Configured cppcheck exclude dirs and/or files: \n'}
[0.700804] (-) TimerEvent: {}
[0.749309] (thrust_control) StdoutLine: {'line': b"-- Added test 'cpplint' to check C / C++ code against the Google style\n"}
[0.749472] (thrust_control) StdoutLine: {'line': b'-- Configured cpplint exclude dirs and/or files: \n'}
[0.757436] (thrust_control) StdoutLine: {'line': b"-- Added test 'flake8' to check Python code syntax and style conventions\n"}
[0.757541] (thrust_control) StdoutLine: {'line': b"-- Configured 'flake8' exclude dirs and/or files: \n"}
[0.772777] (thrust_control) StdoutLine: {'line': b"-- Added test 'lint_cmake' to check CMake code style\n"}
[0.780874] (thrust_control) StdoutLine: {'line': b"-- Added test 'pep257' to check Python code against some of the docstring style conventions in PEP 257\n"}
[0.800889] (-) TimerEvent: {}
[0.844585] (thrust_control) StdoutLine: {'line': b"-- Added test 'uncrustify' to check C / C++ code style\n"}
[0.844736] (thrust_control) StdoutLine: {'line': b'-- Configured uncrustify additional arguments: \n'}
[0.853088] (thrust_control) StdoutLine: {'line': b"-- Added test 'xmllint' to check XML markup files\n"}
[0.854462] (thrust_control) StdoutLine: {'line': b'-- Configuring done (0.8s)\n'}
[0.876449] (thrust_control) StdoutLine: {'line': b'-- Generating done (0.0s)\n'}
[0.883176] (thrust_control) StdoutLine: {'line': b'-- Build files have been written to: /home/zenyn/Thrust-Control/build/thrust_control\n'}
[0.901121] (-) TimerEvent: {}
[0.920936] (thrust_control) StdoutLine: {'line': b'[  7%] Built target controller_lib\n'}
[0.921231] (thrust_control) StdoutLine: {'line': b'[ 20%] Built target PropulsionFunctions\n'}
[0.921529] (thrust_control) StdoutLine: {'line': b'[ 28%] Built target controller_codegenTest\n'}
[0.922196] (thrust_control) StdoutLine: {'line': b'[ 33%] Built target gtest\n'}
[0.943099] (thrust_control) StdoutLine: {'line': b'[ 38%] Built target gmock\n'}
[0.943606] (thrust_control) StdoutLine: {'line': b'[ 43%] Built target gtest_main\n'}
[0.950285] (thrust_control) StdoutLine: {'line': b'[ 48%] Built target controller_test\n'}
[0.964769] (thrust_control) StdoutLine: {'line': b'[ 51%] \x1b[32mBuilding CXX object CMakeFiles/thrust_control.dir/src/thrust_control_supervisor.cpp.o\x1b[0m\n'}
[0.971694] (thrust_control) StdoutLine: {'line': b'[ 53%] \x1b[32mBuilding CXX object CMakeFiles/test_thrust_control_supervisor.dir/tests/test_thrust_control_supervisor.cpp.o\x1b[0m\n'}
[0.972112] (thrust_control) StdoutLine: {'line': b'[ 58%] Built target gmock_main\n'}
[0.975200] (thrust_control) StdoutLine: {'line': b'[ 61%] \x1b[32mBuilding CXX object CMakeFiles/test_thrust_control_node.dir/tests/test_thrust_control_node.cpp.o\x1b[0m\n'}
[0.975933] (thrust_control) StdoutLine: {'line': b'[ 66%] \x1b[32mBuilding CXX object CMakeFiles/test_thrust_control_node.dir/src/thrust_control_supervisor.cpp.o\x1b[0m\n'}
[0.976196] (thrust_control) StdoutLine: {'line': b'[ 66%] \x1b[32mBuilding CXX object CMakeFiles/test_thrust_control_node.dir/src/thrust_control_node.cpp.o\x1b[0m\n'}
[0.976905] (thrust_control) StdoutLine: {'line': b'[ 69%] \x1b[32mBuilding CXX object CMakeFiles/test_thrust_control_supervisor.dir/src/thrust_control_supervisor.cpp.o\x1b[0m\n'}
[0.979972] (thrust_control) StdoutLine: {'line': b'[ 82%] Built target propulsion_test\n'}
[1.001251] (-) TimerEvent: {}
[1.101642] (-) TimerEvent: {}
[1.128794] (thrust_control) StderrLine: {'line': b'In file included from \x1b[01m\x1b[K/home/zenyn/Thrust-Control/src/thrust_control_supervisor.cpp:1\x1b[m\x1b[K:\n'}
[1.129031] (thrust_control) StderrLine: {'line': b'\x1b[01m\x1b[K/home/zenyn/Thrust-Control/src/thrust_control_supervisor.hpp:14:10:\x1b[m\x1b[K \x1b[01;31m\x1b[Kfatal error: \x1b[m\x1b[Kexported-PID-control/src/controller_codegenTest.h: No such file or directory\n'}
[1.129146] (thrust_control) StderrLine: {'line': b'   14 | #include \x1b[01;31m\x1b[K"exported-PID-control/src/controller_codegenTest.h"\x1b[m\x1b[K\n'}
[1.129247] (thrust_control) StderrLine: {'line': b'      |          \x1b[01;31m\x1b[K^~~~~~~~~~~~~~~~~~~~~~~~~~~~~~~~~~~~~~~~~~~~~~~~~~~\x1b[m\x1b[K\n'}
[1.129368] (thrust_control) StderrLine: {'line': b'compilation terminated.\n'}
[1.129565] (thrust_control) StderrLine: {'line': b'In file included from \x1b[01m\x1b[K/home/zenyn/Thrust-Control/src/thrust_control_node.hpp:13\x1b[m\x1b[K,\n'}
[1.129702] (thrust_control) StderrLine: {'line': b'                 from \x1b[01m\x1b[K/home/zenyn/Thrust-Control/src/thrust_control_node.cpp:1\x1b[m\x1b[K:\n'}
[1.129804] (thrust_control) StderrLine: {'line': b'\x1b[01m\x1b[K/home/zenyn/Thrust-Control/src/thrust_control_supervisor.hpp:14:10:\x1b[m\x1b[K \x1b[01;31m\x1b[Kfatal error: \x1b[m\x1b[Kexported-PID-control/src/controller_codegenTest.h: No such file or directory\n'}
[1.129914] (thrust_control) StderrLine: {'line': b'   14 | #include \x1b[01;31m\x1b[K"exported-PID-control/src/controller_codegenTest.h"\x1b[m\x1b[K\n'}
[1.130009] (thrust_control) StderrLine: {'line': b'      |          \x1b[01;31m\x1b[K^~~~~~~~~~~~~~~~~~~~~~~~~~~~~~~~~~~~~~~~~~~~~~~~~~~\x1b[m\x1b[K\n'}
[1.130105] (thrust_control) StderrLine: {'line': b'compilation terminated.\n'}
[1.133304] (thrust_control) StderrLine: {'line': b'gmake[2]: *** [CMakeFiles/test_thrust_control_node.dir/build.make:118: CMakeFiles/test_thrust_control_node.dir/src/thrust_control_node.cpp.o] Error 1\n'}
[1.133490] (thrust_control) StderrLine: {'line': b'gmake[2]: *** Waiting for unfinished jobs....\n'}
[1.133594] (thrust_control) StderrLine: {'line': b'gmake[2]: *** [CMakeFiles/test_thrust_control_node.dir/build.make:104: CMakeFiles/test_thrust_control_node.dir/src/thrust_control_supervisor.cpp.o] Error 1\n'}
[1.201747] (-) TimerEvent: {}
[1.209232] (thrust_control) StderrLine: {'line': b'In file included from \x1b[01m\x1b[K/home/zenyn/Thrust-Control/tests/test_thrust_control_node.cpp:6\x1b[m\x1b[K:\n'}
[1.209470] (thrust_control) StderrLine: {'line': b'\x1b[01m\x1b[K/home/zenyn/Thrust-Control/tests/../src/thrust_control_supervisor.hpp:14:10:\x1b[m\x1b[K \x1b[01;31m\x1b[Kfatal error: \x1b[m\x1b[Kexported-PID-control/src/controller_codegenTest.h: No such file or directory\n'}
[1.209585] (thrust_control) StderrLine: {'line': b'   14 | #include \x1b[01;31m\x1b[K"exported-PID-control/src/controller_codegenTest.h"\x1b[m\x1b[K\n'}
[1.209686] (thrust_control) StderrLine: {'line': b'      |          \x1b[01;31m\x1b[K^~~~~~~~~~~~~~~~~~~~~~~~~~~~~~~~~~~~~~~~~~~~~~~~~~~\x1b[m\x1b[K\n'}
[1.209783] (thrust_control) StderrLine: {'line': b'compilation terminated.\n'}
[1.212952] (thrust_control) StderrLine: {'line': b'gmake[2]: *** [CMakeFiles/test_thrust_control_node.dir/build.make:76: CMakeFiles/test_thrust_control_node.dir/tests/test_thrust_control_node.cpp.o] Error 1\n'}
[1.213193] (thrust_control) StderrLine: {'line': b'gmake[1]: *** [CMakeFiles/Makefile2:295: CMakeFiles/test_thrust_control_node.dir/all] Error 2\n'}
[1.213326] (thrust_control) StderrLine: {'line': b'gmake[1]: *** Waiting for unfinished jobs....\n'}
[1.251013] (thrust_control) StderrLine: {'line': b'In file included from \x1b[01m\x1b[K/home/zenyn/Thrust-Control/tests/test_thrust_control_supervisor.cpp:4\x1b[m\x1b[K:\n'}
[1.251222] (thrust_control) StderrLine: {'line': b'\x1b[01m\x1b[K/home/zenyn/Thrust-Control/tests/../src/thrust_control_supervisor.hpp:14:10:\x1b[m\x1b[K \x1b[01;31m\x1b[Kfatal error: \x1b[m\x1b[Kexported-PID-control/src/controller_codegenTest.h: No such file or directory\n'}
[1.251340] (thrust_control) StderrLine: {'line': b'   14 | #include \x1b[01;31m\x1b[K"exported-PID-control/src/controller_codegenTest.h"\x1b[m\x1b[K\n'}
[1.251443] (thrust_control) StderrLine: {'line': b'      |          \x1b[01;31m\x1b[K^~~~~~~~~~~~~~~~~~~~~~~~~~~~~~~~~~~~~~~~~~~~~~~~~~~\x1b[m\x1b[K\n'}
[1.251536] (thrust_control) StderrLine: {'line': b'compilation terminated.\n'}
[1.253930] (thrust_control) StderrLine: {'line': b'gmake[2]: *** [CMakeFiles/test_thrust_control_supervisor.dir/build.make:76: CMakeFiles/test_thrust_control_supervisor.dir/tests/test_thrust_control_supervisor.cpp.o] Error 1\n'}
[1.254092] (thrust_control) StderrLine: {'line': b'gmake[2]: *** Waiting for unfinished jobs....\n'}
[1.261703] (thrust_control) StderrLine: {'line': b'In file included from \x1b[01m\x1b[K/home/zenyn/Thrust-Control/src/thrust_control_supervisor.cpp:1\x1b[m\x1b[K:\n'}
[1.261910] (thrust_control) StderrLine: {'line': b'\x1b[01m\x1b[K/home/zenyn/Thrust-Control/src/thrust_control_supervisor.hpp:14:10:\x1b[m\x1b[K \x1b[01;31m\x1b[Kfatal error: \x1b[m\x1b[Kexported-PID-control/src/controller_codegenTest.h: No such file or directory\n'}
[1.262019] (thrust_control) StderrLine: {'line': b'   14 | #include \x1b[01;31m\x1b[K"exported-PID-control/src/controller_codegenTest.h"\x1b[m\x1b[K\n'}
[1.262118] (thrust_control) StderrLine: {'line': b'      |          \x1b[01;31m\x1b[K^~~~~~~~~~~~~~~~~~~~~~~~~~~~~~~~~~~~~~~~~~~~~~~~~~~\x1b[m\x1b[K\n'}
[1.262228] (thrust_control) StderrLine: {'line': b'compilation terminated.\n'}
[1.264790] (thrust_control) StderrLine: {'line': b'gmake[2]: *** [CMakeFiles/test_thrust_control_supervisor.dir/build.make:104: CMakeFiles/test_thrust_control_supervisor.dir/src/thrust_control_supervisor.cpp.o] Error 1\n'}
[1.265038] (thrust_control) StderrLine: {'line': b'gmake[1]: *** [CMakeFiles/Makefile2:324: CMakeFiles/test_thrust_control_supervisor.dir/all] Error 2\n'}
[1.301976] (-) TimerEvent: {}
[1.402397] (-) TimerEvent: {}
[1.502805] (-) TimerEvent: {}
[1.603204] (-) TimerEvent: {}
[1.703536] (-) TimerEvent: {}
[1.803952] (-) TimerEvent: {}
[1.904399] (-) TimerEvent: {}
[2.004694] (-) TimerEvent: {}
[2.105122] (-) TimerEvent: {}
[2.205437] (-) TimerEvent: {}
[2.305726] (-) TimerEvent: {}
[2.406137] (-) TimerEvent: {}
[2.501741] (thrust_control) StderrLine: {'line': b'\x1b[01m\x1b[K/home/zenyn/Thrust-Control/src/thrust_control_supervisor.cpp:\x1b[m\x1b[K In member function \xe2\x80\x98\x1b[01m\x1b[Kvoid thrust_control::ThrustControlSupervisor::\x1b[01;32m\x1b[Kfeed_forward_pwm\x1b[m\x1b[K()\x1b[m\x1b[K\xe2\x80\x99:\n'}
[2.501983] (thrust_control) StderrLine: {'line': b'\x1b[01m\x1b[K/home/zenyn/Thrust-Control/src/thrust_control_supervisor.cpp:49:33:\x1b[m\x1b[K \x1b[01;31m\x1b[Kerror: \x1b[m\x1b[Kcannot convert \xe2\x80\x98\x1b[01m\x1b[Kstd::array<int, 8>\x1b[m\x1b[K\xe2\x80\x99 to \xe2\x80\x98\x1b[01m\x1b[Kpwm_array\x1b[m\x1b[K\xe2\x80\x99\n'}
[2.502118] (thrust_control) StderrLine: {'line': b'   49 |   _interpreter->untimed_execute(\x1b[01;31m\x1b[K_manual_pwm\x1b[m\x1b[K);\n'}
[2.502248] (thrust_control) StderrLine: {'line': b'      |                                 \x1b[01;31m\x1b[K^~~~~~~~~~~\x1b[m\x1b[K\n'}
[2.502726] (thrust_control) StderrLine: {'line': b'      |                                 \x1b[01;31m\x1b[K|\x1b[m\x1b[K\n'}
[2.502823] (thrust_control) StderrLine: {'line': b'      |                                 \x1b[01;31m\x1b[Kstd::array<int, 8>\x1b[m\x1b[K\n'}
[2.502874] (thrust_control) StderrLine: {'line': b'In file included from \x1b[01m\x1b[K/home/zenyn/Thrust-Control/src/thrust_control_supervisor.hpp:9\x1b[m\x1b[K,\n'}
[2.502915] (thrust_control) StderrLine: {'line': b'                 from \x1b[01m\x1b[K/home/zenyn/Thrust-Control/src/thrust_control_supervisor.cpp:1\x1b[m\x1b[K:\n'}
[2.502955] (thrust_control) StderrLine: {'line': b'\x1b[01m\x1b[K/home/zenyn/Thrust-Control/src/../include/Command_Interpreter/src/Command_Interpreter.hpp:188:36:\x1b[m\x1b[K \x1b[01;36m\x1b[Knote: \x1b[m\x1b[K  initializing argument 1 of \xe2\x80\x98\x1b[01m\x1b[Kvoid Command_Interpreter_RPi5::\x1b[01;32m\x1b[Kuntimed_execute\x1b[m\x1b[K(pwm_array)\x1b[m\x1b[K\xe2\x80\x99\n'}
[2.502998] (thrust_control) StderrLine: {'line': b'  188 |     void untimed_execute(\x1b[01;36m\x1b[Kpwm_array thrusterPwms\x1b[m\x1b[K);\n'}
[2.503039] (thrust_control) StderrLine: {'line': b'      |                          \x1b[01;36m\x1b[K~~~~~~~~~~^~~~~~~~~~~~\x1b[m\x1b[K\n'}
[2.503077] (thrust_control) StderrLine: {'line': b'\x1b[01m\x1b[K/home/zenyn/Thrust-Control/src/thrust_control_supervisor.cpp:\x1b[m\x1b[K In member function \xe2\x80\x98\x1b[01m\x1b[Kvoid thrust_control::ThrustControlSupervisor::\x1b[01;32m\x1b[Kexecute_pwm\x1b[m\x1b[K(std::array<int, 8>)\x1b[m\x1b[K\xe2\x80\x99:\n'}
[2.503116] (thrust_control) StderrLine: {'line': b'\x1b[01m\x1b[K/home/zenyn/Thrust-Control/src/thrust_control_supervisor.cpp:87:35:\x1b[m\x1b[K \x1b[01;31m\x1b[Kerror: \x1b[m\x1b[Kcannot convert \xe2\x80\x98\x1b[01m\x1b[Kstd::array<int, 8>\x1b[m\x1b[K\xe2\x80\x99 to \xe2\x80\x98\x1b[01m\x1b[Kpwm_array\x1b[m\x1b[K\xe2\x80\x99\n'}
[2.503159] (thrust_control) StderrLine: {'line': b'   87 |     _interpreter->untimed_execute(\x1b[01;31m\x1b[Kpwm\x1b[m\x1b[K);\n'}
[2.503196] (thrust_control) StderrLine: {'line': b'      |                                   \x1b[01;31m\x1b[K^~~\x1b[m\x1b[K\n'}
[2.503232] (thrust_control) StderrLine: {'line': b'      |                                   \x1b[01;31m\x1b[K|\x1b[m\x1b[K\n'}
[2.503270] (thrust_control) StderrLine: {'line': b'      |                                   \x1b[01;31m\x1b[Kstd::array<int, 8>\x1b[m\x1b[K\n'}
[2.503313] (thrust_control) StderrLine: {'line': b'\x1b[01m\x1b[K/home/zenyn/Thrust-Control/src/../include/Command_Interpreter/src/Command_Interpreter.hpp:188:36:\x1b[m\x1b[K \x1b[01;36m\x1b[Knote: \x1b[m\x1b[K  initializing argument 1 of \xe2\x80\x98\x1b[01m\x1b[Kvoid Command_Interpreter_RPi5::\x1b[01;32m\x1b[Kuntimed_execute\x1b[m\x1b[K(pwm_array)\x1b[m\x1b[K\xe2\x80\x99\n'}
[2.503354] (thrust_control) StderrLine: {'line': b'  188 |     void untimed_execute(\x1b[01;36m\x1b[Kpwm_array thrusterPwms\x1b[m\x1b[K);\n'}
[2.503390] (thrust_control) StderrLine: {'line': b'      |                          \x1b[01;36m\x1b[K~~~~~~~~~~^~~~~~~~~~~~\x1b[m\x1b[K\n'}
[2.506287] (-) TimerEvent: {}
[2.606460] (-) TimerEvent: {}
[2.706688] (-) TimerEvent: {}
[2.807007] (-) TimerEvent: {}
[2.907351] (-) TimerEvent: {}
[2.925727] (thrust_control) StderrLine: {'line': b'gmake[2]: *** [CMakeFiles/thrust_control.dir/build.make:104: CMakeFiles/thrust_control.dir/src/thrust_control_supervisor.cpp.o] Error 1\n'}
[2.926084] (thrust_control) StderrLine: {'line': b'gmake[1]: *** [CMakeFiles/Makefile2:266: CMakeFiles/thrust_control.dir/all] Error 2\n'}
[2.926338] (thrust_control) StderrLine: {'line': b'gmake: *** [Makefile:146: all] Error 2\n'}
[2.928902] (thrust_control) CommandEnded: {'returncode': 2}
[2.933928] (thrust_control) JobEnded: {'identifier': 'thrust_control', 'rc': 2}
[2.944436] (-) EventReactorShutdown: {}
