[0.016s] Invoking command in '/home/zenyn/Thrust-Control/build/thrust_control': CMAKE_PREFIX_PATH=${CMAKE_PREFIX_PATH}:/opt/ros/jazzy /usr/bin/cmake --build /home/zenyn/Thrust-Control/build/thrust_control -- -j12 -l12
[0.091s] [ 33%] [32m[1mLinking CXX executable thrust_control[0m
[0.282s] /usr/bin/ld: CMakeFiles/thrust_control.dir/thrust_control_supervisor.cpp.o: in function `thrust_control::ThrustControlSupervisor::feed_forward_pwm(std::array<int, 8ul>)':
[0.282s] thrust_control_supervisor.cpp:(.text+0x687): undefined reference to `Untimed_Command::Untimed_Command(pwm_array)'
[0.282s] /usr/bin/ld: thrust_control_supervisor.cpp:(.text+0x6b5): undefined reference to `Untimed_Command::execute(Command_Interpreter_RPi5&)'
[0.282s] /usr/bin/ld: thrust_control_supervisor.cpp:(.text+0x73a): undefined reference to `Timed_Command::Timed_Command(pwm_array, std::chrono::duration<long, std::ratio<1l, 1000l> >)'
[0.283s] /usr/bin/ld: thrust_control_supervisor.cpp:(.text+0x768): undefined reference to `Timed_Command::execute(Command_Interpreter_RPi5&)'
[0.299s] collect2: error: ld returned 1 exit status
[0.301s] gmake[2]: *** [CMakeFiles/thrust_control.dir/build.make:187: thrust_control] Error 1
[0.301s] gmake[1]: *** [CMakeFiles/Makefile2:137: CMakeFiles/thrust_control.dir/all] Error 2
[0.301s] gmake: *** [Makefile:146: all] Error 2
[0.304s] Invoked command in '/home/zenyn/Thrust-Control/build/thrust_control' returned '2': CMAKE_PREFIX_PATH=${CMAKE_PREFIX_PATH}:/opt/ros/jazzy /usr/bin/cmake --build /home/zenyn/Thrust-Control/build/thrust_control -- -j12 -l12
