[0.007s] Invoking command in '/home/zenyn/Thrust-Control/build/thrust_control': CMAKE_PREFIX_PATH=${CMAKE_PREFIX_PATH}:/opt/ros/jazzy /usr/bin/cmake --build /home/zenyn/Thrust-Control/build/thrust_control -- -j12 -l12
[0.067s] [  9%] Built target gtest
[0.068s] [ 14%] [32mBuilding CXX object Command-Interpreter/CMakeFiles/PropulsionFunctions.dir/lib/Command_Interpreter.cpp.o[0m
[0.090s] [ 19%] [32mBuilding CXX object _deps/googletest-build/googlemock/CMakeFiles/gmock.dir/src/gmock-all.cc.o[0m
[0.093s] [ 23%] [32mBuilding CXX object _deps/googletest-build/googletest/CMakeFiles/gtest_main.dir/src/gtest_main.cc.o[0m
[0.315s] In file included from [01m[K/home/zenyn/Thrust-Control/Command-Interpreter/lib/Command_Interpreter.cpp:7[m[K:
[0.315s] [01m[K/home/zenyn/Thrust-Control/Command-Interpreter/lib/Command_Interpreter.h:[m[K In constructor â€˜[01m[KCommand_Interpreter_RPi5::[01;32m[KCommand_Interpreter_RPi5[m[K(std::vector<PwmPin*>, std::vector<DigitalPin*>, const WiringControl&, std::ostream&, std::ostream&, std::ostream&)[m[Kâ€™:
[0.316s] [01m[K/home/zenyn/Thrust-Control/Command-Interpreter/lib/Command_Interpreter.h:168:19:[m[K [01;35m[Kwarning: [m[Kâ€˜[01m[KCommand_Interpreter_RPi5::errorLog[m[Kâ€™ will be initialized after [[01;35m[K]8;;https://gcc.gnu.org/onlinedocs/gcc/Warning-Options.html#index-Wreorder-Wreorder]8;;[m[K]
[0.316s]   168 |     std::ostream &[01;35m[KerrorLog[m[K;
[0.316s]       |                   [01;35m[K^~~~~~~~[m[K
[0.316s] [01m[K/home/zenyn/Thrust-Control/Command-Interpreter/lib/Command_Interpreter.h:167:19:[m[K [01;35m[Kwarning: [m[K  â€˜[01m[Kstd::ostream& Command_Interpreter_RPi5::outLog[m[Kâ€™ [[01;35m[K]8;;https://gcc.gnu.org/onlinedocs/gcc/Warning-Options.html#index-Wreorder-Wreorder]8;;[m[K]
[0.316s]   167 |     std::ostream &[01;35m[KoutLog[m[K;
[0.316s]       |                   [01;35m[K^~~~~~[m[K
[0.316s] [01m[K/home/zenyn/Thrust-Control/Command-Interpreter/lib/Command_Interpreter.cpp:125:1:[m[K [01;35m[Kwarning: [m[K  when initialized here [[01;35m[K]8;;https://gcc.gnu.org/onlinedocs/gcc/Warning-Options.html#index-Wreorder-Wreorder]8;;[m[K]
[0.316s]   125 | [01;35m[KCommand_Interpreter_RPi5[m[K::Command_Interpreter_RPi5(std::vector<PwmPin *> thrusterPins,
[0.316s]       | [01;35m[K^~~~~~~~~~~~~~~~~~~~~~~~[m[K
[0.317s] [01m[K/home/zenyn/Thrust-Control/Command-Interpreter/lib/Command_Interpreter.h:167:19:[m[K [01;35m[Kwarning: [m[Kâ€˜[01m[KCommand_Interpreter_RPi5::outLog[m[Kâ€™ will be initialized after [[01;35m[K]8;;https://gcc.gnu.org/onlinedocs/gcc/Warning-Options.html#index-Wreorder-Wreorder]8;;[m[K]
[0.317s]   167 |     std::ostream &[01;35m[KoutLog[m[K;
[0.317s]       |                   [01;35m[K^~~~~~[m[K
[0.317s] [01m[K/home/zenyn/Thrust-Control/Command-Interpreter/lib/Command_Interpreter.h:166:19:[m[K [01;35m[Kwarning: [m[K  â€˜[01m[Kstd::ostream& Command_Interpreter_RPi5::output[m[Kâ€™ [[01;35m[K]8;;https://gcc.gnu.org/onlinedocs/gcc/Warning-Options.html#index-Wreorder-Wreorder]8;;[m[K]
[0.317s]   166 |     std::ostream &[01;35m[Koutput[m[K;
[0.317s]       |                   [01;35m[K^~~~~~[m[K
[0.317s] [01m[K/home/zenyn/Thrust-Control/Command-Interpreter/lib/Command_Interpreter.cpp:125:1:[m[K [01;35m[Kwarning: [m[K  when initialized here [[01;35m[K]8;;https://gcc.gnu.org/onlinedocs/gcc/Warning-Options.html#index-Wreorder-Wreorder]8;;[m[K]
[0.317s]   125 | [01;35m[KCommand_Interpreter_RPi5[m[K::Command_Interpreter_RPi5(std::vector<PwmPin *> thrusterPins,
[0.317s]       | [01;35m[K^~~~~~~~~~~~~~~~~~~~~~~~[m[K
[0.321s] [01m[K/home/zenyn/Thrust-Control/Command-Interpreter/lib/Command_Interpreter.cpp:[m[K In member function â€˜[01m[Kvoid Command_Interpreter_RPi5::[01;32m[Kblind_execute[m[K(const CommandComponent&)[m[Kâ€™:
[0.322s] [01m[K/home/zenyn/Thrust-Control/Command-Interpreter/lib/Command_Interpreter.cpp:174:62:[m[K [01;31m[Kerror: [m[Kexpression cannot be used as a function
[0.322s]   174 |     while (currentTime < endTime && ![01;31m[KisInterruptBlind_Execute()[m[K) {
[0.322s]       |                                      [01;31m[K~~~~~~~~~~~~~~~~~~~~~~~~^~[m[K
[0.380s] gmake[2]: *** [Command-Interpreter/CMakeFiles/PropulsionFunctions.dir/build.make:76: Command-Interpreter/CMakeFiles/PropulsionFunctions.dir/lib/Command_Interpreter.cpp.o] Error 1
[0.380s] gmake[1]: *** [CMakeFiles/Makefile2:262: Command-Interpreter/CMakeFiles/PropulsionFunctions.dir/all] Error 2
[0.380s] gmake[1]: *** Waiting for unfinished jobs....
[0.747s] [ 28%] [32m[1mLinking CXX static library ../../../lib/libgtest_main.a[0m
[0.782s] [ 28%] Built target gtest_main
[1.280s] [ 33%] [32m[1mLinking CXX static library ../../../lib/libgmock.a[0m
[1.329s] [ 33%] Built target gmock
[1.331s] gmake: *** [Makefile:146: all] Error 2
[1.334s] Invoked command in '/home/zenyn/Thrust-Control/build/thrust_control' returned '2': CMAKE_PREFIX_PATH=${CMAKE_PREFIX_PATH}:/opt/ros/jazzy /usr/bin/cmake --build /home/zenyn/Thrust-Control/build/thrust_control -- -j12 -l12
