[0.000000] (-) TimerEvent: {}
[0.000258] (thrust_control) JobQueued: {'identifier': 'thrust_control', 'dependencies': OrderedDict()}
[0.000305] (thrust_control) JobStarted: {'identifier': 'thrust_control'}
[0.005343] (thrust_control) JobProgress: {'identifier': 'thrust_control', 'progress': 'cmake'}
[0.005672] (thrust_control) Command: {'cmd': ['/usr/bin/cmake', '/home/zenyn/Thrust-Control', '-DBUILD_TESTING=ON', '-DCMAKE_INSTALL_PREFIX=/home/zenyn/Thrust-Control/install/thrust_control'], 'cwd': '/home/zenyn/Thrust-Control/build/thrust_control', 'env': OrderedDict({'LESSOPEN': '| /usr/bin/lesspipe %s', 'LANGUAGE': 'en_US', 'USER': 'zenyn', 'XDG_SEAT': 'seat0', 'XDG_SESSION_TYPE': 'x11', 'SHLVL': '2', 'LD_LIBRARY_PATH': '/opt/ros/jazzy/opt/rviz_ogre_vendor/lib:/opt/ros/jazzy/lib/x86_64-linux-gnu:/opt/ros/jazzy/opt/gz_math_vendor/lib:/opt/ros/jazzy/opt/gz_utils_vendor/lib:/opt/ros/jazzy/opt/gz_cmake_vendor/lib:/opt/ros/jazzy/lib', 'HOME': '/home/zenyn', 'OLDPWD': '/home/zenyn/Thrust-Control/src', 'DESKTOP_SESSION': 'cinnamon', 'ROS_PYTHON_VERSION': '3', 'GTK_MODULES': 'gail:atk-bridge', 'XDG_SEAT_PATH': '/org/freedesktop/DisplayManager/Seat0', 'DBUS_SESSION_BUS_ADDRESS': 'unix:path=/run/user/1000/bus', 'COLORTERM': 'truecolor', 'GNOME_KEYRING_CONTROL': '/run/user/1000/keyring', 'ROS_DISTRO': 'jazzy', 'LOGNAME': 'zenyn', 'DESKTOP_AUTOSTART_ID': '10548af1e022aa691a174745163180485900000023430038', '_': '/usr/bin/colcon', 'ROS_VERSION': '2', 'XDG_SESSION_CLASS': 'user', 'TERM': 'xterm-256color', 'XDG_SESSION_ID': 'c2', 'GNOME_DESKTOP_SESSION_ID': 'this-is-deprecated', 'PATH': '/opt/ros/jazzy/bin:/home/zenyn/.local/bin:/home/zenyn/.local/bin:/home/zenyn/.local/bin:/home/zenyn/bin:/usr/local/sbin:/usr/local/bin:/usr/sbin:/usr/bin:/sbin:/bin:/usr/games:/usr/local/games:/snap/bin', 'SESSION_MANAGER': 'local/Zenyn-Linux:@/tmp/.ICE-unix/2343,unix/Zenyn-Linux:/tmp/.ICE-unix/2343', 'GDM_LANG': 'en_US', 'GTK3_MODULES': 'xapp-gtk3-module', 'XDG_SESSION_PATH': '/org/freedesktop/DisplayManager/Session0', 'GNOME_TERMINAL_SCREEN': '/org/gnome/Terminal/screen/e5d02491_c38d_435c_a58c_541bc3dfd0f9', 'XDG_RUNTIME_DIR': '/run/user/1000', 'DISPLAY': ':0', 'LANG': 'en_US.UTF-8', 'XDG_CURRENT_DESKTOP': 'X-Cinnamon', 'XDG_SESSION_DESKTOP': 'cinnamon', 'XAUTHORITY': '/home/zenyn/.Xauthority', 'LS_COLORS': 'rs=0:di=01;34:ln=01;36:mh=00:pi=40;33:so=01;35:do=01;35:bd=40;33;01:cd=40;33;01:or=40;31;01:mi=00:su=37;41:sg=30;43:ca=00:tw=30;42:ow=34;42:st=37;44:ex=01;32:*.tar=01;31:*.tgz=01;31:*.arc=01;31:*.arj=01;31:*.taz=01;31:*.lha=01;31:*.lz4=01;31:*.lzh=01;31:*.lzma=01;31:*.tlz=01;31:*.txz=01;31:*.tzo=01;31:*.t7z=01;31:*.zip=01;31:*.z=01;31:*.dz=01;31:*.gz=01;31:*.lrz=01;31:*.lz=01;31:*.lzo=01;31:*.xz=01;31:*.zst=01;31:*.tzst=01;31:*.bz2=01;31:*.bz=01;31:*.tbz=01;31:*.tbz2=01;31:*.tz=01;31:*.deb=01;31:*.rpm=01;31:*.jar=01;31:*.war=01;31:*.ear=01;31:*.sar=01;31:*.rar=01;31:*.alz=01;31:*.ace=01;31:*.zoo=01;31:*.cpio=01;31:*.7z=01;31:*.rz=01;31:*.cab=01;31:*.wim=01;31:*.swm=01;31:*.dwm=01;31:*.esd=01;31:*.avif=01;35:*.jpg=01;35:*.jpeg=01;35:*.mjpg=01;35:*.mjpeg=01;35:*.gif=01;35:*.bmp=01;35:*.pbm=01;35:*.pgm=01;35:*.ppm=01;35:*.tga=01;35:*.xbm=01;35:*.xpm=01;35:*.tif=01;35:*.tiff=01;35:*.png=01;35:*.svg=01;35:*.svgz=01;35:*.mng=01;35:*.pcx=01;35:*.mov=01;35:*.mpg=01;35:*.mpeg=01;35:*.m2v=01;35:*.mkv=01;35:*.webm=01;35:*.webp=01;35:*.ogm=01;35:*.mp4=01;35:*.m4v=01;35:*.mp4v=01;35:*.vob=01;35:*.qt=01;35:*.nuv=01;35:*.wmv=01;35:*.asf=01;35:*.rm=01;35:*.rmvb=01;35:*.flc=01;35:*.avi=01;35:*.fli=01;35:*.flv=01;35:*.gl=01;35:*.dl=01;35:*.xcf=01;35:*.xwd=01;35:*.yuv=01;35:*.cgm=01;35:*.emf=01;35:*.ogv=01;35:*.ogx=01;35:*.aac=00;36:*.au=00;36:*.flac=00;36:*.m4a=00;36:*.mid=00;36:*.midi=00;36:*.mka=00;36:*.mp3=00;36:*.mpc=00;36:*.ogg=00;36:*.ra=00;36:*.wav=00;36:*.oga=00;36:*.opus=00;36:*.spx=00;36:*.xspf=00;36:*~=00;90:*#=00;90:*.bak=00;90:*.crdownload=00;90:*.dpkg-dist=00;90:*.dpkg-new=00;90:*.dpkg-old=00;90:*.dpkg-tmp=00;90:*.old=00;90:*.orig=00;90:*.part=00;90:*.rej=00;90:*.rpmnew=00;90:*.rpmorig=00;90:*.rpmsave=00;90:*.swp=00;90:*.tmp=00;90:*.ucf-dist=00;90:*.ucf-new=00;90:*.ucf-old=00;90:', 'GNOME_TERMINAL_SERVICE': ':1.71', 'SSH_AUTH_SOCK': '/run/user/1000/keyring/ssh', 'XDG_GREETER_DATA_DIR': '/var/lib/lightdm-data/zenyn', 'AMENT_PREFIX_PATH': '/opt/ros/jazzy', 'SHELL': '/bin/bash', 'QT_ACCESSIBILITY': '1', 'GDMSESSION': 'cinnamon', 'LESSCLOSE': '/usr/bin/lesspipe %s %s', 'GPG_AGENT_INFO': '/run/user/1000/gnupg/S.gpg-agent:0:1', 'ROS_AUTOMATIC_DISCOVERY_RANGE': 'SUBNET', 'XDG_VTNR': '7', 'PWD': '/home/zenyn/Thrust-Control/build/thrust_control', 'LC_ALL': 'en_US.UTF-8', 'XDG_CONFIG_DIRS': '/etc/xdg/xdg-cinnamon:/etc/xdg', 'XDG_DATA_DIRS': '/usr/share/cinnamon:/usr/share/gnome:/usr/local/share:/usr/share:/var/lib/snapd/desktop', 'PYTHONPATH': '/opt/ros/jazzy/lib/python3.12/site-packages', 'COLCON': '1', 'VTE_VERSION': '7600', 'CMAKE_PREFIX_PATH': '/opt/ros/jazzy/opt/gz_math_vendor:/opt/ros/jazzy/opt/gz_utils_vendor:/opt/ros/jazzy/opt/gz_cmake_vendor:/opt/ros/jazzy'}), 'shell': False}
[0.070598] (thrust_control) StdoutLine: {'line': b'-- The C compiler identification is GNU 13.3.0\n'}
[0.099499] (-) TimerEvent: {}
[0.143485] (thrust_control) StdoutLine: {'line': b'-- The CXX compiler identification is GNU 13.3.0\n'}
[0.165215] (thrust_control) StdoutLine: {'line': b'-- Detecting C compiler ABI info\n'}
[0.199763] (-) TimerEvent: {}
[0.300440] (-) TimerEvent: {}
[0.323295] (thrust_control) StdoutLine: {'line': b'-- Detecting C compiler ABI info - done\n'}
[0.334858] (thrust_control) StdoutLine: {'line': b'-- Check for working C compiler: /usr/bin/cc - skipped\n'}
[0.335094] (thrust_control) StdoutLine: {'line': b'-- Detecting C compile features\n'}
[0.335485] (thrust_control) StdoutLine: {'line': b'-- Detecting C compile features - done\n'}
[0.345588] (thrust_control) StdoutLine: {'line': b'-- Detecting CXX compiler ABI info\n'}
[0.400533] (-) TimerEvent: {}
[0.465891] (thrust_control) StdoutLine: {'line': b'-- Detecting CXX compiler ABI info - done\n'}
[0.474377] (thrust_control) StdoutLine: {'line': b'-- Check for working CXX compiler: /usr/bin/c++ - skipped\n'}
[0.474712] (thrust_control) StdoutLine: {'line': b'-- Detecting CXX compile features\n'}
[0.474919] (thrust_control) StdoutLine: {'line': b'-- Detecting CXX compile features - done\n'}
[0.500636] (-) TimerEvent: {}
[0.600984] (-) TimerEvent: {}
[0.701636] (-) TimerEvent: {}
[0.802406] (-) TimerEvent: {}
[0.903358] (-) TimerEvent: {}
[1.003829] (-) TimerEvent: {}
[1.104347] (-) TimerEvent: {}
[1.204987] (-) TimerEvent: {}
[1.305738] (-) TimerEvent: {}
[1.406394] (-) TimerEvent: {}
[1.506829] (-) TimerEvent: {}
[1.607105] (-) TimerEvent: {}
[1.707474] (-) TimerEvent: {}
[1.791593] (thrust_control) StdoutLine: {'line': b'-- Performing Test CMAKE_HAVE_LIBC_PTHREAD\n'}
[1.807696] (-) TimerEvent: {}
[1.908084] (-) TimerEvent: {}
[1.917223] (thrust_control) StdoutLine: {'line': b'-- Performing Test CMAKE_HAVE_LIBC_PTHREAD - Success\n'}
[1.919144] (thrust_control) StdoutLine: {'line': b'-- Found Threads: TRUE  \n'}
[1.943289] (thrust_control) StdoutLine: {'line': b'-- Found GTest: /usr/lib/x86_64-linux-gnu/cmake/GTest/GTestConfig.cmake (found version "1.14.0")  \n'}
[1.943497] (thrust_control) StdoutLine: {'line': b'-- Project setup complete\n'}
[1.943542] (thrust_control) StdoutLine: {'line': b"-- Run 'make' to build the project\n"}
[1.943584] (thrust_control) StdoutLine: {'line': b"-- Run 'ctest' to execute the tests\n"}
[1.944793] (thrust_control) StdoutLine: {'line': b'-- Found ament_cmake: 2.5.3 (/opt/ros/jazzy/share/ament_cmake/cmake)\n'}
[2.008182] (-) TimerEvent: {}
[2.092318] (thrust_control) StdoutLine: {'line': b'-- Found Python3: /usr/bin/python3 (found version "3.12.3") found components: Interpreter \n'}
[2.108318] (-) TimerEvent: {}
[2.169228] (thrust_control) StdoutLine: {'line': b'-- Found rclcpp: 28.1.8 (/opt/ros/jazzy/share/rclcpp/cmake)\n'}
[2.193956] (thrust_control) StdoutLine: {'line': b'-- Found rosidl_generator_c: 4.6.5 (/opt/ros/jazzy/share/rosidl_generator_c/cmake)\n'}
[2.202770] (thrust_control) StdoutLine: {'line': b'-- Found rosidl_generator_cpp: 4.6.5 (/opt/ros/jazzy/share/rosidl_generator_cpp/cmake)\n'}
[2.208550] (-) TimerEvent: {}
[2.213335] (thrust_control) StdoutLine: {'line': b'-- Using all available rosidl_typesupport_c: rosidl_typesupport_fastrtps_c;rosidl_typesupport_introspection_c\n'}
[2.225535] (thrust_control) StdoutLine: {'line': b'-- Using all available rosidl_typesupport_cpp: rosidl_typesupport_fastrtps_cpp;rosidl_typesupport_introspection_cpp\n'}
[2.279737] (thrust_control) StdoutLine: {'line': b'-- Found rmw_implementation_cmake: 7.3.2 (/opt/ros/jazzy/share/rmw_implementation_cmake/cmake)\n'}
[2.281504] (thrust_control) StdoutLine: {'line': b'-- Found rmw_fastrtps_cpp: 8.4.2 (/opt/ros/jazzy/share/rmw_fastrtps_cpp/cmake)\n'}
[2.308684] (-) TimerEvent: {}
[2.387175] (thrust_control) StdoutLine: {'line': b'-- Found OpenSSL: /usr/lib/x86_64-linux-gnu/libcrypto.so (found version "3.0.13")  \n'}
[2.408841] (-) TimerEvent: {}
[2.418783] (thrust_control) StdoutLine: {'line': b'-- Found FastRTPS: /opt/ros/jazzy/include (Required is at least version "2.13") \n'}
[2.441520] (thrust_control) StdoutLine: {'line': b"-- Using RMW implementation 'rmw_fastrtps_cpp' as default\n"}
[2.499623] (thrust_control) StdoutLine: {'line': b'-- Found std_msgs: 5.3.6 (/opt/ros/jazzy/share/std_msgs/cmake)\n'}
[2.508975] (-) TimerEvent: {}
[2.510962] (thrust_control) StdoutLine: {'line': b'-- Found ament_lint_auto: 0.17.2 (/opt/ros/jazzy/share/ament_lint_auto/cmake)\n'}
[2.609090] (-) TimerEvent: {}
[2.611003] (thrust_control) StdoutLine: {'line': b"-- Added test 'copyright' to check source files copyright and LICENSE\n"}
[2.679693] (thrust_control) StdoutLine: {'line': b"-- Added test 'cppcheck' to perform static code analysis on C / C++ code\n"}
[2.680519] (thrust_control) StdoutLine: {'line': b'-- Configured cppcheck include dirs: /home/zenyn/Thrust-Control/src;/home/zenyn/Thrust-Control/include;/home/zenyn/Thrust-Control/include/Command_Interpreter;/home/zenyn/Thrust-Control/include/exported-PID-control;/home/zenyn/Thrust-Control/include/exported-PID-control/src\n'}
[2.680693] (thrust_control) StdoutLine: {'line': b'-- Configured cppcheck exclude dirs and/or files: \n'}
[2.709201] (-) TimerEvent: {}
[2.748843] (thrust_control) StdoutLine: {'line': b"-- Added test 'cpplint' to check C / C++ code against the Google style\n"}
[2.749080] (thrust_control) StdoutLine: {'line': b'-- Configured cpplint exclude dirs and/or files: \n'}
[2.757922] (thrust_control) StdoutLine: {'line': b"-- Added test 'flake8' to check Python code syntax and style conventions\n"}
[2.758181] (thrust_control) StdoutLine: {'line': b"-- Configured 'flake8' exclude dirs and/or files: \n"}
[2.775448] (thrust_control) StdoutLine: {'line': b"-- Added test 'lint_cmake' to check CMake code style\n"}
[2.784427] (thrust_control) StdoutLine: {'line': b"-- Added test 'pep257' to check Python code against some of the docstring style conventions in PEP 257\n"}
[2.809360] (-) TimerEvent: {}
[2.853273] (thrust_control) StdoutLine: {'line': b"-- Added test 'uncrustify' to check C / C++ code style\n"}
[2.853520] (thrust_control) StdoutLine: {'line': b'-- Configured uncrustify additional arguments: \n'}
[2.862356] (thrust_control) StdoutLine: {'line': b"-- Added test 'xmllint' to check XML markup files\n"}
[2.864193] (thrust_control) StdoutLine: {'line': b'-- Configuring done (2.8s)\n'}
[2.887120] (thrust_control) StdoutLine: {'line': b'-- Generating done (0.0s)\n'}
[2.893954] (thrust_control) StdoutLine: {'line': b'-- Build files have been written to: /home/zenyn/Thrust-Control/build/thrust_control\n'}
[2.904165] (thrust_control) CommandEnded: {'returncode': 0}
[2.904827] (thrust_control) JobProgress: {'identifier': 'thrust_control', 'progress': 'build'}
[2.905586] (thrust_control) Command: {'cmd': ['/usr/bin/cmake', '--build', '/home/zenyn/Thrust-Control/build/thrust_control', '--', '-j12', '-l12'], 'cwd': '/home/zenyn/Thrust-Control/build/thrust_control', 'env': OrderedDict({'LESSOPEN': '| /usr/bin/lesspipe %s', 'LANGUAGE': 'en_US', 'USER': 'zenyn', 'XDG_SEAT': 'seat0', 'XDG_SESSION_TYPE': 'x11', 'SHLVL': '2', 'LD_LIBRARY_PATH': '/opt/ros/jazzy/opt/rviz_ogre_vendor/lib:/opt/ros/jazzy/lib/x86_64-linux-gnu:/opt/ros/jazzy/opt/gz_math_vendor/lib:/opt/ros/jazzy/opt/gz_utils_vendor/lib:/opt/ros/jazzy/opt/gz_cmake_vendor/lib:/opt/ros/jazzy/lib', 'HOME': '/home/zenyn', 'OLDPWD': '/home/zenyn/Thrust-Control/src', 'DESKTOP_SESSION': 'cinnamon', 'ROS_PYTHON_VERSION': '3', 'GTK_MODULES': 'gail:atk-bridge', 'XDG_SEAT_PATH': '/org/freedesktop/DisplayManager/Seat0', 'DBUS_SESSION_BUS_ADDRESS': 'unix:path=/run/user/1000/bus', 'COLORTERM': 'truecolor', 'GNOME_KEYRING_CONTROL': '/run/user/1000/keyring', 'ROS_DISTRO': 'jazzy', 'LOGNAME': 'zenyn', 'DESKTOP_AUTOSTART_ID': '10548af1e022aa691a174745163180485900000023430038', '_': '/usr/bin/colcon', 'ROS_VERSION': '2', 'XDG_SESSION_CLASS': 'user', 'TERM': 'xterm-256color', 'XDG_SESSION_ID': 'c2', 'GNOME_DESKTOP_SESSION_ID': 'this-is-deprecated', 'PATH': '/opt/ros/jazzy/bin:/home/zenyn/.local/bin:/home/zenyn/.local/bin:/home/zenyn/.local/bin:/home/zenyn/bin:/usr/local/sbin:/usr/local/bin:/usr/sbin:/usr/bin:/sbin:/bin:/usr/games:/usr/local/games:/snap/bin', 'SESSION_MANAGER': 'local/Zenyn-Linux:@/tmp/.ICE-unix/2343,unix/Zenyn-Linux:/tmp/.ICE-unix/2343', 'GDM_LANG': 'en_US', 'GTK3_MODULES': 'xapp-gtk3-module', 'XDG_SESSION_PATH': '/org/freedesktop/DisplayManager/Session0', 'GNOME_TERMINAL_SCREEN': '/org/gnome/Terminal/screen/e5d02491_c38d_435c_a58c_541bc3dfd0f9', 'XDG_RUNTIME_DIR': '/run/user/1000', 'DISPLAY': ':0', 'LANG': 'en_US.UTF-8', 'XDG_CURRENT_DESKTOP': 'X-Cinnamon', 'XDG_SESSION_DESKTOP': 'cinnamon', 'XAUTHORITY': '/home/zenyn/.Xauthority', 'LS_COLORS': 'rs=0:di=01;34:ln=01;36:mh=00:pi=40;33:so=01;35:do=01;35:bd=40;33;01:cd=40;33;01:or=40;31;01:mi=00:su=37;41:sg=30;43:ca=00:tw=30;42:ow=34;42:st=37;44:ex=01;32:*.tar=01;31:*.tgz=01;31:*.arc=01;31:*.arj=01;31:*.taz=01;31:*.lha=01;31:*.lz4=01;31:*.lzh=01;31:*.lzma=01;31:*.tlz=01;31:*.txz=01;31:*.tzo=01;31:*.t7z=01;31:*.zip=01;31:*.z=01;31:*.dz=01;31:*.gz=01;31:*.lrz=01;31:*.lz=01;31:*.lzo=01;31:*.xz=01;31:*.zst=01;31:*.tzst=01;31:*.bz2=01;31:*.bz=01;31:*.tbz=01;31:*.tbz2=01;31:*.tz=01;31:*.deb=01;31:*.rpm=01;31:*.jar=01;31:*.war=01;31:*.ear=01;31:*.sar=01;31:*.rar=01;31:*.alz=01;31:*.ace=01;31:*.zoo=01;31:*.cpio=01;31:*.7z=01;31:*.rz=01;31:*.cab=01;31:*.wim=01;31:*.swm=01;31:*.dwm=01;31:*.esd=01;31:*.avif=01;35:*.jpg=01;35:*.jpeg=01;35:*.mjpg=01;35:*.mjpeg=01;35:*.gif=01;35:*.bmp=01;35:*.pbm=01;35:*.pgm=01;35:*.ppm=01;35:*.tga=01;35:*.xbm=01;35:*.xpm=01;35:*.tif=01;35:*.tiff=01;35:*.png=01;35:*.svg=01;35:*.svgz=01;35:*.mng=01;35:*.pcx=01;35:*.mov=01;35:*.mpg=01;35:*.mpeg=01;35:*.m2v=01;35:*.mkv=01;35:*.webm=01;35:*.webp=01;35:*.ogm=01;35:*.mp4=01;35:*.m4v=01;35:*.mp4v=01;35:*.vob=01;35:*.qt=01;35:*.nuv=01;35:*.wmv=01;35:*.asf=01;35:*.rm=01;35:*.rmvb=01;35:*.flc=01;35:*.avi=01;35:*.fli=01;35:*.flv=01;35:*.gl=01;35:*.dl=01;35:*.xcf=01;35:*.xwd=01;35:*.yuv=01;35:*.cgm=01;35:*.emf=01;35:*.ogv=01;35:*.ogx=01;35:*.aac=00;36:*.au=00;36:*.flac=00;36:*.m4a=00;36:*.mid=00;36:*.midi=00;36:*.mka=00;36:*.mp3=00;36:*.mpc=00;36:*.ogg=00;36:*.ra=00;36:*.wav=00;36:*.oga=00;36:*.opus=00;36:*.spx=00;36:*.xspf=00;36:*~=00;90:*#=00;90:*.bak=00;90:*.crdownload=00;90:*.dpkg-dist=00;90:*.dpkg-new=00;90:*.dpkg-old=00;90:*.dpkg-tmp=00;90:*.old=00;90:*.orig=00;90:*.part=00;90:*.rej=00;90:*.rpmnew=00;90:*.rpmorig=00;90:*.rpmsave=00;90:*.swp=00;90:*.tmp=00;90:*.ucf-dist=00;90:*.ucf-new=00;90:*.ucf-old=00;90:', 'GNOME_TERMINAL_SERVICE': ':1.71', 'SSH_AUTH_SOCK': '/run/user/1000/keyring/ssh', 'XDG_GREETER_DATA_DIR': '/var/lib/lightdm-data/zenyn', 'AMENT_PREFIX_PATH': '/opt/ros/jazzy', 'SHELL': '/bin/bash', 'QT_ACCESSIBILITY': '1', 'GDMSESSION': 'cinnamon', 'LESSCLOSE': '/usr/bin/lesspipe %s %s', 'GPG_AGENT_INFO': '/run/user/1000/gnupg/S.gpg-agent:0:1', 'ROS_AUTOMATIC_DISCOVERY_RANGE': 'SUBNET', 'XDG_VTNR': '7', 'PWD': '/home/zenyn/Thrust-Control/build/thrust_control', 'LC_ALL': 'en_US.UTF-8', 'XDG_CONFIG_DIRS': '/etc/xdg/xdg-cinnamon:/etc/xdg', 'XDG_DATA_DIRS': '/usr/share/cinnamon:/usr/share/gnome:/usr/local/share:/usr/share:/var/lib/snapd/desktop', 'PYTHONPATH': '/opt/ros/jazzy/lib/python3.12/site-packages', 'COLCON': '1', 'VTE_VERSION': '7600', 'CMAKE_PREFIX_PATH': '/opt/ros/jazzy/opt/gz_math_vendor:/opt/ros/jazzy/opt/gz_utils_vendor:/opt/ros/jazzy/opt/gz_cmake_vendor:/opt/ros/jazzy'}), 'shell': False}
[2.909476] (-) TimerEvent: {}
[2.989730] (thrust_control) StdoutLine: {'line': b'[  2%] \x1b[32mBuilding CXX object include/exported-PID-control/test/CMakeFiles/controller_test_lib.dir/__/src/controller_codegenTest.cpp.o\x1b[0m\n'}
[2.990742] (thrust_control) StdoutLine: {'line': b'[ 10%] \x1b[32mBuilding CXX object include/Command_Interpreter/CMakeFiles/PropulsionFunctions.dir/src/Command_Interpreter.cpp.o\x1b[0m\n'}
[2.991804] (thrust_control) StdoutLine: {'line': b'[ 10%] \x1b[32mBuilding CXX object include/Command_Interpreter/CMakeFiles/PropulsionFunctions.dir/src/Serial.cpp.o\x1b[0m\n'}
[2.992664] (thrust_control) StdoutLine: {'line': b'[ 10%] \x1b[32mBuilding CXX object include/exported-PID-control/src/CMakeFiles/controller_lib.dir/controller_codegenTest_data.cpp.o\x1b[0m\n'}
[2.993070] (thrust_control) StdoutLine: {'line': b'[ 12%] \x1b[32mBuilding CXX object include/Command_Interpreter/CMakeFiles/PropulsionFunctions.dir/src/Wiring.cpp.o\x1b[0m\n'}
[2.993900] (thrust_control) StdoutLine: {'line': b'[ 15%] \x1b[32mBuilding CXX object _deps/googletest-build/googletest/CMakeFiles/gtest.dir/src/gtest-all.cc.o\x1b[0m\n'}
[2.995956] (thrust_control) StdoutLine: {'line': b'[ 17%] \x1b[32mBuilding CXX object include/exported-PID-control/src/CMakeFiles/controller_lib.dir/controller_codegenTest.cpp.o\x1b[0m\n'}
[2.998665] (thrust_control) StdoutLine: {'line': b'[ 20%] \x1b[32mBuilding CXX object include/exported-PID-control/test/CMakeFiles/controller_test_lib.dir/__/src/controller_codegenTest_data.cpp.o\x1b[0m\n'}
[3.009665] (-) TimerEvent: {}
[3.110305] (-) TimerEvent: {}
[3.146033] (thrust_control) StdoutLine: {'line': b'[ 22%] \x1b[32m\x1b[1mLinking CXX static library libcontroller_test_lib.a\x1b[0m\n'}
[3.149927] (thrust_control) StdoutLine: {'line': b'[ 25%] \x1b[32m\x1b[1mLinking CXX shared library ../../../controller_lib.so\x1b[0m\n'}
[3.181132] (thrust_control) StdoutLine: {'line': b'[ 25%] Built target controller_test_lib\n'}
[3.209178] (thrust_control) StdoutLine: {'line': b'\x1b[36m### Created library: /home/zenyn/Thrust-Control/build/thrust_control/controller_lib.so\x1b[0m\n'}
[3.210415] (-) TimerEvent: {}
[3.217947] (thrust_control) StdoutLine: {'line': b'[ 25%] Built target controller_lib\n'}
[3.310537] (-) TimerEvent: {}
[3.410861] (-) TimerEvent: {}
[3.511193] (-) TimerEvent: {}
[3.606069] (thrust_control) StdoutLine: {'line': b'[ 27%] \x1b[32m\x1b[1mLinking CXX static library libPropulsionFunctions.a\x1b[0m\n'}
[3.611390] (-) TimerEvent: {}
[3.649729] (thrust_control) StdoutLine: {'line': b'[ 27%] Built target PropulsionFunctions\n'}
[3.670524] (thrust_control) StdoutLine: {'line': b'[ 30%] \x1b[32mBuilding CXX object CMakeFiles/thrust_control.dir/src/main.cpp.o\x1b[0m\n'}
[3.672370] (thrust_control) StdoutLine: {'line': b'[ 35%] \x1b[32mBuilding CXX object CMakeFiles/thrust_control.dir/src/thrust_control_supervisor.cpp.o\x1b[0m\n'}
[3.672594] (thrust_control) StdoutLine: {'line': b'[ 35%] \x1b[32mBuilding CXX object CMakeFiles/thrust_control.dir/src/thrust_control_node.cpp.o\x1b[0m\n'}
[3.711532] (-) TimerEvent: {}
[3.811830] (-) TimerEvent: {}
[3.912230] (-) TimerEvent: {}
[4.012609] (-) TimerEvent: {}
[4.112941] (-) TimerEvent: {}
[4.213328] (-) TimerEvent: {}
[4.313677] (-) TimerEvent: {}
[4.414003] (-) TimerEvent: {}
[4.514349] (-) TimerEvent: {}
[4.614672] (-) TimerEvent: {}
[4.714979] (-) TimerEvent: {}
[4.815319] (-) TimerEvent: {}
[4.915632] (-) TimerEvent: {}
[5.015932] (-) TimerEvent: {}
[5.116275] (-) TimerEvent: {}
[5.216581] (-) TimerEvent: {}
[5.316894] (-) TimerEvent: {}
[5.417250] (-) TimerEvent: {}
[5.517602] (-) TimerEvent: {}
[5.617923] (-) TimerEvent: {}
[5.718270] (-) TimerEvent: {}
[5.818581] (-) TimerEvent: {}
[5.918902] (-) TimerEvent: {}
[6.019253] (-) TimerEvent: {}
[6.119621] (-) TimerEvent: {}
[6.219997] (-) TimerEvent: {}
[6.320350] (-) TimerEvent: {}
[6.420676] (-) TimerEvent: {}
[6.521023] (-) TimerEvent: {}
[6.621381] (-) TimerEvent: {}
[6.721703] (-) TimerEvent: {}
[6.821998] (-) TimerEvent: {}
[6.922301] (-) TimerEvent: {}
[6.947915] (thrust_control) StdoutLine: {'line': b'[ 37%] \x1b[32m\x1b[1mLinking CXX static library ../../../lib/libgtest.a\x1b[0m\n'}
[7.018772] (thrust_control) StdoutLine: {'line': b'[ 37%] Built target gtest\n'}
[7.022411] (-) TimerEvent: {}
[7.037207] (thrust_control) StdoutLine: {'line': b'[ 40%] \x1b[32mBuilding CXX object include/exported-PID-control/test/CMakeFiles/controller_test.dir/controller_test.cpp.o\x1b[0m\n'}
[7.040349] (thrust_control) StdoutLine: {'line': b'[ 42%] \x1b[32mBuilding CXX object _deps/googletest-build/googletest/CMakeFiles/gtest_main.dir/src/gtest_main.cc.o\x1b[0m\n'}
[7.046986] (thrust_control) StdoutLine: {'line': b'[ 45%] \x1b[32mBuilding CXX object _deps/googletest-build/googlemock/CMakeFiles/gmock.dir/src/gmock-all.cc.o\x1b[0m\n'}
[7.122560] (-) TimerEvent: {}
[7.222868] (-) TimerEvent: {}
[7.323200] (-) TimerEvent: {}
[7.423592] (-) TimerEvent: {}
[7.523956] (-) TimerEvent: {}
[7.624322] (-) TimerEvent: {}
[7.672807] (thrust_control) StdoutLine: {'line': b'[ 47%] \x1b[32m\x1b[1mLinking CXX executable controller_test\x1b[0m\n'}
[7.698085] (thrust_control) StdoutLine: {'line': b'[ 50%] \x1b[32m\x1b[1mLinking CXX static library ../../../lib/libgtest_main.a\x1b[0m\n'}
[7.724439] (-) TimerEvent: {}
[7.744164] (thrust_control) StdoutLine: {'line': b'[ 50%] Built target gtest_main\n'}
[7.769071] (thrust_control) StdoutLine: {'line': b'[ 52%] \x1b[32mBuilding CXX object CMakeFiles/test_thrust_control_node.dir/tests/test_thrust_control_node.cpp.o\x1b[0m\n'}
[7.769937] (thrust_control) StdoutLine: {'line': b'[ 55%] \x1b[32mBuilding CXX object CMakeFiles/test_thrust_control_node.dir/src/thrust_control_supervisor.cpp.o\x1b[0m\n'}
[7.772006] (thrust_control) StdoutLine: {'line': b'[ 60%] \x1b[32mBuilding CXX object CMakeFiles/test_thrust_control_supervisor.dir/src/thrust_control_supervisor.cpp.o\x1b[0m\n'}
[7.772256] (thrust_control) StdoutLine: {'line': b'[ 60%] \x1b[32mBuilding CXX object CMakeFiles/test_thrust_control_supervisor.dir/src/command_queue.cpp.o\x1b[0m\n'}
[7.772331] (thrust_control) StdoutLine: {'line': b'[ 62%] \x1b[32mBuilding CXX object CMakeFiles/test_thrust_control_node.dir/src/command_interpreter_pointer.cpp.o\x1b[0m\n'}
[7.774349] (thrust_control) StdoutLine: {'line': b'[ 65%] \x1b[32mBuilding CXX object CMakeFiles/test_thrust_control_supervisor.dir/src/command_interpreter_pointer.cpp.o\x1b[0m\n'}
[7.774647] (thrust_control) StdoutLine: {'line': b'[ 67%] \x1b[32mBuilding CXX object CMakeFiles/test_thrust_control_supervisor.dir/tests/test_thrust_control_supervisor.cpp.o\x1b[0m\n'}
[7.775858] (thrust_control) StdoutLine: {'line': b'[ 70%] \x1b[32mBuilding CXX object include/Command_Interpreter/CMakeFiles/propulsion_test.dir/src/Command_Interpreter.cpp.o\x1b[0m\n'}
[7.776124] (thrust_control) StdoutLine: {'line': b'[ 72%] \x1b[32mBuilding CXX object include/Command_Interpreter/CMakeFiles/propulsion_test.dir/testing/Command_Interpreter_Testing.cpp.o\x1b[0m\n'}
[7.825074] (thrust_control) StdoutLine: {'line': b'[ 72%] Built target controller_test\n'}
[7.826786] (-) TimerEvent: {}
[7.836471] (thrust_control) StdoutLine: {'line': b'[ 75%] \x1b[32mBuilding CXX object include/Command_Interpreter/CMakeFiles/propulsion_test.dir/src/Wiring.cpp.o\x1b[0m\n'}
[7.928808] (-) TimerEvent: {}
[8.029133] (-) TimerEvent: {}
[8.129511] (-) TimerEvent: {}
[8.176695] (thrust_control) StderrLine: {'line': b'In file included from \x1b[01m\x1b[K/usr/include/c++/13/memory:78\x1b[m\x1b[K,\n'}
[8.176952] (thrust_control) StderrLine: {'line': b'                 from \x1b[01m\x1b[K/home/zenyn/Thrust-Control/src/supervisor_command.hpp:7\x1b[m\x1b[K,\n'}
[8.177050] (thrust_control) StderrLine: {'line': b'                 from \x1b[01m\x1b[K/home/zenyn/Thrust-Control/src/command_queue.hpp:3\x1b[m\x1b[K,\n'}
[8.177127] (thrust_control) StderrLine: {'line': b'                 from \x1b[01m\x1b[K/home/zenyn/Thrust-Control/src/command_queue.cpp:1\x1b[m\x1b[K:\n'}
[8.177188] (thrust_control) StderrLine: {'line': b'/usr/include/c++/13/bits/unique_ptr.h: In instantiation of \xe2\x80\x98\x1b[01m\x1b[Kstd::__detail::__unique_ptr_t<_Tp> std::\x1b[01;32m\x1b[Kmake_unique\x1b[m\x1b[K(_Args&& ...) \x1b[35m\x1b[K[with _Tp = thrust_control::SupervisorCommand; _Args = {pwm_array, bool}; __detail::__unique_ptr_t<_Tp> = __detail::__unique_ptr_t<thrust_control::SupervisorCommand>]\x1b[m\x1b[K\x1b[m\x1b[K\xe2\x80\x99:\n'}
[8.177255] (thrust_control) StderrLine: {'line': b'\x1b[01m\x1b[K/home/zenyn/Thrust-Control/src/command_queue.cpp:33:17:\x1b[m\x1b[K   required from here\n'}
[8.177316] (thrust_control) StderrLine: {'line': b'\x1b[01m\x1b[K/usr/include/c++/13/bits/unique_ptr.h:1070:30:\x1b[m\x1b[K \x1b[01;31m\x1b[Kerror: \x1b[m\x1b[Kinvalid new-expression of abstract class type \xe2\x80\x98\x1b[01m\x1b[Kthrust_control::SupervisorCommand\x1b[m\x1b[K\xe2\x80\x99\n'}
[8.177386] (thrust_control) StderrLine: {'line': b' 1070 |     { return unique_ptr<_Tp>(\x1b[01;31m\x1b[Knew _Tp(std::forward<_Args>(__args)...)\x1b[m\x1b[K); }\n'}
[8.177454] (thrust_control) StderrLine: {'line': b'      |                              \x1b[01;31m\x1b[K^~~~~~~~~~~~~~~~~~~~~~~~~~~~~~~~~~~~~~~\x1b[m\x1b[K\n'}
[8.180749] (thrust_control) StderrLine: {'line': b'\x1b[01m\x1b[K/home/zenyn/Thrust-Control/src/supervisor_command.hpp:14:7:\x1b[m\x1b[K \x1b[01;36m\x1b[Knote: \x1b[m\x1b[K  because the following virtual functions are pure within \xe2\x80\x98\x1b[01m\x1b[Kthrust_control::SupervisorCommand\x1b[m\x1b[K\xe2\x80\x99:\n'}
[8.180849] (thrust_control) StderrLine: {'line': b'   14 | class \x1b[01;36m\x1b[KSupervisorCommand\x1b[m\x1b[K {\n'}
[8.180922] (thrust_control) StderrLine: {'line': b'      |       \x1b[01;36m\x1b[K^~~~~~~~~~~~~~~~~\x1b[m\x1b[K\n'}
[8.180989] (thrust_control) StderrLine: {'line': b'\x1b[01m\x1b[K/home/zenyn/Thrust-Control/src/supervisor_command.hpp:19:18:\x1b[m\x1b[K \x1b[01;36m\x1b[Knote: \x1b[m\x1b[K    \xe2\x80\x98\x1b[01m\x1b[Kvirtual void thrust_control::SupervisorCommand::\x1b[01;32m\x1b[Kstart\x1b[m\x1b[K()\x1b[m\x1b[K\xe2\x80\x99\n'}
[8.181075] (thrust_control) StderrLine: {'line': b'   19 |     virtual void \x1b[01;36m\x1b[Kstart\x1b[m\x1b[K() = 0;\n'}
[8.181142] (thrust_control) StderrLine: {'line': b'      |                  \x1b[01;36m\x1b[K^~~~~\x1b[m\x1b[K\n'}
[8.181209] (thrust_control) StderrLine: {'line': b'\x1b[01m\x1b[K/home/zenyn/Thrust-Control/src/supervisor_command.hpp:20:18:\x1b[m\x1b[K \x1b[01;36m\x1b[Knote: \x1b[m\x1b[K    \xe2\x80\x98\x1b[01m\x1b[Kvirtual bool thrust_control::SupervisorCommand::\x1b[01;32m\x1b[KisFinished\x1b[m\x1b[K()\x1b[m\x1b[K\xe2\x80\x99\n'}
[8.181274] (thrust_control) StderrLine: {'line': b'   20 |     virtual bool \x1b[01;36m\x1b[KisFinished\x1b[m\x1b[K() = 0;\n'}
[8.181339] (thrust_control) StderrLine: {'line': b'      |                  \x1b[01;36m\x1b[K^~~~~~~~~~\x1b[m\x1b[K\n'}
[8.181401] (thrust_control) StderrLine: {'line': b'\x1b[01m\x1b[K/home/zenyn/Thrust-Control/src/supervisor_command.hpp:23:23:\x1b[m\x1b[K \x1b[01;36m\x1b[Knote: \x1b[m\x1b[K    \xe2\x80\x98\x1b[01m\x1b[Kvirtual pwm_array thrust_control::SupervisorCommand::\x1b[01;32m\x1b[KonExpirePwm\x1b[m\x1b[K()\x1b[m\x1b[K\xe2\x80\x99\n'}
[8.181484] (thrust_control) StderrLine: {'line': b'   23 |     virtual pwm_array \x1b[01;36m\x1b[KonExpirePwm\x1b[m\x1b[K() = 0;\n'}
[8.181553] (thrust_control) StderrLine: {'line': b'      |                       \x1b[01;36m\x1b[K^~~~~~~~~~~\x1b[m\x1b[K\n'}
[8.218735] (thrust_control) StderrLine: {'line': b'gmake[2]: *** [CMakeFiles/test_thrust_control_supervisor.dir/build.make:118: CMakeFiles/test_thrust_control_supervisor.dir/src/command_queue.cpp.o] Error 1\n'}
[8.218985] (thrust_control) StderrLine: {'line': b'gmake[2]: *** Waiting for unfinished jobs....\n'}
[8.229646] (-) TimerEvent: {}
[8.233765] (thrust_control) StdoutLine: {'line': b'[ 77%] \x1b[32mBuilding CXX object CMakeFiles/test_thrust_control_node.dir/src/thrust_control_node.cpp.o\x1b[0m\n'}
[8.329773] (-) TimerEvent: {}
[8.431582] (-) TimerEvent: {}
[8.528237] (thrust_control) StdoutLine: {'line': b'[ 80%] \x1b[32mBuilding CXX object include/Command_Interpreter/CMakeFiles/propulsion_test.dir/src/Serial.cpp.o\x1b[0m\n'}
[8.531693] (-) TimerEvent: {}
[8.633498] (-) TimerEvent: {}
[8.640238] (thrust_control) StdoutLine: {'line': b'[ 82%] \x1b[32mBuilding CXX object CMakeFiles/test_thrust_control_node.dir/src/command_queue.cpp.o\x1b[0m\n'}
[8.733619] (-) TimerEvent: {}
[8.833942] (-) TimerEvent: {}
[8.936404] (-) TimerEvent: {}
[9.028098] (thrust_control) StderrLine: {'line': b'In file included from \x1b[01m\x1b[K/usr/include/c++/13/memory:78\x1b[m\x1b[K,\n'}
[9.028468] (thrust_control) StderrLine: {'line': b'                 from \x1b[01m\x1b[K/home/zenyn/Thrust-Control/src/supervisor_command.hpp:7\x1b[m\x1b[K,\n'}
[9.028617] (thrust_control) StderrLine: {'line': b'                 from \x1b[01m\x1b[K/home/zenyn/Thrust-Control/src/command_queue.hpp:3\x1b[m\x1b[K,\n'}
[9.028739] (thrust_control) StderrLine: {'line': b'                 from \x1b[01m\x1b[K/home/zenyn/Thrust-Control/src/command_queue.cpp:1\x1b[m\x1b[K:\n'}
[9.028858] (thrust_control) StderrLine: {'line': b'/usr/include/c++/13/bits/unique_ptr.h: In instantiation of \xe2\x80\x98\x1b[01m\x1b[Kstd::__detail::__unique_ptr_t<_Tp> std::\x1b[01;32m\x1b[Kmake_unique\x1b[m\x1b[K(_Args&& ...) \x1b[35m\x1b[K[with _Tp = thrust_control::SupervisorCommand; _Args = {pwm_array, bool}; __detail::__unique_ptr_t<_Tp> = __detail::__unique_ptr_t<thrust_control::SupervisorCommand>]\x1b[m\x1b[K\x1b[m\x1b[K\xe2\x80\x99:\n'}
[9.028976] (thrust_control) StderrLine: {'line': b'\x1b[01m\x1b[K/home/zenyn/Thrust-Control/src/command_queue.cpp:33:17:\x1b[m\x1b[K   required from here\n'}
[9.029091] (thrust_control) StderrLine: {'line': b'\x1b[01m\x1b[K/usr/include/c++/13/bits/unique_ptr.h:1070:30:\x1b[m\x1b[K \x1b[01;31m\x1b[Kerror: \x1b[m\x1b[Kinvalid new-expression of abstract class type \xe2\x80\x98\x1b[01m\x1b[Kthrust_control::SupervisorCommand\x1b[m\x1b[K\xe2\x80\x99\n'}
[9.029232] (thrust_control) StderrLine: {'line': b' 1070 |     { return unique_ptr<_Tp>(\x1b[01;31m\x1b[Knew _Tp(std::forward<_Args>(__args)...)\x1b[m\x1b[K); }\n'}
[9.029349] (thrust_control) StderrLine: {'line': b'      |                              \x1b[01;31m\x1b[K^~~~~~~~~~~~~~~~~~~~~~~~~~~~~~~~~~~~~~~\x1b[m\x1b[K\n'}
[9.029485] (thrust_control) StderrLine: {'line': b'\x1b[01m\x1b[K/home/zenyn/Thrust-Control/src/supervisor_command.hpp:14:7:\x1b[m\x1b[K \x1b[01;36m\x1b[Knote: \x1b[m\x1b[K  because the following virtual functions are pure within \xe2\x80\x98\x1b[01m\x1b[Kthrust_control::SupervisorCommand\x1b[m\x1b[K\xe2\x80\x99:\n'}
[9.029621] (thrust_control) StderrLine: {'line': b'   14 | class \x1b[01;36m\x1b[KSupervisorCommand\x1b[m\x1b[K {\n'}
[9.029730] (thrust_control) StderrLine: {'line': b'      |       \x1b[01;36m\x1b[K^~~~~~~~~~~~~~~~~\x1b[m\x1b[K\n'}
[9.029841] (thrust_control) StderrLine: {'line': b'\x1b[01m\x1b[K/home/zenyn/Thrust-Control/src/supervisor_command.hpp:19:18:\x1b[m\x1b[K \x1b[01;36m\x1b[Knote: \x1b[m\x1b[K    \xe2\x80\x98\x1b[01m\x1b[Kvirtual void thrust_control::SupervisorCommand::\x1b[01;32m\x1b[Kstart\x1b[m\x1b[K()\x1b[m\x1b[K\xe2\x80\x99\n'}
[9.029972] (thrust_control) StderrLine: {'line': b'   19 |     virtual void \x1b[01;36m\x1b[Kstart\x1b[m\x1b[K() = 0;\n'}
[9.030082] (thrust_control) StderrLine: {'line': b'      |                  \x1b[01;36m\x1b[K^~~~~\x1b[m\x1b[K\n'}
[9.030193] (thrust_control) StderrLine: {'line': b'\x1b[01m\x1b[K/home/zenyn/Thrust-Control/src/supervisor_command.hpp:20:18:\x1b[m\x1b[K \x1b[01;36m\x1b[Knote: \x1b[m\x1b[K    \xe2\x80\x98\x1b[01m\x1b[Kvirtual bool thrust_control::SupervisorCommand::\x1b[01;32m\x1b[KisFinished\x1b[m\x1b[K()\x1b[m\x1b[K\xe2\x80\x99\n'}
[9.030308] (thrust_control) StderrLine: {'line': b'   20 |     virtual bool \x1b[01;36m\x1b[KisFinished\x1b[m\x1b[K() = 0;\n'}
[9.030418] (thrust_control) StderrLine: {'line': b'      |                  \x1b[01;36m\x1b[K^~~~~~~~~~\x1b[m\x1b[K\n'}
[9.030545] (thrust_control) StderrLine: {'line': b'\x1b[01m\x1b[K/home/zenyn/Thrust-Control/src/supervisor_command.hpp:23:23:\x1b[m\x1b[K \x1b[01;36m\x1b[Knote: \x1b[m\x1b[K    \xe2\x80\x98\x1b[01m\x1b[Kvirtual pwm_array thrust_control::SupervisorCommand::\x1b[01;32m\x1b[KonExpirePwm\x1b[m\x1b[K()\x1b[m\x1b[K\xe2\x80\x99\n'}
[9.030664] (thrust_control) StderrLine: {'line': b'   23 |     virtual pwm_array \x1b[01;36m\x1b[KonExpirePwm\x1b[m\x1b[K() = 0;\n'}
[9.030771] (thrust_control) StderrLine: {'line': b'      |                       \x1b[01;36m\x1b[K^~~~~~~~~~~\x1b[m\x1b[K\n'}
[9.036563] (-) TimerEvent: {}
[9.077121] (thrust_control) StderrLine: {'line': b'gmake[2]: *** [CMakeFiles/test_thrust_control_node.dir/build.make:132: CMakeFiles/test_thrust_control_node.dir/src/command_queue.cpp.o] Error 1\n'}
[9.077403] (thrust_control) StderrLine: {'line': b'gmake[2]: *** Waiting for unfinished jobs....\n'}
[9.113107] (thrust_control) StdoutLine: {'line': b'[ 85%] \x1b[32m\x1b[1mLinking CXX executable propulsion_test\x1b[0m\n'}
[9.136676] (-) TimerEvent: {}
[9.236997] (-) TimerEvent: {}
[9.335985] (thrust_control) StdoutLine: {'line': b'[ 85%] Built target propulsion_test\n'}
[9.337078] (-) TimerEvent: {}
[9.437367] (-) TimerEvent: {}
[9.511660] (thrust_control) StdoutLine: {'line': b'[ 87%] \x1b[32m\x1b[1mLinking CXX static library ../../../lib/libgmock.a\x1b[0m\n'}
[9.537529] (-) TimerEvent: {}
[9.570872] (thrust_control) StdoutLine: {'line': b'[ 87%] Built target gmock\n'}
[9.600622] (thrust_control) StdoutLine: {'line': b'[ 90%] \x1b[32mBuilding CXX object _deps/googletest-build/googlemock/CMakeFiles/gmock_main.dir/src/gmock_main.cc.o\x1b[0m\n'}
[9.637685] (-) TimerEvent: {}
[9.738011] (-) TimerEvent: {}
[9.838346] (-) TimerEvent: {}
[9.938689] (-) TimerEvent: {}
[10.039051] (-) TimerEvent: {}
[10.139388] (-) TimerEvent: {}
[10.239775] (-) TimerEvent: {}
[10.340173] (-) TimerEvent: {}
[10.440549] (-) TimerEvent: {}
[10.540893] (-) TimerEvent: {}
[10.641247] (-) TimerEvent: {}
[10.741573] (-) TimerEvent: {}
[10.841889] (-) TimerEvent: {}
[10.942239] (-) TimerEvent: {}
[11.006625] (thrust_control) StdoutLine: {'line': b'[ 92%] \x1b[32m\x1b[1mLinking CXX static library ../../../lib/libgmock_main.a\x1b[0m\n'}
[11.042345] (-) TimerEvent: {}
[11.053991] (thrust_control) StdoutLine: {'line': b'[ 92%] Built target gmock_main\n'}
[11.142579] (-) TimerEvent: {}
[11.242953] (-) TimerEvent: {}
[11.343307] (-) TimerEvent: {}
[11.443756] (-) TimerEvent: {}
[11.544167] (-) TimerEvent: {}
[11.644615] (-) TimerEvent: {}
[11.745044] (-) TimerEvent: {}
[11.845408] (-) TimerEvent: {}
[11.945760] (-) TimerEvent: {}
[12.046069] (-) TimerEvent: {}
[12.146418] (-) TimerEvent: {}
[12.246742] (-) TimerEvent: {}
[12.347041] (-) TimerEvent: {}
[12.447361] (-) TimerEvent: {}
[12.534291] (thrust_control) StderrLine: {'line': b'gmake[1]: *** [CMakeFiles/Makefile2:325: CMakeFiles/test_thrust_control_supervisor.dir/all] Error 2\n'}
[12.534540] (thrust_control) StderrLine: {'line': b'gmake[1]: *** Waiting for unfinished jobs....\n'}
[12.547519] (-) TimerEvent: {}
[12.647835] (-) TimerEvent: {}
[12.748191] (-) TimerEvent: {}
[12.782845] (thrust_control) StdoutLine: {'line': b'[ 95%] \x1b[32m\x1b[1mLinking CXX executable thrust_control\x1b[0m\n'}
[12.848342] (-) TimerEvent: {}
[12.948654] (-) TimerEvent: {}
[12.993593] (thrust_control) StderrLine: {'line': b"/usr/bin/ld: CMakeFiles/thrust_control.dir/src/thrust_control_supervisor.cpp.o: in function `thrust_control::ThrustControlSupervisor::ThrustControlSupervisor(rclcpp::Logger, std::unique_ptr<Command_Interpreter_RPi5, std::default_delete<Command_Interpreter_RPi5> >)':\n"}
[12.993904] (thrust_control) StderrLine: {'line': b"thrust_control_supervisor.cpp:(.text+0x81): undefined reference to `thrust_control::CommandQueue::CommandQueue()'\n"}
[12.994012] (thrust_control) StderrLine: {'line': b"/usr/bin/ld: CMakeFiles/thrust_control.dir/src/thrust_control_supervisor.cpp.o: in function `thrust_control::ThrustControlSupervisor::update_pwm_queue(std::unique_ptr<thrust_control::SupervisorCommand, std::default_delete<thrust_control::SupervisorCommand> >)':\n"}
[12.994108] (thrust_control) StderrLine: {'line': b"thrust_control_supervisor.cpp:(.text+0x1bc): undefined reference to `thrust_control::CommandQueue::CommandQueue()'\n"}
[12.994219] (thrust_control) StderrLine: {'line': b"/usr/bin/ld: thrust_control_supervisor.cpp:(.text+0x22e): undefined reference to `thrust_control::CommandQueue::push_command(std::unique_ptr<thrust_control::SupervisorCommand, std::default_delete<thrust_control::SupervisorCommand> >)'\n"}
[12.994315] (thrust_control) StderrLine: {'line': b"/usr/bin/ld: CMakeFiles/thrust_control.dir/src/thrust_control_supervisor.cpp.o: in function `thrust_control::ThrustControlSupervisor::feed_forward_pwm()':\n"}
[12.994405] (thrust_control) StderrLine: {'line': b"thrust_control_supervisor.cpp:(.text+0x5c1): undefined reference to `thrust_control::CommandQueue::get_command_from_queue(std::unique_ptr<thrust_control::SupervisorCommand, std::default_delete<thrust_control::SupervisorCommand> >)'\n"}
[13.014828] (thrust_control) StderrLine: {'line': b'collect2: error: ld returned 1 exit status\n'}
[13.016709] (thrust_control) StderrLine: {'line': b'gmake[2]: *** [CMakeFiles/thrust_control.dir/build.make:205: thrust_control] Error 1\n'}
[13.017005] (thrust_control) StderrLine: {'line': b'gmake[1]: *** [CMakeFiles/Makefile2:267: CMakeFiles/thrust_control.dir/all] Error 2\n'}
[13.048774] (-) TimerEvent: {}
[13.149120] (-) TimerEvent: {}
[13.249551] (-) TimerEvent: {}
[13.349856] (-) TimerEvent: {}
[13.450195] (-) TimerEvent: {}
[13.550630] (-) TimerEvent: {}
[13.650955] (-) TimerEvent: {}
[13.751290] (-) TimerEvent: {}
[13.851626] (-) TimerEvent: {}
[13.951974] (-) TimerEvent: {}
[14.052288] (-) TimerEvent: {}
[14.152721] (-) TimerEvent: {}
[14.253137] (-) TimerEvent: {}
[14.353559] (-) TimerEvent: {}
[14.453865] (-) TimerEvent: {}
[14.554280] (-) TimerEvent: {}
[14.654654] (-) TimerEvent: {}
[14.754954] (-) TimerEvent: {}
[14.821192] (thrust_control) StderrLine: {'line': b'gmake[1]: *** [CMakeFiles/Makefile2:296: CMakeFiles/test_thrust_control_node.dir/all] Error 2\n'}
[14.821495] (thrust_control) StderrLine: {'line': b'gmake: *** [Makefile:146: all] Error 2\n'}
[14.823607] (thrust_control) CommandEnded: {'returncode': 2}
[14.832721] (thrust_control) JobEnded: {'identifier': 'thrust_control', 'rc': 2}
[14.843292] (-) EventReactorShutdown: {}
