[0.007s] Invoking command in '/home/zenyn/Thrust-Control/build/thrust_control': CMAKE_PREFIX_PATH=${CMAKE_PREFIX_PATH}:/opt/ros/jazzy /usr/bin/cmake --build /home/zenyn/Thrust-Control/build/thrust_control -- -j12 -l12
[0.102s] [ 33%] [32mBuilding CXX object CMakeFiles/thrust_control.dir/thrust_control_supervisor.cpp.o[0m
[1.666s] [01m[K/home/zenyn/Thrust-Control/thrust_control_supervisor.cpp:29:6:[m[K [01;31m[Kerror: [m[Kvariable or field â€˜[01m[Kprocess_pwm_command[m[Kâ€™ declared void
[1.667s]    29 | void [01;31m[KThrustControlSupervisor[m[K::process_pwm_command(pwm)
[1.667s]       |      [01;31m[K^~~~~~~~~~~~~~~~~~~~~~~[m[K
[1.670s] [01m[K/home/zenyn/Thrust-Control/thrust_control_supervisor.cpp:29:51:[m[K [01;31m[Kerror: [m[Kâ€˜[01m[Kpwm[m[Kâ€™ was not declared in this scope
[1.670s]    29 | void ThrustControlSupervisor::process_pwm_command([01;31m[Kpwm[m[K)
[1.670s]       |                                                   [01;31m[K^~~[m[K
[2.116s] gmake[2]: *** [CMakeFiles/thrust_control.dir/build.make:90: CMakeFiles/thrust_control.dir/thrust_control_supervisor.cpp.o] Error 1
[2.116s] gmake[1]: *** [CMakeFiles/Makefile2:137: CMakeFiles/thrust_control.dir/all] Error 2
[2.117s] gmake: *** [Makefile:146: all] Error 2
[2.119s] Invoked command in '/home/zenyn/Thrust-Control/build/thrust_control' returned '2': CMAKE_PREFIX_PATH=${CMAKE_PREFIX_PATH}:/opt/ros/jazzy /usr/bin/cmake --build /home/zenyn/Thrust-Control/build/thrust_control -- -j12 -l12
