[  7%] Built target controller_lib
[ 17%] Built target controller_codegenTest
[ 23%] Built target gtest
[ 33%] Built target PropulsionFunctions
[ 38%] Built target gtest_main
[ 48%] Built target controller_test
[ 48%] Built target gmock
[ 51%] [32mBuilding CXX object CMakeFiles/thrust_control.dir/src/thrust_control_supervisor.cpp.o[0m
[ 64%] Built target propulsion_test
[ 69%] Built target gmock_main
[ 71%] [32mBuilding CXX object CMakeFiles/test_thrust_control_node.dir/src/thrust_control_supervisor.cpp.o[0m
[ 74%] [32mBuilding CXX object CMakeFiles/test_thrust_control_supervisor.dir/src/thrust_control_supervisor.cpp.o[0m
[ 76%] [32m[1mLinking CXX executable test_thrust_control_supervisor[0m
[ 79%] [32m[1mLinking CXX executable thrust_control[0m
/usr/bin/ld: cannot find -lPID_FUNCTIONS: No such file or directory
[ 84%] Built target test_thrust_control_supervisor
collect2: error: ld returned 1 exit status
gmake[2]: *** [CMakeFiles/thrust_control.dir/build.make:204: thrust_control] Error 1
gmake[1]: *** [CMakeFiles/Makefile2:266: CMakeFiles/thrust_control.dir/all] Error 2
gmake[1]: *** Waiting for unfinished jobs....
[ 87%] [32m[1mLinking CXX executable test_thrust_control_node[0m
[ 94%] Built target test_thrust_control_node
gmake: *** [Makefile:146: all] Error 2
