[0.000000] (-) TimerEvent: {}
[0.000551] (thrust_control) JobQueued: {'identifier': 'thrust_control', 'dependencies': OrderedDict()}
[0.000618] (thrust_control) JobStarted: {'identifier': 'thrust_control'}
[0.005949] (thrust_control) JobProgress: {'identifier': 'thrust_control', 'progress': 'cmake'}
[0.006377] (thrust_control) JobProgress: {'identifier': 'thrust_control', 'progress': 'build'}
[0.006905] (thrust_control) Command: {'cmd': ['/usr/bin/cmake', '--build', '/home/zenyn/Thrust-Control/build/thrust_control', '--', '-j12', '-l12'], 'cwd': '/home/zenyn/Thrust-Control/build/thrust_control', 'env': OrderedDict({'LESSOPEN': '| /usr/bin/lesspipe %s', 'LANGUAGE': 'en_US', 'USER': 'zenyn', 'XDG_SEAT': 'seat0', 'XDG_SESSION_TYPE': 'x11', 'SHLVL': '2', 'LD_LIBRARY_PATH': '/opt/ros/jazzy/opt/rviz_ogre_vendor/lib:/opt/ros/jazzy/lib/x86_64-linux-gnu:/opt/ros/jazzy/opt/gz_math_vendor/lib:/opt/ros/jazzy/opt/gz_utils_vendor/lib:/opt/ros/jazzy/opt/gz_cmake_vendor/lib:/opt/ros/jazzy/lib', 'HOME': '/home/zenyn', 'OLDPWD': '/home/zenyn/Thrust-Control/src', 'DESKTOP_SESSION': 'cinnamon', 'ROS_PYTHON_VERSION': '3', 'GTK_MODULES': 'gail:atk-bridge', 'XDG_SEAT_PATH': '/org/freedesktop/DisplayManager/Seat0', 'DBUS_SESSION_BUS_ADDRESS': 'unix:path=/run/user/1000/bus', 'COLORTERM': 'truecolor', 'GNOME_KEYRING_CONTROL': '/run/user/1000/keyring', 'ROS_DISTRO': 'jazzy', 'LOGNAME': 'zenyn', 'DESKTOP_AUTOSTART_ID': '10548af1e022aa691a174745163180485900000023430038', '_': '/usr/bin/colcon', 'ROS_VERSION': '2', 'XDG_SESSION_CLASS': 'user', 'TERM': 'xterm-256color', 'XDG_SESSION_ID': 'c2', 'GNOME_DESKTOP_SESSION_ID': 'this-is-deprecated', 'PATH': '/opt/ros/jazzy/bin:/home/zenyn/.local/bin:/home/zenyn/.local/bin:/home/zenyn/.local/bin:/home/zenyn/bin:/usr/local/sbin:/usr/local/bin:/usr/sbin:/usr/bin:/sbin:/bin:/usr/games:/usr/local/games:/snap/bin', 'SESSION_MANAGER': 'local/Zenyn-Linux:@/tmp/.ICE-unix/2343,unix/Zenyn-Linux:/tmp/.ICE-unix/2343', 'GDM_LANG': 'en_US', 'GTK3_MODULES': 'xapp-gtk3-module', 'XDG_SESSION_PATH': '/org/freedesktop/DisplayManager/Session0', 'GNOME_TERMINAL_SCREEN': '/org/gnome/Terminal/screen/c23cc6b5_b7db_4522_8a91_af814d860d41', 'XDG_RUNTIME_DIR': '/run/user/1000', 'DISPLAY': ':0', 'LANG': 'en_US.UTF-8', 'XDG_CURRENT_DESKTOP': 'X-Cinnamon', 'XDG_SESSION_DESKTOP': 'cinnamon', 'XAUTHORITY': '/home/zenyn/.Xauthority', 'LS_COLORS': 'rs=0:di=01;34:ln=01;36:mh=00:pi=40;33:so=01;35:do=01;35:bd=40;33;01:cd=40;33;01:or=40;31;01:mi=00:su=37;41:sg=30;43:ca=00:tw=30;42:ow=34;42:st=37;44:ex=01;32:*.tar=01;31:*.tgz=01;31:*.arc=01;31:*.arj=01;31:*.taz=01;31:*.lha=01;31:*.lz4=01;31:*.lzh=01;31:*.lzma=01;31:*.tlz=01;31:*.txz=01;31:*.tzo=01;31:*.t7z=01;31:*.zip=01;31:*.z=01;31:*.dz=01;31:*.gz=01;31:*.lrz=01;31:*.lz=01;31:*.lzo=01;31:*.xz=01;31:*.zst=01;31:*.tzst=01;31:*.bz2=01;31:*.bz=01;31:*.tbz=01;31:*.tbz2=01;31:*.tz=01;31:*.deb=01;31:*.rpm=01;31:*.jar=01;31:*.war=01;31:*.ear=01;31:*.sar=01;31:*.rar=01;31:*.alz=01;31:*.ace=01;31:*.zoo=01;31:*.cpio=01;31:*.7z=01;31:*.rz=01;31:*.cab=01;31:*.wim=01;31:*.swm=01;31:*.dwm=01;31:*.esd=01;31:*.avif=01;35:*.jpg=01;35:*.jpeg=01;35:*.mjpg=01;35:*.mjpeg=01;35:*.gif=01;35:*.bmp=01;35:*.pbm=01;35:*.pgm=01;35:*.ppm=01;35:*.tga=01;35:*.xbm=01;35:*.xpm=01;35:*.tif=01;35:*.tiff=01;35:*.png=01;35:*.svg=01;35:*.svgz=01;35:*.mng=01;35:*.pcx=01;35:*.mov=01;35:*.mpg=01;35:*.mpeg=01;35:*.m2v=01;35:*.mkv=01;35:*.webm=01;35:*.webp=01;35:*.ogm=01;35:*.mp4=01;35:*.m4v=01;35:*.mp4v=01;35:*.vob=01;35:*.qt=01;35:*.nuv=01;35:*.wmv=01;35:*.asf=01;35:*.rm=01;35:*.rmvb=01;35:*.flc=01;35:*.avi=01;35:*.fli=01;35:*.flv=01;35:*.gl=01;35:*.dl=01;35:*.xcf=01;35:*.xwd=01;35:*.yuv=01;35:*.cgm=01;35:*.emf=01;35:*.ogv=01;35:*.ogx=01;35:*.aac=00;36:*.au=00;36:*.flac=00;36:*.m4a=00;36:*.mid=00;36:*.midi=00;36:*.mka=00;36:*.mp3=00;36:*.mpc=00;36:*.ogg=00;36:*.ra=00;36:*.wav=00;36:*.oga=00;36:*.opus=00;36:*.spx=00;36:*.xspf=00;36:*~=00;90:*#=00;90:*.bak=00;90:*.crdownload=00;90:*.dpkg-dist=00;90:*.dpkg-new=00;90:*.dpkg-old=00;90:*.dpkg-tmp=00;90:*.old=00;90:*.orig=00;90:*.part=00;90:*.rej=00;90:*.rpmnew=00;90:*.rpmorig=00;90:*.rpmsave=00;90:*.swp=00;90:*.tmp=00;90:*.ucf-dist=00;90:*.ucf-new=00;90:*.ucf-old=00;90:', 'GNOME_TERMINAL_SERVICE': ':1.71', 'SSH_AUTH_SOCK': '/run/user/1000/keyring/ssh', 'XDG_GREETER_DATA_DIR': '/var/lib/lightdm-data/zenyn', 'AMENT_PREFIX_PATH': '/opt/ros/jazzy', 'SHELL': '/bin/bash', 'QT_ACCESSIBILITY': '1', 'GDMSESSION': 'cinnamon', 'LESSCLOSE': '/usr/bin/lesspipe %s %s', 'GPG_AGENT_INFO': '/run/user/1000/gnupg/S.gpg-agent:0:1', 'ROS_AUTOMATIC_DISCOVERY_RANGE': 'SUBNET', 'XDG_VTNR': '7', 'PWD': '/home/zenyn/Thrust-Control/build/thrust_control', 'LC_ALL': 'en_US.UTF-8', 'XDG_CONFIG_DIRS': '/etc/xdg/xdg-cinnamon:/etc/xdg', 'XDG_DATA_DIRS': '/usr/share/cinnamon:/usr/share/gnome:/usr/local/share:/usr/share:/var/lib/snapd/desktop', 'PYTHONPATH': '/opt/ros/jazzy/lib/python3.12/site-packages', 'COLCON': '1', 'VTE_VERSION': '7600', 'CMAKE_PREFIX_PATH': '/opt/ros/jazzy/opt/gz_math_vendor:/opt/ros/jazzy/opt/gz_utils_vendor:/opt/ros/jazzy/opt/gz_cmake_vendor:/opt/ros/jazzy'}), 'shell': False}
[0.062256] (thrust_control) StdoutLine: {'line': b'[  5%] Built target gtest\n'}
[0.065659] (thrust_control) StdoutLine: {'line': b'[ 12%] Built target controller_lib\n'}
[0.065994] (thrust_control) StdoutLine: {'line': b'[ 25%] Built target PropulsionFunctions\n'}
[0.066122] (thrust_control) StdoutLine: {'line': b'[ 33%] Built target controller_codegenTest\n'}
[0.082199] (thrust_control) StdoutLine: {'line': b'[ 38%] Built target gtest_main\n'}
[0.089100] (thrust_control) StdoutLine: {'line': b'[ 43%] Built target gmock\n'}
[0.090766] (thrust_control) StdoutLine: {'line': b'[ 48%] \x1b[32mBuilding CXX object CMakeFiles/thrust_control.dir/src/thrust_control_supervisor.cpp.o\x1b[0m\n'}
[0.091007] (thrust_control) StdoutLine: {'line': b'[ 48%] \x1b[32mBuilding CXX object CMakeFiles/thrust_control.dir/src/thrust_control_node.cpp.o\x1b[0m\n'}
[0.091214] (thrust_control) StdoutLine: {'line': b'[ 51%] \x1b[32mBuilding CXX object CMakeFiles/thrust_control.dir/src/main.cpp.o\x1b[0m\n'}
[0.099763] (-) TimerEvent: {}
[0.102593] (thrust_control) StdoutLine: {'line': b'[ 56%] Built target controller_test\n'}
[0.113459] (thrust_control) StdoutLine: {'line': b'[ 58%] \x1b[32mBuilding CXX object CMakeFiles/test_thrust_control_node.dir/src/command_interpreter_pointer.cpp.o\x1b[0m\n'}
[0.113866] (thrust_control) StdoutLine: {'line': b'[ 61%] \x1b[32mBuilding CXX object CMakeFiles/test_thrust_control_node.dir/src/thrust_control_supervisor.cpp.o\x1b[0m\n'}
[0.114076] (thrust_control) StdoutLine: {'line': b'[ 64%] \x1b[32mBuilding CXX object CMakeFiles/test_thrust_control_node.dir/tests/test_thrust_control_node.cpp.o\x1b[0m\n'}
[0.116171] (thrust_control) StdoutLine: {'line': b'[ 66%] \x1b[32mBuilding CXX object CMakeFiles/test_thrust_control_node.dir/src/thrust_control_node.cpp.o\x1b[0m\n'}
[0.117468] (thrust_control) StdoutLine: {'line': b'[ 69%] \x1b[32mBuilding CXX object include/Command_Interpreter/CMakeFiles/propulsion_test.dir/src/Command_Interpreter.cpp.o\x1b[0m\n'}
[0.118907] (thrust_control) StdoutLine: {'line': b'[ 71%] \x1b[32mBuilding CXX object include/Command_Interpreter/CMakeFiles/propulsion_test.dir/testing/Command_Interpreter_Testing.cpp.o\x1b[0m\n'}
[0.121552] (thrust_control) StdoutLine: {'line': b'[ 74%] \x1b[32mBuilding CXX object CMakeFiles/test_thrust_control_supervisor.dir/tests/test_thrust_control_supervisor.cpp.o\x1b[0m\n'}
[0.122632] (thrust_control) StdoutLine: {'line': b'[ 76%] \x1b[32mBuilding CXX object _deps/googletest-build/googlemock/CMakeFiles/gmock_main.dir/src/gmock_main.cc.o\x1b[0m\n'}
[0.125304] (thrust_control) StdoutLine: {'line': b'[ 79%] \x1b[32mBuilding CXX object include/Command_Interpreter/CMakeFiles/propulsion_test.dir/src/Wiring.cpp.o\x1b[0m\n'}
[0.199884] (-) TimerEvent: {}
[0.247518] (thrust_control) StderrLine: {'line': b'In file included from \x1b[01m\x1b[K/home/zenyn/Thrust-Control/src/command_interpreter_pointer.cpp:2\x1b[m\x1b[K:\n'}
[0.247832] (thrust_control) StderrLine: {'line': b'\x1b[01m\x1b[K/home/zenyn/Thrust-Control/src/command_interpreter_pointer.hpp:4:10:\x1b[m\x1b[K \x1b[01;31m\x1b[Kfatal error: \x1b[m\x1b[KCommand_Interpreter/src/Command_Interpreter.hpp: No such file or directory\n'}
[0.247981] (thrust_control) StderrLine: {'line': b'    4 | #include \x1b[01;31m\x1b[K"Command_Interpreter/src/Command_Interpreter.hpp"\x1b[m\x1b[K\n'}
[0.248099] (thrust_control) StderrLine: {'line': b'      |          \x1b[01;31m\x1b[K^~~~~~~~~~~~~~~~~~~~~~~~~~~~~~~~~~~~~~~~~~~~~~~~~\x1b[m\x1b[K\n'}
[0.248209] (thrust_control) StderrLine: {'line': b'compilation terminated.\n'}
[0.257647] (thrust_control) StderrLine: {'line': b'gmake[2]: *** [CMakeFiles/test_thrust_control_node.dir/build.make:90: CMakeFiles/test_thrust_control_node.dir/src/command_interpreter_pointer.cpp.o] Error 1\n'}
[0.257904] (thrust_control) StderrLine: {'line': b'gmake[2]: *** Waiting for unfinished jobs....\n'}
[0.272391] (thrust_control) StdoutLine: {'line': b'[ 82%] \x1b[32mBuilding CXX object CMakeFiles/test_thrust_control_supervisor.dir/src/command_interpreter_pointer.cpp.o\x1b[0m\n'}
[0.289065] (thrust_control) StderrLine: {'line': b'In file included from \x1b[01m\x1b[K/home/zenyn/Thrust-Control/src/thrust_control_supervisor.cpp:1\x1b[m\x1b[K:\n'}
[0.289320] (thrust_control) StderrLine: {'line': b'\x1b[01m\x1b[K/home/zenyn/Thrust-Control/src/thrust_control_supervisor.hpp:9:10:\x1b[m\x1b[K \x1b[01;31m\x1b[Kfatal error: \x1b[m\x1b[KCommand_Interpreter/lib/Command_Interpreter.h: No such file or directory\n'}
[0.289471] (thrust_control) StderrLine: {'line': b'    9 | #include \x1b[01;31m\x1b[K"Command_Interpreter/lib/Command_Interpreter.h"\x1b[m\x1b[K\n'}
[0.289589] (thrust_control) StderrLine: {'line': b'      |          \x1b[01;31m\x1b[K^~~~~~~~~~~~~~~~~~~~~~~~~~~~~~~~~~~~~~~~~~~~~~~\x1b[m\x1b[K\n'}
[0.289698] (thrust_control) StderrLine: {'line': b'compilation terminated.\n'}
[0.291707] (thrust_control) StderrLine: {'line': b'gmake[2]: *** [CMakeFiles/test_thrust_control_node.dir/build.make:104: CMakeFiles/test_thrust_control_node.dir/src/thrust_control_supervisor.cpp.o] Error 1\n'}
[0.300000] (-) TimerEvent: {}
[0.305104] (thrust_control) StdoutLine: {'line': b'[ 84%] \x1b[32mBuilding CXX object include/Command_Interpreter/CMakeFiles/propulsion_test.dir/src/Serial.cpp.o\x1b[0m\n'}
[0.329232] (thrust_control) StderrLine: {'line': b'In file included from \x1b[01m\x1b[K/home/zenyn/Thrust-Control/src/command_interpreter_pointer.cpp:2\x1b[m\x1b[K:\n'}
[0.329438] (thrust_control) StderrLine: {'line': b'\x1b[01m\x1b[K/home/zenyn/Thrust-Control/src/command_interpreter_pointer.hpp:4:10:\x1b[m\x1b[K \x1b[01;31m\x1b[Kfatal error: \x1b[m\x1b[KCommand_Interpreter/src/Command_Interpreter.hpp: No such file or directory\n'}
[0.329520] (thrust_control) StderrLine: {'line': b'    4 | #include \x1b[01;31m\x1b[K"Command_Interpreter/src/Command_Interpreter.hpp"\x1b[m\x1b[K\n'}
[0.329587] (thrust_control) StderrLine: {'line': b'      |          \x1b[01;31m\x1b[K^~~~~~~~~~~~~~~~~~~~~~~~~~~~~~~~~~~~~~~~~~~~~~~~~\x1b[m\x1b[K\n'}
[0.329660] (thrust_control) StderrLine: {'line': b'compilation terminated.\n'}
[0.331825] (thrust_control) StderrLine: {'line': b'gmake[2]: *** [CMakeFiles/test_thrust_control_supervisor.dir/build.make:90: CMakeFiles/test_thrust_control_supervisor.dir/src/command_interpreter_pointer.cpp.o] Error 1\n'}
[0.332027] (thrust_control) StderrLine: {'line': b'gmake[2]: *** Waiting for unfinished jobs....\n'}
[0.398326] (thrust_control) StderrLine: {'line': b'In file included from \x1b[01m\x1b[K/home/zenyn/Thrust-Control/src/thrust_control_supervisor.cpp:1\x1b[m\x1b[K:\n'}
[0.398590] (thrust_control) StderrLine: {'line': b'\x1b[01m\x1b[K/home/zenyn/Thrust-Control/src/thrust_control_supervisor.hpp:9:10:\x1b[m\x1b[K \x1b[01;31m\x1b[Kfatal error: \x1b[m\x1b[KCommand_Interpreter/lib/Command_Interpreter.h: No such file or directory\n'}
[0.398732] (thrust_control) StderrLine: {'line': b'    9 | #include \x1b[01;31m\x1b[K"Command_Interpreter/lib/Command_Interpreter.h"\x1b[m\x1b[K\n'}
[0.398814] (thrust_control) StderrLine: {'line': b'      |          \x1b[01;31m\x1b[K^~~~~~~~~~~~~~~~~~~~~~~~~~~~~~~~~~~~~~~~~~~~~~~\x1b[m\x1b[K\n'}
[0.398898] (thrust_control) StderrLine: {'line': b'compilation terminated.\n'}
[0.400760] (-) TimerEvent: {}
[0.403454] (thrust_control) StderrLine: {'line': b'gmake[2]: *** [CMakeFiles/thrust_control.dir/build.make:104: CMakeFiles/thrust_control.dir/src/thrust_control_supervisor.cpp.o] Error 1\n'}
[0.403710] (thrust_control) StderrLine: {'line': b'gmake[2]: *** Waiting for unfinished jobs....\n'}
[0.406622] (thrust_control) StderrLine: {'line': b'In file included from \x1b[01m\x1b[K/home/zenyn/Thrust-Control/src/thrust_control_node.hpp:13\x1b[m\x1b[K,\n'}
[0.406839] (thrust_control) StderrLine: {'line': b'                 from \x1b[01m\x1b[K/home/zenyn/Thrust-Control/src/main.cpp:1\x1b[m\x1b[K:\n'}
[0.406927] (thrust_control) StderrLine: {'line': b'\x1b[01m\x1b[K/home/zenyn/Thrust-Control/src/thrust_control_supervisor.hpp:9:10:\x1b[m\x1b[K \x1b[01;31m\x1b[Kfatal error: \x1b[m\x1b[KCommand_Interpreter/lib/Command_Interpreter.h: No such file or directory\n'}
[0.407009] (thrust_control) StderrLine: {'line': b'    9 | #include \x1b[01;31m\x1b[K"Command_Interpreter/lib/Command_Interpreter.h"\x1b[m\x1b[K\n'}
[0.407090] (thrust_control) StderrLine: {'line': b'      |          \x1b[01;31m\x1b[K^~~~~~~~~~~~~~~~~~~~~~~~~~~~~~~~~~~~~~~~~~~~~~~\x1b[m\x1b[K\n'}
[0.407168] (thrust_control) StderrLine: {'line': b'compilation terminated.\n'}
[0.409826] (thrust_control) StderrLine: {'line': b'gmake[2]: *** [CMakeFiles/thrust_control.dir/build.make:76: CMakeFiles/thrust_control.dir/src/main.cpp.o] Error 1\n'}
[0.419240] (thrust_control) StderrLine: {'line': b'In file included from \x1b[01m\x1b[K/home/zenyn/Thrust-Control/src/thrust_control_node.hpp:13\x1b[m\x1b[K,\n'}
[0.419527] (thrust_control) StderrLine: {'line': b'                 from \x1b[01m\x1b[K/home/zenyn/Thrust-Control/src/thrust_control_node.cpp:1\x1b[m\x1b[K:\n'}
[0.419660] (thrust_control) StderrLine: {'line': b'\x1b[01m\x1b[K/home/zenyn/Thrust-Control/src/thrust_control_supervisor.hpp:9:10:\x1b[m\x1b[K \x1b[01;31m\x1b[Kfatal error: \x1b[m\x1b[KCommand_Interpreter/lib/Command_Interpreter.h: No such file or directory\n'}
[0.419784] (thrust_control) StderrLine: {'line': b'    9 | #include \x1b[01;31m\x1b[K"Command_Interpreter/lib/Command_Interpreter.h"\x1b[m\x1b[K\n'}
[0.419898] (thrust_control) StderrLine: {'line': b'      |          \x1b[01;31m\x1b[K^~~~~~~~~~~~~~~~~~~~~~~~~~~~~~~~~~~~~~~~~~~~~~~\x1b[m\x1b[K\n'}
[0.420010] (thrust_control) StderrLine: {'line': b'compilation terminated.\n'}
[0.422560] (thrust_control) StderrLine: {'line': b'gmake[2]: *** [CMakeFiles/thrust_control.dir/build.make:90: CMakeFiles/thrust_control.dir/src/thrust_control_node.cpp.o] Error 1\n'}
[0.422827] (thrust_control) StderrLine: {'line': b'gmake[1]: *** [CMakeFiles/Makefile2:266: CMakeFiles/thrust_control.dir/all] Error 2\n'}
[0.422934] (thrust_control) StderrLine: {'line': b'gmake[1]: *** Waiting for unfinished jobs....\n'}
[0.445895] (thrust_control) StderrLine: {'line': b'In file included from \x1b[01m\x1b[K/home/zenyn/Thrust-Control/tests/test_thrust_control_supervisor.cpp:4\x1b[m\x1b[K:\n'}
[0.446106] (thrust_control) StderrLine: {'line': b'\x1b[01m\x1b[K/home/zenyn/Thrust-Control/tests/../src/thrust_control_supervisor.hpp:9:10:\x1b[m\x1b[K \x1b[01;31m\x1b[Kfatal error: \x1b[m\x1b[KCommand_Interpreter/lib/Command_Interpreter.h: No such file or directory\n'}
[0.446200] (thrust_control) StderrLine: {'line': b'    9 | #include \x1b[01;31m\x1b[K"Command_Interpreter/lib/Command_Interpreter.h"\x1b[m\x1b[K\n'}
[0.446278] (thrust_control) StderrLine: {'line': b'      |          \x1b[01;31m\x1b[K^~~~~~~~~~~~~~~~~~~~~~~~~~~~~~~~~~~~~~~~~~~~~~~\x1b[m\x1b[K\n'}
[0.446344] (thrust_control) StderrLine: {'line': b'compilation terminated.\n'}
[0.449302] (thrust_control) StderrLine: {'line': b'gmake[2]: *** [CMakeFiles/test_thrust_control_supervisor.dir/build.make:76: CMakeFiles/test_thrust_control_supervisor.dir/tests/test_thrust_control_supervisor.cpp.o] Error 1\n'}
[0.449533] (thrust_control) StderrLine: {'line': b'gmake[1]: *** [CMakeFiles/Makefile2:324: CMakeFiles/test_thrust_control_supervisor.dir/all] Error 2\n'}
[0.449670] (thrust_control) StderrLine: {'line': b'In file included from \x1b[01m\x1b[K/home/zenyn/Thrust-Control/tests/test_thrust_control_node.cpp:6\x1b[m\x1b[K:\n'}
[0.449773] (thrust_control) StderrLine: {'line': b'\x1b[01m\x1b[K/home/zenyn/Thrust-Control/tests/../src/thrust_control_supervisor.hpp:9:10:\x1b[m\x1b[K \x1b[01;31m\x1b[Kfatal error: \x1b[m\x1b[KCommand_Interpreter/lib/Command_Interpreter.h: No such file or directory\n'}
[0.449841] (thrust_control) StderrLine: {'line': b'    9 | #include \x1b[01;31m\x1b[K"Command_Interpreter/lib/Command_Interpreter.h"\x1b[m\x1b[K\n'}
[0.449908] (thrust_control) StderrLine: {'line': b'      |          \x1b[01;31m\x1b[K^~~~~~~~~~~~~~~~~~~~~~~~~~~~~~~~~~~~~~~~~~~~~~~\x1b[m\x1b[K\n'}
[0.449972] (thrust_control) StderrLine: {'line': b'compilation terminated.\n'}
[0.452318] (thrust_control) StderrLine: {'line': b'gmake[2]: *** [CMakeFiles/test_thrust_control_node.dir/build.make:76: CMakeFiles/test_thrust_control_node.dir/tests/test_thrust_control_node.cpp.o] Error 1\n'}
[0.490812] (thrust_control) StderrLine: {'line': b'In file included from \x1b[01m\x1b[K/home/zenyn/Thrust-Control/src/thrust_control_node.hpp:13\x1b[m\x1b[K,\n'}
[0.491064] (thrust_control) StderrLine: {'line': b'                 from \x1b[01m\x1b[K/home/zenyn/Thrust-Control/src/thrust_control_node.cpp:1\x1b[m\x1b[K:\n'}
[0.491191] (thrust_control) StderrLine: {'line': b'\x1b[01m\x1b[K/home/zenyn/Thrust-Control/src/thrust_control_supervisor.hpp:9:10:\x1b[m\x1b[K \x1b[01;31m\x1b[Kfatal error: \x1b[m\x1b[KCommand_Interpreter/lib/Command_Interpreter.h: No such file or directory\n'}
[0.491304] (thrust_control) StderrLine: {'line': b'    9 | #include \x1b[01;31m\x1b[K"Command_Interpreter/lib/Command_Interpreter.h"\x1b[m\x1b[K\n'}
[0.491432] (thrust_control) StderrLine: {'line': b'      |          \x1b[01;31m\x1b[K^~~~~~~~~~~~~~~~~~~~~~~~~~~~~~~~~~~~~~~~~~~~~~~\x1b[m\x1b[K\n'}
[0.491563] (thrust_control) StderrLine: {'line': b'compilation terminated.\n'}
[0.493517] (thrust_control) StderrLine: {'line': b'gmake[2]: *** [CMakeFiles/test_thrust_control_node.dir/build.make:118: CMakeFiles/test_thrust_control_node.dir/src/thrust_control_node.cpp.o] Error 1\n'}
[0.493868] (thrust_control) StderrLine: {'line': b'gmake[1]: *** [CMakeFiles/Makefile2:295: CMakeFiles/test_thrust_control_node.dir/all] Error 2\n'}
[0.500865] (-) TimerEvent: {}
[0.601186] (-) TimerEvent: {}
[0.701498] (-) TimerEvent: {}
[0.801790] (-) TimerEvent: {}
[0.902109] (-) TimerEvent: {}
[1.002516] (-) TimerEvent: {}
[1.043138] (thrust_control) StdoutLine: {'line': b'[ 87%] \x1b[32m\x1b[1mLinking CXX executable propulsion_test\x1b[0m\n'}
[1.098078] (thrust_control) StdoutLine: {'line': b'[ 89%] \x1b[32m\x1b[1mLinking CXX static library ../../../lib/libgmock_main.a\x1b[0m\n'}
[1.102675] (-) TimerEvent: {}
[1.140334] (thrust_control) StdoutLine: {'line': b'[ 89%] Built target gmock_main\n'}
[1.162912] (thrust_control) StdoutLine: {'line': b'[ 89%] Built target propulsion_test\n'}
[1.164247] (thrust_control) StderrLine: {'line': b'gmake: *** [Makefile:146: all] Error 2\n'}
[1.166674] (thrust_control) CommandEnded: {'returncode': 2}
[1.175102] (thrust_control) JobEnded: {'identifier': 'thrust_control', 'rc': 2}
[1.186092] (-) EventReactorShutdown: {}
