[0.008s] Invoking command in '/home/zenyn/Thrust-Control/build/thrust_control': CMAKE_PREFIX_PATH=${CMAKE_PREFIX_PATH}:/opt/ros/jazzy /usr/bin/cmake --build /home/zenyn/Thrust-Control/build/thrust_control -- -j12 -l12
[0.064s] [  7%] Built target controller_lib
[0.068s] [ 12%] Built target gtest
[0.068s] [ 20%] Built target controller_test_lib
[0.069s] [ 30%] Built target PropulsionFunctions
[0.089s] [ 35%] Built target gtest_main
[0.096s] [ 40%] Built target controller_test
[0.098s] [ 45%] Built target gmock
[0.105s] [ 47%] [32m[1mLinking CXX executable thrust_control[0m
[0.123s] [ 60%] Built target propulsion_test
[0.129s] [ 65%] Built target gmock_main
[0.137s] [ 67%] [32mBuilding CXX object CMakeFiles/test_thrust_control_supervisor.dir/src/command_queue.cpp.o[0m
[0.149s] [ 70%] [32mBuilding CXX object CMakeFiles/test_thrust_control_node.dir/src/command_queue.cpp.o[0m
[0.419s] [ 72%] [32m[1mLinking CXX executable test_thrust_control_supervisor[0m
[0.424s] [ 75%] [32m[1mLinking CXX executable test_thrust_control_node[0m
[0.449s] /usr/bin/ld: CMakeFiles/thrust_control.dir/src/thrust_control_supervisor.cpp.o: in function `thrust_control::ThrustControlSupervisor::ThrustControlSupervisor(rclcpp::Logger, std::unique_ptr<Command_Interpreter_RPi5, std::default_delete<Command_Interpreter_RPi5> >)':
[0.449s] thrust_control_supervisor.cpp:(.text+0x81): undefined reference to `thrust_control::CommandQueue::CommandQueue()'
[0.449s] /usr/bin/ld: CMakeFiles/thrust_control.dir/src/thrust_control_supervisor.cpp.o: in function `thrust_control::ThrustControlSupervisor::update_pwm_queue(std::unique_ptr<thrust_control::SupervisorCommand, std::default_delete<thrust_control::SupervisorCommand> >)':
[0.449s] thrust_control_supervisor.cpp:(.text+0x1bc): undefined reference to `thrust_control::CommandQueue::CommandQueue()'
[0.450s] /usr/bin/ld: thrust_control_supervisor.cpp:(.text+0x22e): undefined reference to `thrust_control::CommandQueue::push_command(std::unique_ptr<thrust_control::SupervisorCommand, std::default_delete<thrust_control::SupervisorCommand> >)'
[0.450s] /usr/bin/ld: CMakeFiles/thrust_control.dir/src/thrust_control_supervisor.cpp.o: in function `thrust_control::ThrustControlSupervisor::feed_forward_pwm()':
[0.450s] thrust_control_supervisor.cpp:(.text+0x5c1): undefined reference to `thrust_control::CommandQueue::get_command_from_queue(std::unique_ptr<thrust_control::SupervisorCommand, std::default_delete<thrust_control::SupervisorCommand> >)'
[0.472s] collect2: error: ld returned 1 exit status
[0.474s] gmake[2]: *** [CMakeFiles/thrust_control.dir/build.make:205: thrust_control] Error 1
[0.474s] gmake[1]: *** [CMakeFiles/Makefile2:267: CMakeFiles/thrust_control.dir/all] Error 2
[0.474s] gmake[1]: *** Waiting for unfinished jobs....
[0.568s] /usr/bin/ld: CMakeFiles/test_thrust_control_supervisor.dir/src/thrust_control_supervisor.cpp.o: in function `thrust_control::ThrustControlSupervisor::feed_forward_pwm()':
[0.568s] thrust_control_supervisor.cpp:(.text+0x5c1): undefined reference to `thrust_control::CommandQueue::get_command_from_queue(std::unique_ptr<thrust_control::SupervisorCommand, std::default_delete<thrust_control::SupervisorCommand> >)'
[0.568s] /usr/bin/ld: CMakeFiles/test_thrust_control_supervisor.dir/src/command_queue.cpp.o: in function `std::__detail::_MakeUniq<thrust_control::Timed_Command>::__single_object std::make_unique<thrust_control::Timed_Command, pwm_array const&, std::chrono::duration<long, std::ratio<1l, 1000l> >&, bool&>(pwm_array const&, std::chrono::duration<long, std::ratio<1l, 1000l> >&, bool&)':
[0.569s] command_queue.cpp:(.text._ZSt11make_uniqueIN14thrust_control13Timed_CommandEJRK9pwm_arrayRNSt6chrono8durationIlSt5ratioILl1ELl1000EEEERbEENSt8__detail9_MakeUniqIT_E15__single_objectEDpOT0_[_ZSt11make_uniqueIN14thrust_control13Timed_CommandEJRK9pwm_arrayRNSt6chrono8durationIlSt5ratioILl1ELl1000EEEERbEENSt8__detail9_MakeUniqIT_E15__single_objectEDpOT0_]+0x73): undefined reference to `thrust_control::Timed_Command::Timed_Command(pwm_array const&, std::chrono::duration<long, std::ratio<1l, 1000l> >, bool)'
[0.569s] /usr/bin/ld: CMakeFiles/test_thrust_control_supervisor.dir/src/command_queue.cpp.o: in function `std::__detail::_MakeUniq<thrust_control::Untimed_Command>::__single_object std::make_unique<thrust_control::Untimed_Command, pwm_array const&, bool&>(pwm_array const&, bool&)':
[0.569s] command_queue.cpp:(.text._ZSt11make_uniqueIN14thrust_control15Untimed_CommandEJRK9pwm_arrayRbEENSt8__detail9_MakeUniqIT_E15__single_objectEDpOT0_[_ZSt11make_uniqueIN14thrust_control15Untimed_CommandEJRK9pwm_arrayRbEENSt8__detail9_MakeUniqIT_E15__single_objectEDpOT0_]+0x57): undefined reference to `thrust_control::Untimed_Command::Untimed_Command(pwm_array const&, bool)'
[0.585s] collect2: error: ld returned 1 exit status
[0.587s] gmake[2]: *** [CMakeFiles/test_thrust_control_supervisor.dir/build.make:224: test_thrust_control_supervisor] Error 1
[0.587s] gmake[1]: *** [CMakeFiles/Makefile2:325: CMakeFiles/test_thrust_control_supervisor.dir/all] Error 2
[0.679s] /usr/bin/ld: CMakeFiles/test_thrust_control_node.dir/src/thrust_control_supervisor.cpp.o: in function `thrust_control::ThrustControlSupervisor::feed_forward_pwm()':
[0.679s] thrust_control_supervisor.cpp:(.text+0x5c1): undefined reference to `thrust_control::CommandQueue::get_command_from_queue(std::unique_ptr<thrust_control::SupervisorCommand, std::default_delete<thrust_control::SupervisorCommand> >)'
[0.688s] /usr/bin/ld: CMakeFiles/test_thrust_control_node.dir/src/command_queue.cpp.o: in function `std::__detail::_MakeUniq<thrust_control::Timed_Command>::__single_object std::make_unique<thrust_control::Timed_Command, pwm_array const&, std::chrono::duration<long, std::ratio<1l, 1000l> >&, bool&>(pwm_array const&, std::chrono::duration<long, std::ratio<1l, 1000l> >&, bool&)':
[0.688s] command_queue.cpp:(.text._ZSt11make_uniqueIN14thrust_control13Timed_CommandEJRK9pwm_arrayRNSt6chrono8durationIlSt5ratioILl1ELl1000EEEERbEENSt8__detail9_MakeUniqIT_E15__single_objectEDpOT0_[_ZSt11make_uniqueIN14thrust_control13Timed_CommandEJRK9pwm_arrayRNSt6chrono8durationIlSt5ratioILl1ELl1000EEEERbEENSt8__detail9_MakeUniqIT_E15__single_objectEDpOT0_]+0x73): undefined reference to `thrust_control::Timed_Command::Timed_Command(pwm_array const&, std::chrono::duration<long, std::ratio<1l, 1000l> >, bool)'
[0.688s] /usr/bin/ld: CMakeFiles/test_thrust_control_node.dir/src/command_queue.cpp.o: in function `std::__detail::_MakeUniq<thrust_control::Untimed_Command>::__single_object std::make_unique<thrust_control::Untimed_Command, pwm_array const&, bool&>(pwm_array const&, bool&)':
[0.689s] command_queue.cpp:(.text._ZSt11make_uniqueIN14thrust_control15Untimed_CommandEJRK9pwm_arrayRbEENSt8__detail9_MakeUniqIT_E15__single_objectEDpOT0_[_ZSt11make_uniqueIN14thrust_control15Untimed_CommandEJRK9pwm_arrayRbEENSt8__detail9_MakeUniqIT_E15__single_objectEDpOT0_]+0x57): undefined reference to `thrust_control::Untimed_Command::Untimed_Command(pwm_array const&, bool)'
[0.719s] collect2: error: ld returned 1 exit status
[0.721s] gmake[2]: *** [CMakeFiles/test_thrust_control_node.dir/build.make:240: test_thrust_control_node] Error 1
[0.721s] gmake[1]: *** [CMakeFiles/Makefile2:296: CMakeFiles/test_thrust_control_node.dir/all] Error 2
[0.721s] gmake: *** [Makefile:146: all] Error 2
[0.724s] Invoked command in '/home/zenyn/Thrust-Control/build/thrust_control' returned '2': CMAKE_PREFIX_PATH=${CMAKE_PREFIX_PATH}:/opt/ros/jazzy /usr/bin/cmake --build /home/zenyn/Thrust-Control/build/thrust_control -- -j12 -l12
