[0.008s] Invoking command in '/home/zenyn/Thrust-Control/build/thrust_control': CMAKE_PREFIX_PATH=${CMAKE_PREFIX_PATH}:/opt/ros/jazzy /usr/bin/cmake --build /home/zenyn/Thrust-Control/build/thrust_control -- -j12 -l12
[0.058s] [  9%] Built target gtest
[0.060s] [ 13%] [32mBuilding CXX object Command-Interpreter/CMakeFiles/PropulsionFunctions.dir/lib/Command_Interpreter.cpp.o[0m
[0.082s] [ 22%] Built target gmock
[0.082s] [ 31%] Built target gtest_main
[0.105s] [ 40%] Built target gmock_main
[0.110s] [ 45%] [32mBuilding CXX object Command-Interpreter/CMakeFiles/propulsion_test.dir/testing/Command_Interpreter_Testing.cpp.o[0m
[0.110s] [ 50%] [32mBuilding CXX object Command-Interpreter/CMakeFiles/propulsion_test.dir/lib/Command_Interpreter.cpp.o[0m
[0.353s] In file included from [01m[K/home/zenyn/Thrust-Control/Command-Interpreter/lib/Command_Interpreter.cpp:7[m[K:
[0.353s] [01m[K/home/zenyn/Thrust-Control/Command-Interpreter/lib/Command_Interpreter.h:[m[K In constructor â€˜[01m[KCommand_Interpreter_RPi5::[01;32m[KCommand_Interpreter_RPi5[m[K(std::vector<PwmPin*>, std::vector<DigitalPin*>, const WiringControl&, std::ostream&, std::ostream&, std::ostream&)[m[Kâ€™:
[0.353s] [01m[K/home/zenyn/Thrust-Control/Command-Interpreter/lib/Command_Interpreter.h:168:19:[m[K [01;35m[Kwarning: [m[Kâ€˜[01m[KCommand_Interpreter_RPi5::errorLog[m[Kâ€™ will be initialized after [[01;35m[K]8;;https://gcc.gnu.org/onlinedocs/gcc/Warning-Options.html#index-Wreorder-Wreorder]8;;[m[K]
[0.353s]   168 |     std::ostream &[01;35m[KerrorLog[m[K;
[0.353s]       |                   [01;35m[K^~~~~~~~[m[K
[0.353s] [01m[K/home/zenyn/Thrust-Control/Command-Interpreter/lib/Command_Interpreter.h:167:19:[m[K [01;35m[Kwarning: [m[K  â€˜[01m[Kstd::ostream& Command_Interpreter_RPi5::outLog[m[Kâ€™ [[01;35m[K]8;;https://gcc.gnu.org/onlinedocs/gcc/Warning-Options.html#index-Wreorder-Wreorder]8;;[m[K]
[0.353s]   167 |     std::ostream &[01;35m[KoutLog[m[K;
[0.354s]       |                   [01;35m[K^~~~~~[m[K
[0.354s] [01m[K/home/zenyn/Thrust-Control/Command-Interpreter/lib/Command_Interpreter.cpp:125:1:[m[K [01;35m[Kwarning: [m[K  when initialized here [[01;35m[K]8;;https://gcc.gnu.org/onlinedocs/gcc/Warning-Options.html#index-Wreorder-Wreorder]8;;[m[K]
[0.354s]   125 | [01;35m[KCommand_Interpreter_RPi5[m[K::Command_Interpreter_RPi5(std::vector<PwmPin *> thrusterPins,
[0.354s]       | [01;35m[K^~~~~~~~~~~~~~~~~~~~~~~~[m[K
[0.354s] [01m[K/home/zenyn/Thrust-Control/Command-Interpreter/lib/Command_Interpreter.h:167:19:[m[K [01;35m[Kwarning: [m[Kâ€˜[01m[KCommand_Interpreter_RPi5::outLog[m[Kâ€™ will be initialized after [[01;35m[K]8;;https://gcc.gnu.org/onlinedocs/gcc/Warning-Options.html#index-Wreorder-Wreorder]8;;[m[K]
[0.354s]   167 |     std::ostream &[01;35m[KoutLog[m[K;
[0.354s]       |                   [01;35m[K^~~~~~[m[K
[0.354s] [01m[K/home/zenyn/Thrust-Control/Command-Interpreter/lib/Command_Interpreter.h:166:19:[m[K [01;35m[Kwarning: [m[K  â€˜[01m[Kstd::ostream& Command_Interpreter_RPi5::output[m[Kâ€™ [[01;35m[K]8;;https://gcc.gnu.org/onlinedocs/gcc/Warning-Options.html#index-Wreorder-Wreorder]8;;[m[K]
[0.354s]   166 |     std::ostream &[01;35m[Koutput[m[K;
[0.354s]       |                   [01;35m[K^~~~~~[m[K
[0.355s] [01m[K/home/zenyn/Thrust-Control/Command-Interpreter/lib/Command_Interpreter.cpp:125:1:[m[K [01;35m[Kwarning: [m[K  when initialized here [[01;35m[K]8;;https://gcc.gnu.org/onlinedocs/gcc/Warning-Options.html#index-Wreorder-Wreorder]8;;[m[K]
[0.355s]   125 | [01;35m[KCommand_Interpreter_RPi5[m[K::Command_Interpreter_RPi5(std::vector<PwmPin *> thrusterPins,
[0.355s]       | [01;35m[K^~~~~~~~~~~~~~~~~~~~~~~~[m[K
[0.518s] In file included from [01m[K/home/zenyn/Thrust-Control/Command-Interpreter/lib/Command_Interpreter.cpp:7[m[K:
[0.518s] [01m[K/home/zenyn/Thrust-Control/Command-Interpreter/lib/Command_Interpreter.h:[m[K In constructor â€˜[01m[KCommand_Interpreter_RPi5::[01;32m[KCommand_Interpreter_RPi5[m[K(std::vector<PwmPin*>, std::vector<DigitalPin*>, const WiringControl&, std::ostream&, std::ostream&, std::ostream&)[m[Kâ€™:
[0.518s] [01m[K/home/zenyn/Thrust-Control/Command-Interpreter/lib/Command_Interpreter.h:168:19:[m[K [01;35m[Kwarning: [m[Kâ€˜[01m[KCommand_Interpreter_RPi5::errorLog[m[Kâ€™ will be initialized after [[01;35m[K]8;;https://gcc.gnu.org/onlinedocs/gcc/Warning-Options.html#index-Wreorder-Wreorder]8;;[m[K]
[0.518s]   168 |     std::ostream &[01;35m[KerrorLog[m[K;
[0.518s]       |                   [01;35m[K^~~~~~~~[m[K
[0.518s] [01m[K/home/zenyn/Thrust-Control/Command-Interpreter/lib/Command_Interpreter.h:167:19:[m[K [01;35m[Kwarning: [m[K  â€˜[01m[Kstd::ostream& Command_Interpreter_RPi5::outLog[m[Kâ€™ [[01;35m[K]8;;https://gcc.gnu.org/onlinedocs/gcc/Warning-Options.html#index-Wreorder-Wreorder]8;;[m[K]
[0.519s]   167 |     std::ostream &[01;35m[KoutLog[m[K;
[0.519s]       |                   [01;35m[K^~~~~~[m[K
[0.519s] [01m[K/home/zenyn/Thrust-Control/Command-Interpreter/lib/Command_Interpreter.cpp:125:1:[m[K [01;35m[Kwarning: [m[K  when initialized here [[01;35m[K]8;;https://gcc.gnu.org/onlinedocs/gcc/Warning-Options.html#index-Wreorder-Wreorder]8;;[m[K]
[0.519s]   125 | [01;35m[KCommand_Interpreter_RPi5[m[K::Command_Interpreter_RPi5(std::vector<PwmPin *> thrusterPins,
[0.519s]       | [01;35m[K^~~~~~~~~~~~~~~~~~~~~~~~[m[K
[0.519s] [01m[K/home/zenyn/Thrust-Control/Command-Interpreter/lib/Command_Interpreter.h:167:19:[m[K [01;35m[Kwarning: [m[Kâ€˜[01m[KCommand_Interpreter_RPi5::outLog[m[Kâ€™ will be initialized after [[01;35m[K]8;;https://gcc.gnu.org/onlinedocs/gcc/Warning-Options.html#index-Wreorder-Wreorder]8;;[m[K]
[0.519s]   167 |     std::ostream &[01;35m[KoutLog[m[K;
[0.519s]       |                   [01;35m[K^~~~~~[m[K
[0.520s] [01m[K/home/zenyn/Thrust-Control/Command-Interpreter/lib/Command_Interpreter.h:166:19:[m[K [01;35m[Kwarning: [m[K  â€˜[01m[Kstd::ostream& Command_Interpreter_RPi5::output[m[Kâ€™ [[01;35m[K]8;;https://gcc.gnu.org/onlinedocs/gcc/Warning-Options.html#index-Wreorder-Wreorder]8;;[m[K]
[0.520s]   166 |     std::ostream &[01;35m[Koutput[m[K;
[0.520s]       |                   [01;35m[K^~~~~~[m[K
[0.520s] [01m[K/home/zenyn/Thrust-Control/Command-Interpreter/lib/Command_Interpreter.cpp:125:1:[m[K [01;35m[Kwarning: [m[K  when initialized here [[01;35m[K]8;;https://gcc.gnu.org/onlinedocs/gcc/Warning-Options.html#index-Wreorder-Wreorder]8;;[m[K]
[0.520s]   125 | [01;35m[KCommand_Interpreter_RPi5[m[K::Command_Interpreter_RPi5(std::vector<PwmPin *> thrusterPins,
[0.520s]       | [01;35m[K^~~~~~~~~~~~~~~~~~~~~~~~[m[K
[0.867s] [ 54%] [32m[1mLinking CXX executable propulsion_test[0m
[0.873s] [ 59%] [32m[1mLinking CXX static library libPropulsionFunctions.a[0m
[0.921s] [ 68%] Built target PropulsionFunctions
[0.964s] [ 72%] [32mBuilding CXX object CMakeFiles/thrust_control.dir/command_manager.cpp.o[0m
[0.965s] [ 77%] [32mBuilding CXX object CMakeFiles/thrust_control.dir/main.cpp.o[0m
[0.965s] [ 81%] [32mBuilding CXX object CMakeFiles/thrust_control.dir/thrust_control_supervisor.cpp.o[0m
[0.966s] [ 86%] [32mBuilding CXX object CMakeFiles/thrust_control.dir/thrust_control_node.cpp.o[0m
[0.980s] [ 95%] Built target propulsion_test
[2.545s] In file included from [01m[K/home/zenyn/Thrust-Control/thrust_control_supervisor.cpp:1[m[K:
[2.545s] [01m[K/home/zenyn/Thrust-Control/thrust_control_supervisor.hpp:16:14:[m[K [01;31m[Kerror: [m[Kâ€˜[01m[Karay[m[Kâ€™ in namespace â€˜[01m[Kstd[m[Kâ€™ does not name a template type; did you mean â€˜[01m[Karray[m[Kâ€™?
[2.545s]    16 |         std::[01;31m[Karay[m[K<int, 8> pwms;
[2.545s]       |              [01;31m[K^~~~[m[K
[2.545s]       |              [32m[Karray[m[K
[2.546s] [01m[K/home/zenyn/Thrust-Control/thrust_control_supervisor.hpp:18:6:[m[K [01;31m[Kerror: [m[Kexpected â€˜[01m[K;[m[Kâ€™ after struct definition
[2.546s]    18 |     }
[2.546s]       |      [01;31m[K^[m[K
[2.546s]       |      [32m[K;[m[K
[2.546s] [01m[K/home/zenyn/Thrust-Control/thrust_control_supervisor.hpp:[m[K In constructor â€˜[01m[Kthrust_control::ThrustControlSupervisor::[01;32m[KThrustControlSupervisor[m[K(rclcpp::Logger, std::unique_ptr<Command_Interpreter_RPi5>)[m[Kâ€™:
[2.546s] [01m[K/home/zenyn/Thrust-Control/thrust_control_supervisor.hpp:48:18:[m[K [01;35m[Kwarning: [m[Kâ€˜[01m[Kthrust_control::ThrustControlSupervisor::_logger[m[Kâ€™ will be initialized after [[01;35m[K]8;;https://gcc.gnu.org/onlinedocs/gcc/Warning-Options.html#index-Wreorder-Wreorder]8;;[m[K]
[2.546s]    48 |   rclcpp::Logger [01;35m[K_logger[m[K;
[2.547s]       |                  [01;35m[K^~~~~~~[m[K
[2.547s] [01m[K/home/zenyn/Thrust-Control/thrust_control_supervisor.hpp:47:18:[m[K [01;35m[Kwarning: [m[K  â€˜[01m[KCommandManager thrust_control::ThrustControlSupervisor::_command_manager[m[Kâ€™ [[01;35m[K]8;;https://gcc.gnu.org/onlinedocs/gcc/Warning-Options.html#index-Wreorder-Wreorder]8;;[m[K]
[2.547s]    47 |   CommandManager [01;35m[K_command_manager[m[K;
[2.547s]       |                  [01;35m[K^~~~~~~~~~~~~~~~[m[K
[2.547s] [01m[K/home/zenyn/Thrust-Control/thrust_control_supervisor.cpp:6:1:[m[K [01;35m[Kwarning: [m[K  when initialized here [[01;35m[K]8;;https://gcc.gnu.org/onlinedocs/gcc/Warning-Options.html#index-Wreorder-Wreorder]8;;[m[K]
[2.547s]     6 | [01;35m[KThrustControlSupervisor[m[K::ThrustControlSupervisor(
[2.548s]       | [01;35m[K^~~~~~~~~~~~~~~~~~~~~~~[m[K
[2.548s] [01m[K/home/zenyn/Thrust-Control/thrust_control_supervisor.cpp:[m[K At global scope:
[2.548s] [01m[K/home/zenyn/Thrust-Control/thrust_control_supervisor.cpp:15:6:[m[K [01;31m[Kerror: [m[Kno declaration matches â€˜[01m[Kvoid thrust_control::ThrustControlSupervisor::[01;32m[Kstep[m[K(std::string, std::array<int, 8>, float, std::array<float, 6>, std::array<float, 6>)[m[Kâ€™
[2.548s]    15 | void [01;31m[KThrustControlSupervisor[m[K::step(
[2.548s]       |      [01;31m[K^~~~~~~~~~~~~~~~~~~~~~~[m[K
[2.548s] [01m[K/home/zenyn/Thrust-Control/thrust_control_supervisor.hpp:27:8:[m[K [01;36m[Knote: [m[Kcandidate is: â€˜[01m[Kvoid thrust_control::ThrustControlSupervisor::[01;32m[Kstep[m[K(std::string, std::array<int, 8>, std::array<float, 6>, std::array<float, 6>)[m[Kâ€™
[2.548s]    27 |   void [01;36m[Kstep[m[K(
[2.548s]       |        [01;36m[K^~~~[m[K
[2.548s] [01m[K/home/zenyn/Thrust-Control/thrust_control_supervisor.hpp:20:7:[m[K [01;36m[Knote: [m[Kâ€˜[01m[Kclass thrust_control::ThrustControlSupervisor[m[Kâ€™ defined here
[2.549s]    20 | class [01;36m[KThrustControlSupervisor[m[K
[2.549s]       |       [01;36m[K^~~~~~~~~~~~~~~~~~~~~~~[m[K
[2.549s] [01m[K/home/zenyn/Thrust-Control/thrust_control_supervisor.cpp:[m[K In member function â€˜[01m[Kvoid thrust_control::ThrustControlSupervisor::[01;32m[Kprocess_pwm_command[m[K(std::array<int, 8>)[m[Kâ€™:
[2.549s] [01m[K/home/zenyn/Thrust-Control/thrust_control_supervisor.cpp:39:42:[m[K [01;31m[Kerror: [m[Kâ€˜[01m[Kclass thrust_control::ThrustControlSupervisor[m[Kâ€™ has no member named â€˜[01m[Kpid_pwm[m[Kâ€™
[2.549s]    39 |   if (this->_control_mode == PID){ this->[01;31m[Kpid_pwm[m[K(pwm); }
[2.549s]       |                                          [01;31m[K^~~~~~~[m[K
[2.549s] [01m[K/home/zenyn/Thrust-Control/thrust_control_supervisor.cpp:32:70:[m[K [01;35m[Kwarning: [m[Kunused parameter â€˜[01m[Kpwm_array[m[Kâ€™ [[01;35m[K]8;;https://gcc.gnu.org/onlinedocs/gcc/Warning-Options.html#index-Wunused-parameter-Wunused-parameter]8;;[m[K]
[2.549s]    32 | void ThrustControlSupervisor::process_pwm_command([01;35m[Kstd::array<int, 8> pwm_array[m[K)
[2.549s]       |                                                   [01;35m[K~~~~~~~~~~~~~~~~~~~^~~~~~~~~[m[K
[2.550s] [01m[K/home/zenyn/Thrust-Control/thrust_control_supervisor.cpp:[m[K At global scope:
[2.550s] [01m[K/home/zenyn/Thrust-Control/thrust_control_supervisor.cpp:43:6:[m[K [01;31m[Kerror: [m[Kno declaration matches â€˜[01m[Kvoid thrust_control::ThrustControlSupervisor::[01;32m[Kfeed_forward_pwm[m[K(std::array<int, 8>)[m[Kâ€™
[2.550s]    43 | void [01;31m[KThrustControlSupervisor[m[K::feed_forward_pwm(std::array<int, 8> pwm)
[2.550s]       |      [01;31m[K^~~~~~~~~~~~~~~~~~~~~~~[m[K
[2.550s] [01m[K/home/zenyn/Thrust-Control/thrust_control_supervisor.cpp:43:6:[m[K [01;36m[Knote: [m[Kno functions named â€˜[01m[Kvoid thrust_control::ThrustControlSupervisor::[01;32m[Kfeed_forward_pwm[m[K(std::array<int, 8>)[m[Kâ€™
[2.550s] [01m[K/home/zenyn/Thrust-Control/thrust_control_supervisor.hpp:20:7:[m[K [01;36m[Knote: [m[Kâ€˜[01m[Kclass thrust_control::ThrustControlSupervisor[m[Kâ€™ defined here
[2.550s]    20 | class [01;36m[KThrustControlSupervisor[m[K
[2.550s]       |       [01;36m[K^~~~~~~~~~~~~~~~~~~~~~~[m[K
[2.550s] [01m[K/home/zenyn/Thrust-Control/thrust_control_supervisor.cpp:49:6:[m[K [01;31m[Kerror: [m[Kno declaration matches â€˜[01m[Kvoid thrust_control::ThrustControlSupervisor::[01;32m[Kpid_pwm[m[K(std::array<int, 8>)[m[Kâ€™
[2.550s]    49 | void [01;31m[KThrustControlSupervisor[m[K::pid_pwm(std::array<int, 8> pwm)
[2.551s]       |      [01;31m[K^~~~~~~~~~~~~~~~~~~~~~~[m[K
[2.551s] [01m[K/home/zenyn/Thrust-Control/thrust_control_supervisor.cpp:49:6:[m[K [01;36m[Knote: [m[Kno functions named â€˜[01m[Kvoid thrust_control::ThrustControlSupervisor::[01;32m[Kpid_pwm[m[K(std::array<int, 8>)[m[Kâ€™
[2.551s] [01m[K/home/zenyn/Thrust-Control/thrust_control_supervisor.hpp:20:7:[m[K [01;36m[Knote: [m[Kâ€˜[01m[Kclass thrust_control::ThrustControlSupervisor[m[Kâ€™ defined here
[2.551s]    20 | class [01;36m[KThrustControlSupervisor[m[K
[2.551s]       |       [01;36m[K^~~~~~~~~~~~~~~~~~~~~~~[m[K
[2.783s] In file included from [01m[K/home/zenyn/Thrust-Control/thrust_control_node.hpp:11[m[K,
[2.783s]                  from [01m[K/home/zenyn/Thrust-Control/main.cpp:1[m[K:
[2.783s] [01m[K/home/zenyn/Thrust-Control/thrust_control_supervisor.hpp:16:14:[m[K [01;31m[Kerror: [m[Kâ€˜[01m[Karay[m[Kâ€™ in namespace â€˜[01m[Kstd[m[Kâ€™ does not name a template type; did you mean â€˜[01m[Karray[m[Kâ€™?
[2.783s]    16 |         std::[01;31m[Karay[m[K<int, 8> pwms;
[2.784s]       |              [01;31m[K^~~~[m[K
[2.784s]       |              [32m[Karray[m[K
[2.784s] [01m[K/home/zenyn/Thrust-Control/thrust_control_supervisor.hpp:18:6:[m[K [01;31m[Kerror: [m[Kexpected â€˜[01m[K;[m[Kâ€™ after struct definition
[2.784s]    18 |     }
[2.784s]       |      [01;31m[K^[m[K
[2.784s]       |      [32m[K;[m[K
[2.980s] gmake[2]: *** [CMakeFiles/thrust_control.dir/build.make:104: CMakeFiles/thrust_control.dir/thrust_control_supervisor.cpp.o] Error 1
[2.980s] gmake[2]: *** Waiting for unfinished jobs....
[3.305s] gmake[2]: *** [CMakeFiles/thrust_control.dir/build.make:76: CMakeFiles/thrust_control.dir/main.cpp.o] Error 1
[3.503s] In file included from [01m[K/home/zenyn/Thrust-Control/thrust_control_node.hpp:11[m[K,
[3.503s]                  from [01m[K/home/zenyn/Thrust-Control/thrust_control_node.cpp:1[m[K:
[3.503s] [01m[K/home/zenyn/Thrust-Control/thrust_control_supervisor.hpp:16:14:[m[K [01;31m[Kerror: [m[Kâ€˜[01m[Karay[m[Kâ€™ in namespace â€˜[01m[Kstd[m[Kâ€™ does not name a template type; did you mean â€˜[01m[Karray[m[Kâ€™?
[3.503s]    16 |         std::[01;31m[Karay[m[K<int, 8> pwms;
[3.503s]       |              [01;31m[K^~~~[m[K
[3.503s]       |              [32m[Karray[m[K
[3.504s] [01m[K/home/zenyn/Thrust-Control/thrust_control_supervisor.hpp:18:6:[m[K [01;31m[Kerror: [m[Kexpected â€˜[01m[K;[m[Kâ€™ after struct definition
[3.504s]    18 |     }
[3.504s]       |      [01;31m[K^[m[K
[3.504s]       |      [32m[K;[m[K
[4.981s] gmake[2]: *** [CMakeFiles/thrust_control.dir/build.make:90: CMakeFiles/thrust_control.dir/thrust_control_node.cpp.o] Error 1
[4.981s] gmake[1]: *** [CMakeFiles/Makefile2:209: CMakeFiles/thrust_control.dir/all] Error 2
[4.981s] gmake: *** [Makefile:146: all] Error 2
[4.984s] Invoked command in '/home/zenyn/Thrust-Control/build/thrust_control' returned '2': CMAKE_PREFIX_PATH=${CMAKE_PREFIX_PATH}:/opt/ros/jazzy /usr/bin/cmake --build /home/zenyn/Thrust-Control/build/thrust_control -- -j12 -l12
