[0.000000] (-) TimerEvent: {}
[0.000436] (thrust_control) JobQueued: {'identifier': 'thrust_control', 'dependencies': OrderedDict()}
[0.000520] (thrust_control) JobStarted: {'identifier': 'thrust_control'}
[0.005577] (thrust_control) JobProgress: {'identifier': 'thrust_control', 'progress': 'cmake'}
[0.005982] (thrust_control) JobProgress: {'identifier': 'thrust_control', 'progress': 'build'}
[0.006445] (thrust_control) Command: {'cmd': ['/usr/bin/cmake', '--build', '/home/zenyn/Thrust-Control/build/thrust_control', '--', '-j12', '-l12'], 'cwd': '/home/zenyn/Thrust-Control/build/thrust_control', 'env': OrderedDict({'LESSOPEN': '| /usr/bin/lesspipe %s', 'LANGUAGE': 'en_US', 'USER': 'zenyn', 'XDG_SEAT': 'seat0', 'XDG_SESSION_TYPE': 'x11', 'SHLVL': '2', 'LD_LIBRARY_PATH': '/opt/ros/jazzy/opt/rviz_ogre_vendor/lib:/opt/ros/jazzy/lib/x86_64-linux-gnu:/opt/ros/jazzy/opt/gz_math_vendor/lib:/opt/ros/jazzy/opt/gz_utils_vendor/lib:/opt/ros/jazzy/opt/gz_cmake_vendor/lib:/opt/ros/jazzy/lib', 'HOME': '/home/zenyn', 'OLDPWD': '/home/zenyn/Thrust-Control/include', 'DESKTOP_SESSION': 'cinnamon', 'ROS_PYTHON_VERSION': '3', 'GTK_MODULES': 'gail:atk-bridge', 'XDG_SEAT_PATH': '/org/freedesktop/DisplayManager/Seat0', 'DBUS_SESSION_BUS_ADDRESS': 'unix:path=/run/user/1000/bus', 'COLORTERM': 'truecolor', 'GNOME_KEYRING_CONTROL': '/run/user/1000/keyring', 'ROS_DISTRO': 'jazzy', 'LOGNAME': 'zenyn', 'DESKTOP_AUTOSTART_ID': '10548af1e022aa691a174745163180485900000023430038', '_': '/usr/bin/colcon', 'ROS_VERSION': '2', 'XDG_SESSION_CLASS': 'user', 'TERM': 'xterm-256color', 'XDG_SESSION_ID': 'c2', 'GNOME_DESKTOP_SESSION_ID': 'this-is-deprecated', 'PATH': '/opt/ros/jazzy/bin:/home/zenyn/.local/bin:/home/zenyn/.local/bin:/home/zenyn/.local/bin:/home/zenyn/bin:/usr/local/sbin:/usr/local/bin:/usr/sbin:/usr/bin:/sbin:/bin:/usr/games:/usr/local/games:/snap/bin', 'SESSION_MANAGER': 'local/Zenyn-Linux:@/tmp/.ICE-unix/2343,unix/Zenyn-Linux:/tmp/.ICE-unix/2343', 'GDM_LANG': 'en_US', 'GTK3_MODULES': 'xapp-gtk3-module', 'XDG_SESSION_PATH': '/org/freedesktop/DisplayManager/Session0', 'GNOME_TERMINAL_SCREEN': '/org/gnome/Terminal/screen/c23cc6b5_b7db_4522_8a91_af814d860d41', 'XDG_RUNTIME_DIR': '/run/user/1000', 'DISPLAY': ':0', 'LANG': 'en_US.UTF-8', 'XDG_CURRENT_DESKTOP': 'X-Cinnamon', 'XDG_SESSION_DESKTOP': 'cinnamon', 'XAUTHORITY': '/home/zenyn/.Xauthority', 'LS_COLORS': 'rs=0:di=01;34:ln=01;36:mh=00:pi=40;33:so=01;35:do=01;35:bd=40;33;01:cd=40;33;01:or=40;31;01:mi=00:su=37;41:sg=30;43:ca=00:tw=30;42:ow=34;42:st=37;44:ex=01;32:*.tar=01;31:*.tgz=01;31:*.arc=01;31:*.arj=01;31:*.taz=01;31:*.lha=01;31:*.lz4=01;31:*.lzh=01;31:*.lzma=01;31:*.tlz=01;31:*.txz=01;31:*.tzo=01;31:*.t7z=01;31:*.zip=01;31:*.z=01;31:*.dz=01;31:*.gz=01;31:*.lrz=01;31:*.lz=01;31:*.lzo=01;31:*.xz=01;31:*.zst=01;31:*.tzst=01;31:*.bz2=01;31:*.bz=01;31:*.tbz=01;31:*.tbz2=01;31:*.tz=01;31:*.deb=01;31:*.rpm=01;31:*.jar=01;31:*.war=01;31:*.ear=01;31:*.sar=01;31:*.rar=01;31:*.alz=01;31:*.ace=01;31:*.zoo=01;31:*.cpio=01;31:*.7z=01;31:*.rz=01;31:*.cab=01;31:*.wim=01;31:*.swm=01;31:*.dwm=01;31:*.esd=01;31:*.avif=01;35:*.jpg=01;35:*.jpeg=01;35:*.mjpg=01;35:*.mjpeg=01;35:*.gif=01;35:*.bmp=01;35:*.pbm=01;35:*.pgm=01;35:*.ppm=01;35:*.tga=01;35:*.xbm=01;35:*.xpm=01;35:*.tif=01;35:*.tiff=01;35:*.png=01;35:*.svg=01;35:*.svgz=01;35:*.mng=01;35:*.pcx=01;35:*.mov=01;35:*.mpg=01;35:*.mpeg=01;35:*.m2v=01;35:*.mkv=01;35:*.webm=01;35:*.webp=01;35:*.ogm=01;35:*.mp4=01;35:*.m4v=01;35:*.mp4v=01;35:*.vob=01;35:*.qt=01;35:*.nuv=01;35:*.wmv=01;35:*.asf=01;35:*.rm=01;35:*.rmvb=01;35:*.flc=01;35:*.avi=01;35:*.fli=01;35:*.flv=01;35:*.gl=01;35:*.dl=01;35:*.xcf=01;35:*.xwd=01;35:*.yuv=01;35:*.cgm=01;35:*.emf=01;35:*.ogv=01;35:*.ogx=01;35:*.aac=00;36:*.au=00;36:*.flac=00;36:*.m4a=00;36:*.mid=00;36:*.midi=00;36:*.mka=00;36:*.mp3=00;36:*.mpc=00;36:*.ogg=00;36:*.ra=00;36:*.wav=00;36:*.oga=00;36:*.opus=00;36:*.spx=00;36:*.xspf=00;36:*~=00;90:*#=00;90:*.bak=00;90:*.crdownload=00;90:*.dpkg-dist=00;90:*.dpkg-new=00;90:*.dpkg-old=00;90:*.dpkg-tmp=00;90:*.old=00;90:*.orig=00;90:*.part=00;90:*.rej=00;90:*.rpmnew=00;90:*.rpmorig=00;90:*.rpmsave=00;90:*.swp=00;90:*.tmp=00;90:*.ucf-dist=00;90:*.ucf-new=00;90:*.ucf-old=00;90:', 'GNOME_TERMINAL_SERVICE': ':1.71', 'SSH_AUTH_SOCK': '/run/user/1000/keyring/ssh', 'XDG_GREETER_DATA_DIR': '/var/lib/lightdm-data/zenyn', 'AMENT_PREFIX_PATH': '/opt/ros/jazzy', 'SHELL': '/bin/bash', 'QT_ACCESSIBILITY': '1', 'GDMSESSION': 'cinnamon', 'LESSCLOSE': '/usr/bin/lesspipe %s %s', 'GPG_AGENT_INFO': '/run/user/1000/gnupg/S.gpg-agent:0:1', 'ROS_AUTOMATIC_DISCOVERY_RANGE': 'SUBNET', 'XDG_VTNR': '7', 'PWD': '/home/zenyn/Thrust-Control/build/thrust_control', 'LC_ALL': 'en_US.UTF-8', 'XDG_CONFIG_DIRS': '/etc/xdg/xdg-cinnamon:/etc/xdg', 'XDG_DATA_DIRS': '/usr/share/cinnamon:/usr/share/gnome:/usr/local/share:/usr/share:/var/lib/snapd/desktop', 'PYTHONPATH': '/opt/ros/jazzy/lib/python3.12/site-packages', 'COLCON': '1', 'VTE_VERSION': '7600', 'CMAKE_PREFIX_PATH': '/opt/ros/jazzy/opt/gz_math_vendor:/opt/ros/jazzy/opt/gz_utils_vendor:/opt/ros/jazzy/opt/gz_cmake_vendor:/opt/ros/jazzy'}), 'shell': False}
[0.099801] (-) TimerEvent: {}
[0.146827] (thrust_control) StdoutLine: {'line': b'-- Project setup complete\n'}
[0.147184] (thrust_control) StdoutLine: {'line': b"-- Run 'make' to build the project\n"}
[0.147368] (thrust_control) StdoutLine: {'line': b"-- Run 'ctest' to execute the tests\n"}
[0.147513] (thrust_control) StdoutLine: {'line': b'-- Found ament_cmake: 2.5.3 (/opt/ros/jazzy/share/ament_cmake/cmake)\n'}
[0.200008] (-) TimerEvent: {}
[0.300417] (-) TimerEvent: {}
[0.342295] (thrust_control) StdoutLine: {'line': b'-- Found rclcpp: 28.1.8 (/opt/ros/jazzy/share/rclcpp/cmake)\n'}
[0.369001] (thrust_control) StdoutLine: {'line': b'-- Found rosidl_generator_c: 4.6.5 (/opt/ros/jazzy/share/rosidl_generator_c/cmake)\n'}
[0.375092] (thrust_control) StdoutLine: {'line': b'-- Found rosidl_generator_cpp: 4.6.5 (/opt/ros/jazzy/share/rosidl_generator_cpp/cmake)\n'}
[0.382934] (thrust_control) StdoutLine: {'line': b'-- Using all available rosidl_typesupport_c: rosidl_typesupport_fastrtps_c;rosidl_typesupport_introspection_c\n'}
[0.391974] (thrust_control) StdoutLine: {'line': b'-- Using all available rosidl_typesupport_cpp: rosidl_typesupport_fastrtps_cpp;rosidl_typesupport_introspection_cpp\n'}
[0.400564] (-) TimerEvent: {}
[0.435577] (thrust_control) StdoutLine: {'line': b'-- Found rmw_implementation_cmake: 7.3.2 (/opt/ros/jazzy/share/rmw_implementation_cmake/cmake)\n'}
[0.436397] (thrust_control) StdoutLine: {'line': b'-- Found rmw_fastrtps_cpp: 8.4.2 (/opt/ros/jazzy/share/rmw_fastrtps_cpp/cmake)\n'}
[0.500740] (-) TimerEvent: {}
[0.506353] (thrust_control) StdoutLine: {'line': b"-- Using RMW implementation 'rmw_fastrtps_cpp' as default\n"}
[0.555979] (thrust_control) StdoutLine: {'line': b'-- Found std_msgs: 5.3.6 (/opt/ros/jazzy/share/std_msgs/cmake)\n'}
[0.566036] (thrust_control) StdoutLine: {'line': b'-- Found ament_lint_auto: 0.17.2 (/opt/ros/jazzy/share/ament_lint_auto/cmake)\n'}
[0.600950] (-) TimerEvent: {}
[0.650857] (thrust_control) StdoutLine: {'line': b"-- Added test 'copyright' to check source files copyright and LICENSE\n"}
[0.701056] (-) TimerEvent: {}
[0.719346] (thrust_control) StdoutLine: {'line': b"-- Added test 'cppcheck' to perform static code analysis on C / C++ code\n"}
[0.719680] (thrust_control) StdoutLine: {'line': b'-- Configured cppcheck include dirs: /home/zenyn/Thrust-Control/src;/home/zenyn/Thrust-Control/Command-Interpreter/lib;/home/zenyn/Thrust-Control/include\n'}
[0.719828] (thrust_control) StdoutLine: {'line': b'-- Configured cppcheck exclude dirs and/or files: \n'}
[0.783110] (thrust_control) StdoutLine: {'line': b"-- Added test 'cpplint' to check C / C++ code against the Google style\n"}
[0.783363] (thrust_control) StdoutLine: {'line': b'-- Configured cpplint exclude dirs and/or files: \n'}
[0.791432] (thrust_control) StdoutLine: {'line': b"-- Added test 'flake8' to check Python code syntax and style conventions\n"}
[0.791647] (thrust_control) StdoutLine: {'line': b"-- Configured 'flake8' exclude dirs and/or files: \n"}
[0.801278] (-) TimerEvent: {}
[0.807768] (thrust_control) StdoutLine: {'line': b"-- Added test 'lint_cmake' to check CMake code style\n"}
[0.816812] (thrust_control) StdoutLine: {'line': b"-- Added test 'pep257' to check Python code against some of the docstring style conventions in PEP 257\n"}
[0.887461] (thrust_control) StdoutLine: {'line': b"-- Added test 'uncrustify' to check C / C++ code style\n"}
[0.887687] (thrust_control) StdoutLine: {'line': b'-- Configured uncrustify additional arguments: \n'}
[0.895689] (thrust_control) StdoutLine: {'line': b"-- Added test 'xmllint' to check XML markup files\n"}
[0.896967] (thrust_control) StdoutLine: {'line': b'-- Configuring done (0.9s)\n'}
[0.901341] (-) TimerEvent: {}
[0.919252] (thrust_control) StdoutLine: {'line': b'-- Generating done (0.0s)\n'}
[0.926300] (thrust_control) StdoutLine: {'line': b'-- Build files have been written to: /home/zenyn/Thrust-Control/build/thrust_control\n'}
[0.962561] (thrust_control) StdoutLine: {'line': b'[  7%] Built target controller_lib\n'}
[0.963498] (thrust_control) StdoutLine: {'line': b'[ 12%] Built target gtest\n'}
[0.965688] (thrust_control) StdoutLine: {'line': b'[ 33%] Built target controller_codegenTest\n'}
[0.965921] (thrust_control) StdoutLine: {'line': b'[ 33%] Built target PropulsionFunctions\n'}
[0.987819] (thrust_control) StdoutLine: {'line': b'[ 35%] \x1b[32mBuilding CXX object CMakeFiles/thrust_control.dir/src/thrust_control_supervisor.cpp.o\x1b[0m\n'}
[0.988966] (thrust_control) StdoutLine: {'line': b'[ 38%] \x1b[32mBuilding CXX object CMakeFiles/thrust_control.dir/src/thrust_control_node.cpp.o\x1b[0m\n'}
[0.990004] (thrust_control) StdoutLine: {'line': b'[ 43%] Built target gmock\n'}
[0.991556] (thrust_control) StdoutLine: {'line': b'[ 48%] Built target controller_test\n'}
[0.991887] (thrust_control) StdoutLine: {'line': b'[ 51%] \x1b[32mBuilding CXX object CMakeFiles/thrust_control.dir/src/main.cpp.o\x1b[0m\n'}
[0.996658] (thrust_control) StdoutLine: {'line': b'[ 56%] Built target gtest_main\n'}
[1.001526] (-) TimerEvent: {}
[1.030079] (thrust_control) StdoutLine: {'line': b'[ 61%] Built target gmock_main\n'}
[1.031775] (thrust_control) StdoutLine: {'line': b'[ 74%] Built target propulsion_test\n'}
[1.034599] (thrust_control) StdoutLine: {'line': b'[ 76%] \x1b[32mBuilding CXX object CMakeFiles/test_thrust_control_node.dir/tests/test_thrust_control_node.cpp.o\x1b[0m\n'}
[1.035092] (thrust_control) StdoutLine: {'line': b'[ 79%] \x1b[32mBuilding CXX object CMakeFiles/test_thrust_control_node.dir/src/thrust_control_node.cpp.o\x1b[0m\n'}
[1.035825] (thrust_control) StdoutLine: {'line': b'[ 82%] \x1b[32mBuilding CXX object CMakeFiles/test_thrust_control_node.dir/src/thrust_control_supervisor.cpp.o\x1b[0m\n'}
[1.036318] (thrust_control) StdoutLine: {'line': b'[ 84%] \x1b[32mBuilding CXX object CMakeFiles/test_thrust_control_supervisor.dir/tests/test_thrust_control_supervisor.cpp.o\x1b[0m\n'}
[1.037054] (thrust_control) StdoutLine: {'line': b'[ 87%] \x1b[32mBuilding CXX object CMakeFiles/test_thrust_control_supervisor.dir/src/thrust_control_supervisor.cpp.o\x1b[0m\n'}
[1.101622] (-) TimerEvent: {}
[1.194154] (thrust_control) StderrLine: {'line': b'In file included from \x1b[01m\x1b[K/home/zenyn/Thrust-Control/tests/test_thrust_control_supervisor.cpp:4\x1b[m\x1b[K:\n'}
[1.194361] (thrust_control) StderrLine: {'line': b'\x1b[01m\x1b[K/home/zenyn/Thrust-Control/tests/../src/thrust_control_supervisor.hpp:14:10:\x1b[m\x1b[K \x1b[01;31m\x1b[Kfatal error: \x1b[m\x1b[Kexported-PID-control/src/controller_codegenTest.h: No such file or directory\n'}
[1.194439] (thrust_control) StderrLine: {'line': b'   14 | #include \x1b[01;31m\x1b[K"exported-PID-control/src/controller_codegenTest.h"\x1b[m\x1b[K\n'}
[1.194496] (thrust_control) StderrLine: {'line': b'      |          \x1b[01;31m\x1b[K^~~~~~~~~~~~~~~~~~~~~~~~~~~~~~~~~~~~~~~~~~~~~~~~~~~\x1b[m\x1b[K\n'}
[1.194549] (thrust_control) StderrLine: {'line': b'compilation terminated.\n'}
[1.198800] (thrust_control) StderrLine: {'line': b'gmake[2]: *** [CMakeFiles/test_thrust_control_supervisor.dir/build.make:76: CMakeFiles/test_thrust_control_supervisor.dir/tests/test_thrust_control_supervisor.cpp.o] Error 1\n'}
[1.199041] (thrust_control) StderrLine: {'line': b'gmake[2]: *** Waiting for unfinished jobs....\n'}
[1.201705] (-) TimerEvent: {}
[1.216022] (thrust_control) StderrLine: {'line': b'In file included from \x1b[01m\x1b[K/home/zenyn/Thrust-Control/src/thrust_control_node.hpp:13\x1b[m\x1b[K,\n'}
[1.216284] (thrust_control) StderrLine: {'line': b'                 from \x1b[01m\x1b[K/home/zenyn/Thrust-Control/src/thrust_control_node.cpp:1\x1b[m\x1b[K:\n'}
[1.216422] (thrust_control) StderrLine: {'line': b'\x1b[01m\x1b[K/home/zenyn/Thrust-Control/src/thrust_control_supervisor.hpp:14:10:\x1b[m\x1b[K \x1b[01;31m\x1b[Kfatal error: \x1b[m\x1b[Kexported-PID-control/src/controller_codegenTest.h: No such file or directory\n'}
[1.216531] (thrust_control) StderrLine: {'line': b'   14 | #include \x1b[01;31m\x1b[K"exported-PID-control/src/controller_codegenTest.h"\x1b[m\x1b[K\n'}
[1.216634] (thrust_control) StderrLine: {'line': b'      |          \x1b[01;31m\x1b[K^~~~~~~~~~~~~~~~~~~~~~~~~~~~~~~~~~~~~~~~~~~~~~~~~~~\x1b[m\x1b[K\n'}
[1.216734] (thrust_control) StderrLine: {'line': b'compilation terminated.\n'}
[1.219632] (thrust_control) StderrLine: {'line': b'gmake[2]: *** [CMakeFiles/test_thrust_control_node.dir/build.make:118: CMakeFiles/test_thrust_control_node.dir/src/thrust_control_node.cpp.o] Error 1\n'}
[1.219876] (thrust_control) StderrLine: {'line': b'gmake[2]: *** Waiting for unfinished jobs....\n'}
[1.245875] (thrust_control) StderrLine: {'line': b'In file included from \x1b[01m\x1b[K/home/zenyn/Thrust-Control/tests/test_thrust_control_node.cpp:6\x1b[m\x1b[K:\n'}
[1.246104] (thrust_control) StderrLine: {'line': b'\x1b[01m\x1b[K/home/zenyn/Thrust-Control/tests/../src/thrust_control_supervisor.hpp:14:10:\x1b[m\x1b[K \x1b[01;31m\x1b[Kfatal error: \x1b[m\x1b[Kexported-PID-control/src/controller_codegenTest.h: No such file or directory\n'}
[1.246217] (thrust_control) StderrLine: {'line': b'   14 | #include \x1b[01;31m\x1b[K"exported-PID-control/src/controller_codegenTest.h"\x1b[m\x1b[K\n'}
[1.246339] (thrust_control) StderrLine: {'line': b'      |          \x1b[01;31m\x1b[K^~~~~~~~~~~~~~~~~~~~~~~~~~~~~~~~~~~~~~~~~~~~~~~~~~~\x1b[m\x1b[K\n'}
[1.246440] (thrust_control) StderrLine: {'line': b'compilation terminated.\n'}
[1.247600] (thrust_control) StderrLine: {'line': b'gmake[2]: *** [CMakeFiles/test_thrust_control_node.dir/build.make:76: CMakeFiles/test_thrust_control_node.dir/tests/test_thrust_control_node.cpp.o] Error 1\n'}
[1.266947] (thrust_control) StderrLine: {'line': b'In file included from \x1b[01m\x1b[K/home/zenyn/Thrust-Control/src/thrust_control_supervisor.cpp:1\x1b[m\x1b[K:\n'}
[1.267173] (thrust_control) StderrLine: {'line': b'\x1b[01m\x1b[K/home/zenyn/Thrust-Control/src/thrust_control_supervisor.hpp:14:10:\x1b[m\x1b[K \x1b[01;31m\x1b[Kfatal error: \x1b[m\x1b[Kexported-PID-control/src/controller_codegenTest.h: No such file or directory\n'}
[1.267305] (thrust_control) StderrLine: {'line': b'   14 | #include \x1b[01;31m\x1b[K"exported-PID-control/src/controller_codegenTest.h"\x1b[m\x1b[K\n'}
[1.267411] (thrust_control) StderrLine: {'line': b'      |          \x1b[01;31m\x1b[K^~~~~~~~~~~~~~~~~~~~~~~~~~~~~~~~~~~~~~~~~~~~~~~~~~~\x1b[m\x1b[K\n'}
[1.267510] (thrust_control) StderrLine: {'line': b'compilation terminated.\n'}
[1.268626] (thrust_control) StderrLine: {'line': b'gmake[2]: *** [CMakeFiles/test_thrust_control_node.dir/build.make:104: CMakeFiles/test_thrust_control_node.dir/src/thrust_control_supervisor.cpp.o] Error 1\n'}
[1.268878] (thrust_control) StderrLine: {'line': b'gmake[1]: *** [CMakeFiles/Makefile2:295: CMakeFiles/test_thrust_control_node.dir/all] Error 2\n'}
[1.269019] (thrust_control) StderrLine: {'line': b'gmake[1]: *** Waiting for unfinished jobs....\n'}
[1.289002] (thrust_control) StderrLine: {'line': b'In file included from \x1b[01m\x1b[K/home/zenyn/Thrust-Control/src/thrust_control_supervisor.cpp:1\x1b[m\x1b[K:\n'}
[1.289251] (thrust_control) StderrLine: {'line': b'\x1b[01m\x1b[K/home/zenyn/Thrust-Control/src/thrust_control_supervisor.hpp:14:10:\x1b[m\x1b[K \x1b[01;31m\x1b[Kfatal error: \x1b[m\x1b[Kexported-PID-control/src/controller_codegenTest.h: No such file or directory\n'}
[1.289397] (thrust_control) StderrLine: {'line': b'   14 | #include \x1b[01;31m\x1b[K"exported-PID-control/src/controller_codegenTest.h"\x1b[m\x1b[K\n'}
[1.289506] (thrust_control) StderrLine: {'line': b'      |          \x1b[01;31m\x1b[K^~~~~~~~~~~~~~~~~~~~~~~~~~~~~~~~~~~~~~~~~~~~~~~~~~~\x1b[m\x1b[K\n'}
[1.289607] (thrust_control) StderrLine: {'line': b'compilation terminated.\n'}
[1.290745] (thrust_control) StderrLine: {'line': b'gmake[2]: *** [CMakeFiles/test_thrust_control_supervisor.dir/build.make:104: CMakeFiles/test_thrust_control_supervisor.dir/src/thrust_control_supervisor.cpp.o] Error 1\n'}
[1.290971] (thrust_control) StderrLine: {'line': b'gmake[1]: *** [CMakeFiles/Makefile2:324: CMakeFiles/test_thrust_control_supervisor.dir/all] Error 2\n'}
[1.301844] (-) TimerEvent: {}
[1.402162] (-) TimerEvent: {}
[1.502490] (-) TimerEvent: {}
[1.602810] (-) TimerEvent: {}
[1.703142] (-) TimerEvent: {}
[1.803451] (-) TimerEvent: {}
[1.903746] (-) TimerEvent: {}
[2.004046] (-) TimerEvent: {}
[2.104337] (-) TimerEvent: {}
[2.204632] (-) TimerEvent: {}
[2.304963] (-) TimerEvent: {}
[2.405302] (-) TimerEvent: {}
[2.505602] (-) TimerEvent: {}
[2.605946] (-) TimerEvent: {}
[2.706288] (-) TimerEvent: {}
[2.806625] (-) TimerEvent: {}
[2.906968] (-) TimerEvent: {}
[3.007271] (-) TimerEvent: {}
[3.107608] (-) TimerEvent: {}
[3.207952] (-) TimerEvent: {}
[3.308281] (-) TimerEvent: {}
[3.408626] (-) TimerEvent: {}
[3.509038] (-) TimerEvent: {}
[3.537283] (thrust_control) StderrLine: {'line': b'\x1b[01m\x1b[K/home/zenyn/Thrust-Control/src/thrust_control_supervisor.cpp:\x1b[m\x1b[K In member function \xe2\x80\x98\x1b[01m\x1b[Kvoid thrust_control::ThrustControlSupervisor::\x1b[01;32m\x1b[Kfeed_forward_pwm\x1b[m\x1b[K()\x1b[m\x1b[K\xe2\x80\x99:\n'}
[3.537549] (thrust_control) StderrLine: {'line': b'\x1b[01m\x1b[K/home/zenyn/Thrust-Control/src/thrust_control_supervisor.cpp:49:33:\x1b[m\x1b[K \x1b[01;31m\x1b[Kerror: \x1b[m\x1b[Kcannot convert \xe2\x80\x98\x1b[01m\x1b[Kstd::array<int, 8>\x1b[m\x1b[K\xe2\x80\x99 to \xe2\x80\x98\x1b[01m\x1b[Kpwm_array\x1b[m\x1b[K\xe2\x80\x99\n'}
[3.537701] (thrust_control) StderrLine: {'line': b'   49 |   _interpreter->untimed_execute(\x1b[01;31m\x1b[K_manual_pwm\x1b[m\x1b[K);\n'}
[3.537969] (thrust_control) StderrLine: {'line': b'      |                                 \x1b[01;31m\x1b[K^~~~~~~~~~~\x1b[m\x1b[K\n'}
[3.538131] (thrust_control) StderrLine: {'line': b'      |                                 \x1b[01;31m\x1b[K|\x1b[m\x1b[K\n'}
[3.538266] (thrust_control) StderrLine: {'line': b'      |                                 \x1b[01;31m\x1b[Kstd::array<int, 8>\x1b[m\x1b[K\n'}
[3.538389] (thrust_control) StderrLine: {'line': b'In file included from \x1b[01m\x1b[K/home/zenyn/Thrust-Control/src/thrust_control_supervisor.hpp:9\x1b[m\x1b[K,\n'}
[3.538503] (thrust_control) StderrLine: {'line': b'                 from \x1b[01m\x1b[K/home/zenyn/Thrust-Control/src/thrust_control_supervisor.cpp:1\x1b[m\x1b[K:\n'}
[3.538616] (thrust_control) StderrLine: {'line': b'\x1b[01m\x1b[K/home/zenyn/Thrust-Control/src/../include/Command_Interpreter/src/Command_Interpreter.hpp:188:36:\x1b[m\x1b[K \x1b[01;36m\x1b[Knote: \x1b[m\x1b[K  initializing argument 1 of \xe2\x80\x98\x1b[01m\x1b[Kvoid Command_Interpreter_RPi5::\x1b[01;32m\x1b[Kuntimed_execute\x1b[m\x1b[K(pwm_array)\x1b[m\x1b[K\xe2\x80\x99\n'}
[3.538733] (thrust_control) StderrLine: {'line': b'  188 |     void untimed_execute(\x1b[01;36m\x1b[Kpwm_array thrusterPwms\x1b[m\x1b[K);\n'}
[3.538843] (thrust_control) StderrLine: {'line': b'      |                          \x1b[01;36m\x1b[K~~~~~~~~~~^~~~~~~~~~~~\x1b[m\x1b[K\n'}
[3.538954] (thrust_control) StderrLine: {'line': b'\x1b[01m\x1b[K/home/zenyn/Thrust-Control/src/thrust_control_supervisor.cpp:\x1b[m\x1b[K In member function \xe2\x80\x98\x1b[01m\x1b[Kvoid thrust_control::ThrustControlSupervisor::\x1b[01;32m\x1b[Kexecute_pwm\x1b[m\x1b[K(std::array<int, 8>)\x1b[m\x1b[K\xe2\x80\x99:\n'}
[3.539078] (thrust_control) StderrLine: {'line': b'\x1b[01m\x1b[K/home/zenyn/Thrust-Control/src/thrust_control_supervisor.cpp:87:35:\x1b[m\x1b[K \x1b[01;31m\x1b[Kerror: \x1b[m\x1b[Kcannot convert \xe2\x80\x98\x1b[01m\x1b[Kstd::array<int, 8>\x1b[m\x1b[K\xe2\x80\x99 to \xe2\x80\x98\x1b[01m\x1b[Kpwm_array\x1b[m\x1b[K\xe2\x80\x99\n'}
[3.539197] (thrust_control) StderrLine: {'line': b'   87 |     _interpreter->untimed_execute(\x1b[01;31m\x1b[Kpwm\x1b[m\x1b[K);\n'}
[3.539322] (thrust_control) StderrLine: {'line': b'      |                                   \x1b[01;31m\x1b[K^~~\x1b[m\x1b[K\n'}
[3.539432] (thrust_control) StderrLine: {'line': b'      |                                   \x1b[01;31m\x1b[K|\x1b[m\x1b[K\n'}
[3.539538] (thrust_control) StderrLine: {'line': b'      |                                   \x1b[01;31m\x1b[Kstd::array<int, 8>\x1b[m\x1b[K\n'}
[3.539641] (thrust_control) StderrLine: {'line': b'\x1b[01m\x1b[K/home/zenyn/Thrust-Control/src/../include/Command_Interpreter/src/Command_Interpreter.hpp:188:36:\x1b[m\x1b[K \x1b[01;36m\x1b[Knote: \x1b[m\x1b[K  initializing argument 1 of \xe2\x80\x98\x1b[01m\x1b[Kvoid Command_Interpreter_RPi5::\x1b[01;32m\x1b[Kuntimed_execute\x1b[m\x1b[K(pwm_array)\x1b[m\x1b[K\xe2\x80\x99\n'}
[3.539748] (thrust_control) StderrLine: {'line': b'  188 |     void untimed_execute(\x1b[01;36m\x1b[Kpwm_array thrusterPwms\x1b[m\x1b[K);\n'}
[3.539851] (thrust_control) StderrLine: {'line': b'      |                          \x1b[01;36m\x1b[K~~~~~~~~~~^~~~~~~~~~~~\x1b[m\x1b[K\n'}
[3.609281] (-) TimerEvent: {}
[3.709596] (-) TimerEvent: {}
[3.809900] (-) TimerEvent: {}
[3.910332] (-) TimerEvent: {}
[3.953430] (thrust_control) StderrLine: {'line': b'gmake[2]: *** [CMakeFiles/thrust_control.dir/build.make:104: CMakeFiles/thrust_control.dir/src/thrust_control_supervisor.cpp.o] Error 1\n'}
[3.953717] (thrust_control) StderrLine: {'line': b'gmake[2]: *** Waiting for unfinished jobs....\n'}
[4.010557] (-) TimerEvent: {}
[4.110858] (-) TimerEvent: {}
[4.211275] (-) TimerEvent: {}
[4.311590] (-) TimerEvent: {}
[4.412027] (-) TimerEvent: {}
[4.512419] (-) TimerEvent: {}
[4.612818] (-) TimerEvent: {}
[4.713208] (-) TimerEvent: {}
[4.813607] (-) TimerEvent: {}
[4.913985] (-) TimerEvent: {}
[5.014503] (-) TimerEvent: {}
[5.114827] (-) TimerEvent: {}
[5.215143] (-) TimerEvent: {}
[5.315483] (-) TimerEvent: {}
[5.415799] (-) TimerEvent: {}
[5.516156] (-) TimerEvent: {}
[5.616536] (-) TimerEvent: {}
[5.716863] (-) TimerEvent: {}
[5.817185] (-) TimerEvent: {}
[5.917511] (-) TimerEvent: {}
[6.017838] (-) TimerEvent: {}
[6.118153] (-) TimerEvent: {}
[6.218497] (-) TimerEvent: {}
[6.318779] (-) TimerEvent: {}
[6.401532] (thrust_control) StderrLine: {'line': b'gmake[1]: *** [CMakeFiles/Makefile2:266: CMakeFiles/thrust_control.dir/all] Error 2\n'}
[6.401796] (thrust_control) StderrLine: {'line': b'gmake: *** [Makefile:146: all] Error 2\n'}
[6.404536] (thrust_control) CommandEnded: {'returncode': 2}
[6.409397] (thrust_control) JobEnded: {'identifier': 'thrust_control', 'rc': 2}
[6.418906] (-) TimerEvent: {}
[6.419706] (-) EventReactorShutdown: {}
