[ 16%] [32mBuilding CXX object CMakeFiles/thrust_control.dir/Wiring.cpp.o[0m
[ 33%] [32mBuilding CXX object CMakeFiles/thrust_control.dir/main.cpp.o[0m
[01m[K/home/zenyn/Thrust-Control/Wiring.cpp:30:10:[m[K [01;31m[Kfatal error: [m[KwiringSerial.h: No such file or directory
   30 | #include [01;31m[K<wiringSerial.h>[m[K
      |          [01;31m[K^~~~~~~~~~~~~~~~[m[K
compilation terminated.
gmake[2]: *** [CMakeFiles/thrust_control.dir/build.make:132: CMakeFiles/thrust_control.dir/Wiring.cpp.o] Error 1
gmake[2]: *** Waiting for unfinished jobs....
gmake[1]: *** [CMakeFiles/Makefile2:137: CMakeFiles/thrust_control.dir/all] Error 2
gmake: *** [Makefile:146: all] Error 2
