[0.007s] Invoking command in '/home/zenyn/Thrust-Control/build/thrust_control': CMAKE_PREFIX_PATH=${CMAKE_PREFIX_PATH}:/opt/ros/jazzy /usr/bin/cmake --build /home/zenyn/Thrust-Control/build/thrust_control -- -j12 -l12
[0.073s] [ 16%] [32mBuilding CXX object CMakeFiles/thrust_control.dir/Wiring.cpp.o[0m
[0.073s] [ 33%] [32mBuilding CXX object CMakeFiles/thrust_control.dir/main.cpp.o[0m
[0.121s] [01m[K/home/zenyn/Thrust-Control/Wiring.cpp:30:10:[m[K [01;31m[Kfatal error: [m[KwiringSerial.h: No such file or directory
[0.121s]    30 | #include [01;31m[K<wiringSerial.h>[m[K
[0.121s]       |          [01;31m[K^~~~~~~~~~~~~~~~[m[K
[0.121s] compilation terminated.
[0.123s] gmake[2]: *** [CMakeFiles/thrust_control.dir/build.make:132: CMakeFiles/thrust_control.dir/Wiring.cpp.o] Error 1
[0.123s] gmake[2]: *** Waiting for unfinished jobs....
[2.078s] gmake[1]: *** [CMakeFiles/Makefile2:137: CMakeFiles/thrust_control.dir/all] Error 2
[2.078s] gmake: *** [Makefile:146: all] Error 2
[2.080s] Invoked command in '/home/zenyn/Thrust-Control/build/thrust_control' returned '2': CMAKE_PREFIX_PATH=${CMAKE_PREFIX_PATH}:/opt/ros/jazzy /usr/bin/cmake --build /home/zenyn/Thrust-Control/build/thrust_control -- -j12 -l12
