[0.008s] Invoking command in '/home/zenyn/Thrust-Control/build/thrust_control': CMAKE_PREFIX_PATH=${CMAKE_PREFIX_PATH}:/opt/ros/jazzy /usr/bin/cmake --build /home/zenyn/Thrust-Control/build/thrust_control -- -j12 -l12
[0.080s] [ 33%] [32mBuilding CXX object CMakeFiles/thrust_control.dir/thrust_control_supervisor.cpp.o[0m
[1.631s] [01m[K/home/zenyn/Thrust-Control/thrust_control_supervisor.cpp:39:6:[m[K [01;31m[Kerror: [m[Kâ€˜[01m[KThrustControlSupervisor[m[Kâ€™ has not been declared
[1.631s]    39 | void [01;31m[KThrustControlSupervisor[m[K::feed_forward_pwm(std::array<int, 8> pwm)
[1.631s]       |      [01;31m[K^~~~~~~~~~~~~~~~~~~~~~~[m[K
[1.631s] [01m[K/home/zenyn/Thrust-Control/thrust_control_supervisor.cpp:[m[K In function â€˜[01m[Kvoid[01;32m[K feed_forward_pwm[m[K(std::array<int, 8>)[m[Kâ€™:
[1.631s] [01m[K/home/zenyn/Thrust-Control/thrust_control_supervisor.cpp:39:67:[m[K [01;35m[Kwarning: [m[Kunused parameter â€˜[01m[Kpwm[m[Kâ€™ [[01;35m[K]8;;https://gcc.gnu.org/onlinedocs/gcc/Warning-Options.html#index-Wunused-parameter-Wunused-parameter]8;;[m[K]
[1.631s]    39 | void ThrustControlSupervisor::feed_forward_pwm([01;35m[Kstd::array<int, 8> pwm[m[K)
[1.632s]       |                                                [01;35m[K~~~~~~~~~~~~~~~~~~~^~~[m[K
[1.632s] [01m[K/home/zenyn/Thrust-Control/thrust_control_supervisor.cpp:[m[K At global scope:
[1.632s] [01m[K/home/zenyn/Thrust-Control/thrust_control_supervisor.cpp:44:6:[m[K [01;31m[Kerror: [m[Kâ€˜[01m[KThrustControlSupervisor[m[Kâ€™ has not been declared
[1.632s]    44 | void [01;31m[KThrustControlSupervisor[m[K::pid_pwm(std::array<int, 8> pwm)
[1.632s]       |      [01;31m[K^~~~~~~~~~~~~~~~~~~~~~~[m[K
[1.632s] [01m[K/home/zenyn/Thrust-Control/thrust_control_supervisor.cpp:[m[K In function â€˜[01m[Kvoid[01;32m[K pid_pwm[m[K(std::array<int, 8>)[m[Kâ€™:
[1.632s] [01m[K/home/zenyn/Thrust-Control/thrust_control_supervisor.cpp:44:58:[m[K [01;35m[Kwarning: [m[Kunused parameter â€˜[01m[Kpwm[m[Kâ€™ [[01;35m[K]8;;https://gcc.gnu.org/onlinedocs/gcc/Warning-Options.html#index-Wunused-parameter-Wunused-parameter]8;;[m[K]
[1.632s]    44 | void ThrustControlSupervisor::pid_pwm([01;35m[Kstd::array<int, 8> pwm[m[K)
[1.632s]       |                                       [01;35m[K~~~~~~~~~~~~~~~~~~~^~~[m[K
[2.077s] gmake[2]: *** [CMakeFiles/thrust_control.dir/build.make:90: CMakeFiles/thrust_control.dir/thrust_control_supervisor.cpp.o] Error 1
[2.077s] gmake[1]: *** [CMakeFiles/Makefile2:137: CMakeFiles/thrust_control.dir/all] Error 2
[2.077s] gmake: *** [Makefile:146: all] Error 2
[2.080s] Invoked command in '/home/zenyn/Thrust-Control/build/thrust_control' returned '2': CMAKE_PREFIX_PATH=${CMAKE_PREFIX_PATH}:/opt/ros/jazzy /usr/bin/cmake --build /home/zenyn/Thrust-Control/build/thrust_control -- -j12 -l12
