[0.010s] Invoking command in '/home/zenyn/Thrust-Control/build/thrust_control': CMAKE_PREFIX_PATH=${CMAKE_PREFIX_PATH}:/opt/ros/jazzy /usr/bin/cmake --build /home/zenyn/Thrust-Control/build/thrust_control -- -j12 -l12
[0.078s] [ 33%] [32mBuilding CXX object CMakeFiles/thrust_control.dir/thrust_control_node.cpp.o[0m
[0.078s] [ 66%] [32mBuilding CXX object CMakeFiles/thrust_control.dir/thrust_control_supervisor.cpp.o[0m
[1.788s] [01m[K/home/zenyn/Thrust-Control/thrust_control_supervisor.cpp:[m[K In constructor â€˜[01m[Kthrust_control::ThrustControlSupervisor::[01;32m[KThrustControlSupervisor[m[K(rclcpp::Logger)[m[Kâ€™:
[1.788s] [01m[K/home/zenyn/Thrust-Control/thrust_control_supervisor.cpp:7:19:[m[K [01;31m[Kerror: [m[Kno matching function for call to â€˜[01m[KCommand_Interpreter_RPi5::Command_Interpreter_RPi5()[m[Kâ€™
[1.788s]     7 |   : logger_(logger[01;31m[K)[m[K
[1.788s]       |                   [01;31m[K^[m[K
[1.788s] In file included from [01m[K/home/zenyn/Thrust-Control/thrust_control_supervisor.hpp:9[m[K,
[1.789s]                  from [01m[K/home/zenyn/Thrust-Control/thrust_control_supervisor.cpp:1[m[K:
[1.789s] [01m[K/home/zenyn/Thrust-Control/Command_Interpreter.h:114:14:[m[K [01;36m[Knote: [m[Kcandidate: â€˜[01m[KCommand_Interpreter_RPi5::[01;32m[KCommand_Interpreter_RPi5[m[K(std::vector<PwmPin*>, std::vector<DigitalPin*>)[m[Kâ€™
[1.789s]   114 |     explicit [01;36m[KCommand_Interpreter_RPi5[m[K(std::vector<PwmPin*> thrusterPins, std::vector<DigitalPin*> digitalPins);
[1.789s]       |              [01;36m[K^~~~~~~~~~~~~~~~~~~~~~~~[m[K
[1.789s] [01m[K/home/zenyn/Thrust-Control/Command_Interpreter.h:114:14:[m[K [01;36m[Knote: [m[K  candidate expects 2 arguments, 0 provided
[1.789s] [01m[K/home/zenyn/Thrust-Control/Command_Interpreter.h:105:7:[m[K [01;36m[Knote: [m[Kcandidate: â€˜[01m[KCommand_Interpreter_RPi5::[01;32m[KCommand_Interpreter_RPi5[m[K(const Command_Interpreter_RPi5&)[m[Kâ€™
[1.789s]   105 | class [01;36m[KCommand_Interpreter_RPi5[m[K {
[1.790s]       |       [01;36m[K^~~~~~~~~~~~~~~~~~~~~~~~[m[K
[1.790s] [01m[K/home/zenyn/Thrust-Control/Command_Interpreter.h:105:7:[m[K [01;36m[Knote: [m[K  candidate expects 1 argument, 0 provided
[1.790s] [01m[K/home/zenyn/Thrust-Control/thrust_control_supervisor.cpp:[m[K In member function â€˜[01m[Kvoid thrust_control::ThrustControlSupervisor::[01;32m[Kfeed_forward_pwm[m[K(std::array<int, 8>)[m[Kâ€™:
[1.790s] [01m[K/home/zenyn/Thrust-Control/thrust_control_supervisor.cpp:39:67:[m[K [01;35m[Kwarning: [m[Kunused parameter â€˜[01m[Kpwm[m[Kâ€™ [[01;35m[K]8;;https://gcc.gnu.org/onlinedocs/gcc/Warning-Options.html#index-Wunused-parameter-Wunused-parameter]8;;[m[K]
[1.790s]    39 | void ThrustControlSupervisor::feed_forward_pwm([01;35m[Kstd::array<int, 8> pwm[m[K)
[1.790s]       |                                                [01;35m[K~~~~~~~~~~~~~~~~~~~^~~[m[K
[1.790s] [01m[K/home/zenyn/Thrust-Control/thrust_control_supervisor.cpp:[m[K In member function â€˜[01m[Kvoid thrust_control::ThrustControlSupervisor::[01;32m[Kpid_pwm[m[K(std::array<int, 8>)[m[Kâ€™:
[1.790s] [01m[K/home/zenyn/Thrust-Control/thrust_control_supervisor.cpp:44:58:[m[K [01;35m[Kwarning: [m[Kunused parameter â€˜[01m[Kpwm[m[Kâ€™ [[01;35m[K]8;;https://gcc.gnu.org/onlinedocs/gcc/Warning-Options.html#index-Wunused-parameter-Wunused-parameter]8;;[m[K]
[1.790s]    44 | void ThrustControlSupervisor::pid_pwm([01;35m[Kstd::array<int, 8> pwm[m[K)
[1.790s]       |                                       [01;35m[K~~~~~~~~~~~~~~~~~~~^~~[m[K
[2.245s] gmake[2]: *** [CMakeFiles/thrust_control.dir/build.make:90: CMakeFiles/thrust_control.dir/thrust_control_supervisor.cpp.o] Error 1
[2.245s] gmake[2]: *** Waiting for unfinished jobs....
[5.693s] gmake[1]: *** [CMakeFiles/Makefile2:137: CMakeFiles/thrust_control.dir/all] Error 2
[5.693s] gmake: *** [Makefile:146: all] Error 2
[5.696s] Invoked command in '/home/zenyn/Thrust-Control/build/thrust_control' returned '2': CMAKE_PREFIX_PATH=${CMAKE_PREFIX_PATH}:/opt/ros/jazzy /usr/bin/cmake --build /home/zenyn/Thrust-Control/build/thrust_control -- -j12 -l12
