[0.000000] (-) TimerEvent: {}
[0.000192] (thrust_control) JobQueued: {'identifier': 'thrust_control', 'dependencies': OrderedDict()}
[0.000306] (thrust_control) JobStarted: {'identifier': 'thrust_control'}
[0.006969] (thrust_control) JobProgress: {'identifier': 'thrust_control', 'progress': 'cmake'}
[0.007815] (thrust_control) JobProgress: {'identifier': 'thrust_control', 'progress': 'build'}
[0.007863] (thrust_control) Command: {'cmd': ['/usr/bin/cmake', '--build', '/home/zenyn/Thrust-Control/build/thrust_control', '--', '-j12', '-l12'], 'cwd': '/home/zenyn/Thrust-Control/build/thrust_control', 'env': OrderedDict({'LESSOPEN': '| /usr/bin/lesspipe %s', 'LANGUAGE': 'en_US', 'USER': 'zenyn', 'XDG_SEAT': 'seat0', 'XDG_SESSION_TYPE': 'x11', 'GIT_ASKPASS': '/tmp/.mount_cursoravwJ1l/usr/share/cursor/resources/app/extensions/git/dist/askpass.sh', 'SHLVL': '3', 'LD_LIBRARY_PATH': '/tmp/.mount_cursoravwJ1l/usr/lib/:/tmp/.mount_cursoravwJ1l/usr/lib32/:/tmp/.mount_cursoravwJ1l/usr/lib64/:/tmp/.mount_cursoravwJ1l/lib/:/tmp/.mount_cursoravwJ1l/lib/i386-linux-gnu/:/tmp/.mount_cursoravwJ1l/lib/x86_64-linux-gnu/:/tmp/.mount_cursoravwJ1l/lib/aarch64-linux-gnu/:/tmp/.mount_cursoravwJ1l/lib32/:/tmp/.mount_cursoravwJ1l/lib64/:/opt/ros/jazzy/opt/rviz_ogre_vendor/lib:/opt/ros/jazzy/lib/x86_64-linux-gnu:/opt/ros/jazzy/opt/gz_math_vendor/lib:/opt/ros/jazzy/opt/gz_utils_vendor/lib:/opt/ros/jazzy/opt/gz_cmake_vendor/lib:/opt/ros/jazzy/lib', 'HOME': '/home/zenyn', 'CHROME_DESKTOP': 'cursor.desktop', 'APPDIR': '/tmp/.mount_cursoravwJ1l', 'OLDPWD': '/home/zenyn/Thrust-Control', 'TERM_PROGRAM_VERSION': '0.49.6', 'DESKTOP_SESSION': 'cinnamon', 'PERLLIB': '/tmp/.mount_cursoravwJ1l/usr/share/perl5/:/tmp/.mount_cursoravwJ1l/usr/lib/perl5/:', 'ROS_PYTHON_VERSION': '3', 'GTK_MODULES': 'gail:atk-bridge', 'XDG_SEAT_PATH': '/org/freedesktop/DisplayManager/Seat0', 'VSCODE_GIT_ASKPASS_MAIN': '/tmp/.mount_cursoravwJ1l/usr/share/cursor/resources/app/extensions/git/dist/askpass-main.js', 'VSCODE_GIT_ASKPASS_NODE': '/tmp/.mount_cursoravwJ1l/usr/share/cursor/cursor', 'DBUS_SESSION_BUS_ADDRESS': 'unix:path=/run/user/1000/bus', 'COLORTERM': 'truecolor', 'GNOME_KEYRING_CONTROL': '/run/user/1000/keyring', 'ROS_DISTRO': 'jazzy', 'LOGNAME': 'zenyn', 'OWD': '/home/zenyn/Thrust-Control/tests', 'DESKTOP_AUTOSTART_ID': '10548af1e022aa691a174745163180485900000023430038', '_': '/usr/bin/colcon', 'ROS_VERSION': '2', 'XDG_SESSION_CLASS': 'user', 'TERM': 'xterm-256color', 'XDG_SESSION_ID': 'c2', 'GNOME_DESKTOP_SESSION_ID': 'this-is-deprecated', 'PATH': '/opt/ros/jazzy/bin:/home/zenyn/.local/bin:/home/zenyn/.local/bin:/home/zenyn/.local/bin:/home/zenyn/bin:/usr/local/sbin:/usr/local/bin:/usr/sbin:/usr/bin:/sbin:/bin:/usr/games:/usr/local/games:/snap/bin', 'SESSION_MANAGER': 'local/Zenyn-Linux:@/tmp/.ICE-unix/2343,unix/Zenyn-Linux:/tmp/.ICE-unix/2343', 'GDM_LANG': 'en_US', 'APPIMAGE': '/home/zenyn/.local/bin/cursor', 'GTK3_MODULES': 'xapp-gtk3-module', 'XDG_SESSION_PATH': '/org/freedesktop/DisplayManager/Session0', 'GNOME_TERMINAL_SCREEN': '/org/gnome/Terminal/screen/026f0924_a475_4e20_a779_38f5d7e2d127', 'XDG_RUNTIME_DIR': '/run/user/1000', 'GDK_BACKEND': 'x11', 'DISPLAY': ':0', 'LANG': 'en_US.UTF-8', 'XDG_CURRENT_DESKTOP': 'X-Cinnamon', 'XDG_SESSION_DESKTOP': 'cinnamon', 'XAUTHORITY': '/home/zenyn/.Xauthority', 'LS_COLORS': 'rs=0:di=01;34:ln=01;36:mh=00:pi=40;33:so=01;35:do=01;35:bd=40;33;01:cd=40;33;01:or=40;31;01:mi=00:su=37;41:sg=30;43:ca=00:tw=30;42:ow=34;42:st=37;44:ex=01;32:*.tar=01;31:*.tgz=01;31:*.arc=01;31:*.arj=01;31:*.taz=01;31:*.lha=01;31:*.lz4=01;31:*.lzh=01;31:*.lzma=01;31:*.tlz=01;31:*.txz=01;31:*.tzo=01;31:*.t7z=01;31:*.zip=01;31:*.z=01;31:*.dz=01;31:*.gz=01;31:*.lrz=01;31:*.lz=01;31:*.lzo=01;31:*.xz=01;31:*.zst=01;31:*.tzst=01;31:*.bz2=01;31:*.bz=01;31:*.tbz=01;31:*.tbz2=01;31:*.tz=01;31:*.deb=01;31:*.rpm=01;31:*.jar=01;31:*.war=01;31:*.ear=01;31:*.sar=01;31:*.rar=01;31:*.alz=01;31:*.ace=01;31:*.zoo=01;31:*.cpio=01;31:*.7z=01;31:*.rz=01;31:*.cab=01;31:*.wim=01;31:*.swm=01;31:*.dwm=01;31:*.esd=01;31:*.avif=01;35:*.jpg=01;35:*.jpeg=01;35:*.mjpg=01;35:*.mjpeg=01;35:*.gif=01;35:*.bmp=01;35:*.pbm=01;35:*.pgm=01;35:*.ppm=01;35:*.tga=01;35:*.xbm=01;35:*.xpm=01;35:*.tif=01;35:*.tiff=01;35:*.png=01;35:*.svg=01;35:*.svgz=01;35:*.mng=01;35:*.pcx=01;35:*.mov=01;35:*.mpg=01;35:*.mpeg=01;35:*.m2v=01;35:*.mkv=01;35:*.webm=01;35:*.webp=01;35:*.ogm=01;35:*.mp4=01;35:*.m4v=01;35:*.mp4v=01;35:*.vob=01;35:*.qt=01;35:*.nuv=01;35:*.wmv=01;35:*.asf=01;35:*.rm=01;35:*.rmvb=01;35:*.flc=01;35:*.avi=01;35:*.fli=01;35:*.flv=01;35:*.gl=01;35:*.dl=01;35:*.xcf=01;35:*.xwd=01;35:*.yuv=01;35:*.cgm=01;35:*.emf=01;35:*.ogv=01;35:*.ogx=01;35:*.aac=00;36:*.au=00;36:*.flac=00;36:*.m4a=00;36:*.mid=00;36:*.midi=00;36:*.mka=00;36:*.mp3=00;36:*.mpc=00;36:*.ogg=00;36:*.ra=00;36:*.wav=00;36:*.oga=00;36:*.opus=00;36:*.spx=00;36:*.xspf=00;36:*~=00;90:*#=00;90:*.bak=00;90:*.crdownload=00;90:*.dpkg-dist=00;90:*.dpkg-new=00;90:*.dpkg-old=00;90:*.dpkg-tmp=00;90:*.old=00;90:*.orig=00;90:*.part=00;90:*.rej=00;90:*.rpmnew=00;90:*.rpmorig=00;90:*.rpmsave=00;90:*.swp=00;90:*.tmp=00;90:*.ucf-dist=00;90:*.ucf-new=00;90:*.ucf-old=00;90:', 'VSCODE_GIT_IPC_HANDLE': '/run/user/1000/vscode-git-62ff51fffd.sock', 'GNOME_TERMINAL_SERVICE': ':1.71', 'TERM_PROGRAM': 'vscode', 'CURSOR_TRACE_ID': 'ffaab556bf7649dd90272e33172ca6d7', 'SSH_AUTH_SOCK': '/run/user/1000/keyring/ssh', 'GSETTINGS_SCHEMA_DIR': '/tmp/.mount_cursoravwJ1l/usr/share/glib-2.0/schemas/:', 'XDG_GREETER_DATA_DIR': '/var/lib/lightdm-data/zenyn', 'AMENT_PREFIX_PATH': '/opt/ros/jazzy', 'ORIGINAL_XDG_CURRENT_DESKTOP': 'X-Cinnamon', 'SHELL': '/bin/bash', 'ARGV0': 'cursor', 'QT_ACCESSIBILITY': '1', 'GDMSESSION': 'cinnamon', 'LESSCLOSE': '/usr/bin/lesspipe %s %s', 'GPG_AGENT_INFO': '/run/user/1000/gnupg/S.gpg-agent:0:1', 'ROS_AUTOMATIC_DISCOVERY_RANGE': 'SUBNET', 'VSCODE_GIT_ASKPASS_EXTRA_ARGS': '', 'XDG_VTNR': '7', 'PWD': '/home/zenyn/Thrust-Control/build/thrust_control', 'LC_ALL': 'en_US.UTF-8', 'XDG_CONFIG_DIRS': '/etc/xdg/xdg-cinnamon:/etc/xdg', 'XDG_DATA_DIRS': '/tmp/.mount_cursoravwJ1l/usr/share/:/usr/local/share:/usr/share:/usr/share/cinnamon:/usr/share/gnome:/usr/local/share:/usr/share:/var/lib/snapd/desktop', 'PYTHONPATH': '/opt/ros/jazzy/lib/python3.12/site-packages', 'QT_PLUGIN_PATH': '/tmp/.mount_cursoravwJ1l/usr/lib/qt4/plugins/:/tmp/.mount_cursoravwJ1l/usr/lib/i386-linux-gnu/qt4/plugins/:/tmp/.mount_cursoravwJ1l/usr/lib/x86_64-linux-gnu/qt4/plugins/:/tmp/.mount_cursoravwJ1l/usr/lib/aarch64-linux-gnu/qt4/plugins/:/tmp/.mount_cursoravwJ1l/usr/lib32/qt4/plugins/:/tmp/.mount_cursoravwJ1l/usr/lib64/qt4/plugins/:/tmp/.mount_cursoravwJ1l/usr/lib/qt5/plugins/:/tmp/.mount_cursoravwJ1l/usr/lib/i386-linux-gnu/qt5/plugins/:/tmp/.mount_cursoravwJ1l/usr/lib/x86_64-linux-gnu/qt5/plugins/:/tmp/.mount_cursoravwJ1l/usr/lib/aarch64-linux-gnu/qt5/plugins/:/tmp/.mount_cursoravwJ1l/usr/lib32/qt5/plugins/:/tmp/.mount_cursoravwJ1l/usr/lib64/qt5/plugins/:', 'COLCON': '1', 'VTE_VERSION': '7600', 'CMAKE_PREFIX_PATH': '/opt/ros/jazzy/opt/gz_math_vendor:/opt/ros/jazzy/opt/gz_utils_vendor:/opt/ros/jazzy/opt/gz_cmake_vendor:/opt/ros/jazzy'}), 'shell': False}
[0.099722] (-) TimerEvent: {}
[0.183273] (thrust_control) StdoutLine: {'line': b'-- Project setup complete\n'}
[0.183720] (thrust_control) StdoutLine: {'line': b"-- Run 'make' to build the project\n"}
[0.183860] (thrust_control) StdoutLine: {'line': b"-- Run 'ctest' to execute the tests\n"}
[0.183983] (thrust_control) StdoutLine: {'line': b'-- Found ament_cmake: 2.5.3 (/opt/ros/jazzy/share/ament_cmake/cmake)\n'}
[0.199859] (-) TimerEvent: {}
[0.300272] (-) TimerEvent: {}
[0.387252] (thrust_control) StdoutLine: {'line': b'-- Found rclcpp: 28.1.8 (/opt/ros/jazzy/share/rclcpp/cmake)\n'}
[0.400365] (-) TimerEvent: {}
[0.406512] (thrust_control) StdoutLine: {'line': b'-- Found rosidl_generator_c: 4.6.5 (/opt/ros/jazzy/share/rosidl_generator_c/cmake)\n'}
[0.413369] (thrust_control) StdoutLine: {'line': b'-- Found rosidl_generator_cpp: 4.6.5 (/opt/ros/jazzy/share/rosidl_generator_cpp/cmake)\n'}
[0.421389] (thrust_control) StdoutLine: {'line': b'-- Using all available rosidl_typesupport_c: rosidl_typesupport_fastrtps_c;rosidl_typesupport_introspection_c\n'}
[0.431077] (thrust_control) StdoutLine: {'line': b'-- Using all available rosidl_typesupport_cpp: rosidl_typesupport_fastrtps_cpp;rosidl_typesupport_introspection_cpp\n'}
[0.475695] (thrust_control) StdoutLine: {'line': b'-- Found rmw_implementation_cmake: 7.3.2 (/opt/ros/jazzy/share/rmw_implementation_cmake/cmake)\n'}
[0.476466] (thrust_control) StdoutLine: {'line': b'-- Found rmw_fastrtps_cpp: 8.4.2 (/opt/ros/jazzy/share/rmw_fastrtps_cpp/cmake)\n'}
[0.500475] (-) TimerEvent: {}
[0.544652] (thrust_control) StdoutLine: {'line': b"-- Using RMW implementation 'rmw_fastrtps_cpp' as default\n"}
[0.591614] (thrust_control) StdoutLine: {'line': b'-- Found std_msgs: 5.3.6 (/opt/ros/jazzy/share/std_msgs/cmake)\n'}
[0.600637] (-) TimerEvent: {}
[0.601567] (thrust_control) StdoutLine: {'line': b'-- Found ament_lint_auto: 0.17.2 (/opt/ros/jazzy/share/ament_lint_auto/cmake)\n'}
[0.690118] (thrust_control) StdoutLine: {'line': b"-- Added test 'copyright' to check source files copyright and LICENSE\n"}
[0.700752] (-) TimerEvent: {}
[0.757085] (thrust_control) StdoutLine: {'line': b"-- Added test 'cppcheck' to perform static code analysis on C / C++ code\n"}
[0.757527] (thrust_control) StdoutLine: {'line': b'-- Configured cppcheck include dirs: /home/zenyn/Thrust-Control/src;/home/zenyn/Thrust-Control/Command-Interpreter/lib\n'}
[0.757694] (thrust_control) StdoutLine: {'line': b'-- Configured cppcheck exclude dirs and/or files: \n'}
[0.800973] (-) TimerEvent: {}
[0.819596] (thrust_control) StdoutLine: {'line': b"-- Added test 'cpplint' to check C / C++ code against the Google style\n"}
[0.819849] (thrust_control) StdoutLine: {'line': b'-- Configured cpplint exclude dirs and/or files: \n'}
[0.828973] (thrust_control) StdoutLine: {'line': b"-- Added test 'flake8' to check Python code syntax and style conventions\n"}
[0.829339] (thrust_control) StdoutLine: {'line': b"-- Configured 'flake8' exclude dirs and/or files: \n"}
[0.846453] (thrust_control) StdoutLine: {'line': b"-- Added test 'lint_cmake' to check CMake code style\n"}
[0.855205] (thrust_control) StdoutLine: {'line': b"-- Added test 'pep257' to check Python code against some of the docstring style conventions in PEP 257\n"}
[0.901190] (-) TimerEvent: {}
[0.917684] (thrust_control) StdoutLine: {'line': b"-- Added test 'uncrustify' to check C / C++ code style\n"}
[0.917934] (thrust_control) StdoutLine: {'line': b'-- Configured uncrustify additional arguments: \n'}
[0.926653] (thrust_control) StdoutLine: {'line': b"-- Added test 'xmllint' to check XML markup files\n"}
[0.928169] (thrust_control) StdoutLine: {'line': b'-- Configuring done (0.9s)\n'}
[0.951268] (thrust_control) StdoutLine: {'line': b'-- Generating done (0.0s)\n'}
[0.958190] (thrust_control) StdoutLine: {'line': b'-- Build files have been written to: /home/zenyn/Thrust-Control/build/thrust_control\n'}
[1.001322] (-) TimerEvent: {}
[1.007806] (thrust_control) StdoutLine: {'line': b'[ 10%] Built target PropulsionFunctions\n'}
[1.016572] (thrust_control) StdoutLine: {'line': b'[ 15%] Built target gtest\n'}
[1.016899] (thrust_control) StdoutLine: {'line': b'[ 25%] Built target controller_codegenTest\n'}
[1.017579] (thrust_control) StdoutLine: {'line': b'[ 33%] Built target controller_lib\n'}
[1.058606] (thrust_control) StdoutLine: {'line': b'[ 35%] \x1b[32mBuilding CXX object CMakeFiles/thrust_control.dir/src/main.cpp.o\x1b[0m\n'}
[1.062875] (thrust_control) StdoutLine: {'line': b'[ 38%] \x1b[32mBuilding CXX object CMakeFiles/thrust_control.dir/src/thrust_control_supervisor.cpp.o\x1b[0m\n'}
[1.063626] (thrust_control) StdoutLine: {'line': b'[ 41%] \x1b[32mBuilding CXX object CMakeFiles/thrust_control.dir/src/thrust_control_node.cpp.o\x1b[0m\n'}
[1.066687] (thrust_control) StdoutLine: {'line': b'[ 43%] \x1b[32mBuilding CXX object _deps/googletest-build/googletest/CMakeFiles/gtest_main.dir/src/gtest_main.cc.o\x1b[0m\n'}
[1.068009] (thrust_control) StdoutLine: {'line': b'[ 46%] \x1b[32mBuilding CXX object _deps/googletest-build/googlemock/CMakeFiles/gmock.dir/src/gmock-all.cc.o\x1b[0m\n'}
[1.069082] (thrust_control) StdoutLine: {'line': b'[ 48%] \x1b[32mBuilding CXX object include/exported-PID-control/test/CMakeFiles/controller_test.dir/controller_test.cpp.o\x1b[0m\n'}
[1.101515] (-) TimerEvent: {}
[1.201962] (-) TimerEvent: {}
[1.302382] (-) TimerEvent: {}
[1.352752] (thrust_control) StderrLine: {'line': b'In file included from \x1b[01m\x1b[K/home/zenyn/Thrust-Control/src/thrust_control_node.hpp:13\x1b[m\x1b[K,\n'}
[1.353043] (thrust_control) StderrLine: {'line': b'                 from \x1b[01m\x1b[K/home/zenyn/Thrust-Control/src/thrust_control_node.cpp:1\x1b[m\x1b[K:\n'}
[1.353174] (thrust_control) StderrLine: {'line': b'\x1b[01m\x1b[K/home/zenyn/Thrust-Control/src/thrust_control_supervisor.hpp:9:10:\x1b[m\x1b[K \x1b[01;31m\x1b[Kfatal error: \x1b[m\x1b[K../Command-Interpreter/lib/Command_Interpreter.h: No such file or directory\n'}
[1.353318] (thrust_control) StderrLine: {'line': b'    9 | #include \x1b[01;31m\x1b[K"../Command-Interpreter/lib/Command_Interpreter.h"\x1b[m\x1b[K\n'}
[1.353438] (thrust_control) StderrLine: {'line': b'      |          \x1b[01;31m\x1b[K^~~~~~~~~~~~~~~~~~~~~~~~~~~~~~~~~~~~~~~~~~~~~~~~~~\x1b[m\x1b[K\n'}
[1.353551] (thrust_control) StderrLine: {'line': b'compilation terminated.\n'}
[1.358648] (thrust_control) StderrLine: {'line': b'gmake[2]: *** [CMakeFiles/thrust_control.dir/build.make:90: CMakeFiles/thrust_control.dir/src/thrust_control_node.cpp.o] Error 1\n'}
[1.358911] (thrust_control) StderrLine: {'line': b'gmake[2]: *** Waiting for unfinished jobs....\n'}
[1.379214] (thrust_control) StderrLine: {'line': b'In file included from \x1b[01m\x1b[K/home/zenyn/Thrust-Control/src/thrust_control_node.hpp:13\x1b[m\x1b[K,\n'}
[1.379461] (thrust_control) StderrLine: {'line': b'                 from \x1b[01m\x1b[K/home/zenyn/Thrust-Control/src/main.cpp:1\x1b[m\x1b[K:\n'}
[1.379592] (thrust_control) StderrLine: {'line': b'\x1b[01m\x1b[K/home/zenyn/Thrust-Control/src/thrust_control_supervisor.hpp:9:10:\x1b[m\x1b[K \x1b[01;31m\x1b[Kfatal error: \x1b[m\x1b[K../Command-Interpreter/lib/Command_Interpreter.h: No such file or directory\n'}
[1.379842] (thrust_control) StderrLine: {'line': b'    9 | #include \x1b[01;31m\x1b[K"../Command-Interpreter/lib/Command_Interpreter.h"\x1b[m\x1b[K\n'}
[1.379959] (thrust_control) StderrLine: {'line': b'      |          \x1b[01;31m\x1b[K^~~~~~~~~~~~~~~~~~~~~~~~~~~~~~~~~~~~~~~~~~~~~~~~~~\x1b[m\x1b[K\n'}
[1.380066] (thrust_control) StderrLine: {'line': b'compilation terminated.\n'}
[1.380173] (thrust_control) StderrLine: {'line': b'In file included from \x1b[01m\x1b[K/home/zenyn/Thrust-Control/src/thrust_control_supervisor.cpp:1\x1b[m\x1b[K:\n'}
[1.380323] (thrust_control) StderrLine: {'line': b'\x1b[01m\x1b[K/home/zenyn/Thrust-Control/src/thrust_control_supervisor.hpp:9:10:\x1b[m\x1b[K \x1b[01;31m\x1b[Kfatal error: \x1b[m\x1b[K../Command-Interpreter/lib/Command_Interpreter.h: No such file or directory\n'}
[1.380439] (thrust_control) StderrLine: {'line': b'    9 | #include \x1b[01;31m\x1b[K"../Command-Interpreter/lib/Command_Interpreter.h"\x1b[m\x1b[K\n'}
[1.380545] (thrust_control) StderrLine: {'line': b'      |          \x1b[01;31m\x1b[K^~~~~~~~~~~~~~~~~~~~~~~~~~~~~~~~~~~~~~~~~~~~~~~~~~\x1b[m\x1b[K\n'}
[1.380650] (thrust_control) StderrLine: {'line': b'compilation terminated.\n'}
[1.382302] (thrust_control) StderrLine: {'line': b'gmake[2]: *** [CMakeFiles/thrust_control.dir/build.make:76: CMakeFiles/thrust_control.dir/src/main.cpp.o] Error 1\n'}
[1.382525] (thrust_control) StderrLine: {'line': b'gmake[2]: *** [CMakeFiles/thrust_control.dir/build.make:104: CMakeFiles/thrust_control.dir/src/thrust_control_supervisor.cpp.o] Error 1\n'}
[1.382705] (thrust_control) StderrLine: {'line': b'gmake[1]: *** [CMakeFiles/Makefile2:266: CMakeFiles/thrust_control.dir/all] Error 2\n'}
[1.382823] (thrust_control) StderrLine: {'line': b'gmake[1]: *** Waiting for unfinished jobs....\n'}
[1.402489] (-) TimerEvent: {}
[1.502828] (-) TimerEvent: {}
[1.603152] (-) TimerEvent: {}
[1.703457] (-) TimerEvent: {}
[1.753178] (thrust_control) StdoutLine: {'line': b'[ 51%] \x1b[32m\x1b[1mLinking CXX executable controller_test\x1b[0m\n'}
[1.802429] (thrust_control) StdoutLine: {'line': b'[ 53%] \x1b[32m\x1b[1mLinking CXX static library ../../../lib/libgtest_main.a\x1b[0m\n'}
[1.803539] (-) TimerEvent: {}
[1.858453] (thrust_control) StdoutLine: {'line': b'[ 53%] Built target gtest_main\n'}
[1.872010] (thrust_control) StdoutLine: {'line': b'[ 53%] Built target controller_test\n'}
[1.903718] (-) TimerEvent: {}
[2.004129] (-) TimerEvent: {}
[2.104419] (-) TimerEvent: {}
[2.204733] (-) TimerEvent: {}
[2.305096] (-) TimerEvent: {}
[2.384787] (thrust_control) StdoutLine: {'line': b'[ 56%] \x1b[32m\x1b[1mLinking CXX static library ../../../lib/libgmock.a\x1b[0m\n'}
[2.405254] (-) TimerEvent: {}
[2.457063] (thrust_control) StdoutLine: {'line': b'[ 56%] Built target gmock\n'}
[2.458949] (thrust_control) StderrLine: {'line': b'gmake: *** [Makefile:146: all] Error 2\n'}
[2.462176] (thrust_control) CommandEnded: {'returncode': 2}
[2.472023] (thrust_control) JobEnded: {'identifier': 'thrust_control', 'rc': 2}
[2.482857] (-) EventReactorShutdown: {}
