[0.008s] Invoking command in '/home/zenyn/Thrust-Control/build/thrust_control': CMAKE_PREFIX_PATH=${CMAKE_PREFIX_PATH}:/opt/ros/jazzy /usr/bin/cmake --build /home/zenyn/Thrust-Control/build/thrust_control -- -j12 -l12
[0.028s] -- Found ament_cmake: 2.5.3 (/opt/ros/jazzy/share/ament_cmake/cmake)
[0.198s] -- Found rclcpp: 28.1.8 (/opt/ros/jazzy/share/rclcpp/cmake)
[0.217s] -- Found rosidl_generator_c: 4.6.5 (/opt/ros/jazzy/share/rosidl_generator_c/cmake)
[0.224s] -- Found rosidl_generator_cpp: 4.6.5 (/opt/ros/jazzy/share/rosidl_generator_cpp/cmake)
[0.231s] -- Using all available rosidl_typesupport_c: rosidl_typesupport_fastrtps_c;rosidl_typesupport_introspection_c
[0.240s] -- Using all available rosidl_typesupport_cpp: rosidl_typesupport_fastrtps_cpp;rosidl_typesupport_introspection_cpp
[0.284s] -- Found rmw_implementation_cmake: 7.3.2 (/opt/ros/jazzy/share/rmw_implementation_cmake/cmake)
[0.285s] -- Found rmw_fastrtps_cpp: 8.4.2 (/opt/ros/jazzy/share/rmw_fastrtps_cpp/cmake)
[0.338s] -- Using RMW implementation 'rmw_fastrtps_cpp' as default
[0.385s] -- Found std_msgs: 5.3.6 (/opt/ros/jazzy/share/std_msgs/cmake)
[2.158s] -- Performing Test CMAKE_HAVE_LIBC_PTHREAD
[2.279s] -- Performing Test CMAKE_HAVE_LIBC_PTHREAD - Success
[2.280s] -- Found Threads: TRUE  
[2.290s] -- Found ament_lint_auto: 0.17.2 (/opt/ros/jazzy/share/ament_lint_auto/cmake)
[2.364s] -- Added test 'copyright' to check source files copyright and LICENSE
[2.397s] -- Added test 'cppcheck' to perform static code analysis on C / C++ code
[2.397s] -- Configured cppcheck include dirs: 
[2.397s] -- Configured cppcheck exclude dirs and/or files: 
[2.428s] -- Added test 'cpplint' to check C / C++ code against the Google style
[2.428s] -- Configured cpplint exclude dirs and/or files: 
[2.433s] -- Added test 'flake8' to check Python code syntax and style conventions
[2.433s] -- Configured 'flake8' exclude dirs and/or files: 
[2.440s] -- Added test 'lint_cmake' to check CMake code style
[2.445s] -- Added test 'pep257' to check Python code against some of the docstring style conventions in PEP 257
[2.476s] -- Added test 'uncrustify' to check C / C++ code style
[2.476s] -- Configured uncrustify additional arguments: 
[2.480s] -- Added test 'xmllint' to check XML markup files
[2.481s] -- Configuring done (2.5s)
[2.494s] -- Generating done (0.0s)
[2.498s] -- Build files have been written to: /home/zenyn/Thrust-Control/build/thrust_control
[2.536s] [  4%] [32mBuilding CXX object Command-Interpreter/CMakeFiles/PropulsionFunctions.dir/lib/Command_Interpreter.cpp.o[0m
[2.538s] [  9%] [32mBuilding CXX object Command-Interpreter/CMakeFiles/PropulsionFunctions.dir/lib/Wiring.cpp.o[0m
[2.540s] [ 19%] [32mBuilding CXX object _deps/googletest-build/googletest/CMakeFiles/gtest.dir/src/gtest-all.cc.o[0m
[2.540s] [ 19%] [32mBuilding CXX object Command-Interpreter/CMakeFiles/PropulsionFunctions.dir/lib/Serial.cpp.o[0m
[2.735s] [01m[K/home/zenyn/Thrust-Control/Command-Interpreter/lib/Wiring.cpp:[m[K In member function â€˜[01m[Kvoid WiringControl::[01;32m[KsetPinType[m[K(int, PinType)[m[Kâ€™:
[2.735s] [01m[K/home/zenyn/Thrust-Control/Command-Interpreter/lib/Wiring.cpp:70:61:[m[K [01;35m[Kwarning: [m[Kmissing initializer for member â€˜[01m[KPwmPinStatus::dutyCycle[m[Kâ€™ [[01;35m[K]8;;https://gcc.gnu.org/onlinedocs/gcc/Warning-Options.html#index-Wmissing-field-initializers-Wmissing-field-initializers]8;;[m[K]
[2.735s]    70 |             pwmPinStatuses[pinNumber] = PwmPinStatus{1500, 0[01;35m[K}[m[K;
[2.735s]       |                                                             [01;35m[K^[m[K
[2.736s] [01m[K/home/zenyn/Thrust-Control/Command-Interpreter/lib/Wiring.cpp:77:61:[m[K [01;35m[Kwarning: [m[Kmissing initializer for member â€˜[01m[KPwmPinStatus::dutyCycle[m[Kâ€™ [[01;35m[K]8;;https://gcc.gnu.org/onlinedocs/gcc/Warning-Options.html#index-Wmissing-field-initializers-Wmissing-field-initializers]8;;[m[K]
[2.736s]    77 |             pwmPinStatuses[pinNumber] = PwmPinStatus{1500, 0[01;35m[K}[m[K;
[2.736s]       |                                                             [01;35m[K^[m[K
[2.752s] In file included from [01m[K/home/zenyn/Thrust-Control/Command-Interpreter/lib/Command_Interpreter.cpp:7[m[K:
[2.752s] [01m[K/home/zenyn/Thrust-Control/Command-Interpreter/lib/Command_Interpreter.h:[m[K In constructor â€˜[01m[KCommand_Interpreter_RPi5::[01;32m[KCommand_Interpreter_RPi5[m[K(std::vector<PwmPin*>, std::vector<DigitalPin*>, const WiringControl&, std::ostream&, std::ostream&, std::ostream&)[m[Kâ€™:
[2.752s] [01m[K/home/zenyn/Thrust-Control/Command-Interpreter/lib/Command_Interpreter.h:168:19:[m[K [01;35m[Kwarning: [m[Kâ€˜[01m[KCommand_Interpreter_RPi5::errorLog[m[Kâ€™ will be initialized after [[01;35m[K]8;;https://gcc.gnu.org/onlinedocs/gcc/Warning-Options.html#index-Wreorder-Wreorder]8;;[m[K]
[2.753s]   168 |     std::ostream &[01;35m[KerrorLog[m[K;
[2.753s]       |                   [01;35m[K^~~~~~~~[m[K
[2.753s] [01m[K/home/zenyn/Thrust-Control/Command-Interpreter/lib/Command_Interpreter.h:167:19:[m[K [01;35m[Kwarning: [m[K  â€˜[01m[Kstd::ostream& Command_Interpreter_RPi5::outLog[m[Kâ€™ [[01;35m[K]8;;https://gcc.gnu.org/onlinedocs/gcc/Warning-Options.html#index-Wreorder-Wreorder]8;;[m[K]
[2.753s]   167 |     std::ostream &[01;35m[KoutLog[m[K;
[2.753s]       |                   [01;35m[K^~~~~~[m[K
[2.753s] [01m[K/home/zenyn/Thrust-Control/Command-Interpreter/lib/Command_Interpreter.cpp:125:1:[m[K [01;35m[Kwarning: [m[K  when initialized here [[01;35m[K]8;;https://gcc.gnu.org/onlinedocs/gcc/Warning-Options.html#index-Wreorder-Wreorder]8;;[m[K]
[2.753s]   125 | [01;35m[KCommand_Interpreter_RPi5[m[K::Command_Interpreter_RPi5(std::vector<PwmPin *> thrusterPins,
[2.753s]       | [01;35m[K^~~~~~~~~~~~~~~~~~~~~~~~[m[K
[2.753s] [01m[K/home/zenyn/Thrust-Control/Command-Interpreter/lib/Command_Interpreter.h:167:19:[m[K [01;35m[Kwarning: [m[Kâ€˜[01m[KCommand_Interpreter_RPi5::outLog[m[Kâ€™ will be initialized after [[01;35m[K]8;;https://gcc.gnu.org/onlinedocs/gcc/Warning-Options.html#index-Wreorder-Wreorder]8;;[m[K]
[2.753s]   167 |     std::ostream &[01;35m[KoutLog[m[K;
[2.754s]       |                   [01;35m[K^~~~~~[m[K
[2.754s] [01m[K/home/zenyn/Thrust-Control/Command-Interpreter/lib/Command_Interpreter.h:166:19:[m[K [01;35m[Kwarning: [m[K  â€˜[01m[Kstd::ostream& Command_Interpreter_RPi5::output[m[Kâ€™ [[01;35m[K]8;;https://gcc.gnu.org/onlinedocs/gcc/Warning-Options.html#index-Wreorder-Wreorder]8;;[m[K]
[2.754s]   166 |     std::ostream &[01;35m[Koutput[m[K;
[2.754s]       |                   [01;35m[K^~~~~~[m[K
[2.754s] [01m[K/home/zenyn/Thrust-Control/Command-Interpreter/lib/Command_Interpreter.cpp:125:1:[m[K [01;35m[Kwarning: [m[K  when initialized here [[01;35m[K]8;;https://gcc.gnu.org/onlinedocs/gcc/Warning-Options.html#index-Wreorder-Wreorder]8;;[m[K]
[2.754s]   125 | [01;35m[KCommand_Interpreter_RPi5[m[K::Command_Interpreter_RPi5(std::vector<PwmPin *> thrusterPins,
[2.754s]       | [01;35m[K^~~~~~~~~~~~~~~~~~~~~~~~[m[K
[2.758s] [01m[K/home/zenyn/Thrust-Control/Command-Interpreter/lib/Command_Interpreter.cpp:[m[K In member function â€˜[01m[Kvoid Command_Interpreter_RPi5::[01;32m[Kblind_execute[m[K(const CommandComponent&)[m[Kâ€™:
[2.758s] [01m[K/home/zenyn/Thrust-Control/Command-Interpreter/lib/Command_Interpreter.cpp:174:38:[m[K [01;31m[Kerror: [m[Kcannot convert â€˜[01m[KCommand_Interpreter_RPi5::interruptBlind_Execute[m[Kâ€™ from type â€˜[01m[Kvoid (Command_Interpreter_RPi5::)()[m[Kâ€™ to type â€˜[01m[Kbool[m[Kâ€™
[2.758s]   174 |     while (currentTime < endTime && ![01;31m[KinterruptBlind_Execute[m[K) {
[2.759s]       |                                      [01;31m[K^~~~~~~~~~~~~~~~~~~~~~[m[K
[2.759s] [01m[K/home/zenyn/Thrust-Control/Command-Interpreter/lib/Command_Interpreter.cpp:174:38:[m[K [01;31m[Kerror: [m[Kin argument to unary !
[2.818s] gmake[2]: *** [Command-Interpreter/CMakeFiles/PropulsionFunctions.dir/build.make:76: Command-Interpreter/CMakeFiles/PropulsionFunctions.dir/lib/Command_Interpreter.cpp.o] Error 1
[2.819s] gmake[2]: *** Waiting for unfinished jobs....
[2.884s] gmake[1]: *** [CMakeFiles/Makefile2:262: Command-Interpreter/CMakeFiles/PropulsionFunctions.dir/all] Error 2
[2.885s] gmake[1]: *** Waiting for unfinished jobs....
[5.110s] [ 23%] [32m[1mLinking CXX static library ../../../lib/libgtest.a[0m
[5.176s] [ 23%] Built target gtest
[5.177s] gmake: *** [Makefile:146: all] Error 2
[5.180s] Invoked command in '/home/zenyn/Thrust-Control/build/thrust_control' returned '2': CMAKE_PREFIX_PATH=${CMAKE_PREFIX_PATH}:/opt/ros/jazzy /usr/bin/cmake --build /home/zenyn/Thrust-Control/build/thrust_control -- -j12 -l12
