[  7%] Built target controller_lib
[ 17%] Built target controller_codegenTest
[ 28%] Built target PropulsionFunctions
[ 33%] Built target gtest
[ 38%] Built target controller_test
[ 48%] Built target gtest_main
[ 48%] Built target gmock
[ 51%] [32mBuilding CXX object CMakeFiles/thrust_control.dir/src/thrust_control_supervisor.cpp.o[0m
[ 56%] Built target gmock_main
[ 69%] Built target propulsion_test
[ 71%] [32mBuilding CXX object CMakeFiles/test_thrust_control_supervisor.dir/src/thrust_control_supervisor.cpp.o[0m
[ 74%] [32mBuilding CXX object CMakeFiles/test_thrust_control_node.dir/src/thrust_control_supervisor.cpp.o[0m
[01m[K/home/zenyn/Thrust-Control/src/thrust_control_supervisor.cpp:[m[K In member function â€˜[01m[Kvoid thrust_control::ThrustControlSupervisor::[01;32m[Kfeed_forward_pwm[m[K()[m[Kâ€™:
[01m[K/home/zenyn/Thrust-Control/src/thrust_control_supervisor.cpp:49:33:[m[K [01;31m[Kerror: [m[Kcannot convert â€˜[01m[Kstd::array<int, 8>[m[Kâ€™ to â€˜[01m[Kpwm_array[m[Kâ€™
   49 |   _interpreter->untimed_execute([01;31m[K_manual_pwm[m[K);
      |                                 [01;31m[K^~~~~~~~~~~[m[K
      |                                 [01;31m[K|[m[K
      |                                 [01;31m[Kstd::array<int, 8>[m[K
In file included from [01m[K/home/zenyn/Thrust-Control/src/thrust_control_supervisor.hpp:9[m[K,
                 from [01m[K/home/zenyn/Thrust-Control/src/thrust_control_supervisor.cpp:1[m[K:
[01m[K/home/zenyn/Thrust-Control/src/../include/Command_Interpreter/src/Command_Interpreter.hpp:188:36:[m[K [01;36m[Knote: [m[K  initializing argument 1 of â€˜[01m[Kvoid Command_Interpreter_RPi5::[01;32m[Kuntimed_execute[m[K(pwm_array)[m[Kâ€™
  188 |     void untimed_execute([01;36m[Kpwm_array thrusterPwms[m[K);
      |                          [01;36m[K~~~~~~~~~~^~~~~~~~~~~~[m[K
[01m[K/home/zenyn/Thrust-Control/src/thrust_control_supervisor.cpp:[m[K In member function â€˜[01m[Kvoid thrust_control::ThrustControlSupervisor::[01;32m[Kexecute_pwm[m[K(std::array<int, 8>)[m[Kâ€™:
[01m[K/home/zenyn/Thrust-Control/src/thrust_control_supervisor.cpp:88:15:[m[K [01;31m[Kerror: [m[Kdeclaration of â€˜[01m[Kpwm_array pwm[m[Kâ€™ shadows a parameter
   88 |     pwm_array [01;31m[Kpwm[m[K;
      |               [01;31m[K^~~[m[K
[01m[K/home/zenyn/Thrust-Control/src/thrust_control_supervisor.cpp:85:62:[m[K [01;36m[Knote: [m[Kâ€˜[01m[Kstd::array<int, 8> pwm[m[Kâ€™ previously declared here
   85 | void ThrustControlSupervisor::execute_pwm([01;36m[Kstd::array<int, 8> pwm[m[K)
      |                                           [01;36m[K~~~~~~~~~~~~~~~~~~~^~~[m[K
[01m[K/home/zenyn/Thrust-Control/src/thrust_control_supervisor.cpp:88:15:[m[K [01;31m[Kerror: [m[Kunused variable â€˜[01m[Kpwm[m[Kâ€™ [[01;31m[K]8;;https://gcc.gnu.org/onlinedocs/gcc/Warning-Options.html#index-Wunused-variable-Werror=unused-variable]8;;[m[K]
   88 |     pwm_array [01;31m[Kpwm[m[K;
      |               [01;31m[K^~~[m[K
[01m[K/home/zenyn/Thrust-Control/src/thrust_control_supervisor.cpp:85:62:[m[K [01;31m[Kerror: [m[Kunused parameter â€˜[01m[Kpwm[m[Kâ€™ [[01;31m[K]8;;https://gcc.gnu.org/onlinedocs/gcc/Warning-Options.html#index-Wunused-parameter-Werror=unused-parameter]8;;[m[K]
   85 | void ThrustControlSupervisor::execute_pwm([01;31m[Kstd::array<int, 8> pwm[m[K)
      |                                           [01;31m[K~~~~~~~~~~~~~~~~~~~^~~[m[K
[01m[K/home/zenyn/Thrust-Control/src/thrust_control_supervisor.cpp:[m[K In member function â€˜[01m[Kvoid thrust_control::ThrustControlSupervisor::[01;32m[Kfeed_forward_pwm[m[K()[m[Kâ€™:
[01m[K/home/zenyn/Thrust-Control/src/thrust_control_supervisor.cpp:49:33:[m[K [01;31m[Kerror: [m[Kcannot convert â€˜[01m[Kstd::array<int, 8>[m[Kâ€™ to â€˜[01m[Kpwm_array[m[Kâ€™
   49 |   _interpreter->untimed_execute([01;31m[K_manual_pwm[m[K);
      |                                 [01;31m[K^~~~~~~~~~~[m[K
      |                                 [01;31m[K|[m[K
      |                                 [01;31m[Kstd::array<int, 8>[m[K
In file included from [01m[K/home/zenyn/Thrust-Control/src/thrust_control_supervisor.hpp:9[m[K,
                 from [01m[K/home/zenyn/Thrust-Control/src/thrust_control_supervisor.cpp:1[m[K:
[01m[K/home/zenyn/Thrust-Control/src/../include/Command_Interpreter/src/Command_Interpreter.hpp:188:36:[m[K [01;36m[Knote: [m[K  initializing argument 1 of â€˜[01m[Kvoid Command_Interpreter_RPi5::[01;32m[Kuntimed_execute[m[K(pwm_array)[m[Kâ€™
  188 |     void untimed_execute([01;36m[Kpwm_array thrusterPwms[m[K);
      |                          [01;36m[K~~~~~~~~~~^~~~~~~~~~~~[m[K
[01m[K/home/zenyn/Thrust-Control/src/thrust_control_supervisor.cpp:[m[K In member function â€˜[01m[Kvoid thrust_control::ThrustControlSupervisor::[01;32m[Kexecute_pwm[m[K(std::array<int, 8>)[m[Kâ€™:
[01m[K/home/zenyn/Thrust-Control/src/thrust_control_supervisor.cpp:88:15:[m[K [01;31m[Kerror: [m[Kdeclaration of â€˜[01m[Kpwm_array pwm[m[Kâ€™ shadows a parameter
   88 |     pwm_array [01;31m[Kpwm[m[K;
      |               [01;31m[K^~~[m[K
[01m[K/home/zenyn/Thrust-Control/src/thrust_control_supervisor.cpp:85:62:[m[K [01;36m[Knote: [m[Kâ€˜[01m[Kstd::array<int, 8> pwm[m[Kâ€™ previously declared here
   85 | void ThrustControlSupervisor::execute_pwm([01;36m[Kstd::array<int, 8> pwm[m[K)
      |                                           [01;36m[K~~~~~~~~~~~~~~~~~~~^~~[m[K
[01m[K/home/zenyn/Thrust-Control/src/thrust_control_supervisor.cpp:88:15:[m[K [01;31m[Kerror: [m[Kunused variable â€˜[01m[Kpwm[m[Kâ€™ [[01;31m[K]8;;https://gcc.gnu.org/onlinedocs/gcc/Warning-Options.html#index-Wunused-variable-Werror=unused-variable]8;;[m[K]
   88 |     pwm_array [01;31m[Kpwm[m[K;
      |               [01;31m[K^~~[m[K
[01m[K/home/zenyn/Thrust-Control/src/thrust_control_supervisor.cpp:85:62:[m[K [01;31m[Kerror: [m[Kunused parameter â€˜[01m[Kpwm[m[Kâ€™ [[01;31m[K]8;;https://gcc.gnu.org/onlinedocs/gcc/Warning-Options.html#index-Wunused-parameter-Werror=unused-parameter]8;;[m[K]
   85 | void ThrustControlSupervisor::execute_pwm([01;31m[Kstd::array<int, 8> pwm[m[K)
      |                                           [01;31m[K~~~~~~~~~~~~~~~~~~~^~~[m[K
cc1plus: all warnings being treated as errors
cc1plus: all warnings being treated as errors
gmake[2]: *** [CMakeFiles/thrust_control.dir/build.make:104: CMakeFiles/thrust_control.dir/src/thrust_control_supervisor.cpp.o] Error 1
gmake[1]: *** [CMakeFiles/Makefile2:266: CMakeFiles/thrust_control.dir/all] Error 2
gmake[1]: *** Waiting for unfinished jobs....
gmake[2]: *** [CMakeFiles/test_thrust_control_supervisor.dir/build.make:104: CMakeFiles/test_thrust_control_supervisor.dir/src/thrust_control_supervisor.cpp.o] Error 1
gmake[1]: *** [CMakeFiles/Makefile2:324: CMakeFiles/test_thrust_control_supervisor.dir/all] Error 2
[01m[K/home/zenyn/Thrust-Control/src/thrust_control_supervisor.cpp:[m[K In member function â€˜[01m[Kvoid thrust_control::ThrustControlSupervisor::[01;32m[Kfeed_forward_pwm[m[K()[m[Kâ€™:
[01m[K/home/zenyn/Thrust-Control/src/thrust_control_supervisor.cpp:49:33:[m[K [01;31m[Kerror: [m[Kcannot convert â€˜[01m[Kstd::array<int, 8>[m[Kâ€™ to â€˜[01m[Kpwm_array[m[Kâ€™
   49 |   _interpreter->untimed_execute([01;31m[K_manual_pwm[m[K);
      |                                 [01;31m[K^~~~~~~~~~~[m[K
      |                                 [01;31m[K|[m[K
      |                                 [01;31m[Kstd::array<int, 8>[m[K
In file included from [01m[K/home/zenyn/Thrust-Control/src/thrust_control_supervisor.hpp:9[m[K,
                 from [01m[K/home/zenyn/Thrust-Control/src/thrust_control_supervisor.cpp:1[m[K:
[01m[K/home/zenyn/Thrust-Control/src/../include/Command_Interpreter/src/Command_Interpreter.hpp:188:36:[m[K [01;36m[Knote: [m[K  initializing argument 1 of â€˜[01m[Kvoid Command_Interpreter_RPi5::[01;32m[Kuntimed_execute[m[K(pwm_array)[m[Kâ€™
  188 |     void untimed_execute([01;36m[Kpwm_array thrusterPwms[m[K);
      |                          [01;36m[K~~~~~~~~~~^~~~~~~~~~~~[m[K
[01m[K/home/zenyn/Thrust-Control/src/thrust_control_supervisor.cpp:[m[K In member function â€˜[01m[Kvoid thrust_control::ThrustControlSupervisor::[01;32m[Kexecute_pwm[m[K(std::array<int, 8>)[m[Kâ€™:
[01m[K/home/zenyn/Thrust-Control/src/thrust_control_supervisor.cpp:88:15:[m[K [01;31m[Kerror: [m[Kdeclaration of â€˜[01m[Kpwm_array pwm[m[Kâ€™ shadows a parameter
   88 |     pwm_array [01;31m[Kpwm[m[K;
      |               [01;31m[K^~~[m[K
[01m[K/home/zenyn/Thrust-Control/src/thrust_control_supervisor.cpp:85:62:[m[K [01;36m[Knote: [m[Kâ€˜[01m[Kstd::array<int, 8> pwm[m[Kâ€™ previously declared here
   85 | void ThrustControlSupervisor::execute_pwm([01;36m[Kstd::array<int, 8> pwm[m[K)
      |                                           [01;36m[K~~~~~~~~~~~~~~~~~~~^~~[m[K
[01m[K/home/zenyn/Thrust-Control/src/thrust_control_supervisor.cpp:88:15:[m[K [01;31m[Kerror: [m[Kunused variable â€˜[01m[Kpwm[m[Kâ€™ [[01;31m[K]8;;https://gcc.gnu.org/onlinedocs/gcc/Warning-Options.html#index-Wunused-variable-Werror=unused-variable]8;;[m[K]
   88 |     pwm_array [01;31m[Kpwm[m[K;
      |               [01;31m[K^~~[m[K
[01m[K/home/zenyn/Thrust-Control/src/thrust_control_supervisor.cpp:85:62:[m[K [01;31m[Kerror: [m[Kunused parameter â€˜[01m[Kpwm[m[Kâ€™ [[01;31m[K]8;;https://gcc.gnu.org/onlinedocs/gcc/Warning-Options.html#index-Wunused-parameter-Werror=unused-parameter]8;;[m[K]
   85 | void ThrustControlSupervisor::execute_pwm([01;31m[Kstd::array<int, 8> pwm[m[K)
      |                                           [01;31m[K~~~~~~~~~~~~~~~~~~~^~~[m[K
cc1plus: all warnings being treated as errors
gmake[2]: *** [CMakeFiles/test_thrust_control_node.dir/build.make:104: CMakeFiles/test_thrust_control_node.dir/src/thrust_control_supervisor.cpp.o] Error 1
gmake[1]: *** [CMakeFiles/Makefile2:295: CMakeFiles/test_thrust_control_node.dir/all] Error 2
gmake: *** [Makefile:146: all] Error 2
