[0.009s] Invoking command in '/home/zenyn/Thrust-Control/build/thrust_control': CMAKE_PREFIX_PATH=${CMAKE_PREFIX_PATH}:/opt/ros/jazzy /usr/bin/cmake --build /home/zenyn/Thrust-Control/build/thrust_control -- -j12 -l12
[0.069s] [  9%] [32mBuilding CXX object Command-Interpreter/CMakeFiles/PropulsionFunctions.dir/lib/Wiring.cpp.o[0m
[0.069s] [  9%] [32mBuilding CXX object Command-Interpreter/CMakeFiles/PropulsionFunctions.dir/lib/Command_Interpreter.cpp.o[0m
[0.071s] [ 18%] Built target gtest
[0.096s] [ 27%] [32mBuilding CXX object _deps/googletest-build/googlemock/CMakeFiles/gmock.dir/src/gmock-all.cc.o[0m
[0.096s] [ 27%] [32mBuilding CXX object _deps/googletest-build/googletest/CMakeFiles/gtest_main.dir/src/gtest_main.cc.o[0m
[0.283s] In file included from [01m[K/home/zenyn/Thrust-Control/Command-Interpreter/lib/Command_Interpreter.cpp:7[m[K:
[0.283s] [01m[K/home/zenyn/Thrust-Control/Command-Interpreter/lib/Command_Interpreter.h:[m[K In constructor â€˜[01m[KCommand_Interpreter_RPi5::[01;32m[KCommand_Interpreter_RPi5[m[K(std::vector<PwmPin*>, std::vector<DigitalPin*>, const WiringControl&, std::ostream&, std::ostream&, std::ostream&)[m[Kâ€™:
[0.283s] [01m[K/home/zenyn/Thrust-Control/Command-Interpreter/lib/Command_Interpreter.h:168:19:[m[K [01;31m[Kerror: [m[Kâ€˜[01m[KCommand_Interpreter_RPi5::errorLog[m[Kâ€™ will be initialized after [[01;31m[K]8;;https://gcc.gnu.org/onlinedocs/gcc/Warning-Options.html#index-Wreorder-Werror=reorder]8;;[m[K]
[0.283s]   168 |     std::ostream &[01;31m[KerrorLog[m[K;
[0.284s]       |                   [01;31m[K^~~~~~~~[m[K
[0.284s] [01m[K/home/zenyn/Thrust-Control/Command-Interpreter/lib/Command_Interpreter.h:167:19:[m[K [01;31m[Kerror: [m[K  â€˜[01m[Kstd::ostream& Command_Interpreter_RPi5::outLog[m[Kâ€™ [[01;31m[K]8;;https://gcc.gnu.org/onlinedocs/gcc/Warning-Options.html#index-Wreorder-Werror=reorder]8;;[m[K]
[0.284s]   167 |     std::ostream &[01;31m[KoutLog[m[K;
[0.284s]       |                   [01;31m[K^~~~~~[m[K
[0.284s] [01m[K/home/zenyn/Thrust-Control/Command-Interpreter/lib/Command_Interpreter.cpp:125:1:[m[K [01;31m[Kerror: [m[K  when initialized here [[01;31m[K]8;;https://gcc.gnu.org/onlinedocs/gcc/Warning-Options.html#index-Wreorder-Werror=reorder]8;;[m[K]
[0.284s]   125 | [01;31m[KCommand_Interpreter_RPi5[m[K::Command_Interpreter_RPi5(std::vector<PwmPin *> thrusterPins,
[0.284s]       | [01;31m[K^~~~~~~~~~~~~~~~~~~~~~~~[m[K
[0.284s] [01m[K/home/zenyn/Thrust-Control/Command-Interpreter/lib/Command_Interpreter.h:167:19:[m[K [01;31m[Kerror: [m[Kâ€˜[01m[KCommand_Interpreter_RPi5::outLog[m[Kâ€™ will be initialized after [[01;31m[K]8;;https://gcc.gnu.org/onlinedocs/gcc/Warning-Options.html#index-Wreorder-Werror=reorder]8;;[m[K]
[0.284s]   167 |     std::ostream &[01;31m[KoutLog[m[K;
[0.284s]       |                   [01;31m[K^~~~~~[m[K
[0.285s] [01m[K/home/zenyn/Thrust-Control/Command-Interpreter/lib/Command_Interpreter.h:166:19:[m[K [01;31m[Kerror: [m[K  â€˜[01m[Kstd::ostream& Command_Interpreter_RPi5::output[m[Kâ€™ [[01;31m[K]8;;https://gcc.gnu.org/onlinedocs/gcc/Warning-Options.html#index-Wreorder-Werror=reorder]8;;[m[K]
[0.285s]   166 |     std::ostream &[01;31m[Koutput[m[K;
[0.285s]       |                   [01;31m[K^~~~~~[m[K
[0.285s] [01m[K/home/zenyn/Thrust-Control/Command-Interpreter/lib/Command_Interpreter.cpp:125:1:[m[K [01;31m[Kerror: [m[K  when initialized here [[01;31m[K]8;;https://gcc.gnu.org/onlinedocs/gcc/Warning-Options.html#index-Wreorder-Werror=reorder]8;;[m[K]
[0.285s]   125 | [01;31m[KCommand_Interpreter_RPi5[m[K::Command_Interpreter_RPi5(std::vector<PwmPin *> thrusterPins,
[0.285s]       | [01;31m[K^~~~~~~~~~~~~~~~~~~~~~~~[m[K
[0.421s] [01m[K/home/zenyn/Thrust-Control/Command-Interpreter/lib/Wiring.cpp:[m[K In member function â€˜[01m[Kvoid WiringControl::[01;32m[KsetPinType[m[K(int, PinType)[m[Kâ€™:
[0.421s] [01m[K/home/zenyn/Thrust-Control/Command-Interpreter/lib/Wiring.cpp:70:61:[m[K [01;31m[Kerror: [m[Kmissing initializer for member â€˜[01m[KPwmPinStatus::dutyCycle[m[Kâ€™ [[01;31m[K]8;;https://gcc.gnu.org/onlinedocs/gcc/Warning-Options.html#index-Wmissing-field-initializers-Werror=missing-field-initializers]8;;[m[K]
[0.421s]    70 |             pwmPinStatuses[pinNumber] = PwmPinStatus{1500, 0[01;31m[K}[m[K;
[0.421s]       |                                                             [01;31m[K^[m[K
[0.422s] [01m[K/home/zenyn/Thrust-Control/Command-Interpreter/lib/Wiring.cpp:77:61:[m[K [01;31m[Kerror: [m[Kmissing initializer for member â€˜[01m[KPwmPinStatus::dutyCycle[m[Kâ€™ [[01;31m[K]8;;https://gcc.gnu.org/onlinedocs/gcc/Warning-Options.html#index-Wmissing-field-initializers-Werror=missing-field-initializers]8;;[m[K]
[0.422s]    77 |             pwmPinStatuses[pinNumber] = PwmPinStatus{1500, 0[01;31m[K}[m[K;
[0.422s]       |                                                             [01;31m[K^[m[K
[0.478s] cc1plus: all warnings being treated as errors
[0.482s] gmake[2]: *** [Command-Interpreter/CMakeFiles/PropulsionFunctions.dir/build.make:76: Command-Interpreter/CMakeFiles/PropulsionFunctions.dir/lib/Command_Interpreter.cpp.o] Error 1
[0.482s] gmake[2]: *** Waiting for unfinished jobs....
[0.679s] cc1plus: all warnings being treated as errors
[0.684s] gmake[2]: *** [Command-Interpreter/CMakeFiles/PropulsionFunctions.dir/build.make:90: Command-Interpreter/CMakeFiles/PropulsionFunctions.dir/lib/Wiring.cpp.o] Error 1
[0.684s] gmake[1]: *** [CMakeFiles/Makefile2:262: Command-Interpreter/CMakeFiles/PropulsionFunctions.dir/all] Error 2
[0.684s] gmake[1]: *** Waiting for unfinished jobs....
[0.756s] [ 31%] [32m[1mLinking CXX static library ../../../lib/libgtest_main.a[0m
[0.792s] [ 31%] Built target gtest_main
[1.247s] [ 36%] [32m[1mLinking CXX static library ../../../lib/libgmock.a[0m
[1.303s] [ 36%] Built target gmock
[1.304s] gmake: *** [Makefile:146: all] Error 2
[1.307s] Invoked command in '/home/zenyn/Thrust-Control/build/thrust_control' returned '2': CMAKE_PREFIX_PATH=${CMAKE_PREFIX_PATH}:/opt/ros/jazzy /usr/bin/cmake --build /home/zenyn/Thrust-Control/build/thrust_control -- -j12 -l12
