[01m[K/home/zenyn/Thrust-Control/thrust_control_supervisor.cpp:[m[K In member function â€˜[01m[Kvoid thrust_control::ThrustControlSupervisor::[01;32m[Kprocess_pwm_command[m[K(std::array<int, 8>)[m[Kâ€™:
[01m[K/home/zenyn/Thrust-Control/thrust_control_supervisor.cpp:32:13:[m[K [01;31m[Kerror: [m[Kâ€˜[01m[Kclass thrust_control::ThrustControlSupervisor[m[Kâ€™ has no member named â€˜[01m[Kcontrol_mode[m[Kâ€™; did you mean â€˜[01m[Kcontrol_mode_[m[Kâ€™?
   32 |   if (this->[01;31m[Kcontrol_mode[m[K == FEED_FORWARD) { this->feed_forward_pwm(pwm); }
      |             [01;31m[K^~~~~~~~~~~~[m[K
      |             [32m[Kcontrol_mode_[m[K
[01m[K/home/zenyn/Thrust-Control/thrust_control_supervisor.cpp:33:13:[m[K [01;31m[Kerror: [m[Kâ€˜[01m[Kclass thrust_control::ThrustControlSupervisor[m[Kâ€™ has no member named â€˜[01m[Kcontrol_mode[m[Kâ€™; did you mean â€˜[01m[Kcontrol_mode_[m[Kâ€™?
   33 |   if (this->[01;31m[Kcontrol_mode[m[K == PID){ this->pid_pwm(pwm); }
      |             [01;31m[K^~~~~~~~~~~~[m[K
      |             [32m[Kcontrol_mode_[m[K
gmake[2]: *** [CMakeFiles/thrust_control.dir/build.make:90: CMakeFiles/thrust_control.dir/thrust_control_supervisor.cpp.o] Error 1
gmake[1]: *** [CMakeFiles/Makefile2:137: CMakeFiles/thrust_control.dir/all] Error 2
gmake: *** [Makefile:146: all] Error 2
