[0.008s] Invoking command in '/home/zenyn/Thrust-Control/build/thrust_control': CMAKE_PREFIX_PATH=${CMAKE_PREFIX_PATH}:/opt/ros/jazzy /usr/bin/cmake --build /home/zenyn/Thrust-Control/build/thrust_control -- -j12 -l12
[0.139s] -- Project setup complete
[0.139s] -- Run 'make' to build the project
[0.139s] -- Run 'ctest' to execute the tests
[0.140s] -- Found ament_cmake: 2.5.3 (/opt/ros/jazzy/share/ament_cmake/cmake)
[0.340s] -- Found rclcpp: 28.1.8 (/opt/ros/jazzy/share/rclcpp/cmake)
[0.360s] -- Found rosidl_generator_c: 4.6.5 (/opt/ros/jazzy/share/rosidl_generator_c/cmake)
[0.366s] -- Found rosidl_generator_cpp: 4.6.5 (/opt/ros/jazzy/share/rosidl_generator_cpp/cmake)
[0.373s] -- Using all available rosidl_typesupport_c: rosidl_typesupport_fastrtps_c;rosidl_typesupport_introspection_c
[0.382s] -- Using all available rosidl_typesupport_cpp: rosidl_typesupport_fastrtps_cpp;rosidl_typesupport_introspection_cpp
[0.426s] -- Found rmw_implementation_cmake: 7.3.2 (/opt/ros/jazzy/share/rmw_implementation_cmake/cmake)
[0.427s] -- Found rmw_fastrtps_cpp: 8.4.2 (/opt/ros/jazzy/share/rmw_fastrtps_cpp/cmake)
[0.483s] -- Using RMW implementation 'rmw_fastrtps_cpp' as default
[0.529s] -- Found std_msgs: 5.3.6 (/opt/ros/jazzy/share/std_msgs/cmake)
[0.539s] -- Found ament_lint_auto: 0.17.2 (/opt/ros/jazzy/share/ament_lint_auto/cmake)
[0.622s] -- Added test 'copyright' to check source files copyright and LICENSE
[0.685s] -- Added test 'cppcheck' to perform static code analysis on C / C++ code
[0.685s] -- Configured cppcheck include dirs: /home/zenyn/Thrust-Control/src;/home/zenyn/Thrust-Control/Command-Interpreter/lib;/home/zenyn/Thrust-Control/include
[0.685s] -- Configured cppcheck exclude dirs and/or files: 
[0.749s] -- Added test 'cpplint' to check C / C++ code against the Google style
[0.749s] -- Configured cpplint exclude dirs and/or files: 
[0.757s] -- Added test 'flake8' to check Python code syntax and style conventions
[0.757s] -- Configured 'flake8' exclude dirs and/or files: 
[0.772s] -- Added test 'lint_cmake' to check CMake code style
[0.780s] -- Added test 'pep257' to check Python code against some of the docstring style conventions in PEP 257
[0.844s] -- Added test 'uncrustify' to check C / C++ code style
[0.844s] -- Configured uncrustify additional arguments: 
[0.853s] -- Added test 'xmllint' to check XML markup files
[0.854s] -- Configuring done (0.8s)
[0.876s] -- Generating done (0.0s)
[0.883s] -- Build files have been written to: /home/zenyn/Thrust-Control/build/thrust_control
[0.921s] [  7%] Built target controller_lib
[0.921s] [ 20%] Built target PropulsionFunctions
[0.921s] [ 28%] Built target controller_codegenTest
[0.922s] [ 33%] Built target gtest
[0.943s] [ 38%] Built target gmock
[0.943s] [ 43%] Built target gtest_main
[0.950s] [ 48%] Built target controller_test
[0.964s] [ 51%] [32mBuilding CXX object CMakeFiles/thrust_control.dir/src/thrust_control_supervisor.cpp.o[0m
[0.971s] [ 53%] [32mBuilding CXX object CMakeFiles/test_thrust_control_supervisor.dir/tests/test_thrust_control_supervisor.cpp.o[0m
[0.972s] [ 58%] Built target gmock_main
[0.975s] [ 61%] [32mBuilding CXX object CMakeFiles/test_thrust_control_node.dir/tests/test_thrust_control_node.cpp.o[0m
[0.976s] [ 66%] [32mBuilding CXX object CMakeFiles/test_thrust_control_node.dir/src/thrust_control_supervisor.cpp.o[0m
[0.976s] [ 66%] [32mBuilding CXX object CMakeFiles/test_thrust_control_node.dir/src/thrust_control_node.cpp.o[0m
[0.976s] [ 69%] [32mBuilding CXX object CMakeFiles/test_thrust_control_supervisor.dir/src/thrust_control_supervisor.cpp.o[0m
[0.980s] [ 82%] Built target propulsion_test
[1.128s] In file included from [01m[K/home/zenyn/Thrust-Control/src/thrust_control_supervisor.cpp:1[m[K:
[1.129s] [01m[K/home/zenyn/Thrust-Control/src/thrust_control_supervisor.hpp:14:10:[m[K [01;31m[Kfatal error: [m[Kexported-PID-control/src/controller_codegenTest.h: No such file or directory
[1.129s]    14 | #include [01;31m[K"exported-PID-control/src/controller_codegenTest.h"[m[K
[1.129s]       |          [01;31m[K^~~~~~~~~~~~~~~~~~~~~~~~~~~~~~~~~~~~~~~~~~~~~~~~~~~[m[K
[1.129s] compilation terminated.
[1.129s] In file included from [01m[K/home/zenyn/Thrust-Control/src/thrust_control_node.hpp:13[m[K,
[1.129s]                  from [01m[K/home/zenyn/Thrust-Control/src/thrust_control_node.cpp:1[m[K:
[1.129s] [01m[K/home/zenyn/Thrust-Control/src/thrust_control_supervisor.hpp:14:10:[m[K [01;31m[Kfatal error: [m[Kexported-PID-control/src/controller_codegenTest.h: No such file or directory
[1.129s]    14 | #include [01;31m[K"exported-PID-control/src/controller_codegenTest.h"[m[K
[1.129s]       |          [01;31m[K^~~~~~~~~~~~~~~~~~~~~~~~~~~~~~~~~~~~~~~~~~~~~~~~~~~[m[K
[1.130s] compilation terminated.
[1.133s] gmake[2]: *** [CMakeFiles/test_thrust_control_node.dir/build.make:118: CMakeFiles/test_thrust_control_node.dir/src/thrust_control_node.cpp.o] Error 1
[1.133s] gmake[2]: *** Waiting for unfinished jobs....
[1.133s] gmake[2]: *** [CMakeFiles/test_thrust_control_node.dir/build.make:104: CMakeFiles/test_thrust_control_node.dir/src/thrust_control_supervisor.cpp.o] Error 1
[1.209s] In file included from [01m[K/home/zenyn/Thrust-Control/tests/test_thrust_control_node.cpp:6[m[K:
[1.209s] [01m[K/home/zenyn/Thrust-Control/tests/../src/thrust_control_supervisor.hpp:14:10:[m[K [01;31m[Kfatal error: [m[Kexported-PID-control/src/controller_codegenTest.h: No such file or directory
[1.209s]    14 | #include [01;31m[K"exported-PID-control/src/controller_codegenTest.h"[m[K
[1.209s]       |          [01;31m[K^~~~~~~~~~~~~~~~~~~~~~~~~~~~~~~~~~~~~~~~~~~~~~~~~~~[m[K
[1.209s] compilation terminated.
[1.212s] gmake[2]: *** [CMakeFiles/test_thrust_control_node.dir/build.make:76: CMakeFiles/test_thrust_control_node.dir/tests/test_thrust_control_node.cpp.o] Error 1
[1.213s] gmake[1]: *** [CMakeFiles/Makefile2:295: CMakeFiles/test_thrust_control_node.dir/all] Error 2
[1.213s] gmake[1]: *** Waiting for unfinished jobs....
[1.251s] In file included from [01m[K/home/zenyn/Thrust-Control/tests/test_thrust_control_supervisor.cpp:4[m[K:
[1.251s] [01m[K/home/zenyn/Thrust-Control/tests/../src/thrust_control_supervisor.hpp:14:10:[m[K [01;31m[Kfatal error: [m[Kexported-PID-control/src/controller_codegenTest.h: No such file or directory
[1.251s]    14 | #include [01;31m[K"exported-PID-control/src/controller_codegenTest.h"[m[K
[1.251s]       |          [01;31m[K^~~~~~~~~~~~~~~~~~~~~~~~~~~~~~~~~~~~~~~~~~~~~~~~~~~[m[K
[1.251s] compilation terminated.
[1.253s] gmake[2]: *** [CMakeFiles/test_thrust_control_supervisor.dir/build.make:76: CMakeFiles/test_thrust_control_supervisor.dir/tests/test_thrust_control_supervisor.cpp.o] Error 1
[1.254s] gmake[2]: *** Waiting for unfinished jobs....
[1.261s] In file included from [01m[K/home/zenyn/Thrust-Control/src/thrust_control_supervisor.cpp:1[m[K:
[1.261s] [01m[K/home/zenyn/Thrust-Control/src/thrust_control_supervisor.hpp:14:10:[m[K [01;31m[Kfatal error: [m[Kexported-PID-control/src/controller_codegenTest.h: No such file or directory
[1.261s]    14 | #include [01;31m[K"exported-PID-control/src/controller_codegenTest.h"[m[K
[1.262s]       |          [01;31m[K^~~~~~~~~~~~~~~~~~~~~~~~~~~~~~~~~~~~~~~~~~~~~~~~~~~[m[K
[1.262s] compilation terminated.
[1.264s] gmake[2]: *** [CMakeFiles/test_thrust_control_supervisor.dir/build.make:104: CMakeFiles/test_thrust_control_supervisor.dir/src/thrust_control_supervisor.cpp.o] Error 1
[1.265s] gmake[1]: *** [CMakeFiles/Makefile2:324: CMakeFiles/test_thrust_control_supervisor.dir/all] Error 2
[2.501s] [01m[K/home/zenyn/Thrust-Control/src/thrust_control_supervisor.cpp:[m[K In member function â€˜[01m[Kvoid thrust_control::ThrustControlSupervisor::[01;32m[Kfeed_forward_pwm[m[K()[m[Kâ€™:
[2.501s] [01m[K/home/zenyn/Thrust-Control/src/thrust_control_supervisor.cpp:49:33:[m[K [01;31m[Kerror: [m[Kcannot convert â€˜[01m[Kstd::array<int, 8>[m[Kâ€™ to â€˜[01m[Kpwm_array[m[Kâ€™
[2.502s]    49 |   _interpreter->untimed_execute([01;31m[K_manual_pwm[m[K);
[2.502s]       |                                 [01;31m[K^~~~~~~~~~~[m[K
[2.502s]       |                                 [01;31m[K|[m[K
[2.502s]       |                                 [01;31m[Kstd::array<int, 8>[m[K
[2.502s] In file included from [01m[K/home/zenyn/Thrust-Control/src/thrust_control_supervisor.hpp:9[m[K,
[2.502s]                  from [01m[K/home/zenyn/Thrust-Control/src/thrust_control_supervisor.cpp:1[m[K:
[2.502s] [01m[K/home/zenyn/Thrust-Control/src/../include/Command_Interpreter/src/Command_Interpreter.hpp:188:36:[m[K [01;36m[Knote: [m[K  initializing argument 1 of â€˜[01m[Kvoid Command_Interpreter_RPi5::[01;32m[Kuntimed_execute[m[K(pwm_array)[m[Kâ€™
[2.502s]   188 |     void untimed_execute([01;36m[Kpwm_array thrusterPwms[m[K);
[2.502s]       |                          [01;36m[K~~~~~~~~~~^~~~~~~~~~~~[m[K
[2.503s] [01m[K/home/zenyn/Thrust-Control/src/thrust_control_supervisor.cpp:[m[K In member function â€˜[01m[Kvoid thrust_control::ThrustControlSupervisor::[01;32m[Kexecute_pwm[m[K(std::array<int, 8>)[m[Kâ€™:
[2.503s] [01m[K/home/zenyn/Thrust-Control/src/thrust_control_supervisor.cpp:87:35:[m[K [01;31m[Kerror: [m[Kcannot convert â€˜[01m[Kstd::array<int, 8>[m[Kâ€™ to â€˜[01m[Kpwm_array[m[Kâ€™
[2.503s]    87 |     _interpreter->untimed_execute([01;31m[Kpwm[m[K);
[2.503s]       |                                   [01;31m[K^~~[m[K
[2.503s]       |                                   [01;31m[K|[m[K
[2.503s]       |                                   [01;31m[Kstd::array<int, 8>[m[K
[2.503s] [01m[K/home/zenyn/Thrust-Control/src/../include/Command_Interpreter/src/Command_Interpreter.hpp:188:36:[m[K [01;36m[Knote: [m[K  initializing argument 1 of â€˜[01m[Kvoid Command_Interpreter_RPi5::[01;32m[Kuntimed_execute[m[K(pwm_array)[m[Kâ€™
[2.503s]   188 |     void untimed_execute([01;36m[Kpwm_array thrusterPwms[m[K);
[2.503s]       |                          [01;36m[K~~~~~~~~~~^~~~~~~~~~~~[m[K
[2.925s] gmake[2]: *** [CMakeFiles/thrust_control.dir/build.make:104: CMakeFiles/thrust_control.dir/src/thrust_control_supervisor.cpp.o] Error 1
[2.926s] gmake[1]: *** [CMakeFiles/Makefile2:266: CMakeFiles/thrust_control.dir/all] Error 2
[2.926s] gmake: *** [Makefile:146: all] Error 2
[2.929s] Invoked command in '/home/zenyn/Thrust-Control/build/thrust_control' returned '2': CMAKE_PREFIX_PATH=${CMAKE_PREFIX_PATH}:/opt/ros/jazzy /usr/bin/cmake --build /home/zenyn/Thrust-Control/build/thrust_control -- -j12 -l12
