[01m[K/home/zenyn/Thrust-Control/thrust_control_supervisor.cpp:[m[K In constructor â€˜[01m[Kthrust_control::ThrustControlSupervisor::[01;32m[KThrustControlSupervisor[m[K(rclcpp::Logger)[m[Kâ€™:
[01m[K/home/zenyn/Thrust-Control/thrust_control_supervisor.cpp:8:1:[m[K [01;31m[Kerror: [m[Kexpected identifier before â€˜[01m[K{[m[Kâ€™ token
    8 | [01;31m[K{[m[K
      | [01;31m[K^[m[K
[01m[K/home/zenyn/Thrust-Control/thrust_control_supervisor.cpp:[m[K In member function â€˜[01m[Kvoid thrust_control::ThrustControlSupervisor::[01;32m[Kfeed_forward_pwm[m[K(std::array<int, 8>)[m[Kâ€™:
[01m[K/home/zenyn/Thrust-Control/thrust_control_supervisor.cpp:38:67:[m[K [01;35m[Kwarning: [m[Kunused parameter â€˜[01m[Kpwm[m[Kâ€™ [[01;35m[K]8;;https://gcc.gnu.org/onlinedocs/gcc/Warning-Options.html#index-Wunused-parameter-Wunused-parameter]8;;[m[K]
   38 | void ThrustControlSupervisor::feed_forward_pwm([01;35m[Kstd::array<int, 8> pwm[m[K)
      |                                                [01;35m[K~~~~~~~~~~~~~~~~~~~^~~[m[K
[01m[K/home/zenyn/Thrust-Control/thrust_control_supervisor.cpp:[m[K In member function â€˜[01m[Kvoid thrust_control::ThrustControlSupervisor::[01;32m[Kpid_pwm[m[K(std::array<int, 8>)[m[Kâ€™:
[01m[K/home/zenyn/Thrust-Control/thrust_control_supervisor.cpp:43:58:[m[K [01;35m[Kwarning: [m[Kunused parameter â€˜[01m[Kpwm[m[Kâ€™ [[01;35m[K]8;;https://gcc.gnu.org/onlinedocs/gcc/Warning-Options.html#index-Wunused-parameter-Wunused-parameter]8;;[m[K]
   43 | void ThrustControlSupervisor::pid_pwm([01;35m[Kstd::array<int, 8> pwm[m[K)
      |                                       [01;35m[K~~~~~~~~~~~~~~~~~~~^~~[m[K
gmake[2]: *** [CMakeFiles/thrust_control.dir/build.make:90: CMakeFiles/thrust_control.dir/thrust_control_supervisor.cpp.o] Error 1
gmake[2]: *** Waiting for unfinished jobs....
gmake[1]: *** [CMakeFiles/Makefile2:137: CMakeFiles/thrust_control.dir/all] Error 2
gmake: *** [Makefile:146: all] Error 2
