[0.000000] (-) TimerEvent: {}
[0.000606] (thrust_control) JobQueued: {'identifier': 'thrust_control', 'dependencies': OrderedDict()}
[0.000768] (thrust_control) JobStarted: {'identifier': 'thrust_control'}
[0.010253] (thrust_control) JobProgress: {'identifier': 'thrust_control', 'progress': 'cmake'}
[0.011141] (thrust_control) JobProgress: {'identifier': 'thrust_control', 'progress': 'build'}
[0.012107] (thrust_control) Command: {'cmd': ['/usr/bin/cmake', '--build', '/home/zenyn/Thrust-Control/build/thrust_control', '--', '-j12', '-l12'], 'cwd': '/home/zenyn/Thrust-Control/build/thrust_control', 'env': OrderedDict({'LESSOPEN': '| /usr/bin/lesspipe %s', 'LANGUAGE': 'en_US', 'USER': 'zenyn', 'XDG_SEAT': 'seat0', 'XDG_SESSION_TYPE': 'x11', 'SHLVL': '2', 'LD_LIBRARY_PATH': '/opt/ros/jazzy/opt/rviz_ogre_vendor/lib:/opt/ros/jazzy/lib/x86_64-linux-gnu:/opt/ros/jazzy/opt/gz_math_vendor/lib:/opt/ros/jazzy/opt/gz_utils_vendor/lib:/opt/ros/jazzy/opt/gz_cmake_vendor/lib:/opt/ros/jazzy/lib', 'HOME': '/home/zenyn', 'OLDPWD': '/home/zenyn/Thrust-Control/src', 'DESKTOP_SESSION': 'cinnamon', 'ROS_PYTHON_VERSION': '3', 'GTK_MODULES': 'gail:atk-bridge', 'XDG_SEAT_PATH': '/org/freedesktop/DisplayManager/Seat0', 'DBUS_SESSION_BUS_ADDRESS': 'unix:path=/run/user/1000/bus', 'COLORTERM': 'truecolor', 'GNOME_KEYRING_CONTROL': '/run/user/1000/keyring', 'ROS_DISTRO': 'jazzy', 'LOGNAME': 'zenyn', 'DESKTOP_AUTOSTART_ID': '10548af1e022aa691a174745163180485900000023430038', '_': '/usr/bin/colcon', 'ROS_VERSION': '2', 'XDG_SESSION_CLASS': 'user', 'TERM': 'xterm-256color', 'XDG_SESSION_ID': 'c2', 'GNOME_DESKTOP_SESSION_ID': 'this-is-deprecated', 'PATH': '/opt/ros/jazzy/bin:/home/zenyn/.local/bin:/home/zenyn/.local/bin:/home/zenyn/.local/bin:/home/zenyn/bin:/usr/local/sbin:/usr/local/bin:/usr/sbin:/usr/bin:/sbin:/bin:/usr/games:/usr/local/games:/snap/bin', 'SESSION_MANAGER': 'local/Zenyn-Linux:@/tmp/.ICE-unix/2343,unix/Zenyn-Linux:/tmp/.ICE-unix/2343', 'GDM_LANG': 'en_US', 'GTK3_MODULES': 'xapp-gtk3-module', 'XDG_SESSION_PATH': '/org/freedesktop/DisplayManager/Session0', 'GNOME_TERMINAL_SCREEN': '/org/gnome/Terminal/screen/e5d02491_c38d_435c_a58c_541bc3dfd0f9', 'XDG_RUNTIME_DIR': '/run/user/1000', 'DISPLAY': ':0', 'LANG': 'en_US.UTF-8', 'XDG_CURRENT_DESKTOP': 'X-Cinnamon', 'XDG_SESSION_DESKTOP': 'cinnamon', 'XAUTHORITY': '/home/zenyn/.Xauthority', 'LS_COLORS': 'rs=0:di=01;34:ln=01;36:mh=00:pi=40;33:so=01;35:do=01;35:bd=40;33;01:cd=40;33;01:or=40;31;01:mi=00:su=37;41:sg=30;43:ca=00:tw=30;42:ow=34;42:st=37;44:ex=01;32:*.tar=01;31:*.tgz=01;31:*.arc=01;31:*.arj=01;31:*.taz=01;31:*.lha=01;31:*.lz4=01;31:*.lzh=01;31:*.lzma=01;31:*.tlz=01;31:*.txz=01;31:*.tzo=01;31:*.t7z=01;31:*.zip=01;31:*.z=01;31:*.dz=01;31:*.gz=01;31:*.lrz=01;31:*.lz=01;31:*.lzo=01;31:*.xz=01;31:*.zst=01;31:*.tzst=01;31:*.bz2=01;31:*.bz=01;31:*.tbz=01;31:*.tbz2=01;31:*.tz=01;31:*.deb=01;31:*.rpm=01;31:*.jar=01;31:*.war=01;31:*.ear=01;31:*.sar=01;31:*.rar=01;31:*.alz=01;31:*.ace=01;31:*.zoo=01;31:*.cpio=01;31:*.7z=01;31:*.rz=01;31:*.cab=01;31:*.wim=01;31:*.swm=01;31:*.dwm=01;31:*.esd=01;31:*.avif=01;35:*.jpg=01;35:*.jpeg=01;35:*.mjpg=01;35:*.mjpeg=01;35:*.gif=01;35:*.bmp=01;35:*.pbm=01;35:*.pgm=01;35:*.ppm=01;35:*.tga=01;35:*.xbm=01;35:*.xpm=01;35:*.tif=01;35:*.tiff=01;35:*.png=01;35:*.svg=01;35:*.svgz=01;35:*.mng=01;35:*.pcx=01;35:*.mov=01;35:*.mpg=01;35:*.mpeg=01;35:*.m2v=01;35:*.mkv=01;35:*.webm=01;35:*.webp=01;35:*.ogm=01;35:*.mp4=01;35:*.m4v=01;35:*.mp4v=01;35:*.vob=01;35:*.qt=01;35:*.nuv=01;35:*.wmv=01;35:*.asf=01;35:*.rm=01;35:*.rmvb=01;35:*.flc=01;35:*.avi=01;35:*.fli=01;35:*.flv=01;35:*.gl=01;35:*.dl=01;35:*.xcf=01;35:*.xwd=01;35:*.yuv=01;35:*.cgm=01;35:*.emf=01;35:*.ogv=01;35:*.ogx=01;35:*.aac=00;36:*.au=00;36:*.flac=00;36:*.m4a=00;36:*.mid=00;36:*.midi=00;36:*.mka=00;36:*.mp3=00;36:*.mpc=00;36:*.ogg=00;36:*.ra=00;36:*.wav=00;36:*.oga=00;36:*.opus=00;36:*.spx=00;36:*.xspf=00;36:*~=00;90:*#=00;90:*.bak=00;90:*.crdownload=00;90:*.dpkg-dist=00;90:*.dpkg-new=00;90:*.dpkg-old=00;90:*.dpkg-tmp=00;90:*.old=00;90:*.orig=00;90:*.part=00;90:*.rej=00;90:*.rpmnew=00;90:*.rpmorig=00;90:*.rpmsave=00;90:*.swp=00;90:*.tmp=00;90:*.ucf-dist=00;90:*.ucf-new=00;90:*.ucf-old=00;90:', 'GNOME_TERMINAL_SERVICE': ':1.71', 'SSH_AUTH_SOCK': '/run/user/1000/keyring/ssh', 'XDG_GREETER_DATA_DIR': '/var/lib/lightdm-data/zenyn', 'AMENT_PREFIX_PATH': '/opt/ros/jazzy', 'SHELL': '/bin/bash', 'QT_ACCESSIBILITY': '1', 'GDMSESSION': 'cinnamon', 'LESSCLOSE': '/usr/bin/lesspipe %s %s', 'GPG_AGENT_INFO': '/run/user/1000/gnupg/S.gpg-agent:0:1', 'ROS_AUTOMATIC_DISCOVERY_RANGE': 'SUBNET', 'XDG_VTNR': '7', 'PWD': '/home/zenyn/Thrust-Control/build/thrust_control', 'LC_ALL': 'en_US.UTF-8', 'XDG_CONFIG_DIRS': '/etc/xdg/xdg-cinnamon:/etc/xdg', 'XDG_DATA_DIRS': '/usr/share/cinnamon:/usr/share/gnome:/usr/local/share:/usr/share:/var/lib/snapd/desktop', 'PYTHONPATH': '/opt/ros/jazzy/lib/python3.12/site-packages', 'COLCON': '1', 'VTE_VERSION': '7600', 'CMAKE_PREFIX_PATH': '/opt/ros/jazzy/opt/gz_math_vendor:/opt/ros/jazzy/opt/gz_utils_vendor:/opt/ros/jazzy/opt/gz_cmake_vendor:/opt/ros/jazzy'}), 'shell': False}
[0.100126] (-) TimerEvent: {}
[0.166236] (thrust_control) StdoutLine: {'line': b'-- Project setup complete\n'}
[0.166598] (thrust_control) StdoutLine: {'line': b"-- Run 'make' to build the project\n"}
[0.166744] (thrust_control) StdoutLine: {'line': b"-- Run 'ctest' to execute the tests\n"}
[0.166868] (thrust_control) StdoutLine: {'line': b'-- Found ament_cmake: 2.5.3 (/opt/ros/jazzy/share/ament_cmake/cmake)\n'}
[0.200227] (-) TimerEvent: {}
[0.300572] (-) TimerEvent: {}
[0.387137] (thrust_control) StdoutLine: {'line': b'-- Found rclcpp: 28.1.8 (/opt/ros/jazzy/share/rclcpp/cmake)\n'}
[0.400670] (-) TimerEvent: {}
[0.408429] (thrust_control) StdoutLine: {'line': b'-- Found rosidl_generator_c: 4.6.5 (/opt/ros/jazzy/share/rosidl_generator_c/cmake)\n'}
[0.414812] (thrust_control) StdoutLine: {'line': b'-- Found rosidl_generator_cpp: 4.6.5 (/opt/ros/jazzy/share/rosidl_generator_cpp/cmake)\n'}
[0.423649] (thrust_control) StdoutLine: {'line': b'-- Using all available rosidl_typesupport_c: rosidl_typesupport_fastrtps_c;rosidl_typesupport_introspection_c\n'}
[0.433223] (thrust_control) StdoutLine: {'line': b'-- Using all available rosidl_typesupport_cpp: rosidl_typesupport_fastrtps_cpp;rosidl_typesupport_introspection_cpp\n'}
[0.480564] (thrust_control) StdoutLine: {'line': b'-- Found rmw_implementation_cmake: 7.3.2 (/opt/ros/jazzy/share/rmw_implementation_cmake/cmake)\n'}
[0.481478] (thrust_control) StdoutLine: {'line': b'-- Found rmw_fastrtps_cpp: 8.4.2 (/opt/ros/jazzy/share/rmw_fastrtps_cpp/cmake)\n'}
[0.500810] (-) TimerEvent: {}
[0.580478] (thrust_control) StdoutLine: {'line': b"-- Using RMW implementation 'rmw_fastrtps_cpp' as default\n"}
[0.600986] (-) TimerEvent: {}
[0.634661] (thrust_control) StdoutLine: {'line': b'-- Found std_msgs: 5.3.6 (/opt/ros/jazzy/share/std_msgs/cmake)\n'}
[0.645899] (thrust_control) StdoutLine: {'line': b'-- Found ament_lint_auto: 0.17.2 (/opt/ros/jazzy/share/ament_lint_auto/cmake)\n'}
[0.701134] (-) TimerEvent: {}
[0.751275] (thrust_control) StdoutLine: {'line': b"-- Added test 'copyright' to check source files copyright and LICENSE\n"}
[0.801330] (-) TimerEvent: {}
[0.835145] (thrust_control) StdoutLine: {'line': b"-- Added test 'cppcheck' to perform static code analysis on C / C++ code\n"}
[0.836035] (thrust_control) StdoutLine: {'line': b'-- Configured cppcheck include dirs: /home/zenyn/Thrust-Control/src;/home/zenyn/Thrust-Control/include;/home/zenyn/Thrust-Control/include/Command_Interpreter;/home/zenyn/Thrust-Control/include/exported-PID-control;/home/zenyn/Thrust-Control/include/exported-PID-control/src\n'}
[0.836252] (thrust_control) StdoutLine: {'line': b'-- Configured cppcheck exclude dirs and/or files: \n'}
[0.901449] (-) TimerEvent: {}
[0.917225] (thrust_control) StdoutLine: {'line': b"-- Added test 'cpplint' to check C / C++ code against the Google style\n"}
[0.917535] (thrust_control) StdoutLine: {'line': b'-- Configured cpplint exclude dirs and/or files: \n'}
[0.928654] (thrust_control) StdoutLine: {'line': b"-- Added test 'flake8' to check Python code syntax and style conventions\n"}
[0.928891] (thrust_control) StdoutLine: {'line': b"-- Configured 'flake8' exclude dirs and/or files: \n"}
[0.948630] (thrust_control) StdoutLine: {'line': b"-- Added test 'lint_cmake' to check CMake code style\n"}
[0.959191] (thrust_control) StdoutLine: {'line': b"-- Added test 'pep257' to check Python code against some of the docstring style conventions in PEP 257\n"}
[1.001572] (-) TimerEvent: {}
[1.046041] (thrust_control) StdoutLine: {'line': b"-- Added test 'uncrustify' to check C / C++ code style\n"}
[1.046355] (thrust_control) StdoutLine: {'line': b'-- Configured uncrustify additional arguments: \n'}
[1.058030] (thrust_control) StdoutLine: {'line': b"-- Added test 'xmllint' to check XML markup files\n"}
[1.060128] (thrust_control) StdoutLine: {'line': b'-- Configuring done (1.0s)\n'}
[1.093374] (thrust_control) StdoutLine: {'line': b'-- Generating done (0.0s)\n'}
[1.100848] (thrust_control) StdoutLine: {'line': b'-- Build files have been written to: /home/zenyn/Thrust-Control/build/thrust_control\n'}
[1.101663] (-) TimerEvent: {}
[1.149597] (thrust_control) StdoutLine: {'line': b'[  6%] Built target controller_lib\n'}
[1.150566] (thrust_control) StdoutLine: {'line': b'[ 11%] Built target gtest\n'}
[1.151452] (thrust_control) StdoutLine: {'line': b'[ 20%] Built target PropulsionFunctions\n'}
[1.156053] (thrust_control) StdoutLine: {'line': b'[ 27%] Built target controller_test_lib\n'}
[1.178606] (thrust_control) StdoutLine: {'line': b'[ 37%] Built target gtest_main\n'}
[1.178856] (thrust_control) StdoutLine: {'line': b'[ 37%] Built target controller_test\n'}
[1.186228] (thrust_control) StdoutLine: {'line': b'[ 41%] Built target gmock\n'}
[1.201823] (-) TimerEvent: {}
[1.212881] (thrust_control) StdoutLine: {'line': b'[ 46%] Built target gmock_main\n'}
[1.213802] (thrust_control) StdoutLine: {'line': b'[ 48%] \x1b[32mBuilding CXX object CMakeFiles/thrust_control.dir/src/command_queue.cpp.o\x1b[0m\n'}
[1.220418] (thrust_control) StdoutLine: {'line': b'[ 51%] \x1b[32mBuilding CXX object CMakeFiles/thrust_control.dir/src/supervisor_command.cpp.o\x1b[0m\n'}
[1.223201] (thrust_control) StdoutLine: {'line': b'[ 62%] Built target propulsion_test\n'}
[1.223762] (thrust_control) StdoutLine: {'line': b'[ 65%] \x1b[32mBuilding CXX object CMakeFiles/test_thrust_control_node.dir/src/supervisor_command.cpp.o\x1b[0m\n'}
[1.233481] (thrust_control) StdoutLine: {'line': b'[ 67%] \x1b[32mBuilding CXX object CMakeFiles/test_thrust_control_supervisor.dir/src/supervisor_command.cpp.o\x1b[0m\n'}
[1.301934] (-) TimerEvent: {}
[1.402308] (-) TimerEvent: {}
[1.465348] (thrust_control) StdoutLine: {'line': b'[ 69%] \x1b[32m\x1b[1mLinking CXX executable test_thrust_control_supervisor\x1b[0m\n'}
[1.502374] (-) TimerEvent: {}
[1.534213] (thrust_control) StdoutLine: {'line': b'[ 72%] \x1b[32m\x1b[1mLinking CXX executable test_thrust_control_node\x1b[0m\n'}
[1.602530] (-) TimerEvent: {}
[1.653393] (thrust_control) StdoutLine: {'line': b'[ 81%] Built target test_thrust_control_supervisor\n'}
[1.702662] (-) TimerEvent: {}
[1.724635] (thrust_control) StdoutLine: {'line': b'[ 83%] \x1b[32m\x1b[1mLinking CXX executable thrust_control\x1b[0m\n'}
[1.734905] (thrust_control) StderrLine: {'line': b"/usr/bin/ld: CMakeFiles/test_thrust_control_node.dir/tests/test_thrust_control_node.cpp.o: in function `void std::_Construct<thrust_control::ThrustControlNode, std::unique_ptr<Command_Interpreter_RPi5, std::default_delete<Command_Interpreter_RPi5> > >(thrust_control::ThrustControlNode*, std::unique_ptr<Command_Interpreter_RPi5, std::default_delete<Command_Interpreter_RPi5> >&&)':\n"}
[1.735286] (thrust_control) StderrLine: {'line': b"test_thrust_control_node.cpp:(.text._ZSt10_ConstructIN14thrust_control17ThrustControlNodeEJSt10unique_ptrI24Command_Interpreter_RPi5St14default_deleteIS3_EEEEvPT_DpOT0_[_ZSt10_ConstructIN14thrust_control17ThrustControlNodeEJSt10unique_ptrI24Command_Interpreter_RPi5St14default_deleteIS3_EEEEvPT_DpOT0_]+0x6d): undefined reference to `thrust_control::ThrustControlNode::ThrustControlNode(std::unique_ptr<Command_Interpreter_RPi5, std::default_delete<Command_Interpreter_RPi5> >)'\n"}
[1.768205] (thrust_control) StderrLine: {'line': b'collect2: error: ld returned 1 exit status\n'}
[1.770477] (thrust_control) StderrLine: {'line': b'gmake[2]: *** [CMakeFiles/test_thrust_control_node.dir/build.make:240: test_thrust_control_node] Error 1\n'}
[1.770965] (thrust_control) StderrLine: {'line': b'gmake[1]: *** [CMakeFiles/Makefile2:296: CMakeFiles/test_thrust_control_node.dir/all] Error 2\n'}
[1.771100] (thrust_control) StderrLine: {'line': b'gmake[1]: *** Waiting for unfinished jobs....\n'}
[1.802779] (-) TimerEvent: {}
[1.903130] (-) TimerEvent: {}
[2.003575] (-) TimerEvent: {}
[2.006800] (thrust_control) StdoutLine: {'line': b'[ 90%] Built target thrust_control\n'}
[2.008904] (thrust_control) StderrLine: {'line': b'gmake: *** [Makefile:146: all] Error 2\n'}
[2.011985] (thrust_control) CommandEnded: {'returncode': 2}
[2.024933] (thrust_control) JobEnded: {'identifier': 'thrust_control', 'rc': 2}
[2.036523] (-) EventReactorShutdown: {}
