-- Project setup complete
-- Run 'make' to build the project
-- Run 'ctest' to execute the tests
-- Found ament_cmake: 2.5.3 (/opt/ros/jazzy/share/ament_cmake/cmake)
-- Found rclcpp: 28.1.8 (/opt/ros/jazzy/share/rclcpp/cmake)
-- Found rosidl_generator_c: 4.6.5 (/opt/ros/jazzy/share/rosidl_generator_c/cmake)
-- Found rosidl_generator_cpp: 4.6.5 (/opt/ros/jazzy/share/rosidl_generator_cpp/cmake)
-- Using all available rosidl_typesupport_c: rosidl_typesupport_fastrtps_c;rosidl_typesupport_introspection_c
-- Using all available rosidl_typesupport_cpp: rosidl_typesupport_fastrtps_cpp;rosidl_typesupport_introspection_cpp
-- Found rmw_implementation_cmake: 7.3.2 (/opt/ros/jazzy/share/rmw_implementation_cmake/cmake)
-- Found rmw_fastrtps_cpp: 8.4.2 (/opt/ros/jazzy/share/rmw_fastrtps_cpp/cmake)
-- Using RMW implementation 'rmw_fastrtps_cpp' as default
-- Found std_msgs: 5.3.6 (/opt/ros/jazzy/share/std_msgs/cmake)
-- Found ament_lint_auto: 0.17.2 (/opt/ros/jazzy/share/ament_lint_auto/cmake)
-- Added test 'copyright' to check source files copyright and LICENSE
-- Added test 'cppcheck' to perform static code analysis on C / C++ code
-- Configured cppcheck include dirs: /home/zenyn/Thrust-Control/src;/home/zenyn/Thrust-Control/Command-Interpreter/lib;/home/zenyn/Thrust-Control/include
-- Configured cppcheck exclude dirs and/or files: 
-- Added test 'cpplint' to check C / C++ code against the Google style
-- Configured cpplint exclude dirs and/or files: 
-- Added test 'flake8' to check Python code syntax and style conventions
-- Configured 'flake8' exclude dirs and/or files: 
-- Added test 'lint_cmake' to check CMake code style
-- Added test 'pep257' to check Python code against some of the docstring style conventions in PEP 257
-- Added test 'uncrustify' to check C / C++ code style
-- Configured uncrustify additional arguments: 
-- Added test 'xmllint' to check XML markup files
-- Configuring done (0.9s)
-- Generating done (0.0s)
-- Build files have been written to: /home/zenyn/Thrust-Control/build/thrust_control
[  7%] Built target controller_lib
[ 12%] Built target gtest
[ 33%] Built target controller_codegenTest
[ 33%] Built target PropulsionFunctions
[ 35%] [32mBuilding CXX object CMakeFiles/thrust_control.dir/src/thrust_control_supervisor.cpp.o[0m
[ 38%] [32mBuilding CXX object CMakeFiles/thrust_control.dir/src/thrust_control_node.cpp.o[0m
[ 43%] Built target gmock
[ 48%] Built target controller_test
[ 51%] [32mBuilding CXX object CMakeFiles/thrust_control.dir/src/main.cpp.o[0m
[ 56%] Built target gtest_main
[ 61%] Built target gmock_main
[ 74%] Built target propulsion_test
[ 76%] [32mBuilding CXX object CMakeFiles/test_thrust_control_node.dir/tests/test_thrust_control_node.cpp.o[0m
[ 79%] [32mBuilding CXX object CMakeFiles/test_thrust_control_node.dir/src/thrust_control_node.cpp.o[0m
[ 82%] [32mBuilding CXX object CMakeFiles/test_thrust_control_node.dir/src/thrust_control_supervisor.cpp.o[0m
[ 84%] [32mBuilding CXX object CMakeFiles/test_thrust_control_supervisor.dir/tests/test_thrust_control_supervisor.cpp.o[0m
[ 87%] [32mBuilding CXX object CMakeFiles/test_thrust_control_supervisor.dir/src/thrust_control_supervisor.cpp.o[0m
In file included from [01m[K/home/zenyn/Thrust-Control/tests/test_thrust_control_supervisor.cpp:4[m[K:
[01m[K/home/zenyn/Thrust-Control/tests/../src/thrust_control_supervisor.hpp:14:10:[m[K [01;31m[Kfatal error: [m[Kexported-PID-control/src/controller_codegenTest.h: No such file or directory
   14 | #include [01;31m[K"exported-PID-control/src/controller_codegenTest.h"[m[K
      |          [01;31m[K^~~~~~~~~~~~~~~~~~~~~~~~~~~~~~~~~~~~~~~~~~~~~~~~~~~[m[K
compilation terminated.
gmake[2]: *** [CMakeFiles/test_thrust_control_supervisor.dir/build.make:76: CMakeFiles/test_thrust_control_supervisor.dir/tests/test_thrust_control_supervisor.cpp.o] Error 1
gmake[2]: *** Waiting for unfinished jobs....
In file included from [01m[K/home/zenyn/Thrust-Control/src/thrust_control_node.hpp:13[m[K,
                 from [01m[K/home/zenyn/Thrust-Control/src/thrust_control_node.cpp:1[m[K:
[01m[K/home/zenyn/Thrust-Control/src/thrust_control_supervisor.hpp:14:10:[m[K [01;31m[Kfatal error: [m[Kexported-PID-control/src/controller_codegenTest.h: No such file or directory
   14 | #include [01;31m[K"exported-PID-control/src/controller_codegenTest.h"[m[K
      |          [01;31m[K^~~~~~~~~~~~~~~~~~~~~~~~~~~~~~~~~~~~~~~~~~~~~~~~~~~[m[K
compilation terminated.
gmake[2]: *** [CMakeFiles/test_thrust_control_node.dir/build.make:118: CMakeFiles/test_thrust_control_node.dir/src/thrust_control_node.cpp.o] Error 1
gmake[2]: *** Waiting for unfinished jobs....
In file included from [01m[K/home/zenyn/Thrust-Control/tests/test_thrust_control_node.cpp:6[m[K:
[01m[K/home/zenyn/Thrust-Control/tests/../src/thrust_control_supervisor.hpp:14:10:[m[K [01;31m[Kfatal error: [m[Kexported-PID-control/src/controller_codegenTest.h: No such file or directory
   14 | #include [01;31m[K"exported-PID-control/src/controller_codegenTest.h"[m[K
      |          [01;31m[K^~~~~~~~~~~~~~~~~~~~~~~~~~~~~~~~~~~~~~~~~~~~~~~~~~~[m[K
compilation terminated.
gmake[2]: *** [CMakeFiles/test_thrust_control_node.dir/build.make:76: CMakeFiles/test_thrust_control_node.dir/tests/test_thrust_control_node.cpp.o] Error 1
In file included from [01m[K/home/zenyn/Thrust-Control/src/thrust_control_supervisor.cpp:1[m[K:
[01m[K/home/zenyn/Thrust-Control/src/thrust_control_supervisor.hpp:14:10:[m[K [01;31m[Kfatal error: [m[Kexported-PID-control/src/controller_codegenTest.h: No such file or directory
   14 | #include [01;31m[K"exported-PID-control/src/controller_codegenTest.h"[m[K
      |          [01;31m[K^~~~~~~~~~~~~~~~~~~~~~~~~~~~~~~~~~~~~~~~~~~~~~~~~~~[m[K
compilation terminated.
gmake[2]: *** [CMakeFiles/test_thrust_control_node.dir/build.make:104: CMakeFiles/test_thrust_control_node.dir/src/thrust_control_supervisor.cpp.o] Error 1
gmake[1]: *** [CMakeFiles/Makefile2:295: CMakeFiles/test_thrust_control_node.dir/all] Error 2
gmake[1]: *** Waiting for unfinished jobs....
In file included from [01m[K/home/zenyn/Thrust-Control/src/thrust_control_supervisor.cpp:1[m[K:
[01m[K/home/zenyn/Thrust-Control/src/thrust_control_supervisor.hpp:14:10:[m[K [01;31m[Kfatal error: [m[Kexported-PID-control/src/controller_codegenTest.h: No such file or directory
   14 | #include [01;31m[K"exported-PID-control/src/controller_codegenTest.h"[m[K
      |          [01;31m[K^~~~~~~~~~~~~~~~~~~~~~~~~~~~~~~~~~~~~~~~~~~~~~~~~~~[m[K
compilation terminated.
gmake[2]: *** [CMakeFiles/test_thrust_control_supervisor.dir/build.make:104: CMakeFiles/test_thrust_control_supervisor.dir/src/thrust_control_supervisor.cpp.o] Error 1
gmake[1]: *** [CMakeFiles/Makefile2:324: CMakeFiles/test_thrust_control_supervisor.dir/all] Error 2
[01m[K/home/zenyn/Thrust-Control/src/thrust_control_supervisor.cpp:[m[K In member function â€˜[01m[Kvoid thrust_control::ThrustControlSupervisor::[01;32m[Kfeed_forward_pwm[m[K()[m[Kâ€™:
[01m[K/home/zenyn/Thrust-Control/src/thrust_control_supervisor.cpp:49:33:[m[K [01;31m[Kerror: [m[Kcannot convert â€˜[01m[Kstd::array<int, 8>[m[Kâ€™ to â€˜[01m[Kpwm_array[m[Kâ€™
   49 |   _interpreter->untimed_execute([01;31m[K_manual_pwm[m[K);
      |                                 [01;31m[K^~~~~~~~~~~[m[K
      |                                 [01;31m[K|[m[K
      |                                 [01;31m[Kstd::array<int, 8>[m[K
In file included from [01m[K/home/zenyn/Thrust-Control/src/thrust_control_supervisor.hpp:9[m[K,
                 from [01m[K/home/zenyn/Thrust-Control/src/thrust_control_supervisor.cpp:1[m[K:
[01m[K/home/zenyn/Thrust-Control/src/../include/Command_Interpreter/src/Command_Interpreter.hpp:188:36:[m[K [01;36m[Knote: [m[K  initializing argument 1 of â€˜[01m[Kvoid Command_Interpreter_RPi5::[01;32m[Kuntimed_execute[m[K(pwm_array)[m[Kâ€™
  188 |     void untimed_execute([01;36m[Kpwm_array thrusterPwms[m[K);
      |                          [01;36m[K~~~~~~~~~~^~~~~~~~~~~~[m[K
[01m[K/home/zenyn/Thrust-Control/src/thrust_control_supervisor.cpp:[m[K In member function â€˜[01m[Kvoid thrust_control::ThrustControlSupervisor::[01;32m[Kexecute_pwm[m[K(std::array<int, 8>)[m[Kâ€™:
[01m[K/home/zenyn/Thrust-Control/src/thrust_control_supervisor.cpp:87:35:[m[K [01;31m[Kerror: [m[Kcannot convert â€˜[01m[Kstd::array<int, 8>[m[Kâ€™ to â€˜[01m[Kpwm_array[m[Kâ€™
   87 |     _interpreter->untimed_execute([01;31m[Kpwm[m[K);
      |                                   [01;31m[K^~~[m[K
      |                                   [01;31m[K|[m[K
      |                                   [01;31m[Kstd::array<int, 8>[m[K
[01m[K/home/zenyn/Thrust-Control/src/../include/Command_Interpreter/src/Command_Interpreter.hpp:188:36:[m[K [01;36m[Knote: [m[K  initializing argument 1 of â€˜[01m[Kvoid Command_Interpreter_RPi5::[01;32m[Kuntimed_execute[m[K(pwm_array)[m[Kâ€™
  188 |     void untimed_execute([01;36m[Kpwm_array thrusterPwms[m[K);
      |                          [01;36m[K~~~~~~~~~~^~~~~~~~~~~~[m[K
gmake[2]: *** [CMakeFiles/thrust_control.dir/build.make:104: CMakeFiles/thrust_control.dir/src/thrust_control_supervisor.cpp.o] Error 1
gmake[2]: *** Waiting for unfinished jobs....
gmake[1]: *** [CMakeFiles/Makefile2:266: CMakeFiles/thrust_control.dir/all] Error 2
gmake: *** [Makefile:146: all] Error 2
