[0.007s] Invoking command in '/home/zenyn/Thrust-Control/build/thrust_control': CMAKE_PREFIX_PATH=${CMAKE_PREFIX_PATH}:/opt/ros/jazzy /usr/bin/cmake --build /home/zenyn/Thrust-Control/build/thrust_control -- -j12 -l12
[0.147s] -- Project setup complete
[0.147s] -- Run 'make' to build the project
[0.147s] -- Run 'ctest' to execute the tests
[0.147s] -- Found ament_cmake: 2.5.3 (/opt/ros/jazzy/share/ament_cmake/cmake)
[0.342s] -- Found rclcpp: 28.1.8 (/opt/ros/jazzy/share/rclcpp/cmake)
[0.369s] -- Found rosidl_generator_c: 4.6.5 (/opt/ros/jazzy/share/rosidl_generator_c/cmake)
[0.375s] -- Found rosidl_generator_cpp: 4.6.5 (/opt/ros/jazzy/share/rosidl_generator_cpp/cmake)
[0.383s] -- Using all available rosidl_typesupport_c: rosidl_typesupport_fastrtps_c;rosidl_typesupport_introspection_c
[0.392s] -- Using all available rosidl_typesupport_cpp: rosidl_typesupport_fastrtps_cpp;rosidl_typesupport_introspection_cpp
[0.435s] -- Found rmw_implementation_cmake: 7.3.2 (/opt/ros/jazzy/share/rmw_implementation_cmake/cmake)
[0.436s] -- Found rmw_fastrtps_cpp: 8.4.2 (/opt/ros/jazzy/share/rmw_fastrtps_cpp/cmake)
[0.506s] -- Using RMW implementation 'rmw_fastrtps_cpp' as default
[0.556s] -- Found std_msgs: 5.3.6 (/opt/ros/jazzy/share/std_msgs/cmake)
[0.566s] -- Found ament_lint_auto: 0.17.2 (/opt/ros/jazzy/share/ament_lint_auto/cmake)
[0.650s] -- Added test 'copyright' to check source files copyright and LICENSE
[0.719s] -- Added test 'cppcheck' to perform static code analysis on C / C++ code
[0.719s] -- Configured cppcheck include dirs: /home/zenyn/Thrust-Control/src;/home/zenyn/Thrust-Control/Command-Interpreter/lib;/home/zenyn/Thrust-Control/include
[0.719s] -- Configured cppcheck exclude dirs and/or files: 
[0.783s] -- Added test 'cpplint' to check C / C++ code against the Google style
[0.783s] -- Configured cpplint exclude dirs and/or files: 
[0.791s] -- Added test 'flake8' to check Python code syntax and style conventions
[0.791s] -- Configured 'flake8' exclude dirs and/or files: 
[0.807s] -- Added test 'lint_cmake' to check CMake code style
[0.816s] -- Added test 'pep257' to check Python code against some of the docstring style conventions in PEP 257
[0.887s] -- Added test 'uncrustify' to check C / C++ code style
[0.887s] -- Configured uncrustify additional arguments: 
[0.895s] -- Added test 'xmllint' to check XML markup files
[0.897s] -- Configuring done (0.9s)
[0.919s] -- Generating done (0.0s)
[0.926s] -- Build files have been written to: /home/zenyn/Thrust-Control/build/thrust_control
[0.962s] [  7%] Built target controller_lib
[0.963s] [ 12%] Built target gtest
[0.965s] [ 33%] Built target controller_codegenTest
[0.965s] [ 33%] Built target PropulsionFunctions
[0.988s] [ 35%] [32mBuilding CXX object CMakeFiles/thrust_control.dir/src/thrust_control_supervisor.cpp.o[0m
[0.989s] [ 38%] [32mBuilding CXX object CMakeFiles/thrust_control.dir/src/thrust_control_node.cpp.o[0m
[0.990s] [ 43%] Built target gmock
[0.991s] [ 48%] Built target controller_test
[0.991s] [ 51%] [32mBuilding CXX object CMakeFiles/thrust_control.dir/src/main.cpp.o[0m
[0.996s] [ 56%] Built target gtest_main
[1.030s] [ 61%] Built target gmock_main
[1.031s] [ 74%] Built target propulsion_test
[1.034s] [ 76%] [32mBuilding CXX object CMakeFiles/test_thrust_control_node.dir/tests/test_thrust_control_node.cpp.o[0m
[1.035s] [ 79%] [32mBuilding CXX object CMakeFiles/test_thrust_control_node.dir/src/thrust_control_node.cpp.o[0m
[1.035s] [ 82%] [32mBuilding CXX object CMakeFiles/test_thrust_control_node.dir/src/thrust_control_supervisor.cpp.o[0m
[1.036s] [ 84%] [32mBuilding CXX object CMakeFiles/test_thrust_control_supervisor.dir/tests/test_thrust_control_supervisor.cpp.o[0m
[1.037s] [ 87%] [32mBuilding CXX object CMakeFiles/test_thrust_control_supervisor.dir/src/thrust_control_supervisor.cpp.o[0m
[1.194s] In file included from [01m[K/home/zenyn/Thrust-Control/tests/test_thrust_control_supervisor.cpp:4[m[K:
[1.194s] [01m[K/home/zenyn/Thrust-Control/tests/../src/thrust_control_supervisor.hpp:14:10:[m[K [01;31m[Kfatal error: [m[Kexported-PID-control/src/controller_codegenTest.h: No such file or directory
[1.194s]    14 | #include [01;31m[K"exported-PID-control/src/controller_codegenTest.h"[m[K
[1.194s]       |          [01;31m[K^~~~~~~~~~~~~~~~~~~~~~~~~~~~~~~~~~~~~~~~~~~~~~~~~~~[m[K
[1.194s] compilation terminated.
[1.198s] gmake[2]: *** [CMakeFiles/test_thrust_control_supervisor.dir/build.make:76: CMakeFiles/test_thrust_control_supervisor.dir/tests/test_thrust_control_supervisor.cpp.o] Error 1
[1.199s] gmake[2]: *** Waiting for unfinished jobs....
[1.216s] In file included from [01m[K/home/zenyn/Thrust-Control/src/thrust_control_node.hpp:13[m[K,
[1.216s]                  from [01m[K/home/zenyn/Thrust-Control/src/thrust_control_node.cpp:1[m[K:
[1.216s] [01m[K/home/zenyn/Thrust-Control/src/thrust_control_supervisor.hpp:14:10:[m[K [01;31m[Kfatal error: [m[Kexported-PID-control/src/controller_codegenTest.h: No such file or directory
[1.216s]    14 | #include [01;31m[K"exported-PID-control/src/controller_codegenTest.h"[m[K
[1.216s]       |          [01;31m[K^~~~~~~~~~~~~~~~~~~~~~~~~~~~~~~~~~~~~~~~~~~~~~~~~~~[m[K
[1.216s] compilation terminated.
[1.219s] gmake[2]: *** [CMakeFiles/test_thrust_control_node.dir/build.make:118: CMakeFiles/test_thrust_control_node.dir/src/thrust_control_node.cpp.o] Error 1
[1.219s] gmake[2]: *** Waiting for unfinished jobs....
[1.245s] In file included from [01m[K/home/zenyn/Thrust-Control/tests/test_thrust_control_node.cpp:6[m[K:
[1.246s] [01m[K/home/zenyn/Thrust-Control/tests/../src/thrust_control_supervisor.hpp:14:10:[m[K [01;31m[Kfatal error: [m[Kexported-PID-control/src/controller_codegenTest.h: No such file or directory
[1.246s]    14 | #include [01;31m[K"exported-PID-control/src/controller_codegenTest.h"[m[K
[1.246s]       |          [01;31m[K^~~~~~~~~~~~~~~~~~~~~~~~~~~~~~~~~~~~~~~~~~~~~~~~~~~[m[K
[1.246s] compilation terminated.
[1.247s] gmake[2]: *** [CMakeFiles/test_thrust_control_node.dir/build.make:76: CMakeFiles/test_thrust_control_node.dir/tests/test_thrust_control_node.cpp.o] Error 1
[1.267s] In file included from [01m[K/home/zenyn/Thrust-Control/src/thrust_control_supervisor.cpp:1[m[K:
[1.267s] [01m[K/home/zenyn/Thrust-Control/src/thrust_control_supervisor.hpp:14:10:[m[K [01;31m[Kfatal error: [m[Kexported-PID-control/src/controller_codegenTest.h: No such file or directory
[1.267s]    14 | #include [01;31m[K"exported-PID-control/src/controller_codegenTest.h"[m[K
[1.267s]       |          [01;31m[K^~~~~~~~~~~~~~~~~~~~~~~~~~~~~~~~~~~~~~~~~~~~~~~~~~~[m[K
[1.267s] compilation terminated.
[1.268s] gmake[2]: *** [CMakeFiles/test_thrust_control_node.dir/build.make:104: CMakeFiles/test_thrust_control_node.dir/src/thrust_control_supervisor.cpp.o] Error 1
[1.268s] gmake[1]: *** [CMakeFiles/Makefile2:295: CMakeFiles/test_thrust_control_node.dir/all] Error 2
[1.269s] gmake[1]: *** Waiting for unfinished jobs....
[1.289s] In file included from [01m[K/home/zenyn/Thrust-Control/src/thrust_control_supervisor.cpp:1[m[K:
[1.289s] [01m[K/home/zenyn/Thrust-Control/src/thrust_control_supervisor.hpp:14:10:[m[K [01;31m[Kfatal error: [m[Kexported-PID-control/src/controller_codegenTest.h: No such file or directory
[1.289s]    14 | #include [01;31m[K"exported-PID-control/src/controller_codegenTest.h"[m[K
[1.289s]       |          [01;31m[K^~~~~~~~~~~~~~~~~~~~~~~~~~~~~~~~~~~~~~~~~~~~~~~~~~~[m[K
[1.289s] compilation terminated.
[1.290s] gmake[2]: *** [CMakeFiles/test_thrust_control_supervisor.dir/build.make:104: CMakeFiles/test_thrust_control_supervisor.dir/src/thrust_control_supervisor.cpp.o] Error 1
[1.290s] gmake[1]: *** [CMakeFiles/Makefile2:324: CMakeFiles/test_thrust_control_supervisor.dir/all] Error 2
[3.537s] [01m[K/home/zenyn/Thrust-Control/src/thrust_control_supervisor.cpp:[m[K In member function â€˜[01m[Kvoid thrust_control::ThrustControlSupervisor::[01;32m[Kfeed_forward_pwm[m[K()[m[Kâ€™:
[3.537s] [01m[K/home/zenyn/Thrust-Control/src/thrust_control_supervisor.cpp:49:33:[m[K [01;31m[Kerror: [m[Kcannot convert â€˜[01m[Kstd::array<int, 8>[m[Kâ€™ to â€˜[01m[Kpwm_array[m[Kâ€™
[3.537s]    49 |   _interpreter->untimed_execute([01;31m[K_manual_pwm[m[K);
[3.538s]       |                                 [01;31m[K^~~~~~~~~~~[m[K
[3.538s]       |                                 [01;31m[K|[m[K
[3.538s]       |                                 [01;31m[Kstd::array<int, 8>[m[K
[3.538s] In file included from [01m[K/home/zenyn/Thrust-Control/src/thrust_control_supervisor.hpp:9[m[K,
[3.538s]                  from [01m[K/home/zenyn/Thrust-Control/src/thrust_control_supervisor.cpp:1[m[K:
[3.538s] [01m[K/home/zenyn/Thrust-Control/src/../include/Command_Interpreter/src/Command_Interpreter.hpp:188:36:[m[K [01;36m[Knote: [m[K  initializing argument 1 of â€˜[01m[Kvoid Command_Interpreter_RPi5::[01;32m[Kuntimed_execute[m[K(pwm_array)[m[Kâ€™
[3.538s]   188 |     void untimed_execute([01;36m[Kpwm_array thrusterPwms[m[K);
[3.538s]       |                          [01;36m[K~~~~~~~~~~^~~~~~~~~~~~[m[K
[3.538s] [01m[K/home/zenyn/Thrust-Control/src/thrust_control_supervisor.cpp:[m[K In member function â€˜[01m[Kvoid thrust_control::ThrustControlSupervisor::[01;32m[Kexecute_pwm[m[K(std::array<int, 8>)[m[Kâ€™:
[3.539s] [01m[K/home/zenyn/Thrust-Control/src/thrust_control_supervisor.cpp:87:35:[m[K [01;31m[Kerror: [m[Kcannot convert â€˜[01m[Kstd::array<int, 8>[m[Kâ€™ to â€˜[01m[Kpwm_array[m[Kâ€™
[3.539s]    87 |     _interpreter->untimed_execute([01;31m[Kpwm[m[K);
[3.539s]       |                                   [01;31m[K^~~[m[K
[3.539s]       |                                   [01;31m[K|[m[K
[3.539s]       |                                   [01;31m[Kstd::array<int, 8>[m[K
[3.539s] [01m[K/home/zenyn/Thrust-Control/src/../include/Command_Interpreter/src/Command_Interpreter.hpp:188:36:[m[K [01;36m[Knote: [m[K  initializing argument 1 of â€˜[01m[Kvoid Command_Interpreter_RPi5::[01;32m[Kuntimed_execute[m[K(pwm_array)[m[Kâ€™
[3.539s]   188 |     void untimed_execute([01;36m[Kpwm_array thrusterPwms[m[K);
[3.539s]       |                          [01;36m[K~~~~~~~~~~^~~~~~~~~~~~[m[K
[3.953s] gmake[2]: *** [CMakeFiles/thrust_control.dir/build.make:104: CMakeFiles/thrust_control.dir/src/thrust_control_supervisor.cpp.o] Error 1
[3.953s] gmake[2]: *** Waiting for unfinished jobs....
[6.401s] gmake[1]: *** [CMakeFiles/Makefile2:266: CMakeFiles/thrust_control.dir/all] Error 2
[6.401s] gmake: *** [Makefile:146: all] Error 2
[6.404s] Invoked command in '/home/zenyn/Thrust-Control/build/thrust_control' returned '2': CMAKE_PREFIX_PATH=${CMAKE_PREFIX_PATH}:/opt/ros/jazzy /usr/bin/cmake --build /home/zenyn/Thrust-Control/build/thrust_control -- -j12 -l12
