[0.000000] (-) TimerEvent: {}
[0.000895] (thrust_control) JobQueued: {'identifier': 'thrust_control', 'dependencies': OrderedDict()}
[0.000957] (thrust_control) JobStarted: {'identifier': 'thrust_control'}
[0.005286] (thrust_control) JobProgress: {'identifier': 'thrust_control', 'progress': 'cmake'}
[0.006153] (thrust_control) JobProgress: {'identifier': 'thrust_control', 'progress': 'build'}
[0.006168] (thrust_control) Command: {'cmd': ['/usr/bin/cmake', '--build', '/home/zenyn/Thrust-Control/build/thrust_control', '--', '-j12', '-l12'], 'cwd': '/home/zenyn/Thrust-Control/build/thrust_control', 'env': OrderedDict({'LESSOPEN': '| /usr/bin/lesspipe %s', 'LANGUAGE': 'en_US', 'USER': 'zenyn', 'XDG_SEAT': 'seat0', 'XDG_SESSION_TYPE': 'x11', 'SHLVL': '2', 'LD_LIBRARY_PATH': '/opt/ros/jazzy/opt/rviz_ogre_vendor/lib:/opt/ros/jazzy/lib/x86_64-linux-gnu:/opt/ros/jazzy/opt/gz_math_vendor/lib:/opt/ros/jazzy/opt/gz_utils_vendor/lib:/opt/ros/jazzy/opt/gz_cmake_vendor/lib:/opt/ros/jazzy/lib', 'HOME': '/home/zenyn', 'OLDPWD': '/home/zenyn/Thrust-Control/include/exported-PID-control/test', 'DESKTOP_SESSION': 'cinnamon', 'ROS_PYTHON_VERSION': '3', 'GTK_MODULES': 'gail:atk-bridge', 'XDG_SEAT_PATH': '/org/freedesktop/DisplayManager/Seat0', 'DBUS_SESSION_BUS_ADDRESS': 'unix:path=/run/user/1000/bus', 'COLORTERM': 'truecolor', 'GNOME_KEYRING_CONTROL': '/run/user/1000/keyring', 'ROS_DISTRO': 'jazzy', 'LOGNAME': 'zenyn', 'DESKTOP_AUTOSTART_ID': '10548af1e022aa691a174745163180485900000023430038', '_': '/usr/bin/colcon', 'ROS_VERSION': '2', 'XDG_SESSION_CLASS': 'user', 'TERM': 'xterm-256color', 'XDG_SESSION_ID': 'c2', 'GNOME_DESKTOP_SESSION_ID': 'this-is-deprecated', 'PATH': '/opt/ros/jazzy/bin:/home/zenyn/.local/bin:/home/zenyn/.local/bin:/home/zenyn/.local/bin:/home/zenyn/bin:/usr/local/sbin:/usr/local/bin:/usr/sbin:/usr/bin:/sbin:/bin:/usr/games:/usr/local/games:/snap/bin', 'SESSION_MANAGER': 'local/Zenyn-Linux:@/tmp/.ICE-unix/2343,unix/Zenyn-Linux:/tmp/.ICE-unix/2343', 'GDM_LANG': 'en_US', 'GTK3_MODULES': 'xapp-gtk3-module', 'XDG_SESSION_PATH': '/org/freedesktop/DisplayManager/Session0', 'GNOME_TERMINAL_SCREEN': '/org/gnome/Terminal/screen/e5d02491_c38d_435c_a58c_541bc3dfd0f9', 'XDG_RUNTIME_DIR': '/run/user/1000', 'DISPLAY': ':0', 'LANG': 'en_US.UTF-8', 'XDG_CURRENT_DESKTOP': 'X-Cinnamon', 'XDG_SESSION_DESKTOP': 'cinnamon', 'XAUTHORITY': '/home/zenyn/.Xauthority', 'LS_COLORS': 'rs=0:di=01;34:ln=01;36:mh=00:pi=40;33:so=01;35:do=01;35:bd=40;33;01:cd=40;33;01:or=40;31;01:mi=00:su=37;41:sg=30;43:ca=00:tw=30;42:ow=34;42:st=37;44:ex=01;32:*.tar=01;31:*.tgz=01;31:*.arc=01;31:*.arj=01;31:*.taz=01;31:*.lha=01;31:*.lz4=01;31:*.lzh=01;31:*.lzma=01;31:*.tlz=01;31:*.txz=01;31:*.tzo=01;31:*.t7z=01;31:*.zip=01;31:*.z=01;31:*.dz=01;31:*.gz=01;31:*.lrz=01;31:*.lz=01;31:*.lzo=01;31:*.xz=01;31:*.zst=01;31:*.tzst=01;31:*.bz2=01;31:*.bz=01;31:*.tbz=01;31:*.tbz2=01;31:*.tz=01;31:*.deb=01;31:*.rpm=01;31:*.jar=01;31:*.war=01;31:*.ear=01;31:*.sar=01;31:*.rar=01;31:*.alz=01;31:*.ace=01;31:*.zoo=01;31:*.cpio=01;31:*.7z=01;31:*.rz=01;31:*.cab=01;31:*.wim=01;31:*.swm=01;31:*.dwm=01;31:*.esd=01;31:*.avif=01;35:*.jpg=01;35:*.jpeg=01;35:*.mjpg=01;35:*.mjpeg=01;35:*.gif=01;35:*.bmp=01;35:*.pbm=01;35:*.pgm=01;35:*.ppm=01;35:*.tga=01;35:*.xbm=01;35:*.xpm=01;35:*.tif=01;35:*.tiff=01;35:*.png=01;35:*.svg=01;35:*.svgz=01;35:*.mng=01;35:*.pcx=01;35:*.mov=01;35:*.mpg=01;35:*.mpeg=01;35:*.m2v=01;35:*.mkv=01;35:*.webm=01;35:*.webp=01;35:*.ogm=01;35:*.mp4=01;35:*.m4v=01;35:*.mp4v=01;35:*.vob=01;35:*.qt=01;35:*.nuv=01;35:*.wmv=01;35:*.asf=01;35:*.rm=01;35:*.rmvb=01;35:*.flc=01;35:*.avi=01;35:*.fli=01;35:*.flv=01;35:*.gl=01;35:*.dl=01;35:*.xcf=01;35:*.xwd=01;35:*.yuv=01;35:*.cgm=01;35:*.emf=01;35:*.ogv=01;35:*.ogx=01;35:*.aac=00;36:*.au=00;36:*.flac=00;36:*.m4a=00;36:*.mid=00;36:*.midi=00;36:*.mka=00;36:*.mp3=00;36:*.mpc=00;36:*.ogg=00;36:*.ra=00;36:*.wav=00;36:*.oga=00;36:*.opus=00;36:*.spx=00;36:*.xspf=00;36:*~=00;90:*#=00;90:*.bak=00;90:*.crdownload=00;90:*.dpkg-dist=00;90:*.dpkg-new=00;90:*.dpkg-old=00;90:*.dpkg-tmp=00;90:*.old=00;90:*.orig=00;90:*.part=00;90:*.rej=00;90:*.rpmnew=00;90:*.rpmorig=00;90:*.rpmsave=00;90:*.swp=00;90:*.tmp=00;90:*.ucf-dist=00;90:*.ucf-new=00;90:*.ucf-old=00;90:', 'GNOME_TERMINAL_SERVICE': ':1.71', 'SSH_AUTH_SOCK': '/run/user/1000/keyring/ssh', 'XDG_GREETER_DATA_DIR': '/var/lib/lightdm-data/zenyn', 'AMENT_PREFIX_PATH': '/opt/ros/jazzy', 'SHELL': '/bin/bash', 'QT_ACCESSIBILITY': '1', 'GDMSESSION': 'cinnamon', 'LESSCLOSE': '/usr/bin/lesspipe %s %s', 'GPG_AGENT_INFO': '/run/user/1000/gnupg/S.gpg-agent:0:1', 'ROS_AUTOMATIC_DISCOVERY_RANGE': 'SUBNET', 'XDG_VTNR': '7', 'PWD': '/home/zenyn/Thrust-Control/build/thrust_control', 'LC_ALL': 'en_US.UTF-8', 'XDG_CONFIG_DIRS': '/etc/xdg/xdg-cinnamon:/etc/xdg', 'XDG_DATA_DIRS': '/usr/share/cinnamon:/usr/share/gnome:/usr/local/share:/usr/share:/var/lib/snapd/desktop', 'PYTHONPATH': '/opt/ros/jazzy/lib/python3.12/site-packages', 'COLCON': '1', 'VTE_VERSION': '7600', 'CMAKE_PREFIX_PATH': '/opt/ros/jazzy/opt/gz_math_vendor:/opt/ros/jazzy/opt/gz_utils_vendor:/opt/ros/jazzy/opt/gz_cmake_vendor:/opt/ros/jazzy'}), 'shell': False}
[0.071995] (thrust_control) StdoutLine: {'line': b'[ 20%] Built target controller_codegenTest\n'}
[0.072263] (thrust_control) StdoutLine: {'line': b'[ 20%] Built target PropulsionFunctions\n'}
[0.073543] (thrust_control) StdoutLine: {'line': b'[ 25%] Built target gtest\n'}
[0.073939] (thrust_control) StdoutLine: {'line': b'[ 33%] Built target controller_lib\n'}
[0.097654] (thrust_control) StdoutLine: {'line': b'[ 38%] Built target gmock\n'}
[0.098776] (thrust_control) StdoutLine: {'line': b'[ 43%] Built target gtest_main\n'}
[0.099033] (thrust_control) StdoutLine: {'line': b'[ 48%] Built target controller_test\n'}
[0.099453] (-) TimerEvent: {}
[0.123932] (thrust_control) StdoutLine: {'line': b'[ 51%] \x1b[32mBuilding CXX object CMakeFiles/thrust_control.dir/src/thrust_control_supervisor.cpp.o\x1b[0m\n'}
[0.125819] (thrust_control) StdoutLine: {'line': b'[ 56%] Built target gmock_main\n'}
[0.128392] (thrust_control) StdoutLine: {'line': b'[ 58%] \x1b[32mBuilding CXX object CMakeFiles/test_thrust_control_supervisor.dir/tests/test_thrust_control_supervisor.cpp.o\x1b[0m\n'}
[0.135298] (thrust_control) StdoutLine: {'line': b'[ 61%] \x1b[32mBuilding CXX object CMakeFiles/test_thrust_control_supervisor.dir/src/thrust_control_supervisor.cpp.o\x1b[0m\n'}
[0.139988] (thrust_control) StdoutLine: {'line': b'[ 74%] Built target propulsion_test\n'}
[0.143915] (thrust_control) StdoutLine: {'line': b'[ 76%] \x1b[32mBuilding CXX object CMakeFiles/test_thrust_control_node.dir/tests/test_thrust_control_node.cpp.o\x1b[0m\n'}
[0.148926] (thrust_control) StdoutLine: {'line': b'[ 79%] \x1b[32mBuilding CXX object CMakeFiles/test_thrust_control_node.dir/src/thrust_control_supervisor.cpp.o\x1b[0m\n'}
[0.199579] (-) TimerEvent: {}
[0.299919] (-) TimerEvent: {}
[0.303695] (thrust_control) StderrLine: {'line': b'\x1b[01m\x1b[K/home/zenyn/Thrust-Control/tests/test_thrust_control_node.cpp:7:10:\x1b[m\x1b[K \x1b[01;31m\x1b[Kfatal error: \x1b[m\x1b[K../include/Command_Interpreter/src/Command_Interpreter.h: No such file or directory\n'}
[0.303933] (thrust_control) StderrLine: {'line': b'    7 | #include \x1b[01;31m\x1b[K"../include/Command_Interpreter/src/Command_Interpreter.h"\x1b[m\x1b[K\n'}
[0.304039] (thrust_control) StderrLine: {'line': b'      |          \x1b[01;31m\x1b[K^~~~~~~~~~~~~~~~~~~~~~~~~~~~~~~~~~~~~~~~~~~~~~~~~~~~~~~~~~\x1b[m\x1b[K\n'}
[0.304151] (thrust_control) StderrLine: {'line': b'compilation terminated.\n'}
[0.308563] (thrust_control) StderrLine: {'line': b'gmake[2]: *** [CMakeFiles/test_thrust_control_node.dir/build.make:76: CMakeFiles/test_thrust_control_node.dir/tests/test_thrust_control_node.cpp.o] Error 1\n'}
[0.308786] (thrust_control) StderrLine: {'line': b'gmake[2]: *** Waiting for unfinished jobs....\n'}
[0.400059] (-) TimerEvent: {}
[0.443524] (thrust_control) StderrLine: {'line': b'\x1b[01m\x1b[K/home/zenyn/Thrust-Control/tests/test_thrust_control_supervisor.cpp:5:10:\x1b[m\x1b[K \x1b[01;31m\x1b[Kfatal error: \x1b[m\x1b[K../include/Command_Interpreter/src/Command_Interpreter.h: No such file or directory\n'}
[0.443741] (thrust_control) StderrLine: {'line': b'    5 | #include \x1b[01;31m\x1b[K"../include/Command_Interpreter/src/Command_Interpreter.h"\x1b[m\x1b[K\n'}
[0.443863] (thrust_control) StderrLine: {'line': b'      |          \x1b[01;31m\x1b[K^~~~~~~~~~~~~~~~~~~~~~~~~~~~~~~~~~~~~~~~~~~~~~~~~~~~~~~~~~\x1b[m\x1b[K\n'}
[0.443961] (thrust_control) StderrLine: {'line': b'compilation terminated.\n'}
[0.448134] (thrust_control) StderrLine: {'line': b'gmake[2]: *** [CMakeFiles/test_thrust_control_supervisor.dir/build.make:76: CMakeFiles/test_thrust_control_supervisor.dir/tests/test_thrust_control_supervisor.cpp.o] Error 1\n'}
[0.448343] (thrust_control) StderrLine: {'line': b'gmake[2]: *** Waiting for unfinished jobs....\n'}
[0.500295] (-) TimerEvent: {}
[0.600715] (-) TimerEvent: {}
[0.701158] (-) TimerEvent: {}
[0.801581] (-) TimerEvent: {}
[0.901896] (-) TimerEvent: {}
[1.002299] (-) TimerEvent: {}
[1.102642] (-) TimerEvent: {}
[1.203062] (-) TimerEvent: {}
[1.303376] (-) TimerEvent: {}
[1.403789] (-) TimerEvent: {}
[1.504211] (-) TimerEvent: {}
[1.604641] (-) TimerEvent: {}
[1.656004] (thrust_control) StderrLine: {'line': b'\x1b[01m\x1b[K/home/zenyn/Thrust-Control/src/thrust_control_supervisor.cpp:\x1b[m\x1b[K In member function \xe2\x80\x98\x1b[01m\x1b[Kvoid thrust_control::ThrustControlSupervisor::\x1b[01;32m\x1b[Kfeed_forward_pwm\x1b[m\x1b[K()\x1b[m\x1b[K\xe2\x80\x99:\n'}
[1.656255] (thrust_control) StderrLine: {'line': b'\x1b[01m\x1b[K/home/zenyn/Thrust-Control/src/thrust_control_supervisor.cpp:49:33:\x1b[m\x1b[K \x1b[01;31m\x1b[Kerror: \x1b[m\x1b[Kcannot convert \xe2\x80\x98\x1b[01m\x1b[Kstd::array<int, 8>\x1b[m\x1b[K\xe2\x80\x99 to \xe2\x80\x98\x1b[01m\x1b[Kpwm_array\x1b[m\x1b[K\xe2\x80\x99\n'}
[1.656390] (thrust_control) StderrLine: {'line': b'   49 |   _interpreter->untimed_execute(\x1b[01;31m\x1b[K_manual_pwm\x1b[m\x1b[K);\n'}
[1.656503] (thrust_control) StderrLine: {'line': b'      |                                 \x1b[01;31m\x1b[K^~~~~~~~~~~\x1b[m\x1b[K\n'}
[1.656612] (thrust_control) StderrLine: {'line': b'      |                                 \x1b[01;31m\x1b[K|\x1b[m\x1b[K\n'}
[1.656721] (thrust_control) StderrLine: {'line': b'      |                                 \x1b[01;31m\x1b[Kstd::array<int, 8>\x1b[m\x1b[K\n'}
[1.656827] (thrust_control) StderrLine: {'line': b'In file included from \x1b[01m\x1b[K/home/zenyn/Thrust-Control/src/thrust_control_supervisor.hpp:9\x1b[m\x1b[K,\n'}
[1.656934] (thrust_control) StderrLine: {'line': b'                 from \x1b[01m\x1b[K/home/zenyn/Thrust-Control/src/thrust_control_supervisor.cpp:1\x1b[m\x1b[K:\n'}
[1.657039] (thrust_control) StderrLine: {'line': b'\x1b[01m\x1b[K/home/zenyn/Thrust-Control/src/../include/Command_Interpreter/src/Command_Interpreter.hpp:188:36:\x1b[m\x1b[K \x1b[01;36m\x1b[Knote: \x1b[m\x1b[K  initializing argument 1 of \xe2\x80\x98\x1b[01m\x1b[Kvoid Command_Interpreter_RPi5::\x1b[01;32m\x1b[Kuntimed_execute\x1b[m\x1b[K(pwm_array)\x1b[m\x1b[K\xe2\x80\x99\n'}
[1.657161] (thrust_control) StderrLine: {'line': b'  188 |     void untimed_execute(\x1b[01;36m\x1b[Kpwm_array thrusterPwms\x1b[m\x1b[K);\n'}
[1.657272] (thrust_control) StderrLine: {'line': b'      |                          \x1b[01;36m\x1b[K~~~~~~~~~~^~~~~~~~~~~~\x1b[m\x1b[K\n'}
[1.657483] (thrust_control) StderrLine: {'line': b'\x1b[01m\x1b[K/home/zenyn/Thrust-Control/src/thrust_control_supervisor.cpp:\x1b[m\x1b[K In member function \xe2\x80\x98\x1b[01m\x1b[Kvoid thrust_control::ThrustControlSupervisor::\x1b[01;32m\x1b[Kexecute_pwm\x1b[m\x1b[K(std::array<int, 8>)\x1b[m\x1b[K\xe2\x80\x99:\n'}
[1.657659] (thrust_control) StderrLine: {'line': b'\x1b[01m\x1b[K/home/zenyn/Thrust-Control/src/thrust_control_supervisor.cpp:87:35:\x1b[m\x1b[K \x1b[01;31m\x1b[Kerror: \x1b[m\x1b[Kcannot convert \xe2\x80\x98\x1b[01m\x1b[Kstd::array<int, 8>\x1b[m\x1b[K\xe2\x80\x99 to \xe2\x80\x98\x1b[01m\x1b[Kpwm_array\x1b[m\x1b[K\xe2\x80\x99\n'}
[1.657778] (thrust_control) StderrLine: {'line': b'   87 |     _interpreter->untimed_execute(\x1b[01;31m\x1b[Kpwm\x1b[m\x1b[K);\n'}
[1.657885] (thrust_control) StderrLine: {'line': b'      |                                   \x1b[01;31m\x1b[K^~~\x1b[m\x1b[K\n'}
[1.657997] (thrust_control) StderrLine: {'line': b'      |                                   \x1b[01;31m\x1b[K|\x1b[m\x1b[K\n'}
[1.658099] (thrust_control) StderrLine: {'line': b'      |                                   \x1b[01;31m\x1b[Kstd::array<int, 8>\x1b[m\x1b[K\n'}
[1.658216] (thrust_control) StderrLine: {'line': b'\x1b[01m\x1b[K/home/zenyn/Thrust-Control/src/../include/Command_Interpreter/src/Command_Interpreter.hpp:188:36:\x1b[m\x1b[K \x1b[01;36m\x1b[Knote: \x1b[m\x1b[K  initializing argument 1 of \xe2\x80\x98\x1b[01m\x1b[Kvoid Command_Interpreter_RPi5::\x1b[01;32m\x1b[Kuntimed_execute\x1b[m\x1b[K(pwm_array)\x1b[m\x1b[K\xe2\x80\x99\n'}
[1.658329] (thrust_control) StderrLine: {'line': b'  188 |     void untimed_execute(\x1b[01;36m\x1b[Kpwm_array thrusterPwms\x1b[m\x1b[K);\n'}
[1.658427] (thrust_control) StderrLine: {'line': b'      |                          \x1b[01;36m\x1b[K~~~~~~~~~~^~~~~~~~~~~~\x1b[m\x1b[K\n'}
[1.704862] (-) TimerEvent: {}
[1.762034] (thrust_control) StderrLine: {'line': b'\x1b[01m\x1b[K/home/zenyn/Thrust-Control/src/thrust_control_supervisor.cpp:\x1b[m\x1b[K In member function \xe2\x80\x98\x1b[01m\x1b[Kvoid thrust_control::ThrustControlSupervisor::\x1b[01;32m\x1b[Kfeed_forward_pwm\x1b[m\x1b[K()\x1b[m\x1b[K\xe2\x80\x99:\n'}
[1.762286] (thrust_control) StderrLine: {'line': b'\x1b[01m\x1b[K/home/zenyn/Thrust-Control/src/thrust_control_supervisor.cpp:49:33:\x1b[m\x1b[K \x1b[01;31m\x1b[Kerror: \x1b[m\x1b[Kcannot convert \xe2\x80\x98\x1b[01m\x1b[Kstd::array<int, 8>\x1b[m\x1b[K\xe2\x80\x99 to \xe2\x80\x98\x1b[01m\x1b[Kpwm_array\x1b[m\x1b[K\xe2\x80\x99\n'}
[1.762410] (thrust_control) StderrLine: {'line': b'   49 |   _interpreter->untimed_execute(\x1b[01;31m\x1b[K_manual_pwm\x1b[m\x1b[K);\n'}
[1.762521] (thrust_control) StderrLine: {'line': b'      |                                 \x1b[01;31m\x1b[K^~~~~~~~~~~\x1b[m\x1b[K\n'}
[1.762649] (thrust_control) StderrLine: {'line': b'      |                                 \x1b[01;31m\x1b[K|\x1b[m\x1b[K\n'}
[1.762869] (thrust_control) StderrLine: {'line': b'      |                                 \x1b[01;31m\x1b[Kstd::array<int, 8>\x1b[m\x1b[K\n'}
[1.763024] (thrust_control) StderrLine: {'line': b'In file included from \x1b[01m\x1b[K/home/zenyn/Thrust-Control/src/thrust_control_supervisor.hpp:9\x1b[m\x1b[K,\n'}
[1.763155] (thrust_control) StderrLine: {'line': b'                 from \x1b[01m\x1b[K/home/zenyn/Thrust-Control/src/thrust_control_supervisor.cpp:1\x1b[m\x1b[K:\n'}
[1.763272] (thrust_control) StderrLine: {'line': b'\x1b[01m\x1b[K/home/zenyn/Thrust-Control/src/../include/Command_Interpreter/src/Command_Interpreter.hpp:188:36:\x1b[m\x1b[K \x1b[01;36m\x1b[Knote: \x1b[m\x1b[K  initializing argument 1 of \xe2\x80\x98\x1b[01m\x1b[Kvoid Command_Interpreter_RPi5::\x1b[01;32m\x1b[Kuntimed_execute\x1b[m\x1b[K(pwm_array)\x1b[m\x1b[K\xe2\x80\x99\n'}
[1.763385] (thrust_control) StderrLine: {'line': b'  188 |     void untimed_execute(\x1b[01;36m\x1b[Kpwm_array thrusterPwms\x1b[m\x1b[K);\n'}
[1.763493] (thrust_control) StderrLine: {'line': b'      |                          \x1b[01;36m\x1b[K~~~~~~~~~~^~~~~~~~~~~~\x1b[m\x1b[K\n'}
[1.763594] (thrust_control) StderrLine: {'line': b'\x1b[01m\x1b[K/home/zenyn/Thrust-Control/src/thrust_control_supervisor.cpp:\x1b[m\x1b[K In member function \xe2\x80\x98\x1b[01m\x1b[Kvoid thrust_control::ThrustControlSupervisor::\x1b[01;32m\x1b[Kexecute_pwm\x1b[m\x1b[K(std::array<int, 8>)\x1b[m\x1b[K\xe2\x80\x99:\n'}
[1.763698] (thrust_control) StderrLine: {'line': b'\x1b[01m\x1b[K/home/zenyn/Thrust-Control/src/thrust_control_supervisor.cpp:87:35:\x1b[m\x1b[K \x1b[01;31m\x1b[Kerror: \x1b[m\x1b[Kcannot convert \xe2\x80\x98\x1b[01m\x1b[Kstd::array<int, 8>\x1b[m\x1b[K\xe2\x80\x99 to \xe2\x80\x98\x1b[01m\x1b[Kpwm_array\x1b[m\x1b[K\xe2\x80\x99\n'}
[1.763802] (thrust_control) StderrLine: {'line': b'   87 |     _interpreter->untimed_execute(\x1b[01;31m\x1b[Kpwm\x1b[m\x1b[K);\n'}
[1.763905] (thrust_control) StderrLine: {'line': b'      |                                   \x1b[01;31m\x1b[K^~~\x1b[m\x1b[K\n'}
[1.764020] (thrust_control) StderrLine: {'line': b'      |                                   \x1b[01;31m\x1b[K|\x1b[m\x1b[K\n'}
[1.764134] (thrust_control) StderrLine: {'line': b'      |                                   \x1b[01;31m\x1b[Kstd::array<int, 8>\x1b[m\x1b[K\n'}
[1.764243] (thrust_control) StderrLine: {'line': b'\x1b[01m\x1b[K/home/zenyn/Thrust-Control/src/../include/Command_Interpreter/src/Command_Interpreter.hpp:188:36:\x1b[m\x1b[K \x1b[01;36m\x1b[Knote: \x1b[m\x1b[K  initializing argument 1 of \xe2\x80\x98\x1b[01m\x1b[Kvoid Command_Interpreter_RPi5::\x1b[01;32m\x1b[Kuntimed_execute\x1b[m\x1b[K(pwm_array)\x1b[m\x1b[K\xe2\x80\x99\n'}
[1.764347] (thrust_control) StderrLine: {'line': b'  188 |     void untimed_execute(\x1b[01;36m\x1b[Kpwm_array thrusterPwms\x1b[m\x1b[K);\n'}
[1.764448] (thrust_control) StderrLine: {'line': b'      |                          \x1b[01;36m\x1b[K~~~~~~~~~~^~~~~~~~~~~~\x1b[m\x1b[K\n'}
[1.805096] (-) TimerEvent: {}
[1.905407] (-) TimerEvent: {}
[2.005741] (-) TimerEvent: {}
[2.099234] (thrust_control) StderrLine: {'line': b'gmake[2]: *** [CMakeFiles/thrust_control.dir/build.make:104: CMakeFiles/thrust_control.dir/src/thrust_control_supervisor.cpp.o] Error 1\n'}
[2.099578] (thrust_control) StderrLine: {'line': b'gmake[1]: *** [CMakeFiles/Makefile2:266: CMakeFiles/thrust_control.dir/all] Error 2\n'}
[2.099735] (thrust_control) StderrLine: {'line': b'gmake[1]: *** Waiting for unfinished jobs....\n'}
[2.105968] (-) TimerEvent: {}
[2.203070] (thrust_control) StderrLine: {'line': b'gmake[2]: *** [CMakeFiles/test_thrust_control_node.dir/build.make:104: CMakeFiles/test_thrust_control_node.dir/src/thrust_control_supervisor.cpp.o] Error 1\n'}
[2.203441] (thrust_control) StderrLine: {'line': b'gmake[1]: *** [CMakeFiles/Makefile2:295: CMakeFiles/test_thrust_control_node.dir/all] Error 2\n'}
[2.206196] (-) TimerEvent: {}
[2.306600] (-) TimerEvent: {}
[2.407010] (-) TimerEvent: {}
[2.507327] (-) TimerEvent: {}
[2.593624] (thrust_control) StderrLine: {'line': b'\x1b[01m\x1b[K/home/zenyn/Thrust-Control/src/thrust_control_supervisor.cpp:\x1b[m\x1b[K In member function \xe2\x80\x98\x1b[01m\x1b[Kvoid thrust_control::ThrustControlSupervisor::\x1b[01;32m\x1b[Kfeed_forward_pwm\x1b[m\x1b[K()\x1b[m\x1b[K\xe2\x80\x99:\n'}
[2.593893] (thrust_control) StderrLine: {'line': b'\x1b[01m\x1b[K/home/zenyn/Thrust-Control/src/thrust_control_supervisor.cpp:49:33:\x1b[m\x1b[K \x1b[01;31m\x1b[Kerror: \x1b[m\x1b[Kcannot convert \xe2\x80\x98\x1b[01m\x1b[Kstd::array<int, 8>\x1b[m\x1b[K\xe2\x80\x99 to \xe2\x80\x98\x1b[01m\x1b[Kpwm_array\x1b[m\x1b[K\xe2\x80\x99\n'}
[2.594023] (thrust_control) StderrLine: {'line': b'   49 |   _interpreter->untimed_execute(\x1b[01;31m\x1b[K_manual_pwm\x1b[m\x1b[K);\n'}
[2.594163] (thrust_control) StderrLine: {'line': b'      |                                 \x1b[01;31m\x1b[K^~~~~~~~~~~\x1b[m\x1b[K\n'}
[2.594368] (thrust_control) StderrLine: {'line': b'      |                                 \x1b[01;31m\x1b[K|\x1b[m\x1b[K\n'}
[2.594432] (thrust_control) StderrLine: {'line': b'      |                                 \x1b[01;31m\x1b[Kstd::array<int, 8>\x1b[m\x1b[K\n'}
[2.594475] (thrust_control) StderrLine: {'line': b'In file included from \x1b[01m\x1b[K/home/zenyn/Thrust-Control/src/thrust_control_supervisor.hpp:9\x1b[m\x1b[K,\n'}
[2.594518] (thrust_control) StderrLine: {'line': b'                 from \x1b[01m\x1b[K/home/zenyn/Thrust-Control/src/thrust_control_supervisor.cpp:1\x1b[m\x1b[K:\n'}
[2.594574] (thrust_control) StderrLine: {'line': b'\x1b[01m\x1b[K/home/zenyn/Thrust-Control/src/../include/Command_Interpreter/src/Command_Interpreter.hpp:188:36:\x1b[m\x1b[K \x1b[01;36m\x1b[Knote: \x1b[m\x1b[K  initializing argument 1 of \xe2\x80\x98\x1b[01m\x1b[Kvoid Command_Interpreter_RPi5::\x1b[01;32m\x1b[Kuntimed_execute\x1b[m\x1b[K(pwm_array)\x1b[m\x1b[K\xe2\x80\x99\n'}
[2.594762] (thrust_control) StderrLine: {'line': b'  188 |     void untimed_execute(\x1b[01;36m\x1b[Kpwm_array thrusterPwms\x1b[m\x1b[K);\n'}
[2.594823] (thrust_control) StderrLine: {'line': b'      |                          \x1b[01;36m\x1b[K~~~~~~~~~~^~~~~~~~~~~~\x1b[m\x1b[K\n'}
[2.594869] (thrust_control) StderrLine: {'line': b'\x1b[01m\x1b[K/home/zenyn/Thrust-Control/src/thrust_control_supervisor.cpp:\x1b[m\x1b[K In member function \xe2\x80\x98\x1b[01m\x1b[Kvoid thrust_control::ThrustControlSupervisor::\x1b[01;32m\x1b[Kexecute_pwm\x1b[m\x1b[K(std::array<int, 8>)\x1b[m\x1b[K\xe2\x80\x99:\n'}
[2.594910] (thrust_control) StderrLine: {'line': b'\x1b[01m\x1b[K/home/zenyn/Thrust-Control/src/thrust_control_supervisor.cpp:87:35:\x1b[m\x1b[K \x1b[01;31m\x1b[Kerror: \x1b[m\x1b[Kcannot convert \xe2\x80\x98\x1b[01m\x1b[Kstd::array<int, 8>\x1b[m\x1b[K\xe2\x80\x99 to \xe2\x80\x98\x1b[01m\x1b[Kpwm_array\x1b[m\x1b[K\xe2\x80\x99\n'}
[2.594949] (thrust_control) StderrLine: {'line': b'   87 |     _interpreter->untimed_execute(\x1b[01;31m\x1b[Kpwm\x1b[m\x1b[K);\n'}
[2.594989] (thrust_control) StderrLine: {'line': b'      |                                   \x1b[01;31m\x1b[K^~~\x1b[m\x1b[K\n'}
[2.595023] (thrust_control) StderrLine: {'line': b'      |                                   \x1b[01;31m\x1b[K|\x1b[m\x1b[K\n'}
[2.595058] (thrust_control) StderrLine: {'line': b'      |                                   \x1b[01;31m\x1b[Kstd::array<int, 8>\x1b[m\x1b[K\n'}
[2.595091] (thrust_control) StderrLine: {'line': b'\x1b[01m\x1b[K/home/zenyn/Thrust-Control/src/../include/Command_Interpreter/src/Command_Interpreter.hpp:188:36:\x1b[m\x1b[K \x1b[01;36m\x1b[Knote: \x1b[m\x1b[K  initializing argument 1 of \xe2\x80\x98\x1b[01m\x1b[Kvoid Command_Interpreter_RPi5::\x1b[01;32m\x1b[Kuntimed_execute\x1b[m\x1b[K(pwm_array)\x1b[m\x1b[K\xe2\x80\x99\n'}
[2.595149] (thrust_control) StderrLine: {'line': b'  188 |     void untimed_execute(\x1b[01;36m\x1b[Kpwm_array thrusterPwms\x1b[m\x1b[K);\n'}
[2.595186] (thrust_control) StderrLine: {'line': b'      |                          \x1b[01;36m\x1b[K~~~~~~~~~~^~~~~~~~~~~~\x1b[m\x1b[K\n'}
[2.607513] (-) TimerEvent: {}
[2.707869] (-) TimerEvent: {}
[2.808264] (-) TimerEvent: {}
[2.908592] (-) TimerEvent: {}
[3.008946] (-) TimerEvent: {}
[3.010651] (thrust_control) StderrLine: {'line': b'gmake[2]: *** [CMakeFiles/test_thrust_control_supervisor.dir/build.make:104: CMakeFiles/test_thrust_control_supervisor.dir/src/thrust_control_supervisor.cpp.o] Error 1\n'}
[3.010891] (thrust_control) StderrLine: {'line': b'gmake[1]: *** [CMakeFiles/Makefile2:324: CMakeFiles/test_thrust_control_supervisor.dir/all] Error 2\n'}
[3.011339] (thrust_control) StderrLine: {'line': b'gmake: *** [Makefile:146: all] Error 2\n'}
[3.013903] (thrust_control) CommandEnded: {'returncode': 2}
[3.022515] (thrust_control) JobEnded: {'identifier': 'thrust_control', 'rc': 2}
[3.033458] (-) EventReactorShutdown: {}
