[0.008s] Invoking command in '/home/zenyn/Thrust-Control/build/thrust_control': CMAKE_PREFIX_PATH=${CMAKE_PREFIX_PATH}:/opt/ros/jazzy /usr/bin/cmake --build /home/zenyn/Thrust-Control/build/thrust_control -- -j12 -l12
[0.065s] [ 10%] Built target controller_codegenTest
[0.066s] [ 20%] Built target PropulsionFunctions
[0.067s] [ 25%] Built target gtest
[0.068s] [ 33%] Built target controller_lib
[0.094s] [ 35%] [32mBuilding CXX object CMakeFiles/thrust_control.dir/src/thrust_control_node.cpp.o[0m
[0.095s] [ 38%] [32mBuilding CXX object CMakeFiles/thrust_control.dir/src/main.cpp.o[0m
[0.100s] [ 46%] [32mBuilding CXX object CMakeFiles/thrust_control.dir/src/thrust_control_supervisor.cpp.o[0m
[0.100s] [ 46%] Built target controller_test
[0.103s] [ 51%] Built target gtest_main
[0.104s] [ 56%] Built target gmock
[0.142s] [ 58%] [32mBuilding CXX object CMakeFiles/test_thrust_control_supervisor.dir/src/thrust_control_supervisor.cpp.o[0m
[0.143s] [ 64%] [32mBuilding CXX object CMakeFiles/test_thrust_control_supervisor.dir/tests/test_thrust_control_supervisor.cpp.o[0m
[0.143s] [ 64%] [32mBuilding CXX object CMakeFiles/test_thrust_control_supervisor.dir/src/command_interpreter_pointer.cpp.o[0m
[0.146s] [ 66%] [32mBuilding CXX object CMakeFiles/test_thrust_control_node.dir/src/thrust_control_node.cpp.o[0m
[0.148s] [ 69%] [32mBuilding CXX object CMakeFiles/test_thrust_control_node.dir/src/thrust_control_supervisor.cpp.o[0m
[0.149s] [ 71%] [32mBuilding CXX object CMakeFiles/test_thrust_control_node.dir/tests/test_thrust_control_node.cpp.o[0m
[0.151s] [ 74%] [32mBuilding CXX object CMakeFiles/test_thrust_control_node.dir/src/command_interpreter_pointer.cpp.o[0m
[0.155s] [ 87%] Built target gmock_main
[0.155s] [ 92%] Built target propulsion_test
[0.190s] In file included from [01m[K/home/zenyn/Thrust-Control/src/command_interpreter_pointer.cpp:2[m[K:
[0.191s] [01m[K/home/zenyn/Thrust-Control/src/command_interpreter_pointer.hpp:4:10:[m[K [01;31m[Kfatal error: [m[KCommand_Interpreter/src/Command_Interpreter.hpp: No such file or directory
[0.191s]     4 | #include [01;31m[K"Command_Interpreter/src/Command_Interpreter.hpp"[m[K
[0.191s]       |          [01;31m[K^~~~~~~~~~~~~~~~~~~~~~~~~~~~~~~~~~~~~~~~~~~~~~~~~[m[K
[0.191s] compilation terminated.
[0.194s] gmake[2]: *** [CMakeFiles/test_thrust_control_node.dir/build.make:90: CMakeFiles/test_thrust_control_node.dir/src/command_interpreter_pointer.cpp.o] Error 1
[0.194s] gmake[2]: *** Waiting for unfinished jobs....
[0.216s] In file included from [01m[K/home/zenyn/Thrust-Control/src/command_interpreter_pointer.cpp:2[m[K:
[0.216s] [01m[K/home/zenyn/Thrust-Control/src/command_interpreter_pointer.hpp:4:10:[m[K [01;31m[Kfatal error: [m[KCommand_Interpreter/src/Command_Interpreter.hpp: No such file or directory
[0.216s]     4 | #include [01;31m[K"Command_Interpreter/src/Command_Interpreter.hpp"[m[K
[0.216s]       |          [01;31m[K^~~~~~~~~~~~~~~~~~~~~~~~~~~~~~~~~~~~~~~~~~~~~~~~~[m[K
[0.216s] compilation terminated.
[0.217s] gmake[2]: *** [CMakeFiles/test_thrust_control_supervisor.dir/build.make:90: CMakeFiles/test_thrust_control_supervisor.dir/src/command_interpreter_pointer.cpp.o] Error 1
[0.217s] gmake[2]: *** Waiting for unfinished jobs....
[0.276s] In file included from [01m[K/home/zenyn/Thrust-Control/src/thrust_control_supervisor.cpp:1[m[K:
[0.276s] [01m[K/home/zenyn/Thrust-Control/src/thrust_control_supervisor.hpp:9:10:[m[K [01;31m[Kfatal error: [m[K../include/Command_Interpreter/lib/Command_Interpreter.h: No such file or directory
[0.276s]     9 | #include [01;31m[K"../include/Command_Interpreter/lib/Command_Interpreter.h"[m[K
[0.276s]       |          [01;31m[K^~~~~~~~~~~~~~~~~~~~~~~~~~~~~~~~~~~~~~~~~~~~~~~~~~~~~~~~~~[m[K
[0.276s] compilation terminated.
[0.278s] gmake[2]: *** [CMakeFiles/thrust_control.dir/build.make:104: CMakeFiles/thrust_control.dir/src/thrust_control_supervisor.cpp.o] Error 1
[0.279s] gmake[2]: *** Waiting for unfinished jobs....
[0.324s] In file included from [01m[K/home/zenyn/Thrust-Control/tests/test_thrust_control_supervisor.cpp:4[m[K:
[0.324s] [01m[K/home/zenyn/Thrust-Control/tests/../src/thrust_control_supervisor.hpp:9:10:[m[K [01;31m[Kfatal error: [m[K../include/Command_Interpreter/lib/Command_Interpreter.h: No such file or directory
[0.324s]     9 | #include [01;31m[K"../include/Command_Interpreter/lib/Command_Interpreter.h"[m[K
[0.324s]       |          [01;31m[K^~~~~~~~~~~~~~~~~~~~~~~~~~~~~~~~~~~~~~~~~~~~~~~~~~~~~~~~~~[m[K
[0.324s] compilation terminated.
[0.326s] gmake[2]: *** [CMakeFiles/test_thrust_control_supervisor.dir/build.make:76: CMakeFiles/test_thrust_control_supervisor.dir/tests/test_thrust_control_supervisor.cpp.o] Error 1
[0.363s] In file included from [01m[K/home/zenyn/Thrust-Control/src/thrust_control_supervisor.cpp:1[m[K:
[0.363s] [01m[K/home/zenyn/Thrust-Control/src/thrust_control_supervisor.hpp:9:10:[m[K [01;31m[Kfatal error: [m[K../include/Command_Interpreter/lib/Command_Interpreter.h: No such file or directory
[0.363s]     9 | #include [01;31m[K"../include/Command_Interpreter/lib/Command_Interpreter.h"[m[K
[0.363s]       |          [01;31m[K^~~~~~~~~~~~~~~~~~~~~~~~~~~~~~~~~~~~~~~~~~~~~~~~~~~~~~~~~~[m[K
[0.363s] compilation terminated.
[0.365s] gmake[2]: *** [CMakeFiles/test_thrust_control_supervisor.dir/build.make:104: CMakeFiles/test_thrust_control_supervisor.dir/src/thrust_control_supervisor.cpp.o] Error 1
[0.365s] gmake[1]: *** [CMakeFiles/Makefile2:324: CMakeFiles/test_thrust_control_supervisor.dir/all] Error 2
[0.365s] gmake[1]: *** Waiting for unfinished jobs....
[0.386s] In file included from [01m[K/home/zenyn/Thrust-Control/src/thrust_control_node.hpp:13[m[K,
[0.386s]                  from [01m[K/home/zenyn/Thrust-Control/src/main.cpp:1[m[K:
[0.386s] [01m[K/home/zenyn/Thrust-Control/src/thrust_control_supervisor.hpp:9:10:[m[K [01;31m[Kfatal error: [m[K../include/Command_Interpreter/lib/Command_Interpreter.h: No such file or directory
[0.386s]     9 | #include [01;31m[K"../include/Command_Interpreter/lib/Command_Interpreter.h"[m[K
[0.387s]       |          [01;31m[K^~~~~~~~~~~~~~~~~~~~~~~~~~~~~~~~~~~~~~~~~~~~~~~~~~~~~~~~~~[m[K
[0.387s] compilation terminated.
[0.388s] gmake[2]: *** [CMakeFiles/thrust_control.dir/build.make:76: CMakeFiles/thrust_control.dir/src/main.cpp.o] Error 1
[0.396s] In file included from [01m[K/home/zenyn/Thrust-Control/src/thrust_control_node.hpp:13[m[K,
[0.396s]                  from [01m[K/home/zenyn/Thrust-Control/src/thrust_control_node.cpp:1[m[K:
[0.397s] [01m[K/home/zenyn/Thrust-Control/src/thrust_control_supervisor.hpp:9:10:[m[K [01;31m[Kfatal error: [m[K../include/Command_Interpreter/lib/Command_Interpreter.h: No such file or directory
[0.397s]     9 | #include [01;31m[K"../include/Command_Interpreter/lib/Command_Interpreter.h"[m[K
[0.397s]       |          [01;31m[K^~~~~~~~~~~~~~~~~~~~~~~~~~~~~~~~~~~~~~~~~~~~~~~~~~~~~~~~~~[m[K
[0.397s] compilation terminated.
[0.399s] gmake[2]: *** [CMakeFiles/thrust_control.dir/build.make:90: CMakeFiles/thrust_control.dir/src/thrust_control_node.cpp.o] Error 1
[0.399s] gmake[1]: *** [CMakeFiles/Makefile2:266: CMakeFiles/thrust_control.dir/all] Error 2
[0.418s] In file included from [01m[K/home/zenyn/Thrust-Control/tests/test_thrust_control_node.cpp:6[m[K:
[0.418s] [01m[K/home/zenyn/Thrust-Control/tests/../src/thrust_control_supervisor.hpp:9:10:[m[K [01;31m[Kfatal error: [m[K../include/Command_Interpreter/lib/Command_Interpreter.h: No such file or directory
[0.418s]     9 | #include [01;31m[K"../include/Command_Interpreter/lib/Command_Interpreter.h"[m[K
[0.418s]       |          [01;31m[K^~~~~~~~~~~~~~~~~~~~~~~~~~~~~~~~~~~~~~~~~~~~~~~~~~~~~~~~~~[m[K
[0.418s] compilation terminated.
[0.420s] gmake[2]: *** [CMakeFiles/test_thrust_control_node.dir/build.make:76: CMakeFiles/test_thrust_control_node.dir/tests/test_thrust_control_node.cpp.o] Error 1
[0.426s] In file included from [01m[K/home/zenyn/Thrust-Control/src/thrust_control_supervisor.cpp:1[m[K:
[0.426s] [01m[K/home/zenyn/Thrust-Control/src/thrust_control_supervisor.hpp:9:10:[m[K [01;31m[Kfatal error: [m[K../include/Command_Interpreter/lib/Command_Interpreter.h: No such file or directory
[0.426s]     9 | #include [01;31m[K"../include/Command_Interpreter/lib/Command_Interpreter.h"[m[K
[0.426s]       |          [01;31m[K^~~~~~~~~~~~~~~~~~~~~~~~~~~~~~~~~~~~~~~~~~~~~~~~~~~~~~~~~~[m[K
[0.426s] compilation terminated.
[0.428s] gmake[2]: *** [CMakeFiles/test_thrust_control_node.dir/build.make:104: CMakeFiles/test_thrust_control_node.dir/src/thrust_control_supervisor.cpp.o] Error 1
[0.432s] In file included from [01m[K/home/zenyn/Thrust-Control/src/thrust_control_node.hpp:13[m[K,
[0.432s]                  from [01m[K/home/zenyn/Thrust-Control/src/thrust_control_node.cpp:1[m[K:
[0.432s] [01m[K/home/zenyn/Thrust-Control/src/thrust_control_supervisor.hpp:9:10:[m[K [01;31m[Kfatal error: [m[K../include/Command_Interpreter/lib/Command_Interpreter.h: No such file or directory
[0.432s]     9 | #include [01;31m[K"../include/Command_Interpreter/lib/Command_Interpreter.h"[m[K
[0.432s]       |          [01;31m[K^~~~~~~~~~~~~~~~~~~~~~~~~~~~~~~~~~~~~~~~~~~~~~~~~~~~~~~~~~[m[K
[0.432s] compilation terminated.
[0.434s] gmake[2]: *** [CMakeFiles/test_thrust_control_node.dir/build.make:118: CMakeFiles/test_thrust_control_node.dir/src/thrust_control_node.cpp.o] Error 1
[0.434s] gmake[1]: *** [CMakeFiles/Makefile2:295: CMakeFiles/test_thrust_control_node.dir/all] Error 2
[0.435s] gmake: *** [Makefile:146: all] Error 2
[0.437s] Invoked command in '/home/zenyn/Thrust-Control/build/thrust_control' returned '2': CMAKE_PREFIX_PATH=${CMAKE_PREFIX_PATH}:/opt/ros/jazzy /usr/bin/cmake --build /home/zenyn/Thrust-Control/build/thrust_control -- -j12 -l12
