[0.007s] Invoking command in '/home/zenyn/Thrust-Control/build/thrust_control': CMAKE_PREFIX_PATH=${CMAKE_PREFIX_PATH}:/opt/ros/jazzy /usr/bin/cmake --build /home/zenyn/Thrust-Control/build/thrust_control -- -j12 -l12
[0.062s] [ 10%] Built target PropulsionFunctions
[0.063s] [ 17%] Built target controller_test_lib
[0.064s] [ 22%] Built target gtest
[0.067s] [ 30%] Built target controller_lib
[0.088s] [ 35%] Built target gtest_main
[0.096s] [ 40%] Built target controller_test
[0.096s] [ 45%] Built target gmock
[0.139s] [ 47%] [32mBuilding CXX object CMakeFiles/thrust_control.dir/src/thrust_control_node.cpp.o[0m
[0.142s] [ 55%] [32mBuilding CXX object CMakeFiles/thrust_control.dir/src/main.cpp.o[0m
[0.142s] [ 62%] Built target propulsion_test
[0.146s] [ 65%] [32mBuilding CXX object CMakeFiles/thrust_control.dir/src/thrust_control_supervisor.cpp.o[0m
[0.152s] [ 70%] Built target gmock_main
[0.163s] [ 75%] [32mBuilding CXX object CMakeFiles/test_thrust_control_supervisor.dir/tests/test_thrust_control_supervisor.cpp.o[0m
[0.164s] [ 75%] [32mBuilding CXX object CMakeFiles/test_thrust_control_supervisor.dir/src/thrust_control_supervisor.cpp.o[0m
[0.164s] [ 77%] [32mBuilding CXX object CMakeFiles/test_thrust_control_supervisor.dir/src/command_queue.cpp.o[0m
[0.177s] [ 80%] [32mBuilding CXX object CMakeFiles/test_thrust_control_node.dir/src/thrust_control_supervisor.cpp.o[0m
[0.179s] [ 82%] [32mBuilding CXX object CMakeFiles/test_thrust_control_node.dir/tests/test_thrust_control_node.cpp.o[0m
[0.179s] [ 85%] [32mBuilding CXX object CMakeFiles/test_thrust_control_node.dir/src/thrust_control_node.cpp.o[0m
[0.184s] [ 87%] [32mBuilding CXX object CMakeFiles/test_thrust_control_node.dir/src/command_queue.cpp.o[0m
[5.204s] [ 90%] [32m[1mLinking CXX executable test_thrust_control_supervisor[0m
[5.354s] /usr/bin/ld: CMakeFiles/test_thrust_control_supervisor.dir/src/command_queue.cpp.o: in function `std::__detail::_MakeUniq<thrust_control::Timed_Command>::__single_object std::make_unique<thrust_control::Timed_Command, pwm_array const&, std::chrono::duration<long, std::ratio<1l, 1000l> >&, bool&>(pwm_array const&, std::chrono::duration<long, std::ratio<1l, 1000l> >&, bool&)':
[5.354s] command_queue.cpp:(.text._ZSt11make_uniqueIN14thrust_control13Timed_CommandEJRK9pwm_arrayRNSt6chrono8durationIlSt5ratioILl1ELl1000EEEERbEENSt8__detail9_MakeUniqIT_E15__single_objectEDpOT0_[_ZSt11make_uniqueIN14thrust_control13Timed_CommandEJRK9pwm_arrayRNSt6chrono8durationIlSt5ratioILl1ELl1000EEEERbEENSt8__detail9_MakeUniqIT_E15__single_objectEDpOT0_]+0x73): undefined reference to `thrust_control::Timed_Command::Timed_Command(pwm_array const&, std::chrono::duration<long, std::ratio<1l, 1000l> >, bool)'
[5.354s] /usr/bin/ld: CMakeFiles/test_thrust_control_supervisor.dir/src/command_queue.cpp.o: in function `std::__detail::_MakeUniq<thrust_control::Untimed_Command>::__single_object std::make_unique<thrust_control::Untimed_Command, pwm_array const&, bool&>(pwm_array const&, bool&)':
[5.354s] command_queue.cpp:(.text._ZSt11make_uniqueIN14thrust_control15Untimed_CommandEJRK9pwm_arrayRbEENSt8__detail9_MakeUniqIT_E15__single_objectEDpOT0_[_ZSt11make_uniqueIN14thrust_control15Untimed_CommandEJRK9pwm_arrayRbEENSt8__detail9_MakeUniqIT_E15__single_objectEDpOT0_]+0x57): undefined reference to `thrust_control::Untimed_Command::Untimed_Command(pwm_array const&, bool)'
[5.354s] /usr/bin/ld: CMakeFiles/test_thrust_control_supervisor.dir/src/command_queue.cpp.o: in function `std::__detail::_MakeUniq<thrust_control::Untimed_Command>::__single_object std::make_unique<thrust_control::Untimed_Command, pwm_array, bool>(pwm_array&&, bool&&)':
[5.354s] command_queue.cpp:(.text._ZSt11make_uniqueIN14thrust_control15Untimed_CommandEJ9pwm_arraybEENSt8__detail9_MakeUniqIT_E15__single_objectEDpOT0_[_ZSt11make_uniqueIN14thrust_control15Untimed_CommandEJ9pwm_arraybEENSt8__detail9_MakeUniqIT_E15__single_objectEDpOT0_]+0x57): undefined reference to `thrust_control::Untimed_Command::Untimed_Command(pwm_array const&, bool)'
[5.373s] collect2: error: ld returned 1 exit status
[5.375s] gmake[2]: *** [CMakeFiles/test_thrust_control_supervisor.dir/build.make:224: test_thrust_control_supervisor] Error 1
[5.376s] gmake[1]: *** [CMakeFiles/Makefile2:325: CMakeFiles/test_thrust_control_supervisor.dir/all] Error 2
[5.376s] gmake[1]: *** Waiting for unfinished jobs....
[7.012s] [ 92%] [32m[1mLinking CXX executable test_thrust_control_node[0m
[7.256s] /usr/bin/ld: CMakeFiles/test_thrust_control_node.dir/src/command_queue.cpp.o: in function `std::__detail::_MakeUniq<thrust_control::Timed_Command>::__single_object std::make_unique<thrust_control::Timed_Command, pwm_array const&, std::chrono::duration<long, std::ratio<1l, 1000l> >&, bool&>(pwm_array const&, std::chrono::duration<long, std::ratio<1l, 1000l> >&, bool&)':
[7.256s] command_queue.cpp:(.text._ZSt11make_uniqueIN14thrust_control13Timed_CommandEJRK9pwm_arrayRNSt6chrono8durationIlSt5ratioILl1ELl1000EEEERbEENSt8__detail9_MakeUniqIT_E15__single_objectEDpOT0_[_ZSt11make_uniqueIN14thrust_control13Timed_CommandEJRK9pwm_arrayRNSt6chrono8durationIlSt5ratioILl1ELl1000EEEERbEENSt8__detail9_MakeUniqIT_E15__single_objectEDpOT0_]+0x73): undefined reference to `thrust_control::Timed_Command::Timed_Command(pwm_array const&, std::chrono::duration<long, std::ratio<1l, 1000l> >, bool)'
[7.256s] /usr/bin/ld: CMakeFiles/test_thrust_control_node.dir/src/command_queue.cpp.o: in function `std::__detail::_MakeUniq<thrust_control::Untimed_Command>::__single_object std::make_unique<thrust_control::Untimed_Command, pwm_array const&, bool&>(pwm_array const&, bool&)':
[7.256s] command_queue.cpp:(.text._ZSt11make_uniqueIN14thrust_control15Untimed_CommandEJRK9pwm_arrayRbEENSt8__detail9_MakeUniqIT_E15__single_objectEDpOT0_[_ZSt11make_uniqueIN14thrust_control15Untimed_CommandEJRK9pwm_arrayRbEENSt8__detail9_MakeUniqIT_E15__single_objectEDpOT0_]+0x57): undefined reference to `thrust_control::Untimed_Command::Untimed_Command(pwm_array const&, bool)'
[7.256s] /usr/bin/ld: CMakeFiles/test_thrust_control_node.dir/src/command_queue.cpp.o: in function `std::__detail::_MakeUniq<thrust_control::Untimed_Command>::__single_object std::make_unique<thrust_control::Untimed_Command, pwm_array, bool>(pwm_array&&, bool&&)':
[7.256s] command_queue.cpp:(.text._ZSt11make_uniqueIN14thrust_control15Untimed_CommandEJ9pwm_arraybEENSt8__detail9_MakeUniqIT_E15__single_objectEDpOT0_[_ZSt11make_uniqueIN14thrust_control15Untimed_CommandEJ9pwm_arraybEENSt8__detail9_MakeUniqIT_E15__single_objectEDpOT0_]+0x57): undefined reference to `thrust_control::Untimed_Command::Untimed_Command(pwm_array const&, bool)'
[7.286s] collect2: error: ld returned 1 exit status
[7.288s] gmake[2]: *** [CMakeFiles/test_thrust_control_node.dir/build.make:240: test_thrust_control_node] Error 1
[7.288s] gmake[1]: *** [CMakeFiles/Makefile2:296: CMakeFiles/test_thrust_control_node.dir/all] Error 2
[8.685s] [ 95%] [32m[1mLinking CXX executable thrust_control[0m
[8.889s] /usr/bin/ld: CMakeFiles/thrust_control.dir/src/thrust_control_supervisor.cpp.o: in function `thrust_control::ThrustControlSupervisor::ThrustControlSupervisor(rclcpp::Logger, std::unique_ptr<Command_Interpreter_RPi5, std::default_delete<Command_Interpreter_RPi5> >)':
[8.889s] thrust_control_supervisor.cpp:(.text+0x81): undefined reference to `thrust_control::CommandQueue::CommandQueue()'
[8.889s] /usr/bin/ld: CMakeFiles/thrust_control.dir/src/thrust_control_supervisor.cpp.o: in function `thrust_control::ThrustControlSupervisor::update_pwm_queue(std::unique_ptr<thrust_control::SupervisorCommand, std::default_delete<thrust_control::SupervisorCommand> >)':
[8.889s] thrust_control_supervisor.cpp:(.text+0x1bc): undefined reference to `thrust_control::CommandQueue::CommandQueue()'
[8.889s] /usr/bin/ld: thrust_control_supervisor.cpp:(.text+0x22e): undefined reference to `thrust_control::CommandQueue::push_command(std::unique_ptr<thrust_control::SupervisorCommand, std::default_delete<thrust_control::SupervisorCommand> >)'
[8.889s] /usr/bin/ld: CMakeFiles/thrust_control.dir/src/thrust_control_supervisor.cpp.o: in function `thrust_control::ThrustControlSupervisor::feed_forward_pwm()':
[8.890s] thrust_control_supervisor.cpp:(.text+0x5c1): undefined reference to `thrust_control::CommandQueue::get_command_from_queue(std::unique_ptr<thrust_control::SupervisorCommand, std::default_delete<thrust_control::SupervisorCommand> >)'
[8.909s] collect2: error: ld returned 1 exit status
[8.911s] gmake[2]: *** [CMakeFiles/thrust_control.dir/build.make:205: thrust_control] Error 1
[8.911s] gmake[1]: *** [CMakeFiles/Makefile2:267: CMakeFiles/thrust_control.dir/all] Error 2
[8.912s] gmake: *** [Makefile:146: all] Error 2
[8.914s] Invoked command in '/home/zenyn/Thrust-Control/build/thrust_control' returned '2': CMAKE_PREFIX_PATH=${CMAKE_PREFIX_PATH}:/opt/ros/jazzy /usr/bin/cmake --build /home/zenyn/Thrust-Control/build/thrust_control -- -j12 -l12
