[01m[Kcc1plus:[m[K [01;31m[Kfatal error: [m[K/home/zenyn/Thrust-Control/src/thrust_control_node.cpp: No such file or directory
compilation terminated.
gmake[2]: *** [CMakeFiles/thrust_control.dir/build.make:76: CMakeFiles/thrust_control.dir/src/thrust_control_node.cpp.o] Error 1
gmake[1]: *** [CMakeFiles/Makefile2:137: CMakeFiles/thrust_control.dir/all] Error 2
gmake: *** [Makefile:146: all] Error 2
