In file included from [01m[K/home/zenyn/Thrust-Control/thrust_control_node.hpp:9[m[K,
                 from [01m[K/home/zenyn/Thrust-Control/main.cpp:1[m[K:
[01m[K/home/zenyn/Thrust-Control/thrust_control_supervisor.hpp:9:10:[m[K [01;31m[Kfatal error: [m[KCommand_Interpreter.h: No such file or directory
    9 | #include [01;31m[K"Command_Interpreter.h"[m[K
      |          [01;31m[K^~~~~~~~~~~~~~~~~~~~~~~[m[K
compilation terminated.
In file included from [01m[K/home/zenyn/Thrust-Control/thrust_control_supervisor.cpp:1[m[K:
[01m[K/home/zenyn/Thrust-Control/thrust_control_supervisor.hpp:9:10:[m[K [01;31m[Kfatal error: [m[KCommand_Interpreter.h: No such file or directory
    9 | #include [01;31m[K"Command_Interpreter.h"[m[K
      |          [01;31m[K^~~~~~~~~~~~~~~~~~~~~~~[m[K
compilation terminated.
gmake[2]: *** [CMakeFiles/thrust_control.dir/build.make:104: CMakeFiles/thrust_control.dir/thrust_control_supervisor.cpp.o] Error 1
gmake[2]: *** Waiting for unfinished jobs....
gmake[2]: *** [CMakeFiles/thrust_control.dir/build.make:76: CMakeFiles/thrust_control.dir/main.cpp.o] Error 1
In file included from [01m[K/home/zenyn/Thrust-Control/thrust_control_node.hpp:9[m[K,
                 from [01m[K/home/zenyn/Thrust-Control/thrust_control_node.cpp:1[m[K:
[01m[K/home/zenyn/Thrust-Control/thrust_control_supervisor.hpp:9:10:[m[K [01;31m[Kfatal error: [m[KCommand_Interpreter.h: No such file or directory
    9 | #include [01;31m[K"Command_Interpreter.h"[m[K
      |          [01;31m[K^~~~~~~~~~~~~~~~~~~~~~~[m[K
compilation terminated.
gmake[2]: *** [CMakeFiles/thrust_control.dir/build.make:90: CMakeFiles/thrust_control.dir/thrust_control_node.cpp.o] Error 1
gmake[1]: *** [CMakeFiles/Makefile2:137: CMakeFiles/thrust_control.dir/all] Error 2
gmake: *** [Makefile:146: all] Error 2
