[0.008s] Invoking command in '/home/zenyn/Thrust-Control/build/thrust_control': CMAKE_PREFIX_PATH=${CMAKE_PREFIX_PATH}:/opt/ros/jazzy /usr/bin/cmake --build /home/zenyn/Thrust-Control/build/thrust_control -- -j12 -l12
[0.074s] [ 25%] [32mBuilding CXX object CMakeFiles/thrust_control.dir/thrust_control_node.cpp.o[0m
[0.074s] [ 50%] [32mBuilding CXX object CMakeFiles/thrust_control.dir/main.cpp.o[0m
[0.075s] [ 75%] [32mBuilding CXX object CMakeFiles/thrust_control.dir/thrust_control_supervisor.cpp.o[0m
[0.213s] In file included from [01m[K/home/zenyn/Thrust-Control/thrust_control_node.hpp:9[m[K,
[0.213s]                  from [01m[K/home/zenyn/Thrust-Control/main.cpp:1[m[K:
[0.213s] [01m[K/home/zenyn/Thrust-Control/thrust_control_supervisor.hpp:9:10:[m[K [01;31m[Kfatal error: [m[KCommand_Interpreter.h: No such file or directory
[0.213s]     9 | #include [01;31m[K"Command_Interpreter.h"[m[K
[0.213s]       |          [01;31m[K^~~~~~~~~~~~~~~~~~~~~~~[m[K
[0.213s] compilation terminated.
[0.214s] In file included from [01m[K/home/zenyn/Thrust-Control/thrust_control_supervisor.cpp:1[m[K:
[0.214s] [01m[K/home/zenyn/Thrust-Control/thrust_control_supervisor.hpp:9:10:[m[K [01;31m[Kfatal error: [m[KCommand_Interpreter.h: No such file or directory
[0.214s]     9 | #include [01;31m[K"Command_Interpreter.h"[m[K
[0.214s]       |          [01;31m[K^~~~~~~~~~~~~~~~~~~~~~~[m[K
[0.214s] compilation terminated.
[0.218s] gmake[2]: *** [CMakeFiles/thrust_control.dir/build.make:104: CMakeFiles/thrust_control.dir/thrust_control_supervisor.cpp.o] Error 1
[0.218s] gmake[2]: *** Waiting for unfinished jobs....
[0.218s] gmake[2]: *** [CMakeFiles/thrust_control.dir/build.make:76: CMakeFiles/thrust_control.dir/main.cpp.o] Error 1
[0.279s] In file included from [01m[K/home/zenyn/Thrust-Control/thrust_control_node.hpp:9[m[K,
[0.279s]                  from [01m[K/home/zenyn/Thrust-Control/thrust_control_node.cpp:1[m[K:
[0.280s] [01m[K/home/zenyn/Thrust-Control/thrust_control_supervisor.hpp:9:10:[m[K [01;31m[Kfatal error: [m[KCommand_Interpreter.h: No such file or directory
[0.280s]     9 | #include [01;31m[K"Command_Interpreter.h"[m[K
[0.280s]       |          [01;31m[K^~~~~~~~~~~~~~~~~~~~~~~[m[K
[0.280s] compilation terminated.
[0.282s] gmake[2]: *** [CMakeFiles/thrust_control.dir/build.make:90: CMakeFiles/thrust_control.dir/thrust_control_node.cpp.o] Error 1
[0.282s] gmake[1]: *** [CMakeFiles/Makefile2:137: CMakeFiles/thrust_control.dir/all] Error 2
[0.283s] gmake: *** [Makefile:146: all] Error 2
[0.285s] Invoked command in '/home/zenyn/Thrust-Control/build/thrust_control' returned '2': CMAKE_PREFIX_PATH=${CMAKE_PREFIX_PATH}:/opt/ros/jazzy /usr/bin/cmake --build /home/zenyn/Thrust-Control/build/thrust_control -- -j12 -l12
