[0.007s] Invoking command in '/home/zenyn/Thrust-Control/build/thrust_control': CMAKE_PREFIX_PATH=${CMAKE_PREFIX_PATH}:/opt/ros/jazzy /usr/bin/cmake --build /home/zenyn/Thrust-Control/build/thrust_control -- -j12 -l12
[0.070s] [  7%] Built target controller_lib
[0.071s] [ 17%] Built target PropulsionFunctions
[0.075s] [ 28%] Built target gtest
[0.075s] [ 33%] Built target controller_codegenTest
[0.097s] [ 35%] [32mBuilding CXX object CMakeFiles/thrust_control.dir/src/main.cpp.o[0m
[0.099s] [ 38%] [32mBuilding CXX object CMakeFiles/thrust_control.dir/src/thrust_control_node.cpp.o[0m
[0.102s] [ 41%] [32mBuilding CXX object CMakeFiles/thrust_control.dir/src/thrust_control_supervisor.cpp.o[0m
[0.114s] [ 46%] Built target gtest_main
[0.124s] [ 53%] Built target gmock
[0.125s] [ 56%] Built target controller_test
[0.150s] [ 58%] [32mBuilding CXX object CMakeFiles/test_thrust_control_node.dir/src/command_interpreter_pointer.cpp.o[0m
[0.151s] [ 61%] [32mBuilding CXX object CMakeFiles/test_thrust_control_supervisor.dir/src/command_interpreter_pointer.cpp.o[0m
[0.153s] [ 64%] [32mBuilding CXX object CMakeFiles/test_thrust_control_node.dir/src/thrust_control_supervisor.cpp.o[0m
[0.154s] [ 66%] [32mBuilding CXX object CMakeFiles/test_thrust_control_supervisor.dir/src/thrust_control_supervisor.cpp.o[0m
[0.155s] [ 71%] [32mBuilding CXX object CMakeFiles/test_thrust_control_node.dir/src/thrust_control_node.cpp.o[0m
[0.156s] [ 71%] [32mBuilding CXX object CMakeFiles/test_thrust_control_node.dir/tests/test_thrust_control_node.cpp.o[0m
[0.156s] [ 84%] Built target propulsion_test
[0.157s] [ 87%] [32mBuilding CXX object CMakeFiles/test_thrust_control_supervisor.dir/tests/test_thrust_control_supervisor.cpp.o[0m
[0.163s] [ 92%] Built target gmock_main
[0.220s] In file included from [01m[K/home/zenyn/Thrust-Control/src/command_interpreter_pointer.cpp:2[m[K:
[0.220s] [01m[K/home/zenyn/Thrust-Control/src/command_interpreter_pointer.hpp:4:10:[m[K [01;31m[Kfatal error: [m[K../inlcude/Command_Interpreter/src/Command_Interpreter.hpp: No such file or directory
[0.220s]     4 | #include [01;31m[K"../inlcude/Command_Interpreter/src/Command_Interpreter.hpp"[m[K
[0.220s]       |          [01;31m[K^~~~~~~~~~~~~~~~~~~~~~~~~~~~~~~~~~~~~~~~~~~~~~~~~~~~~~~~~~~~[m[K
[0.220s] compilation terminated.
[0.221s] In file included from [01m[K/home/zenyn/Thrust-Control/src/command_interpreter_pointer.cpp:2[m[K:
[0.221s] [01m[K/home/zenyn/Thrust-Control/src/command_interpreter_pointer.hpp:4:10:[m[K [01;31m[Kfatal error: [m[K../inlcude/Command_Interpreter/src/Command_Interpreter.hpp: No such file or directory
[0.221s]     4 | #include [01;31m[K"../inlcude/Command_Interpreter/src/Command_Interpreter.hpp"[m[K
[0.221s]       |          [01;31m[K^~~~~~~~~~~~~~~~~~~~~~~~~~~~~~~~~~~~~~~~~~~~~~~~~~~~~~~~~~~~[m[K
[0.221s] compilation terminated.
[0.223s] gmake[2]: *** [CMakeFiles/test_thrust_control_supervisor.dir/build.make:90: CMakeFiles/test_thrust_control_supervisor.dir/src/command_interpreter_pointer.cpp.o] Error 1
[0.223s] gmake[2]: *** [CMakeFiles/test_thrust_control_node.dir/build.make:90: CMakeFiles/test_thrust_control_node.dir/src/command_interpreter_pointer.cpp.o] Error 1
[0.224s] gmake[2]: *** Waiting for unfinished jobs....
[0.224s] gmake[2]: *** Waiting for unfinished jobs....
[0.318s] In file included from [01m[K/home/zenyn/Thrust-Control/tests/test_thrust_control_supervisor.cpp:4[m[K:
[0.318s] [01m[K/home/zenyn/Thrust-Control/tests/../src/thrust_control_supervisor.hpp:9:10:[m[K [01;31m[Kfatal error: [m[K../include/Command_Interpreter/lib/Command_Interpreter.h: No such file or directory
[0.319s]     9 | #include [01;31m[K"../include/Command_Interpreter/lib/Command_Interpreter.h"[m[K
[0.319s]       |          [01;31m[K^~~~~~~~~~~~~~~~~~~~~~~~~~~~~~~~~~~~~~~~~~~~~~~~~~~~~~~~~~[m[K
[0.319s] compilation terminated.
[0.320s] gmake[2]: *** [CMakeFiles/test_thrust_control_supervisor.dir/build.make:76: CMakeFiles/test_thrust_control_supervisor.dir/tests/test_thrust_control_supervisor.cpp.o] Error 1
[0.330s] In file included from [01m[K/home/zenyn/Thrust-Control/src/thrust_control_node.hpp:13[m[K,
[0.330s]                  from [01m[K/home/zenyn/Thrust-Control/src/main.cpp:1[m[K:
[0.330s] [01m[K/home/zenyn/Thrust-Control/src/thrust_control_supervisor.hpp:9:10:[m[K [01;31m[Kfatal error: [m[K../include/Command_Interpreter/lib/Command_Interpreter.h: No such file or directory
[0.331s]     9 | #include [01;31m[K"../include/Command_Interpreter/lib/Command_Interpreter.h"[m[K
[0.331s]       |          [01;31m[K^~~~~~~~~~~~~~~~~~~~~~~~~~~~~~~~~~~~~~~~~~~~~~~~~~~~~~~~~~[m[K
[0.331s] compilation terminated.
[0.333s] gmake[2]: *** [CMakeFiles/thrust_control.dir/build.make:76: CMakeFiles/thrust_control.dir/src/main.cpp.o] Error 1
[0.333s] gmake[2]: *** Waiting for unfinished jobs....
[0.358s] In file included from [01m[K/home/zenyn/Thrust-Control/tests/test_thrust_control_node.cpp:6[m[K:
[0.358s] [01m[K/home/zenyn/Thrust-Control/tests/../src/thrust_control_supervisor.hpp:9:10:[m[K [01;31m[Kfatal error: [m[K../include/Command_Interpreter/lib/Command_Interpreter.h: No such file or directory
[0.358s]     9 | #include [01;31m[K"../include/Command_Interpreter/lib/Command_Interpreter.h"[m[K
[0.358s]       |          [01;31m[K^~~~~~~~~~~~~~~~~~~~~~~~~~~~~~~~~~~~~~~~~~~~~~~~~~~~~~~~~~[m[K
[0.358s] compilation terminated.
[0.361s] gmake[2]: *** [CMakeFiles/test_thrust_control_node.dir/build.make:76: CMakeFiles/test_thrust_control_node.dir/tests/test_thrust_control_node.cpp.o] Error 1
[0.381s] In file included from [01m[K/home/zenyn/Thrust-Control/src/thrust_control_node.hpp:13[m[K,
[0.381s]                  from [01m[K/home/zenyn/Thrust-Control/src/thrust_control_node.cpp:1[m[K:
[0.381s] [01m[K/home/zenyn/Thrust-Control/src/thrust_control_supervisor.hpp:9:10:[m[K [01;31m[Kfatal error: [m[K../include/Command_Interpreter/lib/Command_Interpreter.h: No such file or directory
[0.381s]     9 | #include [01;31m[K"../include/Command_Interpreter/lib/Command_Interpreter.h"[m[K
[0.381s]       |          [01;31m[K^~~~~~~~~~~~~~~~~~~~~~~~~~~~~~~~~~~~~~~~~~~~~~~~~~~~~~~~~~[m[K
[0.381s] compilation terminated.
[0.384s] gmake[2]: *** [CMakeFiles/thrust_control.dir/build.make:90: CMakeFiles/thrust_control.dir/src/thrust_control_node.cpp.o] Error 1
[0.398s] In file included from [01m[K/home/zenyn/Thrust-Control/src/thrust_control_supervisor.cpp:1[m[K:
[0.398s] [01m[K/home/zenyn/Thrust-Control/src/thrust_control_supervisor.hpp:9:10:[m[K [01;31m[Kfatal error: [m[K../include/Command_Interpreter/lib/Command_Interpreter.h: No such file or directory
[0.398s]     9 | #include [01;31m[K"../include/Command_Interpreter/lib/Command_Interpreter.h"[m[K
[0.398s]       |          [01;31m[K^~~~~~~~~~~~~~~~~~~~~~~~~~~~~~~~~~~~~~~~~~~~~~~~~~~~~~~~~~[m[K
[0.398s] compilation terminated.
[0.401s] gmake[2]: *** [CMakeFiles/thrust_control.dir/build.make:104: CMakeFiles/thrust_control.dir/src/thrust_control_supervisor.cpp.o] Error 1
[0.401s] gmake[1]: *** [CMakeFiles/Makefile2:266: CMakeFiles/thrust_control.dir/all] Error 2
[0.401s] gmake[1]: *** Waiting for unfinished jobs....
[0.407s] In file included from [01m[K/home/zenyn/Thrust-Control/src/thrust_control_supervisor.cpp:1[m[K:
[0.408s] [01m[K/home/zenyn/Thrust-Control/src/thrust_control_supervisor.hpp:9:10:[m[K [01;31m[Kfatal error: [m[K../include/Command_Interpreter/lib/Command_Interpreter.h: No such file or directory
[0.408s]     9 | #include [01;31m[K"../include/Command_Interpreter/lib/Command_Interpreter.h"[m[K
[0.408s]       |          [01;31m[K^~~~~~~~~~~~~~~~~~~~~~~~~~~~~~~~~~~~~~~~~~~~~~~~~~~~~~~~~~[m[K
[0.408s] compilation terminated.
[0.410s] gmake[2]: *** [CMakeFiles/test_thrust_control_supervisor.dir/build.make:104: CMakeFiles/test_thrust_control_supervisor.dir/src/thrust_control_supervisor.cpp.o] Error 1
[0.410s] gmake[1]: *** [CMakeFiles/Makefile2:324: CMakeFiles/test_thrust_control_supervisor.dir/all] Error 2
[0.422s] In file included from [01m[K/home/zenyn/Thrust-Control/src/thrust_control_supervisor.cpp:1[m[K:
[0.422s] [01m[K/home/zenyn/Thrust-Control/src/thrust_control_supervisor.hpp:9:10:[m[K [01;31m[Kfatal error: [m[K../include/Command_Interpreter/lib/Command_Interpreter.h: No such file or directory
[0.422s]     9 | #include [01;31m[K"../include/Command_Interpreter/lib/Command_Interpreter.h"[m[K
[0.422s]       |          [01;31m[K^~~~~~~~~~~~~~~~~~~~~~~~~~~~~~~~~~~~~~~~~~~~~~~~~~~~~~~~~~[m[K
[0.422s] compilation terminated.
[0.425s] gmake[2]: *** [CMakeFiles/test_thrust_control_node.dir/build.make:104: CMakeFiles/test_thrust_control_node.dir/src/thrust_control_supervisor.cpp.o] Error 1
[0.435s] In file included from [01m[K/home/zenyn/Thrust-Control/src/thrust_control_node.hpp:13[m[K,
[0.435s]                  from [01m[K/home/zenyn/Thrust-Control/src/thrust_control_node.cpp:1[m[K:
[0.435s] [01m[K/home/zenyn/Thrust-Control/src/thrust_control_supervisor.hpp:9:10:[m[K [01;31m[Kfatal error: [m[K../include/Command_Interpreter/lib/Command_Interpreter.h: No such file or directory
[0.435s]     9 | #include [01;31m[K"../include/Command_Interpreter/lib/Command_Interpreter.h"[m[K
[0.435s]       |          [01;31m[K^~~~~~~~~~~~~~~~~~~~~~~~~~~~~~~~~~~~~~~~~~~~~~~~~~~~~~~~~~[m[K
[0.435s] compilation terminated.
[0.437s] gmake[2]: *** [CMakeFiles/test_thrust_control_node.dir/build.make:118: CMakeFiles/test_thrust_control_node.dir/src/thrust_control_node.cpp.o] Error 1
[0.438s] gmake[1]: *** [CMakeFiles/Makefile2:295: CMakeFiles/test_thrust_control_node.dir/all] Error 2
[0.438s] gmake: *** [Makefile:146: all] Error 2
[0.440s] Invoked command in '/home/zenyn/Thrust-Control/build/thrust_control' returned '2': CMAKE_PREFIX_PATH=${CMAKE_PREFIX_PATH}:/opt/ros/jazzy /usr/bin/cmake --build /home/zenyn/Thrust-Control/build/thrust_control -- -j12 -l12
